<?xml version="1.0" encoding="UTF-8"?>
<testsuite xmlns:xsi="http://www.w3.org/2001/XMLSchema-instance" xsi:noNamespaceSchemaLocation="https://maven.apache.org/surefire/maven-surefire-plugin/xsd/surefire-test-report-3.0.xsd" version="3.0" name="TestSuite" time="1,557.756" tests="162" errors="0" skipped="83" failures="55">
  <properties>
    <property name="sun.desktop" value="windows"/>
    <property name="awt.toolkit" value="sun.awt.windows.WToolkit"/>
    <property name="file.encoding.pkg" value="sun.io"/>
    <property name="java.specification.version" value="1.8"/>
    <property name="webdriver.chrome.driver" value="C:\AUL\Workspace\ADL//chromedriver.exe"/>
    <property name="sun.cpu.isalist" value="amd64"/>
    <property name="sun.jnu.encoding" value="Cp1252"/>
    <property name="java.class.path" value="C:\AUL\Workspace\ADL\target\test-classes;C:\AUL\Workspace\ADL\target\classes;C:\Users\ankit.srivastava\.m2\repository\org\seleniumhq\selenium\selenium-java\4.0.0\selenium-java-4.0.0.jar;C:\Users\ankit.srivastava\.m2\repository\org\seleniumhq\selenium\selenium-api\4.0.0\selenium-api-4.0.0.jar;C:\Users\ankit.srivastava\.m2\repository\org\seleniumhq\selenium\selenium-chrome-driver\4.0.0\selenium-chrome-driver-4.0.0.jar;C:\Users\ankit.srivastava\.m2\repository\com\google\auto\service\auto-service-annotations\1.0\auto-service-annotations-1.0.jar;C:\Users\ankit.srivastava\.m2\repository\com\google\auto\service\auto-service\1.0\auto-service-1.0.jar;C:\Users\ankit.srivastava\.m2\repository\com\google\auto\auto-common\1.0\auto-common-1.0.jar;C:\Users\ankit.srivastava\.m2\repository\com\google\guava\guava\31.0.1-jre\guava-31.0.1-jre.jar;C:\Users\ankit.srivastava\.m2\repository\com\google\guava\failureaccess\1.0.1\failureaccess-1.0.1.jar;C:\Users\ankit.srivastava\.m2\repository\com\google\guava\listenablefuture\9999.0-empty-to-avoid-conflict-with-guava\listenablefuture-9999.0-empty-to-avoid-conflict-with-guava.jar;C:\Users\ankit.srivastava\.m2\repository\com\google\code\findbugs\jsr305\3.0.2\jsr305-3.0.2.jar;C:\Users\ankit.srivastava\.m2\repository\org\checkerframework\checker-qual\3.12.0\checker-qual-3.12.0.jar;C:\Users\ankit.srivastava\.m2\repository\com\google\errorprone\error_prone_annotations\2.7.1\error_prone_annotations-2.7.1.jar;C:\Users\ankit.srivastava\.m2\repository\com\google\j2objc\j2objc-annotations\1.3\j2objc-annotations-1.3.jar;C:\Users\ankit.srivastava\.m2\repository\org\seleniumhq\selenium\selenium-chromium-driver\4.0.0\selenium-chromium-driver-4.0.0.jar;C:\Users\ankit.srivastava\.m2\repository\org\seleniumhq\selenium\selenium-json\4.0.0\selenium-json-4.0.0.jar;C:\Users\ankit.srivastava\.m2\repository\org\seleniumhq\selenium\selenium-devtools-v85\4.0.0\selenium-devtools-v85-4.0.0.jar;C:\Users\ankit.srivastava\.m2\repository\org\seleniumhq\selenium\selenium-devtools-v93\4.0.0\selenium-devtools-v93-4.0.0.jar;C:\Users\ankit.srivastava\.m2\repository\org\seleniumhq\selenium\selenium-devtools-v94\4.0.0\selenium-devtools-v94-4.0.0.jar;C:\Users\ankit.srivastava\.m2\repository\org\seleniumhq\selenium\selenium-devtools-v95\4.0.0\selenium-devtools-v95-4.0.0.jar;C:\Users\ankit.srivastava\.m2\repository\org\seleniumhq\selenium\selenium-edge-driver\4.0.0\selenium-edge-driver-4.0.0.jar;C:\Users\ankit.srivastava\.m2\repository\org\seleniumhq\selenium\selenium-firefox-driver\4.0.0\selenium-firefox-driver-4.0.0.jar;C:\Users\ankit.srivastava\.m2\repository\org\seleniumhq\selenium\selenium-firefox-xpi-driver\4.0.0\selenium-firefox-xpi-driver-4.0.0.jar;C:\Users\ankit.srivastava\.m2\repository\org\seleniumhq\selenium\selenium-ie-driver\4.0.0\selenium-ie-driver-4.0.0.jar;C:\Users\ankit.srivastava\.m2\repository\org\seleniumhq\selenium\selenium-opera-driver\4.0.0\selenium-opera-driver-4.0.0.jar;C:\Users\ankit.srivastava\.m2\repository\org\seleniumhq\selenium\selenium-remote-driver\4.0.0\selenium-remote-driver-4.0.0.jar;C:\Users\ankit.srivastava\.m2\repository\io\netty\netty-buffer\4.1.68.Final\netty-buffer-4.1.68.Final.jar;C:\Users\ankit.srivastava\.m2\repository\io\netty\netty-codec-http\4.1.67.Final\netty-codec-http-4.1.67.Final.jar;C:\Users\ankit.srivastava\.m2\repository\io\netty\netty-codec\4.1.67.Final\netty-codec-4.1.67.Final.jar;C:\Users\ankit.srivastava\.m2\repository\io\netty\netty-handler\4.1.67.Final\netty-handler-4.1.67.Final.jar;C:\Users\ankit.srivastava\.m2\repository\io\netty\netty-common\4.1.68.Final\netty-common-4.1.68.Final.jar;C:\Users\ankit.srivastava\.m2\repository\io\netty\netty-transport-native-epoll\4.1.67.Final\netty-transport-native-epoll-4.1.67.Final.jar;C:\Users\ankit.srivastava\.m2\repository\io\netty\netty-transport-native-kqueue\4.1.67.Final\netty-transport-native-kqueue-4.1.67.Final.jar;C:\Users\ankit.srivastava\.m2\repository\io\netty\netty-transport-native-unix-common\4.1.67.Final\netty-transport-native-unix-common-4.1.67.Final.jar;C:\Users\ankit.srivastava\.m2\repository\io\netty\netty-transport\4.1.68.Final\netty-transport-4.1.68.Final.jar;C:\Users\ankit.srivastava\.m2\repository\io\netty\netty-resolver\4.1.68.Final\netty-resolver-4.1.68.Final.jar;C:\Users\ankit.srivastava\.m2\repository\io\opentelemetry\opentelemetry-api\1.6.0\opentelemetry-api-1.6.0.jar;C:\Users\ankit.srivastava\.m2\repository\io\opentelemetry\opentelemetry-context\1.6.0\opentelemetry-context-1.6.0.jar;C:\Users\ankit.srivastava\.m2\repository\io\opentelemetry\opentelemetry-exporter-logging\1.6.0\opentelemetry-exporter-logging-1.6.0.jar;C:\Users\ankit.srivastava\.m2\repository\io\opentelemetry\opentelemetry-sdk-metrics\1.6.0-alpha\opentelemetry-sdk-metrics-1.6.0-alpha.jar;C:\Users\ankit.srivastava\.m2\repository\io\opentelemetry\opentelemetry-sdk-common\1.6.0\opentelemetry-sdk-common-1.6.0.jar;C:\Users\ankit.srivastava\.m2\repository\io\opentelemetry\opentelemetry-sdk-extension-autoconfigure-spi\1.6.0\opentelemetry-sdk-extension-autoconfigure-spi-1.6.0.jar;C:\Users\ankit.srivastava\.m2\repository\io\opentelemetry\opentelemetry-sdk-extension-autoconfigure\1.6.0-alpha\opentelemetry-sdk-extension-autoconfigure-1.6.0-alpha.jar;C:\Users\ankit.srivastava\.m2\repository\io\opentelemetry\opentelemetry-sdk-trace\1.6.0\opentelemetry-sdk-trace-1.6.0.jar;C:\Users\ankit.srivastava\.m2\repository\io\opentelemetry\opentelemetry-api-metrics\1.6.0-alpha\opentelemetry-api-metrics-1.6.0-alpha.jar;C:\Users\ankit.srivastava\.m2\repository\io\opentelemetry\opentelemetry-sdk\1.6.0\opentelemetry-sdk-1.6.0.jar;C:\Users\ankit.srivastava\.m2\repository\io\opentelemetry\opentelemetry-semconv\1.6.0-alpha\opentelemetry-semconv-1.6.0-alpha.jar;C:\Users\ankit.srivastava\.m2\repository\io\ous\jtoml\2.0.0\jtoml-2.0.0.jar;C:\Users\ankit.srivastava\.m2\repository\net\bytebuddy\byte-buddy\1.11.19\byte-buddy-1.11.19.jar;C:\Users\ankit.srivastava\.m2\repository\org\apache\commons\commons-exec\1.3\commons-exec-1.3.jar;C:\Users\ankit.srivastava\.m2\repository\org\asynchttpclient\async-http-client\2.12.3\async-http-client-2.12.3.jar;C:\Users\ankit.srivastava\.m2\repository\org\asynchttpclient\async-http-client-netty-utils\2.12.3\async-http-client-netty-utils-2.12.3.jar;C:\Users\ankit.srivastava\.m2\repository\io\netty\netty-codec-socks\4.1.60.Final\netty-codec-socks-4.1.60.Final.jar;C:\Users\ankit.srivastava\.m2\repository\io\netty\netty-handler-proxy\4.1.60.Final\netty-handler-proxy-4.1.60.Final.jar;C:\Users\ankit.srivastava\.m2\repository\io\netty\netty-transport-native-epoll\4.1.60.Final\netty-transport-native-epoll-4.1.60.Final-linux-x86_64.jar;C:\Users\ankit.srivastava\.m2\repository\io\netty\netty-transport-native-kqueue\4.1.60.Final\netty-transport-native-kqueue-4.1.60.Final-osx-x86_64.jar;C:\Users\ankit.srivastava\.m2\repository\org\reactivestreams\reactive-streams\1.0.3\reactive-streams-1.0.3.jar;C:\Users\ankit.srivastava\.m2\repository\com\typesafe\netty\netty-reactive-streams\2.0.4\netty-reactive-streams-2.0.4.jar;C:\Users\ankit.srivastava\.m2\repository\org\slf4j\slf4j-api\1.7.30\slf4j-api-1.7.30.jar;C:\Users\ankit.srivastava\.m2\repository\com\sun\activation\jakarta.activation\1.2.2\jakarta.activation-1.2.2.jar;C:\Users\ankit.srivastava\.m2\repository\org\seleniumhq\selenium\selenium-http\4.0.0\selenium-http-4.0.0.jar;C:\Users\ankit.srivastava\.m2\repository\org\seleniumhq\selenium\selenium-safari-driver\4.0.0\selenium-safari-driver-4.0.0.jar;C:\Users\ankit.srivastava\.m2\repository\org\seleniumhq\selenium\selenium-support\4.0.0\selenium-support-4.0.0.jar;C:\Users\ankit.srivastava\.m2\repository\org\testng\testng\6.8\testng-6.8.jar;C:\Users\ankit.srivastava\.m2\repository\junit\junit\4.10\junit-4.10.jar;C:\Users\ankit.srivastava\.m2\repository\org\hamcrest\hamcrest-core\1.1\hamcrest-core-1.1.jar;C:\Users\ankit.srivastava\.m2\repository\org\beanshell\bsh\2.0b4\bsh-2.0b4.jar;C:\Users\ankit.srivastava\.m2\repository\com\beust\jcommander\1.27\jcommander-1.27.jar;C:\Users\ankit.srivastava\.m2\repository\org\yaml\snakeyaml\1.6\snakeyaml-1.6.jar;C:\Users\ankit.srivastava\.m2\repository\com\relevantcodes\extentreports\2.41.2\extentreports-2.41.2.jar;C:\Users\ankit.srivastava\.m2\repository\org\jsoup\jsoup\1.8.3\jsoup-1.8.3.jar;C:\Users\ankit.srivastava\.m2\repository\org\xerial\sqlite-jdbc\3.8.11.1\sqlite-jdbc-3.8.11.1.jar;C:\Users\ankit.srivastava\.m2\repository\org\freemarker\freemarker\2.3.23\freemarker-2.3.23.jar;C:\Users\ankit.srivastava\.m2\repository\org\mongodb\mongodb-driver\3.0.4\mongodb-driver-3.0.4.jar;C:\Users\ankit.srivastava\.m2\repository\org\mongodb\bson\3.0.4\bson-3.0.4.jar;C:\Users\ankit.srivastava\.m2\repository\org\mongodb\mongodb-driver-core\3.0.4\mongodb-driver-core-3.0.4.jar;C:\Users\ankit.srivastava\.m2\repository\org\apache\poi\poi\4.1.0\poi-4.1.0.jar;C:\Users\ankit.srivastava\.m2\repository\commons-codec\commons-codec\1.12\commons-codec-1.12.jar;C:\Users\ankit.srivastava\.m2\repository\org\apache\commons\commons-collections4\4.3\commons-collections4-4.3.jar;C:\Users\ankit.srivastava\.m2\repository\org\apache\commons\commons-math3\3.6.1\commons-math3-3.6.1.jar;C:\Users\ankit.srivastava\.m2\repository\org\apache\poi\poi-ooxml\4.1.0\poi-ooxml-4.1.0.jar;C:\Users\ankit.srivastava\.m2\repository\org\apache\commons\commons-compress\1.18\commons-compress-1.18.jar;C:\Users\ankit.srivastava\.m2\repository\com\github\virtuald\curvesapi\1.06\curvesapi-1.06.jar;C:\Users\ankit.srivastava\.m2\repository\org\apache\poi\poi-ooxml-schemas\4.1.0\poi-ooxml-schemas-4.1.0.jar;C:\Users\ankit.srivastava\.m2\repository\org\apache\xmlbeans\xmlbeans\3.1.0\xmlbeans-3.1.0.jar;C:\Users\ankit.srivastava\.m2\repository\org\apache\pdfbox\pdfbox\2.0.26\pdfbox-2.0.26.jar;C:\Users\ankit.srivastava\.m2\repository\org\apache\pdfbox\fontbox\2.0.26\fontbox-2.0.26.jar;C:\Users\ankit.srivastava\.m2\repository\commons-logging\commons-logging\1.2\commons-logging-1.2.jar;C:\Users\ankit.srivastava\.m2\repository\commons-io\commons-io\2.6\commons-io-2.6.jar;C:\Users\ankit.srivastava\.m2\repository\com\github\adiralashiva8\testng-metrics\1.6\testng-metrics-1.6.jar;"/>
    <property name="java.vm.vendor" value="Oracle Corporation"/>
    <property name="sun.arch.data.model" value="64"/>
    <property name="user.variant" value=""/>
    <property name="java.vendor.url" value="http://java.oracle.com/"/>
    <property name="user.timezone" value="America/Los_Angeles"/>
    <property name="java.vm.specification.version" value="1.8"/>
    <property name="os.name" value="Windows 10"/>
    <property name="user.country" value="US"/>
    <property name="sun.java.launcher" value="SUN_STANDARD"/>
    <property name="sun.boot.library.path" value="C:\Program Files\Java\jre1.8.0_261\bin"/>
    <property name="sun.java.command" value="C:\Users\ankit.srivastava\AppData\Local\Temp\surefire2993326181819453445\surefirebooter2612778821738809755.jar C:\Users\ankit.srivastava\AppData\Local\Temp\surefire2993326181819453445 2022-07-13T08-34-51_400-jvmRun1 surefire339571645895458788tmp surefire_04549328642459892159tmp"/>
    <property name="surefire.test.class.path" value="C:\AUL\Workspace\ADL\target\test-classes;C:\AUL\Workspace\ADL\target\classes;C:\Users\ankit.srivastava\.m2\repository\org\seleniumhq\selenium\selenium-java\4.0.0\selenium-java-4.0.0.jar;C:\Users\ankit.srivastava\.m2\repository\org\seleniumhq\selenium\selenium-api\4.0.0\selenium-api-4.0.0.jar;C:\Users\ankit.srivastava\.m2\repository\org\seleniumhq\selenium\selenium-chrome-driver\4.0.0\selenium-chrome-driver-4.0.0.jar;C:\Users\ankit.srivastava\.m2\repository\com\google\auto\service\auto-service-annotations\1.0\auto-service-annotations-1.0.jar;C:\Users\ankit.srivastava\.m2\repository\com\google\auto\service\auto-service\1.0\auto-service-1.0.jar;C:\Users\ankit.srivastava\.m2\repository\com\google\auto\auto-common\1.0\auto-common-1.0.jar;C:\Users\ankit.srivastava\.m2\repository\com\google\guava\guava\31.0.1-jre\guava-31.0.1-jre.jar;C:\Users\ankit.srivastava\.m2\repository\com\google\guava\failureaccess\1.0.1\failureaccess-1.0.1.jar;C:\Users\ankit.srivastava\.m2\repository\com\google\guava\listenablefuture\9999.0-empty-to-avoid-conflict-with-guava\listenablefuture-9999.0-empty-to-avoid-conflict-with-guava.jar;C:\Users\ankit.srivastava\.m2\repository\com\google\code\findbugs\jsr305\3.0.2\jsr305-3.0.2.jar;C:\Users\ankit.srivastava\.m2\repository\org\checkerframework\checker-qual\3.12.0\checker-qual-3.12.0.jar;C:\Users\ankit.srivastava\.m2\repository\com\google\errorprone\error_prone_annotations\2.7.1\error_prone_annotations-2.7.1.jar;C:\Users\ankit.srivastava\.m2\repository\com\google\j2objc\j2objc-annotations\1.3\j2objc-annotations-1.3.jar;C:\Users\ankit.srivastava\.m2\repository\org\seleniumhq\selenium\selenium-chromium-driver\4.0.0\selenium-chromium-driver-4.0.0.jar;C:\Users\ankit.srivastava\.m2\repository\org\seleniumhq\selenium\selenium-json\4.0.0\selenium-json-4.0.0.jar;C:\Users\ankit.srivastava\.m2\repository\org\seleniumhq\selenium\selenium-devtools-v85\4.0.0\selenium-devtools-v85-4.0.0.jar;C:\Users\ankit.srivastava\.m2\repository\org\seleniumhq\selenium\selenium-devtools-v93\4.0.0\selenium-devtools-v93-4.0.0.jar;C:\Users\ankit.srivastava\.m2\repository\org\seleniumhq\selenium\selenium-devtools-v94\4.0.0\selenium-devtools-v94-4.0.0.jar;C:\Users\ankit.srivastava\.m2\repository\org\seleniumhq\selenium\selenium-devtools-v95\4.0.0\selenium-devtools-v95-4.0.0.jar;C:\Users\ankit.srivastava\.m2\repository\org\seleniumhq\selenium\selenium-edge-driver\4.0.0\selenium-edge-driver-4.0.0.jar;C:\Users\ankit.srivastava\.m2\repository\org\seleniumhq\selenium\selenium-firefox-driver\4.0.0\selenium-firefox-driver-4.0.0.jar;C:\Users\ankit.srivastava\.m2\repository\org\seleniumhq\selenium\selenium-firefox-xpi-driver\4.0.0\selenium-firefox-xpi-driver-4.0.0.jar;C:\Users\ankit.srivastava\.m2\repository\org\seleniumhq\selenium\selenium-ie-driver\4.0.0\selenium-ie-driver-4.0.0.jar;C:\Users\ankit.srivastava\.m2\repository\org\seleniumhq\selenium\selenium-opera-driver\4.0.0\selenium-opera-driver-4.0.0.jar;C:\Users\ankit.srivastava\.m2\repository\org\seleniumhq\selenium\selenium-remote-driver\4.0.0\selenium-remote-driver-4.0.0.jar;C:\Users\ankit.srivastava\.m2\repository\io\netty\netty-buffer\4.1.68.Final\netty-buffer-4.1.68.Final.jar;C:\Users\ankit.srivastava\.m2\repository\io\netty\netty-codec-http\4.1.67.Final\netty-codec-http-4.1.67.Final.jar;C:\Users\ankit.srivastava\.m2\repository\io\netty\netty-codec\4.1.67.Final\netty-codec-4.1.67.Final.jar;C:\Users\ankit.srivastava\.m2\repository\io\netty\netty-handler\4.1.67.Final\netty-handler-4.1.67.Final.jar;C:\Users\ankit.srivastava\.m2\repository\io\netty\netty-common\4.1.68.Final\netty-common-4.1.68.Final.jar;C:\Users\ankit.srivastava\.m2\repository\io\netty\netty-transport-native-epoll\4.1.67.Final\netty-transport-native-epoll-4.1.67.Final.jar;C:\Users\ankit.srivastava\.m2\repository\io\netty\netty-transport-native-kqueue\4.1.67.Final\netty-transport-native-kqueue-4.1.67.Final.jar;C:\Users\ankit.srivastava\.m2\repository\io\netty\netty-transport-native-unix-common\4.1.67.Final\netty-transport-native-unix-common-4.1.67.Final.jar;C:\Users\ankit.srivastava\.m2\repository\io\netty\netty-transport\4.1.68.Final\netty-transport-4.1.68.Final.jar;C:\Users\ankit.srivastava\.m2\repository\io\netty\netty-resolver\4.1.68.Final\netty-resolver-4.1.68.Final.jar;C:\Users\ankit.srivastava\.m2\repository\io\opentelemetry\opentelemetry-api\1.6.0\opentelemetry-api-1.6.0.jar;C:\Users\ankit.srivastava\.m2\repository\io\opentelemetry\opentelemetry-context\1.6.0\opentelemetry-context-1.6.0.jar;C:\Users\ankit.srivastava\.m2\repository\io\opentelemetry\opentelemetry-exporter-logging\1.6.0\opentelemetry-exporter-logging-1.6.0.jar;C:\Users\ankit.srivastava\.m2\repository\io\opentelemetry\opentelemetry-sdk-metrics\1.6.0-alpha\opentelemetry-sdk-metrics-1.6.0-alpha.jar;C:\Users\ankit.srivastava\.m2\repository\io\opentelemetry\opentelemetry-sdk-common\1.6.0\opentelemetry-sdk-common-1.6.0.jar;C:\Users\ankit.srivastava\.m2\repository\io\opentelemetry\opentelemetry-sdk-extension-autoconfigure-spi\1.6.0\opentelemetry-sdk-extension-autoconfigure-spi-1.6.0.jar;C:\Users\ankit.srivastava\.m2\repository\io\opentelemetry\opentelemetry-sdk-extension-autoconfigure\1.6.0-alpha\opentelemetry-sdk-extension-autoconfigure-1.6.0-alpha.jar;C:\Users\ankit.srivastava\.m2\repository\io\opentelemetry\opentelemetry-sdk-trace\1.6.0\opentelemetry-sdk-trace-1.6.0.jar;C:\Users\ankit.srivastava\.m2\repository\io\opentelemetry\opentelemetry-api-metrics\1.6.0-alpha\opentelemetry-api-metrics-1.6.0-alpha.jar;C:\Users\ankit.srivastava\.m2\repository\io\opentelemetry\opentelemetry-sdk\1.6.0\opentelemetry-sdk-1.6.0.jar;C:\Users\ankit.srivastava\.m2\repository\io\opentelemetry\opentelemetry-semconv\1.6.0-alpha\opentelemetry-semconv-1.6.0-alpha.jar;C:\Users\ankit.srivastava\.m2\repository\io\ous\jtoml\2.0.0\jtoml-2.0.0.jar;C:\Users\ankit.srivastava\.m2\repository\net\bytebuddy\byte-buddy\1.11.19\byte-buddy-1.11.19.jar;C:\Users\ankit.srivastava\.m2\repository\org\apache\commons\commons-exec\1.3\commons-exec-1.3.jar;C:\Users\ankit.srivastava\.m2\repository\org\asynchttpclient\async-http-client\2.12.3\async-http-client-2.12.3.jar;C:\Users\ankit.srivastava\.m2\repository\org\asynchttpclient\async-http-client-netty-utils\2.12.3\async-http-client-netty-utils-2.12.3.jar;C:\Users\ankit.srivastava\.m2\repository\io\netty\netty-codec-socks\4.1.60.Final\netty-codec-socks-4.1.60.Final.jar;C:\Users\ankit.srivastava\.m2\repository\io\netty\netty-handler-proxy\4.1.60.Final\netty-handler-proxy-4.1.60.Final.jar;C:\Users\ankit.srivastava\.m2\repository\io\netty\netty-transport-native-epoll\4.1.60.Final\netty-transport-native-epoll-4.1.60.Final-linux-x86_64.jar;C:\Users\ankit.srivastava\.m2\repository\io\netty\netty-transport-native-kqueue\4.1.60.Final\netty-transport-native-kqueue-4.1.60.Final-osx-x86_64.jar;C:\Users\ankit.srivastava\.m2\repository\org\reactivestreams\reactive-streams\1.0.3\reactive-streams-1.0.3.jar;C:\Users\ankit.srivastava\.m2\repository\com\typesafe\netty\netty-reactive-streams\2.0.4\netty-reactive-streams-2.0.4.jar;C:\Users\ankit.srivastava\.m2\repository\org\slf4j\slf4j-api\1.7.30\slf4j-api-1.7.30.jar;C:\Users\ankit.srivastava\.m2\repository\com\sun\activation\jakarta.activation\1.2.2\jakarta.activation-1.2.2.jar;C:\Users\ankit.srivastava\.m2\repository\org\seleniumhq\selenium\selenium-http\4.0.0\selenium-http-4.0.0.jar;C:\Users\ankit.srivastava\.m2\repository\org\seleniumhq\selenium\selenium-safari-driver\4.0.0\selenium-safari-driver-4.0.0.jar;C:\Users\ankit.srivastava\.m2\repository\org\seleniumhq\selenium\selenium-support\4.0.0\selenium-support-4.0.0.jar;C:\Users\ankit.srivastava\.m2\repository\org\testng\testng\6.8\testng-6.8.jar;C:\Users\ankit.srivastava\.m2\repository\junit\junit\4.10\junit-4.10.jar;C:\Users\ankit.srivastava\.m2\repository\org\hamcrest\hamcrest-core\1.1\hamcrest-core-1.1.jar;C:\Users\ankit.srivastava\.m2\repository\org\beanshell\bsh\2.0b4\bsh-2.0b4.jar;C:\Users\ankit.srivastava\.m2\repository\com\beust\jcommander\1.27\jcommander-1.27.jar;C:\Users\ankit.srivastava\.m2\repository\org\yaml\snakeyaml\1.6\snakeyaml-1.6.jar;C:\Users\ankit.srivastava\.m2\repository\com\relevantcodes\extentreports\2.41.2\extentreports-2.41.2.jar;C:\Users\ankit.srivastava\.m2\repository\org\jsoup\jsoup\1.8.3\jsoup-1.8.3.jar;C:\Users\ankit.srivastava\.m2\repository\org\xerial\sqlite-jdbc\3.8.11.1\sqlite-jdbc-3.8.11.1.jar;C:\Users\ankit.srivastava\.m2\repository\org\freemarker\freemarker\2.3.23\freemarker-2.3.23.jar;C:\Users\ankit.srivastava\.m2\repository\org\mongodb\mongodb-driver\3.0.4\mongodb-driver-3.0.4.jar;C:\Users\ankit.srivastava\.m2\repository\org\mongodb\bson\3.0.4\bson-3.0.4.jar;C:\Users\ankit.srivastava\.m2\repository\org\mongodb\mongodb-driver-core\3.0.4\mongodb-driver-core-3.0.4.jar;C:\Users\ankit.srivastava\.m2\repository\org\apache\poi\poi\4.1.0\poi-4.1.0.jar;C:\Users\ankit.srivastava\.m2\repository\commons-codec\commons-codec\1.12\commons-codec-1.12.jar;C:\Users\ankit.srivastava\.m2\repository\org\apache\commons\commons-collections4\4.3\commons-collections4-4.3.jar;C:\Users\ankit.srivastava\.m2\repository\org\apache\commons\commons-math3\3.6.1\commons-math3-3.6.1.jar;C:\Users\ankit.srivastava\.m2\repository\org\apache\poi\poi-ooxml\4.1.0\poi-ooxml-4.1.0.jar;C:\Users\ankit.srivastava\.m2\repository\org\apache\commons\commons-compress\1.18\commons-compress-1.18.jar;C:\Users\ankit.srivastava\.m2\repository\com\github\virtuald\curvesapi\1.06\curvesapi-1.06.jar;C:\Users\ankit.srivastava\.m2\repository\org\apache\poi\poi-ooxml-schemas\4.1.0\poi-ooxml-schemas-4.1.0.jar;C:\Users\ankit.srivastava\.m2\repository\org\apache\xmlbeans\xmlbeans\3.1.0\xmlbeans-3.1.0.jar;C:\Users\ankit.srivastava\.m2\repository\org\apache\pdfbox\pdfbox\2.0.26\pdfbox-2.0.26.jar;C:\Users\ankit.srivastava\.m2\repository\org\apache\pdfbox\fontbox\2.0.26\fontbox-2.0.26.jar;C:\Users\ankit.srivastava\.m2\repository\commons-logging\commons-logging\1.2\commons-logging-1.2.jar;C:\Users\ankit.srivastava\.m2\repository\commons-io\commons-io\2.6\commons-io-2.6.jar;C:\Users\ankit.srivastava\.m2\repository\com\github\adiralashiva8\testng-metrics\1.6\testng-metrics-1.6.jar;"/>
    <property name="sun.cpu.endian" value="little"/>
    <property name="user.home" value="C:\Users\ankit.srivastava"/>
    <property name="user.language" value="en"/>
    <property name="java.specification.vendor" value="Oracle Corporation"/>
    <property name="java.home" value="C:\Program Files\Java\jre1.8.0_261"/>
    <property name="basedir" value="C:\AUL\Workspace\ADL"/>
    <property name="file.separator" value="\"/>
    <property name="line.separator" value="&#10;"/>
    <property name="java.vm.specification.vendor" value="Oracle Corporation"/>
    <property name="java.specification.name" value="Java Platform API Specification"/>
    <property name="java.awt.graphicsenv" value="sun.awt.Win32GraphicsEnvironment"/>
    <property name="surefire.real.class.path" value="C:\Users\ankit.srivastava\AppData\Local\Temp\surefire2993326181819453445\surefirebooter2612778821738809755.jar"/>
    <property name="sun.boot.class.path" value="C:\Program Files\Java\jre1.8.0_261\lib\resources.jar;C:\Program Files\Java\jre1.8.0_261\lib\rt.jar;C:\Program Files\Java\jre1.8.0_261\lib\sunrsasign.jar;C:\Program Files\Java\jre1.8.0_261\lib\jsse.jar;C:\Program Files\Java\jre1.8.0_261\lib\jce.jar;C:\Program Files\Java\jre1.8.0_261\lib\charsets.jar;C:\Program Files\Java\jre1.8.0_261\lib\jfr.jar;C:\Program Files\Java\jre1.8.0_261\classes"/>
    <property name="user.script" value=""/>
    <property name="sun.management.compiler" value="HotSpot 64-Bit Tiered Compilers"/>
    <property name="java.runtime.version" value="1.8.0_261-b12"/>
    <property name="user.name" value="ankit.srivastava"/>
    <property name="path.separator" value=";"/>
    <property name="os.version" value="10.0"/>
    <property name="java.endorsed.dirs" value="C:\Program Files\Java\jre1.8.0_261\lib\endorsed"/>
    <property name="java.runtime.name" value="Java(TM) SE Runtime Environment"/>
    <property name="file.encoding" value="Cp1252"/>
    <property name="sun.nio.ch.bugLevel" value=""/>
    <property name="java.vm.name" value="Java HotSpot(TM) 64-Bit Server VM"/>
    <property name="localRepository" value="C:\Users\ankit.srivastava\.m2\repository"/>
    <property name="java.vendor.url.bug" value="http://bugreport.sun.com/bugreport/"/>
    <property name="java.io.tmpdir" value="C:\Users\ANKIT~1.SRI\AppData\Local\Temp\"/>
    <property name="java.version" value="1.8.0_261"/>
    <property name="user.dir" value="C:\AUL\Workspace\ADL"/>
    <property name="os.arch" value="amd64"/>
    <property name="java.vm.specification.name" value="Java Virtual Machine Specification"/>
    <property name="java.awt.printerjob" value="sun.awt.windows.WPrinterJob"/>
    <property name="sun.os.patch.level" value=""/>
    <property name="java.library.path" value="C:\Program Files\Java\jre1.8.0_261\bin;C:\windows\Sun\Java\bin;C:\windows\system32;C:\windows;C:\Users\ankit.srivastava\bin;C:\Users\ankit.srivastava\AppData\Local\Programs\Git\mingw32\bin;C:\Users\ankit.srivastava\AppData\Local\Programs\Git\usr\local\bin;C:\Users\ankit.srivastava\AppData\Local\Programs\Git\usr\bin;C:\Users\ankit.srivastava\AppData\Local\Programs\Git\usr\bin;C:\Users\ankit.srivastava\AppData\Local\Programs\Git\mingw32\bin;C:\Users\ankit.srivastava\AppData\Local\Programs\Git\usr\bin;C:\Users\ankit.srivastava\bin;C:\Program Files (x86)\Common Files\Oracle\Java\javapath;C:\windows\system32;C:\windows;C:\windows\System32\Wbem;C:\windows\System32\WindowsPowerShell\v1.0;C:\windows\System32\OpenSSH;C:\Program Files (x86)\Microsoft SQL Server\Client SDK\ODBC\130\Tools\Binn;C:\Program Files (x86)\Microsoft SQL Server\130\Tools\Binn;C:\Program Files (x86)\Microsoft SQL Server\130\DTS\Binn;C:\Program Files (x86)\Microsoft SQL Server\130\Tools\Binn\ManagementStudio;C:\AUL\apache-maven-3.6.3-bin\apache-maven-3.6.3\bin;C:\Program Files\Microsoft SQL Server\130\Tools\Binn;C:\Program Files\Microsoft SQL Server\Client SDK\ODBC\170\Tools\Binn;C:\Program Files\dotnet;C:\Program Files\Microsoft VS Code\bin;C:\Program Files\nodejs;C:\Program Files (x86)\dotnet;C:\Users\ankit.srivastava\AppData\Local\Microsoft\WindowsApps;C:\Users\ankit.srivastava\AppData\Roaming\npm;C:\Users\ankit.srivastava\AppData\Local\Programs\Git\cmd;C:\Users\ankit.srivastava\AppData\Local\Programs\Git\usr\bin\vendor_perl;C:\Users\ankit.srivastava\AppData\Local\Programs\Git\usr\bin\core_perl;."/>
    <property name="java.vm.info" value="mixed mode"/>
    <property name="java.vendor" value="Oracle Corporation"/>
    <property name="java.vm.version" value="25.261-b12"/>
    <property name="java.ext.dirs" value="C:\Program Files\Java\jre1.8.0_261\lib\ext;C:\windows\Sun\Java\lib\ext"/>
    <property name="sun.io.unicode.encoding" value="UnicodeLittle"/>
    <property name="java.class.version" value="52.0"/>
  </properties>
  <testcase name="emptyLogin" classname="testsuite.loginValidation_test" time="2.219">
    <system-out><![CDATA[
Logo: https://upload.wikimedia.org/wikipedia/commons/thumb/c/cf/Coforge-Logo.png/800px-Coforge-Logo.png
File name: testng_metrics.html
Append timestamp?: null
File name(timestamp): testng_metrics.html

C:\AUL\Workspace\ADL
emptyLogin test case started
The name of the testcase passed is :emptyLogin
]]></system-out>
    <system-err><![CDATA[SLF4J: Failed to load class "org.slf4j.impl.StaticLoggerBinder".
SLF4J: Defaulting to no-operation (NOP) logger implementation
SLF4J: See http://www.slf4j.org/codes.html#StaticLoggerBinder for further details.
Starting ChromeDriver 96.0.4664.45 (76e4c1bb2ab4671b8beba3444e61c0f17584b2fc-refs/branch-heads/4664@{#947}) on port 60619
Only local connections are allowed.
Please see https://chromedriver.chromium.org/security-considerations for suggestions on keeping ChromeDriver safe.
ChromeDriver was started successfully.
[1657726495.634][WARNING]: This version of ChromeDriver has not been tested with Chrome version 97.
Jul 13, 2022 8:34:55 AM org.openqa.selenium.remote.ProtocolHandshake createSession
INFO: Detected dialect: W3C
Jul 13, 2022 8:34:55 AM org.openqa.selenium.devtools.CdpVersionFinder findNearestMatch
WARNING: Unable to find an exact match for CDP version 97, so returning the closest version found: 95
Jul 13, 2022 8:34:55 AM org.openqa.selenium.devtools.CdpVersionFinder findNearestMatch
INFO: Found CDP implementation for version 97 of 95
]]></system-err>
  </testcase>
  <testcase name="emptyLoginPassword" classname="testsuite.loginValidation_test" time="1.403">
    <system-out><![CDATA[emptyLoginPassword test case started
The name of the testcase passed is :emptyLoginPassword
]]></system-out>
  </testcase>
  <testcase name="emptyLoginUsername" classname="testsuite.loginValidation_test" time="1.101">
    <system-out><![CDATA[emptyLoginUsername test case started
The name of the testcase passed is :emptyLoginUsername
]]></system-out>
  </testcase>
  <testcase name="incorrectCredential" classname="testsuite.loginValidation_test" time="1.132">
    <system-out><![CDATA[incorrectCredential test case started
The name of the testcase passed is :incorrectCredential
]]></system-out>
  </testcase>
  <testcase name="incorrectpasswordCredential" classname="testsuite.loginValidation_test" time="1.225">
    <system-out><![CDATA[incorrectpasswordCredential test case started
The name of the testcase passed is :incorrectpasswordCredential
]]></system-out>
  </testcase>
  <testcase name="incorrectusernameCredential" classname="testsuite.loginValidation_test" time="1.121">
    <system-out><![CDATA[incorrectusernameCredential test case started
The name of the testcase passed is :incorrectusernameCredential
]]></system-out>
  </testcase>
  <testcase name="login" classname="testsuite.erate_test" time="7.541">
    <failure message="element click intercepted: Element &lt;button _ngcontent-ubs-c290=&quot;&quot; mattreenodetoggle=&quot;&quot; class=&quot;ng-tns-c290-1 mat-tree-node level-1 ng-star-inserted&quot;&gt;...&lt;/button&gt; is not clickable at point (140, 230). Other element would receive the click: &lt;div _ngcontent-ubs-c107=&quot;&quot; class=&quot;overlay ng-tns-c107-2 ng-trigger ng-trigger-fadeIn ng-star-inserted&quot; style=&quot;background-color: rgba(255, 255, 255, 0.5); z-index: 99999; position: fixed; opacity: 1;&quot;&gt;...&lt;/div&gt;&#10;  (Session info: chrome=97.0.4692.99)&#10;Build info: version: &apos;4.0.0&apos;, revision: &apos;3a21814679&apos;&#10;System info: host: &apos;AUL-DEV-03&apos;, ip: &apos;10.0.5.63&apos;, os.name: &apos;Windows 10&apos;, os.arch: &apos;amd64&apos;, os.version: &apos;10.0&apos;, java.version: &apos;1.8.0_261&apos;&#10;Driver info: org.openqa.selenium.chrome.ChromeDriver&#10;Command: [42cc9c6fb5d84ba2ae0c3caf9a2ec843, clickElement {id=f50b35c4-e6fc-4084-abb1-830e44a91d37}]&#10;Capabilities {acceptInsecureCerts: false, browserName: chrome, browserVersion: 97.0.4692.99, chrome: {chromedriverVersion: 96.0.4664.45 (76e4c1bb2ab46..., userDataDir: C:\Users\ANKIT~1.SRI\AppDat...}, goog:chromeOptions: {debuggerAddress: localhost:51181}, javascriptEnabled: true, networkConnectionEnabled: false, pageLoadStrategy: normal, platform: WINDOWS, platformName: WINDOWS, proxy: Proxy(), se:cdp: ws://localhost:51181/devtoo..., se:cdpVersion: 97.0.4692.99, setWindowRect: true, strictFileInteractability: false, timeouts: {implicit: 0, pageLoad: 300000, script: 30000}, unhandledPromptBehavior: dismiss and notify, webauthn:extension:credBlob: true, webauthn:extension:largeBlob: true, webauthn:virtualAuthenticators: true}&#10;Element: [[ChromeDriver: chrome on WINDOWS (42cc9c6fb5d84ba2ae0c3caf9a2ec843)] -&gt; xpath: //button[contains(text(),&apos;E-Rate&apos;)]]&#10;Session ID: 42cc9c6fb5d84ba2ae0c3caf9a2ec843" type="org.openqa.selenium.ElementClickInterceptedException"><![CDATA[org.openqa.selenium.ElementClickInterceptedException: 
element click intercepted: Element <button _ngcontent-ubs-c290="" mattreenodetoggle="" class="ng-tns-c290-1 mat-tree-node level-1 ng-star-inserted">...</button> is not clickable at point (140, 230). Other element would receive the click: <div _ngcontent-ubs-c107="" class="overlay ng-tns-c107-2 ng-trigger ng-trigger-fadeIn ng-star-inserted" style="background-color: rgba(255, 255, 255, 0.5); z-index: 99999; position: fixed; opacity: 1;">...</div>
  (Session info: chrome=97.0.4692.99)
Build info: version: '4.0.0', revision: '3a21814679'
System info: host: 'AUL-DEV-03', ip: '10.0.5.63', os.name: 'Windows 10', os.arch: 'amd64', os.version: '10.0', java.version: '1.8.0_261'
Driver info: org.openqa.selenium.chrome.ChromeDriver
Command: [42cc9c6fb5d84ba2ae0c3caf9a2ec843, clickElement {id=f50b35c4-e6fc-4084-abb1-830e44a91d37}]
Capabilities {acceptInsecureCerts: false, browserName: chrome, browserVersion: 97.0.4692.99, chrome: {chromedriverVersion: 96.0.4664.45 (76e4c1bb2ab46..., userDataDir: C:\Users\ANKIT~1.SRI\AppDat...}, goog:chromeOptions: {debuggerAddress: localhost:51181}, javascriptEnabled: true, networkConnectionEnabled: false, pageLoadStrategy: normal, platform: WINDOWS, platformName: WINDOWS, proxy: Proxy(), se:cdp: ws://localhost:51181/devtoo..., se:cdpVersion: 97.0.4692.99, setWindowRect: true, strictFileInteractability: false, timeouts: {implicit: 0, pageLoad: 300000, script: 30000}, unhandledPromptBehavior: dismiss and notify, webauthn:extension:credBlob: true, webauthn:extension:largeBlob: true, webauthn:virtualAuthenticators: true}
Element: [[ChromeDriver: chrome on WINDOWS (42cc9c6fb5d84ba2ae0c3caf9a2ec843)] -> xpath: //button[contains(text(),'E-Rate')]]
Session ID: 42cc9c6fb5d84ba2ae0c3caf9a2ec843
	at testsuite.erate_test.login(erate_test.java:31)
]]></failure>
  </testcase>
  <testcase name="quickcode" classname="testsuite.erate_test" time="0">
    <skipped/>
    <system-out><![CDATA[quickcode test case started
The name of the testcase Skipped is :quickcode
]]></system-out>
  </testcase>
  <testcase name="close" classname="testsuite.erate_test" time="0">
    <skipped/>
  </testcase>
  <testcase name="VerifyeClaimsPortalforRepairFacilitieslink_27228_27231_27261" classname="testsuite.baseTest" time="30.273">
    <failure message="no such element: Unable to locate element: {&quot;method&quot;:&quot;css selector&quot;,&quot;selector&quot;:&quot;[text=&quot;eClaims Portal for Repair Facilities&quot;]&quot;}&#10;  (Session info: chrome=97.0.4692.99)&#10;For documentation on this error, please visit: https://selenium.dev/exceptions/#no_such_element&#10;Build info: version: &apos;4.0.0&apos;, revision: &apos;3a21814679&apos;&#10;System info: host: &apos;AUL-DEV-03&apos;, ip: &apos;10.0.5.63&apos;, os.name: &apos;Windows 10&apos;, os.arch: &apos;amd64&apos;, os.version: &apos;10.0&apos;, java.version: &apos;1.8.0_261&apos;&#10;Driver info: org.openqa.selenium.chrome.ChromeDriver&#10;Command: [42cc9c6fb5d84ba2ae0c3caf9a2ec843, findElement {using=css selector, value=[text=&quot;eClaims Portal for Repair Facilities&quot;]}]&#10;Capabilities {acceptInsecureCerts: false, browserName: chrome, browserVersion: 97.0.4692.99, chrome: {chromedriverVersion: 96.0.4664.45 (76e4c1bb2ab46..., userDataDir: C:\Users\ANKIT~1.SRI\AppDat...}, goog:chromeOptions: {debuggerAddress: localhost:51181}, javascriptEnabled: true, networkConnectionEnabled: false, pageLoadStrategy: normal, platform: WINDOWS, platformName: WINDOWS, proxy: Proxy(), se:cdp: ws://localhost:51181/devtoo..., se:cdpVersion: 97.0.4692.99, setWindowRect: true, strictFileInteractability: false, timeouts: {implicit: 0, pageLoad: 300000, script: 30000}, unhandledPromptBehavior: dismiss and notify, webauthn:extension:credBlob: true, webauthn:extension:largeBlob: true, webauthn:virtualAuthenticators: true}&#10;Session ID: 42cc9c6fb5d84ba2ae0c3caf9a2ec843" type="org.openqa.selenium.NoSuchElementException"><![CDATA[org.openqa.selenium.NoSuchElementException: 
no such element: Unable to locate element: {"method":"css selector","selector":"[text="eClaims Portal for Repair Facilities"]"}
  (Session info: chrome=97.0.4692.99)
For documentation on this error, please visit: https://selenium.dev/exceptions/#no_such_element
Build info: version: '4.0.0', revision: '3a21814679'
System info: host: 'AUL-DEV-03', ip: '10.0.5.63', os.name: 'Windows 10', os.arch: 'amd64', os.version: '10.0', java.version: '1.8.0_261'
Driver info: org.openqa.selenium.chrome.ChromeDriver
Command: [42cc9c6fb5d84ba2ae0c3caf9a2ec843, findElement {using=css selector, value=[text="eClaims Portal for Repair Facilities"]}]
Capabilities {acceptInsecureCerts: false, browserName: chrome, browserVersion: 97.0.4692.99, chrome: {chromedriverVersion: 96.0.4664.45 (76e4c1bb2ab46..., userDataDir: C:\Users\ANKIT~1.SRI\AppDat...}, goog:chromeOptions: {debuggerAddress: localhost:51181}, javascriptEnabled: true, networkConnectionEnabled: false, pageLoadStrategy: normal, platform: WINDOWS, platformName: WINDOWS, proxy: Proxy(), se:cdp: ws://localhost:51181/devtoo..., se:cdpVersion: 97.0.4692.99, setWindowRect: true, strictFileInteractability: false, timeouts: {implicit: 0, pageLoad: 300000, script: 30000}, unhandledPromptBehavior: dismiss and notify, webauthn:extension:credBlob: true, webauthn:extension:largeBlob: true, webauthn:virtualAuthenticators: true}
Session ID: 42cc9c6fb5d84ba2ae0c3caf9a2ec843
	at testsuite.baseTest.VerifyeClaimsPortalforRepairFacilitieslink_27228_27231_27261(baseTest.java:48)
]]></failure>
    <system-out><![CDATA[VerifyeClaimsPortalforRepairFacilitieslink_27228_27231_27261 test case started
The name of the testcase failed is :VerifyeClaimsPortalforRepairFacilitieslink_27228_27231_27261
]]></system-out>
  </testcase>
  <testcase name="VerifyRememberMyPasswordLocation_27214" classname="testsuite.baseTest" time="30.258">
    <failure message="no such element: Unable to locate element: {&quot;method&quot;:&quot;css selector&quot;,&quot;selector&quot;:&quot;span[class=&quot;mat-checkbox-label&quot;] &gt; span&quot;}&#10;  (Session info: chrome=97.0.4692.99)&#10;For documentation on this error, please visit: https://selenium.dev/exceptions/#no_such_element&#10;Build info: version: &apos;4.0.0&apos;, revision: &apos;3a21814679&apos;&#10;System info: host: &apos;AUL-DEV-03&apos;, ip: &apos;10.0.5.63&apos;, os.name: &apos;Windows 10&apos;, os.arch: &apos;amd64&apos;, os.version: &apos;10.0&apos;, java.version: &apos;1.8.0_261&apos;&#10;Driver info: org.openqa.selenium.chrome.ChromeDriver&#10;Command: [42cc9c6fb5d84ba2ae0c3caf9a2ec843, findElement {using=css selector, value=span[class=&quot;mat-checkbox-label&quot;] &gt; span}]&#10;Capabilities {acceptInsecureCerts: false, browserName: chrome, browserVersion: 97.0.4692.99, chrome: {chromedriverVersion: 96.0.4664.45 (76e4c1bb2ab46..., userDataDir: C:\Users\ANKIT~1.SRI\AppDat...}, goog:chromeOptions: {debuggerAddress: localhost:51181}, javascriptEnabled: true, networkConnectionEnabled: false, pageLoadStrategy: normal, platform: WINDOWS, platformName: WINDOWS, proxy: Proxy(), se:cdp: ws://localhost:51181/devtoo..., se:cdpVersion: 97.0.4692.99, setWindowRect: true, strictFileInteractability: false, timeouts: {implicit: 0, pageLoad: 300000, script: 30000}, unhandledPromptBehavior: dismiss and notify, webauthn:extension:credBlob: true, webauthn:extension:largeBlob: true, webauthn:virtualAuthenticators: true}&#10;Session ID: 42cc9c6fb5d84ba2ae0c3caf9a2ec843" type="org.openqa.selenium.NoSuchElementException"><![CDATA[org.openqa.selenium.NoSuchElementException: 
no such element: Unable to locate element: {"method":"css selector","selector":"span[class="mat-checkbox-label"] > span"}
  (Session info: chrome=97.0.4692.99)
For documentation on this error, please visit: https://selenium.dev/exceptions/#no_such_element
Build info: version: '4.0.0', revision: '3a21814679'
System info: host: 'AUL-DEV-03', ip: '10.0.5.63', os.name: 'Windows 10', os.arch: 'amd64', os.version: '10.0', java.version: '1.8.0_261'
Driver info: org.openqa.selenium.chrome.ChromeDriver
Command: [42cc9c6fb5d84ba2ae0c3caf9a2ec843, findElement {using=css selector, value=span[class="mat-checkbox-label"] > span}]
Capabilities {acceptInsecureCerts: false, browserName: chrome, browserVersion: 97.0.4692.99, chrome: {chromedriverVersion: 96.0.4664.45 (76e4c1bb2ab46..., userDataDir: C:\Users\ANKIT~1.SRI\AppDat...}, goog:chromeOptions: {debuggerAddress: localhost:51181}, javascriptEnabled: true, networkConnectionEnabled: false, pageLoadStrategy: normal, platform: WINDOWS, platformName: WINDOWS, proxy: Proxy(), se:cdp: ws://localhost:51181/devtoo..., se:cdpVersion: 97.0.4692.99, setWindowRect: true, strictFileInteractability: false, timeouts: {implicit: 0, pageLoad: 300000, script: 30000}, unhandledPromptBehavior: dismiss and notify, webauthn:extension:credBlob: true, webauthn:extension:largeBlob: true, webauthn:virtualAuthenticators: true}
Session ID: 42cc9c6fb5d84ba2ae0c3caf9a2ec843
	at testsuite.baseTest.VerifyRememberMyPasswordLocation_27214(baseTest.java:55)
]]></failure>
    <system-out><![CDATA[VerifyRememberMyPasswordLocation_27214 test case started
The name of the testcase failed is :VerifyRememberMyPasswordLocation_27214
]]></system-out>
  </testcase>
  <testcase name="VerifyLocationPrivacyPolicyLink_27224_27239_27254" classname="testsuite.baseTest" time="0.6">
    <system-out><![CDATA[VerifyLocationPrivacyPolicyLink_27224_27239_27254 test case started
The name of the testcase passed is :VerifyLocationPrivacyPolicyLink_27224_27239_27254
]]></system-out>
  </testcase>
  <testcase name="VerifyWelcomeTextOnTheADLUILoginPage_27248_27244_27110" classname="testsuite.baseTest" time="0.567">
    <system-out><![CDATA[VerifyWelcomeTextOnTheADLUILoginPage_27248_27244_27110 test case started
The name of the testcase passed is :VerifyWelcomeTextOnTheADLUILoginPage_27248_27244_27110
]]></system-out>
  </testcase>
  <testcase name="VerifyGAPPortallinkfunctionality_27233_27259_27229" classname="testsuite.baseTest" time="0.584">
    <system-out><![CDATA[VerifyGAPPortallinkfunctionality_27233_27259_27229 test case started
The name of the testcase passed is :VerifyGAPPortallinkfunctionality_27233_27259_27229
]]></system-out>
  </testcase>
  <testcase name="VerifyForgotPassword_Loginastext_27238_27254_27220_27255_27237_27166" classname="testsuite.baseTest" time="2.223">
    <failure message="no such element: Unable to locate element: {&quot;method&quot;:&quot;css selector&quot;,&quot;selector&quot;:&quot;div[class =&apos;forgot-password&apos;]&quot;}&#10;  (Session info: chrome=97.0.4692.99)&#10;For documentation on this error, please visit: https://selenium.dev/exceptions/#no_such_element&#10;Build info: version: &apos;4.0.0&apos;, revision: &apos;3a21814679&apos;&#10;System info: host: &apos;AUL-DEV-03&apos;, ip: &apos;10.0.5.63&apos;, os.name: &apos;Windows 10&apos;, os.arch: &apos;amd64&apos;, os.version: &apos;10.0&apos;, java.version: &apos;1.8.0_261&apos;&#10;Driver info: org.openqa.selenium.chrome.ChromeDriver&#10;Command: [42cc9c6fb5d84ba2ae0c3caf9a2ec843, findElement {using=css selector, value=div[class =&apos;forgot-password&apos;]}]&#10;Capabilities {acceptInsecureCerts: false, browserName: chrome, browserVersion: 97.0.4692.99, chrome: {chromedriverVersion: 96.0.4664.45 (76e4c1bb2ab46..., userDataDir: C:\Users\ANKIT~1.SRI\AppDat...}, goog:chromeOptions: {debuggerAddress: localhost:51181}, javascriptEnabled: true, networkConnectionEnabled: false, pageLoadStrategy: normal, platform: WINDOWS, platformName: WINDOWS, proxy: Proxy(), se:cdp: ws://localhost:51181/devtoo..., se:cdpVersion: 97.0.4692.99, setWindowRect: true, strictFileInteractability: false, timeouts: {implicit: 0, pageLoad: 300000, script: 30000}, unhandledPromptBehavior: dismiss and notify, webauthn:extension:credBlob: true, webauthn:extension:largeBlob: true, webauthn:virtualAuthenticators: true}&#10;Session ID: 42cc9c6fb5d84ba2ae0c3caf9a2ec843" type="org.openqa.selenium.NoSuchElementException"><![CDATA[org.openqa.selenium.NoSuchElementException: 
no such element: Unable to locate element: {"method":"css selector","selector":"div[class ='forgot-password']"}
  (Session info: chrome=97.0.4692.99)
For documentation on this error, please visit: https://selenium.dev/exceptions/#no_such_element
Build info: version: '4.0.0', revision: '3a21814679'
System info: host: 'AUL-DEV-03', ip: '10.0.5.63', os.name: 'Windows 10', os.arch: 'amd64', os.version: '10.0', java.version: '1.8.0_261'
Driver info: org.openqa.selenium.chrome.ChromeDriver
Command: [42cc9c6fb5d84ba2ae0c3caf9a2ec843, findElement {using=css selector, value=div[class ='forgot-password']}]
Capabilities {acceptInsecureCerts: false, browserName: chrome, browserVersion: 97.0.4692.99, chrome: {chromedriverVersion: 96.0.4664.45 (76e4c1bb2ab46..., userDataDir: C:\Users\ANKIT~1.SRI\AppDat...}, goog:chromeOptions: {debuggerAddress: localhost:51181}, javascriptEnabled: true, networkConnectionEnabled: false, pageLoadStrategy: normal, platform: WINDOWS, platformName: WINDOWS, proxy: Proxy(), se:cdp: ws://localhost:51181/devtoo..., se:cdpVersion: 97.0.4692.99, setWindowRect: true, strictFileInteractability: false, timeouts: {implicit: 0, pageLoad: 300000, script: 30000}, unhandledPromptBehavior: dismiss and notify, webauthn:extension:credBlob: true, webauthn:extension:largeBlob: true, webauthn:virtualAuthenticators: true}
Session ID: 42cc9c6fb5d84ba2ae0c3caf9a2ec843
	at testsuite.baseTest.VerifyForgotPassword_Loginastext_27238_27254_27220_27255_27237_27166(baseTest.java:84)
]]></failure>
    <system-out><![CDATA[VerifyForgotPassword_Loginastext_27238_27254_27220_27255_27237_27166 test case started
The name of the testcase failed is :VerifyForgotPassword_Loginastext_27238_27254_27220_27255_27237_27166
]]></system-out>
  </testcase>
  <testcase name="Verify_image_on_the_right_side_of_the_login_page_27225" classname="testsuite.baseTest" time="2.235">
    <failure message="no such element: Unable to locate element: {&quot;method&quot;:&quot;css selector&quot;,&quot;selector&quot;:&quot;div[class=&quot;public-main__bg&quot;]&quot;}&#10;  (Session info: chrome=97.0.4692.99)&#10;For documentation on this error, please visit: https://selenium.dev/exceptions/#no_such_element&#10;Build info: version: &apos;4.0.0&apos;, revision: &apos;3a21814679&apos;&#10;System info: host: &apos;AUL-DEV-03&apos;, ip: &apos;10.0.5.63&apos;, os.name: &apos;Windows 10&apos;, os.arch: &apos;amd64&apos;, os.version: &apos;10.0&apos;, java.version: &apos;1.8.0_261&apos;&#10;Driver info: org.openqa.selenium.chrome.ChromeDriver&#10;Command: [42cc9c6fb5d84ba2ae0c3caf9a2ec843, findElement {using=css selector, value=div[class=&quot;public-main__bg&quot;]}]&#10;Capabilities {acceptInsecureCerts: false, browserName: chrome, browserVersion: 97.0.4692.99, chrome: {chromedriverVersion: 96.0.4664.45 (76e4c1bb2ab46..., userDataDir: C:\Users\ANKIT~1.SRI\AppDat...}, goog:chromeOptions: {debuggerAddress: localhost:51181}, javascriptEnabled: true, networkConnectionEnabled: false, pageLoadStrategy: normal, platform: WINDOWS, platformName: WINDOWS, proxy: Proxy(), se:cdp: ws://localhost:51181/devtoo..., se:cdpVersion: 97.0.4692.99, setWindowRect: true, strictFileInteractability: false, timeouts: {implicit: 0, pageLoad: 300000, script: 30000}, unhandledPromptBehavior: dismiss and notify, webauthn:extension:credBlob: true, webauthn:extension:largeBlob: true, webauthn:virtualAuthenticators: true}&#10;Session ID: 42cc9c6fb5d84ba2ae0c3caf9a2ec843" type="org.openqa.selenium.NoSuchElementException"><![CDATA[org.openqa.selenium.NoSuchElementException: 
no such element: Unable to locate element: {"method":"css selector","selector":"div[class="public-main__bg"]"}
  (Session info: chrome=97.0.4692.99)
For documentation on this error, please visit: https://selenium.dev/exceptions/#no_such_element
Build info: version: '4.0.0', revision: '3a21814679'
System info: host: 'AUL-DEV-03', ip: '10.0.5.63', os.name: 'Windows 10', os.arch: 'amd64', os.version: '10.0', java.version: '1.8.0_261'
Driver info: org.openqa.selenium.chrome.ChromeDriver
Command: [42cc9c6fb5d84ba2ae0c3caf9a2ec843, findElement {using=css selector, value=div[class="public-main__bg"]}]
Capabilities {acceptInsecureCerts: false, browserName: chrome, browserVersion: 97.0.4692.99, chrome: {chromedriverVersion: 96.0.4664.45 (76e4c1bb2ab46..., userDataDir: C:\Users\ANKIT~1.SRI\AppDat...}, goog:chromeOptions: {debuggerAddress: localhost:51181}, javascriptEnabled: true, networkConnectionEnabled: false, pageLoadStrategy: normal, platform: WINDOWS, platformName: WINDOWS, proxy: Proxy(), se:cdp: ws://localhost:51181/devtoo..., se:cdpVersion: 97.0.4692.99, setWindowRect: true, strictFileInteractability: false, timeouts: {implicit: 0, pageLoad: 300000, script: 30000}, unhandledPromptBehavior: dismiss and notify, webauthn:extension:credBlob: true, webauthn:extension:largeBlob: true, webauthn:virtualAuthenticators: true}
Session ID: 42cc9c6fb5d84ba2ae0c3caf9a2ec843
	at testsuite.baseTest.Verify_image_on_the_right_side_of_the_login_page_27225(baseTest.java:91)
]]></failure>
    <system-out><![CDATA[Verify_image_on_the_right_side_of_the_login_page_27225 test case started
The name of the testcase failed is :Verify_image_on_the_right_side_of_the_login_page_27225
]]></system-out>
  </testcase>
  <testcase name="verify_aul_logo_7078" classname="testsuite.baseTest" time="2.219">
    <failure message="no such element: Unable to locate element: {&quot;method&quot;:&quot;css selector&quot;,&quot;selector&quot;:&quot;a &gt;img&quot;}&#10;  (Session info: chrome=97.0.4692.99)&#10;For documentation on this error, please visit: https://selenium.dev/exceptions/#no_such_element&#10;Build info: version: &apos;4.0.0&apos;, revision: &apos;3a21814679&apos;&#10;System info: host: &apos;AUL-DEV-03&apos;, ip: &apos;10.0.5.63&apos;, os.name: &apos;Windows 10&apos;, os.arch: &apos;amd64&apos;, os.version: &apos;10.0&apos;, java.version: &apos;1.8.0_261&apos;&#10;Driver info: org.openqa.selenium.chrome.ChromeDriver&#10;Command: [42cc9c6fb5d84ba2ae0c3caf9a2ec843, findElement {using=css selector, value=a &gt;img}]&#10;Capabilities {acceptInsecureCerts: false, browserName: chrome, browserVersion: 97.0.4692.99, chrome: {chromedriverVersion: 96.0.4664.45 (76e4c1bb2ab46..., userDataDir: C:\Users\ANKIT~1.SRI\AppDat...}, goog:chromeOptions: {debuggerAddress: localhost:51181}, javascriptEnabled: true, networkConnectionEnabled: false, pageLoadStrategy: normal, platform: WINDOWS, platformName: WINDOWS, proxy: Proxy(), se:cdp: ws://localhost:51181/devtoo..., se:cdpVersion: 97.0.4692.99, setWindowRect: true, strictFileInteractability: false, timeouts: {implicit: 0, pageLoad: 300000, script: 30000}, unhandledPromptBehavior: dismiss and notify, webauthn:extension:credBlob: true, webauthn:extension:largeBlob: true, webauthn:virtualAuthenticators: true}&#10;Session ID: 42cc9c6fb5d84ba2ae0c3caf9a2ec843" type="org.openqa.selenium.NoSuchElementException"><![CDATA[org.openqa.selenium.NoSuchElementException: 
no such element: Unable to locate element: {"method":"css selector","selector":"a >img"}
  (Session info: chrome=97.0.4692.99)
For documentation on this error, please visit: https://selenium.dev/exceptions/#no_such_element
Build info: version: '4.0.0', revision: '3a21814679'
System info: host: 'AUL-DEV-03', ip: '10.0.5.63', os.name: 'Windows 10', os.arch: 'amd64', os.version: '10.0', java.version: '1.8.0_261'
Driver info: org.openqa.selenium.chrome.ChromeDriver
Command: [42cc9c6fb5d84ba2ae0c3caf9a2ec843, findElement {using=css selector, value=a >img}]
Capabilities {acceptInsecureCerts: false, browserName: chrome, browserVersion: 97.0.4692.99, chrome: {chromedriverVersion: 96.0.4664.45 (76e4c1bb2ab46..., userDataDir: C:\Users\ANKIT~1.SRI\AppDat...}, goog:chromeOptions: {debuggerAddress: localhost:51181}, javascriptEnabled: true, networkConnectionEnabled: false, pageLoadStrategy: normal, platform: WINDOWS, platformName: WINDOWS, proxy: Proxy(), se:cdp: ws://localhost:51181/devtoo..., se:cdpVersion: 97.0.4692.99, setWindowRect: true, strictFileInteractability: false, timeouts: {implicit: 0, pageLoad: 300000, script: 30000}, unhandledPromptBehavior: dismiss and notify, webauthn:extension:credBlob: true, webauthn:extension:largeBlob: true, webauthn:virtualAuthenticators: true}
Session ID: 42cc9c6fb5d84ba2ae0c3caf9a2ec843
	at testsuite.baseTest.verify_aul_logo_7078(baseTest.java:97)
]]></failure>
    <system-out><![CDATA[verify_aul_logo_7078 test case started
The name of the testcase failed is :verify_aul_logo_7078
]]></system-out>
  </testcase>
  <testcase name="verify_aul_logo_resetpassword_7080" classname="testsuite.baseTest" time="2.219">
    <failure message="no such element: Unable to locate element: {&quot;method&quot;:&quot;css selector&quot;,&quot;selector&quot;:&quot;div[class =&apos;forgot-password&apos;]&quot;}&#10;  (Session info: chrome=97.0.4692.99)&#10;For documentation on this error, please visit: https://selenium.dev/exceptions/#no_such_element&#10;Build info: version: &apos;4.0.0&apos;, revision: &apos;3a21814679&apos;&#10;System info: host: &apos;AUL-DEV-03&apos;, ip: &apos;10.0.5.63&apos;, os.name: &apos;Windows 10&apos;, os.arch: &apos;amd64&apos;, os.version: &apos;10.0&apos;, java.version: &apos;1.8.0_261&apos;&#10;Driver info: org.openqa.selenium.chrome.ChromeDriver&#10;Command: [42cc9c6fb5d84ba2ae0c3caf9a2ec843, findElement {using=css selector, value=div[class =&apos;forgot-password&apos;]}]&#10;Capabilities {acceptInsecureCerts: false, browserName: chrome, browserVersion: 97.0.4692.99, chrome: {chromedriverVersion: 96.0.4664.45 (76e4c1bb2ab46..., userDataDir: C:\Users\ANKIT~1.SRI\AppDat...}, goog:chromeOptions: {debuggerAddress: localhost:51181}, javascriptEnabled: true, networkConnectionEnabled: false, pageLoadStrategy: normal, platform: WINDOWS, platformName: WINDOWS, proxy: Proxy(), se:cdp: ws://localhost:51181/devtoo..., se:cdpVersion: 97.0.4692.99, setWindowRect: true, strictFileInteractability: false, timeouts: {implicit: 0, pageLoad: 300000, script: 30000}, unhandledPromptBehavior: dismiss and notify, webauthn:extension:credBlob: true, webauthn:extension:largeBlob: true, webauthn:virtualAuthenticators: true}&#10;Session ID: 42cc9c6fb5d84ba2ae0c3caf9a2ec843" type="org.openqa.selenium.NoSuchElementException"><![CDATA[org.openqa.selenium.NoSuchElementException: 
no such element: Unable to locate element: {"method":"css selector","selector":"div[class ='forgot-password']"}
  (Session info: chrome=97.0.4692.99)
For documentation on this error, please visit: https://selenium.dev/exceptions/#no_such_element
Build info: version: '4.0.0', revision: '3a21814679'
System info: host: 'AUL-DEV-03', ip: '10.0.5.63', os.name: 'Windows 10', os.arch: 'amd64', os.version: '10.0', java.version: '1.8.0_261'
Driver info: org.openqa.selenium.chrome.ChromeDriver
Command: [42cc9c6fb5d84ba2ae0c3caf9a2ec843, findElement {using=css selector, value=div[class ='forgot-password']}]
Capabilities {acceptInsecureCerts: false, browserName: chrome, browserVersion: 97.0.4692.99, chrome: {chromedriverVersion: 96.0.4664.45 (76e4c1bb2ab46..., userDataDir: C:\Users\ANKIT~1.SRI\AppDat...}, goog:chromeOptions: {debuggerAddress: localhost:51181}, javascriptEnabled: true, networkConnectionEnabled: false, pageLoadStrategy: normal, platform: WINDOWS, platformName: WINDOWS, proxy: Proxy(), se:cdp: ws://localhost:51181/devtoo..., se:cdpVersion: 97.0.4692.99, setWindowRect: true, strictFileInteractability: false, timeouts: {implicit: 0, pageLoad: 300000, script: 30000}, unhandledPromptBehavior: dismiss and notify, webauthn:extension:credBlob: true, webauthn:extension:largeBlob: true, webauthn:virtualAuthenticators: true}
Session ID: 42cc9c6fb5d84ba2ae0c3caf9a2ec843
	at testsuite.baseTest.verify_aul_logo_resetpassword_7080(baseTest.java:105)
]]></failure>
    <system-out><![CDATA[verify_aul_logo_resetpassword_7080 test case started
The name of the testcase failed is :verify_aul_logo_resetpassword_7080
]]></system-out>
  </testcase>
  <testcase name="welcomePage" classname="testsuite.login1_test" time="1.163">
    <system-out><![CDATA[welcomePage test case started
The name of the testcase passed is :welcomePage
]]></system-out>
  </testcase>
  <testcase name="loggedIn[Dealer7032823, 4558600](1)" classname="testsuite.login1_test" time="30.241">
    <failure message="no such element: Unable to locate element: {&quot;method&quot;:&quot;css selector&quot;,&quot;selector&quot;:&quot;input[placeholder=&quot;Enter your username&quot;]&quot;}&#10;  (Session info: chrome=97.0.4692.99)&#10;For documentation on this error, please visit: https://selenium.dev/exceptions/#no_such_element&#10;Build info: version: &apos;4.0.0&apos;, revision: &apos;3a21814679&apos;&#10;System info: host: &apos;AUL-DEV-03&apos;, ip: &apos;10.0.5.63&apos;, os.name: &apos;Windows 10&apos;, os.arch: &apos;amd64&apos;, os.version: &apos;10.0&apos;, java.version: &apos;1.8.0_261&apos;&#10;Driver info: org.openqa.selenium.chrome.ChromeDriver&#10;Command: [42cc9c6fb5d84ba2ae0c3caf9a2ec843, findElement {using=css selector, value=input[placeholder=&quot;Enter your username&quot;]}]&#10;Capabilities {acceptInsecureCerts: false, browserName: chrome, browserVersion: 97.0.4692.99, chrome: {chromedriverVersion: 96.0.4664.45 (76e4c1bb2ab46..., userDataDir: C:\Users\ANKIT~1.SRI\AppDat...}, goog:chromeOptions: {debuggerAddress: localhost:51181}, javascriptEnabled: true, networkConnectionEnabled: false, pageLoadStrategy: normal, platform: WINDOWS, platformName: WINDOWS, proxy: Proxy(), se:cdp: ws://localhost:51181/devtoo..., se:cdpVersion: 97.0.4692.99, setWindowRect: true, strictFileInteractability: false, timeouts: {implicit: 0, pageLoad: 300000, script: 30000}, unhandledPromptBehavior: dismiss and notify, webauthn:extension:credBlob: true, webauthn:extension:largeBlob: true, webauthn:virtualAuthenticators: true}&#10;Session ID: 42cc9c6fb5d84ba2ae0c3caf9a2ec843" type="org.openqa.selenium.NoSuchElementException"><![CDATA[org.openqa.selenium.NoSuchElementException: 
no such element: Unable to locate element: {"method":"css selector","selector":"input[placeholder="Enter your username"]"}
  (Session info: chrome=97.0.4692.99)
For documentation on this error, please visit: https://selenium.dev/exceptions/#no_such_element
Build info: version: '4.0.0', revision: '3a21814679'
System info: host: 'AUL-DEV-03', ip: '10.0.5.63', os.name: 'Windows 10', os.arch: 'amd64', os.version: '10.0', java.version: '1.8.0_261'
Driver info: org.openqa.selenium.chrome.ChromeDriver
Command: [42cc9c6fb5d84ba2ae0c3caf9a2ec843, findElement {using=css selector, value=input[placeholder="Enter your username"]}]
Capabilities {acceptInsecureCerts: false, browserName: chrome, browserVersion: 97.0.4692.99, chrome: {chromedriverVersion: 96.0.4664.45 (76e4c1bb2ab46..., userDataDir: C:\Users\ANKIT~1.SRI\AppDat...}, goog:chromeOptions: {debuggerAddress: localhost:51181}, javascriptEnabled: true, networkConnectionEnabled: false, pageLoadStrategy: normal, platform: WINDOWS, platformName: WINDOWS, proxy: Proxy(), se:cdp: ws://localhost:51181/devtoo..., se:cdpVersion: 97.0.4692.99, setWindowRect: true, strictFileInteractability: false, timeouts: {implicit: 0, pageLoad: 300000, script: 30000}, unhandledPromptBehavior: dismiss and notify, webauthn:extension:credBlob: true, webauthn:extension:largeBlob: true, webauthn:virtualAuthenticators: true}
Session ID: 42cc9c6fb5d84ba2ae0c3caf9a2ec843
	at testsuite.login1_test.loggedIn(login1_test.java:41)
]]></failure>
    <system-out><![CDATA[loggedIn test case started
The name of the testcase failed is :loggedIn
]]></system-out>
  </testcase>
  <testcase name="loggedIn[Agent110, Since1996](2)" classname="testsuite.login1_test" time="30.25">
    <failure message="no such element: Unable to locate element: {&quot;method&quot;:&quot;css selector&quot;,&quot;selector&quot;:&quot;input[placeholder=&quot;Enter your username&quot;]&quot;}&#10;  (Session info: chrome=97.0.4692.99)&#10;For documentation on this error, please visit: https://selenium.dev/exceptions/#no_such_element&#10;Build info: version: &apos;4.0.0&apos;, revision: &apos;3a21814679&apos;&#10;System info: host: &apos;AUL-DEV-03&apos;, ip: &apos;10.0.5.63&apos;, os.name: &apos;Windows 10&apos;, os.arch: &apos;amd64&apos;, os.version: &apos;10.0&apos;, java.version: &apos;1.8.0_261&apos;&#10;Driver info: org.openqa.selenium.chrome.ChromeDriver&#10;Command: [42cc9c6fb5d84ba2ae0c3caf9a2ec843, findElement {using=css selector, value=input[placeholder=&quot;Enter your username&quot;]}]&#10;Capabilities {acceptInsecureCerts: false, browserName: chrome, browserVersion: 97.0.4692.99, chrome: {chromedriverVersion: 96.0.4664.45 (76e4c1bb2ab46..., userDataDir: C:\Users\ANKIT~1.SRI\AppDat...}, goog:chromeOptions: {debuggerAddress: localhost:51181}, javascriptEnabled: true, networkConnectionEnabled: false, pageLoadStrategy: normal, platform: WINDOWS, platformName: WINDOWS, proxy: Proxy(), se:cdp: ws://localhost:51181/devtoo..., se:cdpVersion: 97.0.4692.99, setWindowRect: true, strictFileInteractability: false, timeouts: {implicit: 0, pageLoad: 300000, script: 30000}, unhandledPromptBehavior: dismiss and notify, webauthn:extension:credBlob: true, webauthn:extension:largeBlob: true, webauthn:virtualAuthenticators: true}&#10;Session ID: 42cc9c6fb5d84ba2ae0c3caf9a2ec843" type="org.openqa.selenium.NoSuchElementException"><![CDATA[org.openqa.selenium.NoSuchElementException: 
no such element: Unable to locate element: {"method":"css selector","selector":"input[placeholder="Enter your username"]"}
  (Session info: chrome=97.0.4692.99)
For documentation on this error, please visit: https://selenium.dev/exceptions/#no_such_element
Build info: version: '4.0.0', revision: '3a21814679'
System info: host: 'AUL-DEV-03', ip: '10.0.5.63', os.name: 'Windows 10', os.arch: 'amd64', os.version: '10.0', java.version: '1.8.0_261'
Driver info: org.openqa.selenium.chrome.ChromeDriver
Command: [42cc9c6fb5d84ba2ae0c3caf9a2ec843, findElement {using=css selector, value=input[placeholder="Enter your username"]}]
Capabilities {acceptInsecureCerts: false, browserName: chrome, browserVersion: 97.0.4692.99, chrome: {chromedriverVersion: 96.0.4664.45 (76e4c1bb2ab46..., userDataDir: C:\Users\ANKIT~1.SRI\AppDat...}, goog:chromeOptions: {debuggerAddress: localhost:51181}, javascriptEnabled: true, networkConnectionEnabled: false, pageLoadStrategy: normal, platform: WINDOWS, platformName: WINDOWS, proxy: Proxy(), se:cdp: ws://localhost:51181/devtoo..., se:cdpVersion: 97.0.4692.99, setWindowRect: true, strictFileInteractability: false, timeouts: {implicit: 0, pageLoad: 300000, script: 30000}, unhandledPromptBehavior: dismiss and notify, webauthn:extension:credBlob: true, webauthn:extension:largeBlob: true, webauthn:virtualAuthenticators: true}
Session ID: 42cc9c6fb5d84ba2ae0c3caf9a2ec843
	at testsuite.login1_test.loggedIn(login1_test.java:41)
]]></failure>
    <system-out><![CDATA[loggedIn test case started
The name of the testcase failed is :loggedIn
]]></system-out>
  </testcase>
  <testcase name="loggedIn[coforgeadmin, TAdmin54!](3)" classname="testsuite.login1_test" time="30.25">
    <failure message="no such element: Unable to locate element: {&quot;method&quot;:&quot;css selector&quot;,&quot;selector&quot;:&quot;input[placeholder=&quot;Enter your username&quot;]&quot;}&#10;  (Session info: chrome=97.0.4692.99)&#10;For documentation on this error, please visit: https://selenium.dev/exceptions/#no_such_element&#10;Build info: version: &apos;4.0.0&apos;, revision: &apos;3a21814679&apos;&#10;System info: host: &apos;AUL-DEV-03&apos;, ip: &apos;10.0.5.63&apos;, os.name: &apos;Windows 10&apos;, os.arch: &apos;amd64&apos;, os.version: &apos;10.0&apos;, java.version: &apos;1.8.0_261&apos;&#10;Driver info: org.openqa.selenium.chrome.ChromeDriver&#10;Command: [42cc9c6fb5d84ba2ae0c3caf9a2ec843, findElement {using=css selector, value=input[placeholder=&quot;Enter your username&quot;]}]&#10;Capabilities {acceptInsecureCerts: false, browserName: chrome, browserVersion: 97.0.4692.99, chrome: {chromedriverVersion: 96.0.4664.45 (76e4c1bb2ab46..., userDataDir: C:\Users\ANKIT~1.SRI\AppDat...}, goog:chromeOptions: {debuggerAddress: localhost:51181}, javascriptEnabled: true, networkConnectionEnabled: false, pageLoadStrategy: normal, platform: WINDOWS, platformName: WINDOWS, proxy: Proxy(), se:cdp: ws://localhost:51181/devtoo..., se:cdpVersion: 97.0.4692.99, setWindowRect: true, strictFileInteractability: false, timeouts: {implicit: 0, pageLoad: 300000, script: 30000}, unhandledPromptBehavior: dismiss and notify, webauthn:extension:credBlob: true, webauthn:extension:largeBlob: true, webauthn:virtualAuthenticators: true}&#10;Session ID: 42cc9c6fb5d84ba2ae0c3caf9a2ec843" type="org.openqa.selenium.NoSuchElementException"><![CDATA[org.openqa.selenium.NoSuchElementException: 
no such element: Unable to locate element: {"method":"css selector","selector":"input[placeholder="Enter your username"]"}
  (Session info: chrome=97.0.4692.99)
For documentation on this error, please visit: https://selenium.dev/exceptions/#no_such_element
Build info: version: '4.0.0', revision: '3a21814679'
System info: host: 'AUL-DEV-03', ip: '10.0.5.63', os.name: 'Windows 10', os.arch: 'amd64', os.version: '10.0', java.version: '1.8.0_261'
Driver info: org.openqa.selenium.chrome.ChromeDriver
Command: [42cc9c6fb5d84ba2ae0c3caf9a2ec843, findElement {using=css selector, value=input[placeholder="Enter your username"]}]
Capabilities {acceptInsecureCerts: false, browserName: chrome, browserVersion: 97.0.4692.99, chrome: {chromedriverVersion: 96.0.4664.45 (76e4c1bb2ab46..., userDataDir: C:\Users\ANKIT~1.SRI\AppDat...}, goog:chromeOptions: {debuggerAddress: localhost:51181}, javascriptEnabled: true, networkConnectionEnabled: false, pageLoadStrategy: normal, platform: WINDOWS, platformName: WINDOWS, proxy: Proxy(), se:cdp: ws://localhost:51181/devtoo..., se:cdpVersion: 97.0.4692.99, setWindowRect: true, strictFileInteractability: false, timeouts: {implicit: 0, pageLoad: 300000, script: 30000}, unhandledPromptBehavior: dismiss and notify, webauthn:extension:credBlob: true, webauthn:extension:largeBlob: true, webauthn:virtualAuthenticators: true}
Session ID: 42cc9c6fb5d84ba2ae0c3caf9a2ec843
	at testsuite.login1_test.loggedIn(login1_test.java:41)
]]></failure>
    <system-out><![CDATA[loggedIn test case started
The name of the testcase failed is :loggedIn
]]></system-out>
  </testcase>
  <testcase name="screenTitle[E-Rate, Rate/Contract](1)" classname="testsuite.screenTitle_test" time="30.455">
    <failure message="no such element: Unable to locate element: {&quot;method&quot;:&quot;css selector&quot;,&quot;selector&quot;:&quot;input[placeholder=&quot;Enter your username&quot;]&quot;}&#10;  (Session info: chrome=97.0.4692.99)&#10;For documentation on this error, please visit: https://selenium.dev/exceptions/#no_such_element&#10;Build info: version: &apos;4.0.0&apos;, revision: &apos;3a21814679&apos;&#10;System info: host: &apos;AUL-DEV-03&apos;, ip: &apos;10.0.5.63&apos;, os.name: &apos;Windows 10&apos;, os.arch: &apos;amd64&apos;, os.version: &apos;10.0&apos;, java.version: &apos;1.8.0_261&apos;&#10;Driver info: org.openqa.selenium.chrome.ChromeDriver&#10;Command: [42cc9c6fb5d84ba2ae0c3caf9a2ec843, findElement {using=css selector, value=input[placeholder=&quot;Enter your username&quot;]}]&#10;Capabilities {acceptInsecureCerts: false, browserName: chrome, browserVersion: 97.0.4692.99, chrome: {chromedriverVersion: 96.0.4664.45 (76e4c1bb2ab46..., userDataDir: C:\Users\ANKIT~1.SRI\AppDat...}, goog:chromeOptions: {debuggerAddress: localhost:51181}, javascriptEnabled: true, networkConnectionEnabled: false, pageLoadStrategy: normal, platform: WINDOWS, platformName: WINDOWS, proxy: Proxy(), se:cdp: ws://localhost:51181/devtoo..., se:cdpVersion: 97.0.4692.99, setWindowRect: true, strictFileInteractability: false, timeouts: {implicit: 0, pageLoad: 300000, script: 30000}, unhandledPromptBehavior: dismiss and notify, webauthn:extension:credBlob: true, webauthn:extension:largeBlob: true, webauthn:virtualAuthenticators: true}&#10;Session ID: 42cc9c6fb5d84ba2ae0c3caf9a2ec843" type="org.openqa.selenium.NoSuchElementException"><![CDATA[org.openqa.selenium.NoSuchElementException: 
no such element: Unable to locate element: {"method":"css selector","selector":"input[placeholder="Enter your username"]"}
  (Session info: chrome=97.0.4692.99)
For documentation on this error, please visit: https://selenium.dev/exceptions/#no_such_element
Build info: version: '4.0.0', revision: '3a21814679'
System info: host: 'AUL-DEV-03', ip: '10.0.5.63', os.name: 'Windows 10', os.arch: 'amd64', os.version: '10.0', java.version: '1.8.0_261'
Driver info: org.openqa.selenium.chrome.ChromeDriver
Command: [42cc9c6fb5d84ba2ae0c3caf9a2ec843, findElement {using=css selector, value=input[placeholder="Enter your username"]}]
Capabilities {acceptInsecureCerts: false, browserName: chrome, browserVersion: 97.0.4692.99, chrome: {chromedriverVersion: 96.0.4664.45 (76e4c1bb2ab46..., userDataDir: C:\Users\ANKIT~1.SRI\AppDat...}, goog:chromeOptions: {debuggerAddress: localhost:51181}, javascriptEnabled: true, networkConnectionEnabled: false, pageLoadStrategy: normal, platform: WINDOWS, platformName: WINDOWS, proxy: Proxy(), se:cdp: ws://localhost:51181/devtoo..., se:cdpVersion: 97.0.4692.99, setWindowRect: true, strictFileInteractability: false, timeouts: {implicit: 0, pageLoad: 300000, script: 30000}, unhandledPromptBehavior: dismiss and notify, webauthn:extension:credBlob: true, webauthn:extension:largeBlob: true, webauthn:virtualAuthenticators: true}
Session ID: 42cc9c6fb5d84ba2ae0c3caf9a2ec843
	at testsuite.screenTitle_test.screenTitle(screenTitle_test.java:74)
]]></failure>
    <system-out><![CDATA[screenTitle test case started
The name of the testcase failed is :screenTitle
]]></system-out>
  </testcase>
  <testcase name="screenTitle[E-Rate, Quote History](2)" classname="testsuite.screenTitle_test" time="30.22">
    <failure message="no such element: Unable to locate element: {&quot;method&quot;:&quot;css selector&quot;,&quot;selector&quot;:&quot;input[placeholder=&quot;Enter your username&quot;]&quot;}&#10;  (Session info: chrome=97.0.4692.99)&#10;For documentation on this error, please visit: https://selenium.dev/exceptions/#no_such_element&#10;Build info: version: &apos;4.0.0&apos;, revision: &apos;3a21814679&apos;&#10;System info: host: &apos;AUL-DEV-03&apos;, ip: &apos;10.0.5.63&apos;, os.name: &apos;Windows 10&apos;, os.arch: &apos;amd64&apos;, os.version: &apos;10.0&apos;, java.version: &apos;1.8.0_261&apos;&#10;Driver info: org.openqa.selenium.chrome.ChromeDriver&#10;Command: [42cc9c6fb5d84ba2ae0c3caf9a2ec843, findElement {using=css selector, value=input[placeholder=&quot;Enter your username&quot;]}]&#10;Capabilities {acceptInsecureCerts: false, browserName: chrome, browserVersion: 97.0.4692.99, chrome: {chromedriverVersion: 96.0.4664.45 (76e4c1bb2ab46..., userDataDir: C:\Users\ANKIT~1.SRI\AppDat...}, goog:chromeOptions: {debuggerAddress: localhost:51181}, javascriptEnabled: true, networkConnectionEnabled: false, pageLoadStrategy: normal, platform: WINDOWS, platformName: WINDOWS, proxy: Proxy(), se:cdp: ws://localhost:51181/devtoo..., se:cdpVersion: 97.0.4692.99, setWindowRect: true, strictFileInteractability: false, timeouts: {implicit: 0, pageLoad: 300000, script: 30000}, unhandledPromptBehavior: dismiss and notify, webauthn:extension:credBlob: true, webauthn:extension:largeBlob: true, webauthn:virtualAuthenticators: true}&#10;Session ID: 42cc9c6fb5d84ba2ae0c3caf9a2ec843" type="org.openqa.selenium.NoSuchElementException"><![CDATA[org.openqa.selenium.NoSuchElementException: 
no such element: Unable to locate element: {"method":"css selector","selector":"input[placeholder="Enter your username"]"}
  (Session info: chrome=97.0.4692.99)
For documentation on this error, please visit: https://selenium.dev/exceptions/#no_such_element
Build info: version: '4.0.0', revision: '3a21814679'
System info: host: 'AUL-DEV-03', ip: '10.0.5.63', os.name: 'Windows 10', os.arch: 'amd64', os.version: '10.0', java.version: '1.8.0_261'
Driver info: org.openqa.selenium.chrome.ChromeDriver
Command: [42cc9c6fb5d84ba2ae0c3caf9a2ec843, findElement {using=css selector, value=input[placeholder="Enter your username"]}]
Capabilities {acceptInsecureCerts: false, browserName: chrome, browserVersion: 97.0.4692.99, chrome: {chromedriverVersion: 96.0.4664.45 (76e4c1bb2ab46..., userDataDir: C:\Users\ANKIT~1.SRI\AppDat...}, goog:chromeOptions: {debuggerAddress: localhost:51181}, javascriptEnabled: true, networkConnectionEnabled: false, pageLoadStrategy: normal, platform: WINDOWS, platformName: WINDOWS, proxy: Proxy(), se:cdp: ws://localhost:51181/devtoo..., se:cdpVersion: 97.0.4692.99, setWindowRect: true, strictFileInteractability: false, timeouts: {implicit: 0, pageLoad: 300000, script: 30000}, unhandledPromptBehavior: dismiss and notify, webauthn:extension:credBlob: true, webauthn:extension:largeBlob: true, webauthn:virtualAuthenticators: true}
Session ID: 42cc9c6fb5d84ba2ae0c3caf9a2ec843
	at testsuite.screenTitle_test.screenTitle(screenTitle_test.java:74)
]]></failure>
    <system-out><![CDATA[screenTitle test case started
The name of the testcase failed is :screenTitle
]]></system-out>
  </testcase>
  <testcase name="screenTitle[Contracts, Contract Search](3)" classname="testsuite.screenTitle_test" time="30.235">
    <failure message="no such element: Unable to locate element: {&quot;method&quot;:&quot;css selector&quot;,&quot;selector&quot;:&quot;input[placeholder=&quot;Enter your username&quot;]&quot;}&#10;  (Session info: chrome=97.0.4692.99)&#10;For documentation on this error, please visit: https://selenium.dev/exceptions/#no_such_element&#10;Build info: version: &apos;4.0.0&apos;, revision: &apos;3a21814679&apos;&#10;System info: host: &apos;AUL-DEV-03&apos;, ip: &apos;10.0.5.63&apos;, os.name: &apos;Windows 10&apos;, os.arch: &apos;amd64&apos;, os.version: &apos;10.0&apos;, java.version: &apos;1.8.0_261&apos;&#10;Driver info: org.openqa.selenium.chrome.ChromeDriver&#10;Command: [42cc9c6fb5d84ba2ae0c3caf9a2ec843, findElement {using=css selector, value=input[placeholder=&quot;Enter your username&quot;]}]&#10;Capabilities {acceptInsecureCerts: false, browserName: chrome, browserVersion: 97.0.4692.99, chrome: {chromedriverVersion: 96.0.4664.45 (76e4c1bb2ab46..., userDataDir: C:\Users\ANKIT~1.SRI\AppDat...}, goog:chromeOptions: {debuggerAddress: localhost:51181}, javascriptEnabled: true, networkConnectionEnabled: false, pageLoadStrategy: normal, platform: WINDOWS, platformName: WINDOWS, proxy: Proxy(), se:cdp: ws://localhost:51181/devtoo..., se:cdpVersion: 97.0.4692.99, setWindowRect: true, strictFileInteractability: false, timeouts: {implicit: 0, pageLoad: 300000, script: 30000}, unhandledPromptBehavior: dismiss and notify, webauthn:extension:credBlob: true, webauthn:extension:largeBlob: true, webauthn:virtualAuthenticators: true}&#10;Session ID: 42cc9c6fb5d84ba2ae0c3caf9a2ec843" type="org.openqa.selenium.NoSuchElementException"><![CDATA[org.openqa.selenium.NoSuchElementException: 
no such element: Unable to locate element: {"method":"css selector","selector":"input[placeholder="Enter your username"]"}
  (Session info: chrome=97.0.4692.99)
For documentation on this error, please visit: https://selenium.dev/exceptions/#no_such_element
Build info: version: '4.0.0', revision: '3a21814679'
System info: host: 'AUL-DEV-03', ip: '10.0.5.63', os.name: 'Windows 10', os.arch: 'amd64', os.version: '10.0', java.version: '1.8.0_261'
Driver info: org.openqa.selenium.chrome.ChromeDriver
Command: [42cc9c6fb5d84ba2ae0c3caf9a2ec843, findElement {using=css selector, value=input[placeholder="Enter your username"]}]
Capabilities {acceptInsecureCerts: false, browserName: chrome, browserVersion: 97.0.4692.99, chrome: {chromedriverVersion: 96.0.4664.45 (76e4c1bb2ab46..., userDataDir: C:\Users\ANKIT~1.SRI\AppDat...}, goog:chromeOptions: {debuggerAddress: localhost:51181}, javascriptEnabled: true, networkConnectionEnabled: false, pageLoadStrategy: normal, platform: WINDOWS, platformName: WINDOWS, proxy: Proxy(), se:cdp: ws://localhost:51181/devtoo..., se:cdpVersion: 97.0.4692.99, setWindowRect: true, strictFileInteractability: false, timeouts: {implicit: 0, pageLoad: 300000, script: 30000}, unhandledPromptBehavior: dismiss and notify, webauthn:extension:credBlob: true, webauthn:extension:largeBlob: true, webauthn:virtualAuthenticators: true}
Session ID: 42cc9c6fb5d84ba2ae0c3caf9a2ec843
	at testsuite.screenTitle_test.screenTitle(screenTitle_test.java:74)
]]></failure>
    <system-out><![CDATA[screenTitle test case started
The name of the testcase failed is :screenTitle
]]></system-out>
  </testcase>
  <testcase name="screenTitle[Contracts, SPP](4)" classname="testsuite.screenTitle_test" time="30.255">
    <failure message="no such element: Unable to locate element: {&quot;method&quot;:&quot;css selector&quot;,&quot;selector&quot;:&quot;input[placeholder=&quot;Enter your username&quot;]&quot;}&#10;  (Session info: chrome=97.0.4692.99)&#10;For documentation on this error, please visit: https://selenium.dev/exceptions/#no_such_element&#10;Build info: version: &apos;4.0.0&apos;, revision: &apos;3a21814679&apos;&#10;System info: host: &apos;AUL-DEV-03&apos;, ip: &apos;10.0.5.63&apos;, os.name: &apos;Windows 10&apos;, os.arch: &apos;amd64&apos;, os.version: &apos;10.0&apos;, java.version: &apos;1.8.0_261&apos;&#10;Driver info: org.openqa.selenium.chrome.ChromeDriver&#10;Command: [42cc9c6fb5d84ba2ae0c3caf9a2ec843, findElement {using=css selector, value=input[placeholder=&quot;Enter your username&quot;]}]&#10;Capabilities {acceptInsecureCerts: false, browserName: chrome, browserVersion: 97.0.4692.99, chrome: {chromedriverVersion: 96.0.4664.45 (76e4c1bb2ab46..., userDataDir: C:\Users\ANKIT~1.SRI\AppDat...}, goog:chromeOptions: {debuggerAddress: localhost:51181}, javascriptEnabled: true, networkConnectionEnabled: false, pageLoadStrategy: normal, platform: WINDOWS, platformName: WINDOWS, proxy: Proxy(), se:cdp: ws://localhost:51181/devtoo..., se:cdpVersion: 97.0.4692.99, setWindowRect: true, strictFileInteractability: false, timeouts: {implicit: 0, pageLoad: 300000, script: 30000}, unhandledPromptBehavior: dismiss and notify, webauthn:extension:credBlob: true, webauthn:extension:largeBlob: true, webauthn:virtualAuthenticators: true}&#10;Session ID: 42cc9c6fb5d84ba2ae0c3caf9a2ec843" type="org.openqa.selenium.NoSuchElementException"><![CDATA[org.openqa.selenium.NoSuchElementException: 
no such element: Unable to locate element: {"method":"css selector","selector":"input[placeholder="Enter your username"]"}
  (Session info: chrome=97.0.4692.99)
For documentation on this error, please visit: https://selenium.dev/exceptions/#no_such_element
Build info: version: '4.0.0', revision: '3a21814679'
System info: host: 'AUL-DEV-03', ip: '10.0.5.63', os.name: 'Windows 10', os.arch: 'amd64', os.version: '10.0', java.version: '1.8.0_261'
Driver info: org.openqa.selenium.chrome.ChromeDriver
Command: [42cc9c6fb5d84ba2ae0c3caf9a2ec843, findElement {using=css selector, value=input[placeholder="Enter your username"]}]
Capabilities {acceptInsecureCerts: false, browserName: chrome, browserVersion: 97.0.4692.99, chrome: {chromedriverVersion: 96.0.4664.45 (76e4c1bb2ab46..., userDataDir: C:\Users\ANKIT~1.SRI\AppDat...}, goog:chromeOptions: {debuggerAddress: localhost:51181}, javascriptEnabled: true, networkConnectionEnabled: false, pageLoadStrategy: normal, platform: WINDOWS, platformName: WINDOWS, proxy: Proxy(), se:cdp: ws://localhost:51181/devtoo..., se:cdpVersion: 97.0.4692.99, setWindowRect: true, strictFileInteractability: false, timeouts: {implicit: 0, pageLoad: 300000, script: 30000}, unhandledPromptBehavior: dismiss and notify, webauthn:extension:credBlob: true, webauthn:extension:largeBlob: true, webauthn:virtualAuthenticators: true}
Session ID: 42cc9c6fb5d84ba2ae0c3caf9a2ec843
	at testsuite.screenTitle_test.screenTitle(screenTitle_test.java:74)
]]></failure>
    <system-out><![CDATA[screenTitle test case started
The name of the testcase failed is :screenTitle
]]></system-out>
  </testcase>
  <testcase name="screenTitle[Cancellations, Cancellation Quote](5)" classname="testsuite.screenTitle_test" time="30.256">
    <failure message="no such element: Unable to locate element: {&quot;method&quot;:&quot;css selector&quot;,&quot;selector&quot;:&quot;input[placeholder=&quot;Enter your username&quot;]&quot;}&#10;  (Session info: chrome=97.0.4692.99)&#10;For documentation on this error, please visit: https://selenium.dev/exceptions/#no_such_element&#10;Build info: version: &apos;4.0.0&apos;, revision: &apos;3a21814679&apos;&#10;System info: host: &apos;AUL-DEV-03&apos;, ip: &apos;10.0.5.63&apos;, os.name: &apos;Windows 10&apos;, os.arch: &apos;amd64&apos;, os.version: &apos;10.0&apos;, java.version: &apos;1.8.0_261&apos;&#10;Driver info: org.openqa.selenium.chrome.ChromeDriver&#10;Command: [42cc9c6fb5d84ba2ae0c3caf9a2ec843, findElement {using=css selector, value=input[placeholder=&quot;Enter your username&quot;]}]&#10;Capabilities {acceptInsecureCerts: false, browserName: chrome, browserVersion: 97.0.4692.99, chrome: {chromedriverVersion: 96.0.4664.45 (76e4c1bb2ab46..., userDataDir: C:\Users\ANKIT~1.SRI\AppDat...}, goog:chromeOptions: {debuggerAddress: localhost:51181}, javascriptEnabled: true, networkConnectionEnabled: false, pageLoadStrategy: normal, platform: WINDOWS, platformName: WINDOWS, proxy: Proxy(), se:cdp: ws://localhost:51181/devtoo..., se:cdpVersion: 97.0.4692.99, setWindowRect: true, strictFileInteractability: false, timeouts: {implicit: 0, pageLoad: 300000, script: 30000}, unhandledPromptBehavior: dismiss and notify, webauthn:extension:credBlob: true, webauthn:extension:largeBlob: true, webauthn:virtualAuthenticators: true}&#10;Session ID: 42cc9c6fb5d84ba2ae0c3caf9a2ec843" type="org.openqa.selenium.NoSuchElementException"><![CDATA[org.openqa.selenium.NoSuchElementException: 
no such element: Unable to locate element: {"method":"css selector","selector":"input[placeholder="Enter your username"]"}
  (Session info: chrome=97.0.4692.99)
For documentation on this error, please visit: https://selenium.dev/exceptions/#no_such_element
Build info: version: '4.0.0', revision: '3a21814679'
System info: host: 'AUL-DEV-03', ip: '10.0.5.63', os.name: 'Windows 10', os.arch: 'amd64', os.version: '10.0', java.version: '1.8.0_261'
Driver info: org.openqa.selenium.chrome.ChromeDriver
Command: [42cc9c6fb5d84ba2ae0c3caf9a2ec843, findElement {using=css selector, value=input[placeholder="Enter your username"]}]
Capabilities {acceptInsecureCerts: false, browserName: chrome, browserVersion: 97.0.4692.99, chrome: {chromedriverVersion: 96.0.4664.45 (76e4c1bb2ab46..., userDataDir: C:\Users\ANKIT~1.SRI\AppDat...}, goog:chromeOptions: {debuggerAddress: localhost:51181}, javascriptEnabled: true, networkConnectionEnabled: false, pageLoadStrategy: normal, platform: WINDOWS, platformName: WINDOWS, proxy: Proxy(), se:cdp: ws://localhost:51181/devtoo..., se:cdpVersion: 97.0.4692.99, setWindowRect: true, strictFileInteractability: false, timeouts: {implicit: 0, pageLoad: 300000, script: 30000}, unhandledPromptBehavior: dismiss and notify, webauthn:extension:credBlob: true, webauthn:extension:largeBlob: true, webauthn:virtualAuthenticators: true}
Session ID: 42cc9c6fb5d84ba2ae0c3caf9a2ec843
	at testsuite.screenTitle_test.screenTitle(screenTitle_test.java:74)
]]></failure>
    <system-out><![CDATA[screenTitle test case started
The name of the testcase failed is :screenTitle
]]></system-out>
  </testcase>
  <testcase name="screenTitle[Cancellations, Cancellation History](6)" classname="testsuite.screenTitle_test" time="30.24">
    <failure message="no such element: Unable to locate element: {&quot;method&quot;:&quot;css selector&quot;,&quot;selector&quot;:&quot;input[placeholder=&quot;Enter your username&quot;]&quot;}&#10;  (Session info: chrome=97.0.4692.99)&#10;For documentation on this error, please visit: https://selenium.dev/exceptions/#no_such_element&#10;Build info: version: &apos;4.0.0&apos;, revision: &apos;3a21814679&apos;&#10;System info: host: &apos;AUL-DEV-03&apos;, ip: &apos;10.0.5.63&apos;, os.name: &apos;Windows 10&apos;, os.arch: &apos;amd64&apos;, os.version: &apos;10.0&apos;, java.version: &apos;1.8.0_261&apos;&#10;Driver info: org.openqa.selenium.chrome.ChromeDriver&#10;Command: [42cc9c6fb5d84ba2ae0c3caf9a2ec843, findElement {using=css selector, value=input[placeholder=&quot;Enter your username&quot;]}]&#10;Capabilities {acceptInsecureCerts: false, browserName: chrome, browserVersion: 97.0.4692.99, chrome: {chromedriverVersion: 96.0.4664.45 (76e4c1bb2ab46..., userDataDir: C:\Users\ANKIT~1.SRI\AppDat...}, goog:chromeOptions: {debuggerAddress: localhost:51181}, javascriptEnabled: true, networkConnectionEnabled: false, pageLoadStrategy: normal, platform: WINDOWS, platformName: WINDOWS, proxy: Proxy(), se:cdp: ws://localhost:51181/devtoo..., se:cdpVersion: 97.0.4692.99, setWindowRect: true, strictFileInteractability: false, timeouts: {implicit: 0, pageLoad: 300000, script: 30000}, unhandledPromptBehavior: dismiss and notify, webauthn:extension:credBlob: true, webauthn:extension:largeBlob: true, webauthn:virtualAuthenticators: true}&#10;Session ID: 42cc9c6fb5d84ba2ae0c3caf9a2ec843" type="org.openqa.selenium.NoSuchElementException"><![CDATA[org.openqa.selenium.NoSuchElementException: 
no such element: Unable to locate element: {"method":"css selector","selector":"input[placeholder="Enter your username"]"}
  (Session info: chrome=97.0.4692.99)
For documentation on this error, please visit: https://selenium.dev/exceptions/#no_such_element
Build info: version: '4.0.0', revision: '3a21814679'
System info: host: 'AUL-DEV-03', ip: '10.0.5.63', os.name: 'Windows 10', os.arch: 'amd64', os.version: '10.0', java.version: '1.8.0_261'
Driver info: org.openqa.selenium.chrome.ChromeDriver
Command: [42cc9c6fb5d84ba2ae0c3caf9a2ec843, findElement {using=css selector, value=input[placeholder="Enter your username"]}]
Capabilities {acceptInsecureCerts: false, browserName: chrome, browserVersion: 97.0.4692.99, chrome: {chromedriverVersion: 96.0.4664.45 (76e4c1bb2ab46..., userDataDir: C:\Users\ANKIT~1.SRI\AppDat...}, goog:chromeOptions: {debuggerAddress: localhost:51181}, javascriptEnabled: true, networkConnectionEnabled: false, pageLoadStrategy: normal, platform: WINDOWS, platformName: WINDOWS, proxy: Proxy(), se:cdp: ws://localhost:51181/devtoo..., se:cdpVersion: 97.0.4692.99, setWindowRect: true, strictFileInteractability: false, timeouts: {implicit: 0, pageLoad: 300000, script: 30000}, unhandledPromptBehavior: dismiss and notify, webauthn:extension:credBlob: true, webauthn:extension:largeBlob: true, webauthn:virtualAuthenticators: true}
Session ID: 42cc9c6fb5d84ba2ae0c3caf9a2ec843
	at testsuite.screenTitle_test.screenTitle(screenTitle_test.java:74)
]]></failure>
    <system-out><![CDATA[screenTitle test case started
The name of the testcase failed is :screenTitle
]]></system-out>
  </testcase>
  <testcase name="screenTitle[Reports, My Account Statements](7)" classname="testsuite.screenTitle_test" time="30.239">
    <failure message="no such element: Unable to locate element: {&quot;method&quot;:&quot;css selector&quot;,&quot;selector&quot;:&quot;input[placeholder=&quot;Enter your username&quot;]&quot;}&#10;  (Session info: chrome=97.0.4692.99)&#10;For documentation on this error, please visit: https://selenium.dev/exceptions/#no_such_element&#10;Build info: version: &apos;4.0.0&apos;, revision: &apos;3a21814679&apos;&#10;System info: host: &apos;AUL-DEV-03&apos;, ip: &apos;10.0.5.63&apos;, os.name: &apos;Windows 10&apos;, os.arch: &apos;amd64&apos;, os.version: &apos;10.0&apos;, java.version: &apos;1.8.0_261&apos;&#10;Driver info: org.openqa.selenium.chrome.ChromeDriver&#10;Command: [42cc9c6fb5d84ba2ae0c3caf9a2ec843, findElement {using=css selector, value=input[placeholder=&quot;Enter your username&quot;]}]&#10;Capabilities {acceptInsecureCerts: false, browserName: chrome, browserVersion: 97.0.4692.99, chrome: {chromedriverVersion: 96.0.4664.45 (76e4c1bb2ab46..., userDataDir: C:\Users\ANKIT~1.SRI\AppDat...}, goog:chromeOptions: {debuggerAddress: localhost:51181}, javascriptEnabled: true, networkConnectionEnabled: false, pageLoadStrategy: normal, platform: WINDOWS, platformName: WINDOWS, proxy: Proxy(), se:cdp: ws://localhost:51181/devtoo..., se:cdpVersion: 97.0.4692.99, setWindowRect: true, strictFileInteractability: false, timeouts: {implicit: 0, pageLoad: 300000, script: 30000}, unhandledPromptBehavior: dismiss and notify, webauthn:extension:credBlob: true, webauthn:extension:largeBlob: true, webauthn:virtualAuthenticators: true}&#10;Session ID: 42cc9c6fb5d84ba2ae0c3caf9a2ec843" type="org.openqa.selenium.NoSuchElementException"><![CDATA[org.openqa.selenium.NoSuchElementException: 
no such element: Unable to locate element: {"method":"css selector","selector":"input[placeholder="Enter your username"]"}
  (Session info: chrome=97.0.4692.99)
For documentation on this error, please visit: https://selenium.dev/exceptions/#no_such_element
Build info: version: '4.0.0', revision: '3a21814679'
System info: host: 'AUL-DEV-03', ip: '10.0.5.63', os.name: 'Windows 10', os.arch: 'amd64', os.version: '10.0', java.version: '1.8.0_261'
Driver info: org.openqa.selenium.chrome.ChromeDriver
Command: [42cc9c6fb5d84ba2ae0c3caf9a2ec843, findElement {using=css selector, value=input[placeholder="Enter your username"]}]
Capabilities {acceptInsecureCerts: false, browserName: chrome, browserVersion: 97.0.4692.99, chrome: {chromedriverVersion: 96.0.4664.45 (76e4c1bb2ab46..., userDataDir: C:\Users\ANKIT~1.SRI\AppDat...}, goog:chromeOptions: {debuggerAddress: localhost:51181}, javascriptEnabled: true, networkConnectionEnabled: false, pageLoadStrategy: normal, platform: WINDOWS, platformName: WINDOWS, proxy: Proxy(), se:cdp: ws://localhost:51181/devtoo..., se:cdpVersion: 97.0.4692.99, setWindowRect: true, strictFileInteractability: false, timeouts: {implicit: 0, pageLoad: 300000, script: 30000}, unhandledPromptBehavior: dismiss and notify, webauthn:extension:credBlob: true, webauthn:extension:largeBlob: true, webauthn:virtualAuthenticators: true}
Session ID: 42cc9c6fb5d84ba2ae0c3caf9a2ec843
	at testsuite.screenTitle_test.screenTitle(screenTitle_test.java:74)
]]></failure>
    <system-out><![CDATA[screenTitle test case started
The name of the testcase failed is :screenTitle
]]></system-out>
  </testcase>
  <testcase name="screenTitle[Reports, Early Claims](8)" classname="testsuite.screenTitle_test" time="30.224">
    <failure message="no such element: Unable to locate element: {&quot;method&quot;:&quot;css selector&quot;,&quot;selector&quot;:&quot;input[placeholder=&quot;Enter your username&quot;]&quot;}&#10;  (Session info: chrome=97.0.4692.99)&#10;For documentation on this error, please visit: https://selenium.dev/exceptions/#no_such_element&#10;Build info: version: &apos;4.0.0&apos;, revision: &apos;3a21814679&apos;&#10;System info: host: &apos;AUL-DEV-03&apos;, ip: &apos;10.0.5.63&apos;, os.name: &apos;Windows 10&apos;, os.arch: &apos;amd64&apos;, os.version: &apos;10.0&apos;, java.version: &apos;1.8.0_261&apos;&#10;Driver info: org.openqa.selenium.chrome.ChromeDriver&#10;Command: [42cc9c6fb5d84ba2ae0c3caf9a2ec843, findElement {using=css selector, value=input[placeholder=&quot;Enter your username&quot;]}]&#10;Capabilities {acceptInsecureCerts: false, browserName: chrome, browserVersion: 97.0.4692.99, chrome: {chromedriverVersion: 96.0.4664.45 (76e4c1bb2ab46..., userDataDir: C:\Users\ANKIT~1.SRI\AppDat...}, goog:chromeOptions: {debuggerAddress: localhost:51181}, javascriptEnabled: true, networkConnectionEnabled: false, pageLoadStrategy: normal, platform: WINDOWS, platformName: WINDOWS, proxy: Proxy(), se:cdp: ws://localhost:51181/devtoo..., se:cdpVersion: 97.0.4692.99, setWindowRect: true, strictFileInteractability: false, timeouts: {implicit: 0, pageLoad: 300000, script: 30000}, unhandledPromptBehavior: dismiss and notify, webauthn:extension:credBlob: true, webauthn:extension:largeBlob: true, webauthn:virtualAuthenticators: true}&#10;Session ID: 42cc9c6fb5d84ba2ae0c3caf9a2ec843" type="org.openqa.selenium.NoSuchElementException"><![CDATA[org.openqa.selenium.NoSuchElementException: 
no such element: Unable to locate element: {"method":"css selector","selector":"input[placeholder="Enter your username"]"}
  (Session info: chrome=97.0.4692.99)
For documentation on this error, please visit: https://selenium.dev/exceptions/#no_such_element
Build info: version: '4.0.0', revision: '3a21814679'
System info: host: 'AUL-DEV-03', ip: '10.0.5.63', os.name: 'Windows 10', os.arch: 'amd64', os.version: '10.0', java.version: '1.8.0_261'
Driver info: org.openqa.selenium.chrome.ChromeDriver
Command: [42cc9c6fb5d84ba2ae0c3caf9a2ec843, findElement {using=css selector, value=input[placeholder="Enter your username"]}]
Capabilities {acceptInsecureCerts: false, browserName: chrome, browserVersion: 97.0.4692.99, chrome: {chromedriverVersion: 96.0.4664.45 (76e4c1bb2ab46..., userDataDir: C:\Users\ANKIT~1.SRI\AppDat...}, goog:chromeOptions: {debuggerAddress: localhost:51181}, javascriptEnabled: true, networkConnectionEnabled: false, pageLoadStrategy: normal, platform: WINDOWS, platformName: WINDOWS, proxy: Proxy(), se:cdp: ws://localhost:51181/devtoo..., se:cdpVersion: 97.0.4692.99, setWindowRect: true, strictFileInteractability: false, timeouts: {implicit: 0, pageLoad: 300000, script: 30000}, unhandledPromptBehavior: dismiss and notify, webauthn:extension:credBlob: true, webauthn:extension:largeBlob: true, webauthn:virtualAuthenticators: true}
Session ID: 42cc9c6fb5d84ba2ae0c3caf9a2ec843
	at testsuite.screenTitle_test.screenTitle(screenTitle_test.java:74)
]]></failure>
    <system-out><![CDATA[screenTitle test case started
The name of the testcase failed is :screenTitle
]]></system-out>
  </testcase>
  <testcase name="screenTitle[Reports, Cancellations](9)" classname="testsuite.screenTitle_test" time="30.226">
    <failure message="no such element: Unable to locate element: {&quot;method&quot;:&quot;css selector&quot;,&quot;selector&quot;:&quot;input[placeholder=&quot;Enter your username&quot;]&quot;}&#10;  (Session info: chrome=97.0.4692.99)&#10;For documentation on this error, please visit: https://selenium.dev/exceptions/#no_such_element&#10;Build info: version: &apos;4.0.0&apos;, revision: &apos;3a21814679&apos;&#10;System info: host: &apos;AUL-DEV-03&apos;, ip: &apos;10.0.5.63&apos;, os.name: &apos;Windows 10&apos;, os.arch: &apos;amd64&apos;, os.version: &apos;10.0&apos;, java.version: &apos;1.8.0_261&apos;&#10;Driver info: org.openqa.selenium.chrome.ChromeDriver&#10;Command: [42cc9c6fb5d84ba2ae0c3caf9a2ec843, findElement {using=css selector, value=input[placeholder=&quot;Enter your username&quot;]}]&#10;Capabilities {acceptInsecureCerts: false, browserName: chrome, browserVersion: 97.0.4692.99, chrome: {chromedriverVersion: 96.0.4664.45 (76e4c1bb2ab46..., userDataDir: C:\Users\ANKIT~1.SRI\AppDat...}, goog:chromeOptions: {debuggerAddress: localhost:51181}, javascriptEnabled: true, networkConnectionEnabled: false, pageLoadStrategy: normal, platform: WINDOWS, platformName: WINDOWS, proxy: Proxy(), se:cdp: ws://localhost:51181/devtoo..., se:cdpVersion: 97.0.4692.99, setWindowRect: true, strictFileInteractability: false, timeouts: {implicit: 0, pageLoad: 300000, script: 30000}, unhandledPromptBehavior: dismiss and notify, webauthn:extension:credBlob: true, webauthn:extension:largeBlob: true, webauthn:virtualAuthenticators: true}&#10;Session ID: 42cc9c6fb5d84ba2ae0c3caf9a2ec843" type="org.openqa.selenium.NoSuchElementException"><![CDATA[org.openqa.selenium.NoSuchElementException: 
no such element: Unable to locate element: {"method":"css selector","selector":"input[placeholder="Enter your username"]"}
  (Session info: chrome=97.0.4692.99)
For documentation on this error, please visit: https://selenium.dev/exceptions/#no_such_element
Build info: version: '4.0.0', revision: '3a21814679'
System info: host: 'AUL-DEV-03', ip: '10.0.5.63', os.name: 'Windows 10', os.arch: 'amd64', os.version: '10.0', java.version: '1.8.0_261'
Driver info: org.openqa.selenium.chrome.ChromeDriver
Command: [42cc9c6fb5d84ba2ae0c3caf9a2ec843, findElement {using=css selector, value=input[placeholder="Enter your username"]}]
Capabilities {acceptInsecureCerts: false, browserName: chrome, browserVersion: 97.0.4692.99, chrome: {chromedriverVersion: 96.0.4664.45 (76e4c1bb2ab46..., userDataDir: C:\Users\ANKIT~1.SRI\AppDat...}, goog:chromeOptions: {debuggerAddress: localhost:51181}, javascriptEnabled: true, networkConnectionEnabled: false, pageLoadStrategy: normal, platform: WINDOWS, platformName: WINDOWS, proxy: Proxy(), se:cdp: ws://localhost:51181/devtoo..., se:cdpVersion: 97.0.4692.99, setWindowRect: true, strictFileInteractability: false, timeouts: {implicit: 0, pageLoad: 300000, script: 30000}, unhandledPromptBehavior: dismiss and notify, webauthn:extension:credBlob: true, webauthn:extension:largeBlob: true, webauthn:virtualAuthenticators: true}
Session ID: 42cc9c6fb5d84ba2ae0c3caf9a2ec843
	at testsuite.screenTitle_test.screenTitle(screenTitle_test.java:74)
]]></failure>
    <system-out><![CDATA[screenTitle test case started
The name of the testcase failed is :screenTitle
]]></system-out>
  </testcase>
  <testcase name="screenTitle[Reports, Claims History](10)" classname="testsuite.screenTitle_test" time="30.206">
    <failure message="no such element: Unable to locate element: {&quot;method&quot;:&quot;css selector&quot;,&quot;selector&quot;:&quot;input[placeholder=&quot;Enter your username&quot;]&quot;}&#10;  (Session info: chrome=97.0.4692.99)&#10;For documentation on this error, please visit: https://selenium.dev/exceptions/#no_such_element&#10;Build info: version: &apos;4.0.0&apos;, revision: &apos;3a21814679&apos;&#10;System info: host: &apos;AUL-DEV-03&apos;, ip: &apos;10.0.5.63&apos;, os.name: &apos;Windows 10&apos;, os.arch: &apos;amd64&apos;, os.version: &apos;10.0&apos;, java.version: &apos;1.8.0_261&apos;&#10;Driver info: org.openqa.selenium.chrome.ChromeDriver&#10;Command: [42cc9c6fb5d84ba2ae0c3caf9a2ec843, findElement {using=css selector, value=input[placeholder=&quot;Enter your username&quot;]}]&#10;Capabilities {acceptInsecureCerts: false, browserName: chrome, browserVersion: 97.0.4692.99, chrome: {chromedriverVersion: 96.0.4664.45 (76e4c1bb2ab46..., userDataDir: C:\Users\ANKIT~1.SRI\AppDat...}, goog:chromeOptions: {debuggerAddress: localhost:51181}, javascriptEnabled: true, networkConnectionEnabled: false, pageLoadStrategy: normal, platform: WINDOWS, platformName: WINDOWS, proxy: Proxy(), se:cdp: ws://localhost:51181/devtoo..., se:cdpVersion: 97.0.4692.99, setWindowRect: true, strictFileInteractability: false, timeouts: {implicit: 0, pageLoad: 300000, script: 30000}, unhandledPromptBehavior: dismiss and notify, webauthn:extension:credBlob: true, webauthn:extension:largeBlob: true, webauthn:virtualAuthenticators: true}&#10;Session ID: 42cc9c6fb5d84ba2ae0c3caf9a2ec843" type="org.openqa.selenium.NoSuchElementException"><![CDATA[org.openqa.selenium.NoSuchElementException: 
no such element: Unable to locate element: {"method":"css selector","selector":"input[placeholder="Enter your username"]"}
  (Session info: chrome=97.0.4692.99)
For documentation on this error, please visit: https://selenium.dev/exceptions/#no_such_element
Build info: version: '4.0.0', revision: '3a21814679'
System info: host: 'AUL-DEV-03', ip: '10.0.5.63', os.name: 'Windows 10', os.arch: 'amd64', os.version: '10.0', java.version: '1.8.0_261'
Driver info: org.openqa.selenium.chrome.ChromeDriver
Command: [42cc9c6fb5d84ba2ae0c3caf9a2ec843, findElement {using=css selector, value=input[placeholder="Enter your username"]}]
Capabilities {acceptInsecureCerts: false, browserName: chrome, browserVersion: 97.0.4692.99, chrome: {chromedriverVersion: 96.0.4664.45 (76e4c1bb2ab46..., userDataDir: C:\Users\ANKIT~1.SRI\AppDat...}, goog:chromeOptions: {debuggerAddress: localhost:51181}, javascriptEnabled: true, networkConnectionEnabled: false, pageLoadStrategy: normal, platform: WINDOWS, platformName: WINDOWS, proxy: Proxy(), se:cdp: ws://localhost:51181/devtoo..., se:cdpVersion: 97.0.4692.99, setWindowRect: true, strictFileInteractability: false, timeouts: {implicit: 0, pageLoad: 300000, script: 30000}, unhandledPromptBehavior: dismiss and notify, webauthn:extension:credBlob: true, webauthn:extension:largeBlob: true, webauthn:virtualAuthenticators: true}
Session ID: 42cc9c6fb5d84ba2ae0c3caf9a2ec843
	at testsuite.screenTitle_test.screenTitle(screenTitle_test.java:74)
]]></failure>
    <system-out><![CDATA[screenTitle test case started
The name of the testcase failed is :screenTitle
]]></system-out>
  </testcase>
  <testcase name="screenTitle[Reports, Actuarials](11)" classname="testsuite.screenTitle_test" time="30.254">
    <failure message="no such element: Unable to locate element: {&quot;method&quot;:&quot;css selector&quot;,&quot;selector&quot;:&quot;input[placeholder=&quot;Enter your username&quot;]&quot;}&#10;  (Session info: chrome=97.0.4692.99)&#10;For documentation on this error, please visit: https://selenium.dev/exceptions/#no_such_element&#10;Build info: version: &apos;4.0.0&apos;, revision: &apos;3a21814679&apos;&#10;System info: host: &apos;AUL-DEV-03&apos;, ip: &apos;10.0.5.63&apos;, os.name: &apos;Windows 10&apos;, os.arch: &apos;amd64&apos;, os.version: &apos;10.0&apos;, java.version: &apos;1.8.0_261&apos;&#10;Driver info: org.openqa.selenium.chrome.ChromeDriver&#10;Command: [42cc9c6fb5d84ba2ae0c3caf9a2ec843, findElement {using=css selector, value=input[placeholder=&quot;Enter your username&quot;]}]&#10;Capabilities {acceptInsecureCerts: false, browserName: chrome, browserVersion: 97.0.4692.99, chrome: {chromedriverVersion: 96.0.4664.45 (76e4c1bb2ab46..., userDataDir: C:\Users\ANKIT~1.SRI\AppDat...}, goog:chromeOptions: {debuggerAddress: localhost:51181}, javascriptEnabled: true, networkConnectionEnabled: false, pageLoadStrategy: normal, platform: WINDOWS, platformName: WINDOWS, proxy: Proxy(), se:cdp: ws://localhost:51181/devtoo..., se:cdpVersion: 97.0.4692.99, setWindowRect: true, strictFileInteractability: false, timeouts: {implicit: 0, pageLoad: 300000, script: 30000}, unhandledPromptBehavior: dismiss and notify, webauthn:extension:credBlob: true, webauthn:extension:largeBlob: true, webauthn:virtualAuthenticators: true}&#10;Session ID: 42cc9c6fb5d84ba2ae0c3caf9a2ec843" type="org.openqa.selenium.NoSuchElementException"><![CDATA[org.openqa.selenium.NoSuchElementException: 
no such element: Unable to locate element: {"method":"css selector","selector":"input[placeholder="Enter your username"]"}
  (Session info: chrome=97.0.4692.99)
For documentation on this error, please visit: https://selenium.dev/exceptions/#no_such_element
Build info: version: '4.0.0', revision: '3a21814679'
System info: host: 'AUL-DEV-03', ip: '10.0.5.63', os.name: 'Windows 10', os.arch: 'amd64', os.version: '10.0', java.version: '1.8.0_261'
Driver info: org.openqa.selenium.chrome.ChromeDriver
Command: [42cc9c6fb5d84ba2ae0c3caf9a2ec843, findElement {using=css selector, value=input[placeholder="Enter your username"]}]
Capabilities {acceptInsecureCerts: false, browserName: chrome, browserVersion: 97.0.4692.99, chrome: {chromedriverVersion: 96.0.4664.45 (76e4c1bb2ab46..., userDataDir: C:\Users\ANKIT~1.SRI\AppDat...}, goog:chromeOptions: {debuggerAddress: localhost:51181}, javascriptEnabled: true, networkConnectionEnabled: false, pageLoadStrategy: normal, platform: WINDOWS, platformName: WINDOWS, proxy: Proxy(), se:cdp: ws://localhost:51181/devtoo..., se:cdpVersion: 97.0.4692.99, setWindowRect: true, strictFileInteractability: false, timeouts: {implicit: 0, pageLoad: 300000, script: 30000}, unhandledPromptBehavior: dismiss and notify, webauthn:extension:credBlob: true, webauthn:extension:largeBlob: true, webauthn:virtualAuthenticators: true}
Session ID: 42cc9c6fb5d84ba2ae0c3caf9a2ec843
	at testsuite.screenTitle_test.screenTitle(screenTitle_test.java:74)
]]></failure>
    <system-out><![CDATA[screenTitle test case started
The name of the testcase failed is :screenTitle
]]></system-out>
  </testcase>
  <testcase name="screenAgentTitle[E-Rate, Rate/Contract](1)" classname="testsuite.screenTitle_test" time="30.203">
    <failure message="no such element: Unable to locate element: {&quot;method&quot;:&quot;css selector&quot;,&quot;selector&quot;:&quot;input[placeholder=&quot;Enter your username&quot;]&quot;}&#10;  (Session info: chrome=97.0.4692.99)&#10;For documentation on this error, please visit: https://selenium.dev/exceptions/#no_such_element&#10;Build info: version: &apos;4.0.0&apos;, revision: &apos;3a21814679&apos;&#10;System info: host: &apos;AUL-DEV-03&apos;, ip: &apos;10.0.5.63&apos;, os.name: &apos;Windows 10&apos;, os.arch: &apos;amd64&apos;, os.version: &apos;10.0&apos;, java.version: &apos;1.8.0_261&apos;&#10;Driver info: org.openqa.selenium.chrome.ChromeDriver&#10;Command: [42cc9c6fb5d84ba2ae0c3caf9a2ec843, findElement {using=css selector, value=input[placeholder=&quot;Enter your username&quot;]}]&#10;Capabilities {acceptInsecureCerts: false, browserName: chrome, browserVersion: 97.0.4692.99, chrome: {chromedriverVersion: 96.0.4664.45 (76e4c1bb2ab46..., userDataDir: C:\Users\ANKIT~1.SRI\AppDat...}, goog:chromeOptions: {debuggerAddress: localhost:51181}, javascriptEnabled: true, networkConnectionEnabled: false, pageLoadStrategy: normal, platform: WINDOWS, platformName: WINDOWS, proxy: Proxy(), se:cdp: ws://localhost:51181/devtoo..., se:cdpVersion: 97.0.4692.99, setWindowRect: true, strictFileInteractability: false, timeouts: {implicit: 0, pageLoad: 300000, script: 30000}, unhandledPromptBehavior: dismiss and notify, webauthn:extension:credBlob: true, webauthn:extension:largeBlob: true, webauthn:virtualAuthenticators: true}&#10;Session ID: 42cc9c6fb5d84ba2ae0c3caf9a2ec843" type="org.openqa.selenium.NoSuchElementException"><![CDATA[org.openqa.selenium.NoSuchElementException: 
no such element: Unable to locate element: {"method":"css selector","selector":"input[placeholder="Enter your username"]"}
  (Session info: chrome=97.0.4692.99)
For documentation on this error, please visit: https://selenium.dev/exceptions/#no_such_element
Build info: version: '4.0.0', revision: '3a21814679'
System info: host: 'AUL-DEV-03', ip: '10.0.5.63', os.name: 'Windows 10', os.arch: 'amd64', os.version: '10.0', java.version: '1.8.0_261'
Driver info: org.openqa.selenium.chrome.ChromeDriver
Command: [42cc9c6fb5d84ba2ae0c3caf9a2ec843, findElement {using=css selector, value=input[placeholder="Enter your username"]}]
Capabilities {acceptInsecureCerts: false, browserName: chrome, browserVersion: 97.0.4692.99, chrome: {chromedriverVersion: 96.0.4664.45 (76e4c1bb2ab46..., userDataDir: C:\Users\ANKIT~1.SRI\AppDat...}, goog:chromeOptions: {debuggerAddress: localhost:51181}, javascriptEnabled: true, networkConnectionEnabled: false, pageLoadStrategy: normal, platform: WINDOWS, platformName: WINDOWS, proxy: Proxy(), se:cdp: ws://localhost:51181/devtoo..., se:cdpVersion: 97.0.4692.99, setWindowRect: true, strictFileInteractability: false, timeouts: {implicit: 0, pageLoad: 300000, script: 30000}, unhandledPromptBehavior: dismiss and notify, webauthn:extension:credBlob: true, webauthn:extension:largeBlob: true, webauthn:virtualAuthenticators: true}
Session ID: 42cc9c6fb5d84ba2ae0c3caf9a2ec843
	at testsuite.screenTitle_test.screenAgentTitle(screenTitle_test.java:84)
]]></failure>
    <system-out><![CDATA[screenAgentTitle test case started
The name of the testcase failed is :screenAgentTitle
]]></system-out>
  </testcase>
  <testcase name="screenAgentTitle[E-Rate, Quote History](2)" classname="testsuite.screenTitle_test" time="30.213">
    <failure message="no such element: Unable to locate element: {&quot;method&quot;:&quot;css selector&quot;,&quot;selector&quot;:&quot;input[placeholder=&quot;Enter your username&quot;]&quot;}&#10;  (Session info: chrome=97.0.4692.99)&#10;For documentation on this error, please visit: https://selenium.dev/exceptions/#no_such_element&#10;Build info: version: &apos;4.0.0&apos;, revision: &apos;3a21814679&apos;&#10;System info: host: &apos;AUL-DEV-03&apos;, ip: &apos;10.0.5.63&apos;, os.name: &apos;Windows 10&apos;, os.arch: &apos;amd64&apos;, os.version: &apos;10.0&apos;, java.version: &apos;1.8.0_261&apos;&#10;Driver info: org.openqa.selenium.chrome.ChromeDriver&#10;Command: [42cc9c6fb5d84ba2ae0c3caf9a2ec843, findElement {using=css selector, value=input[placeholder=&quot;Enter your username&quot;]}]&#10;Capabilities {acceptInsecureCerts: false, browserName: chrome, browserVersion: 97.0.4692.99, chrome: {chromedriverVersion: 96.0.4664.45 (76e4c1bb2ab46..., userDataDir: C:\Users\ANKIT~1.SRI\AppDat...}, goog:chromeOptions: {debuggerAddress: localhost:51181}, javascriptEnabled: true, networkConnectionEnabled: false, pageLoadStrategy: normal, platform: WINDOWS, platformName: WINDOWS, proxy: Proxy(), se:cdp: ws://localhost:51181/devtoo..., se:cdpVersion: 97.0.4692.99, setWindowRect: true, strictFileInteractability: false, timeouts: {implicit: 0, pageLoad: 300000, script: 30000}, unhandledPromptBehavior: dismiss and notify, webauthn:extension:credBlob: true, webauthn:extension:largeBlob: true, webauthn:virtualAuthenticators: true}&#10;Session ID: 42cc9c6fb5d84ba2ae0c3caf9a2ec843" type="org.openqa.selenium.NoSuchElementException"><![CDATA[org.openqa.selenium.NoSuchElementException: 
no such element: Unable to locate element: {"method":"css selector","selector":"input[placeholder="Enter your username"]"}
  (Session info: chrome=97.0.4692.99)
For documentation on this error, please visit: https://selenium.dev/exceptions/#no_such_element
Build info: version: '4.0.0', revision: '3a21814679'
System info: host: 'AUL-DEV-03', ip: '10.0.5.63', os.name: 'Windows 10', os.arch: 'amd64', os.version: '10.0', java.version: '1.8.0_261'
Driver info: org.openqa.selenium.chrome.ChromeDriver
Command: [42cc9c6fb5d84ba2ae0c3caf9a2ec843, findElement {using=css selector, value=input[placeholder="Enter your username"]}]
Capabilities {acceptInsecureCerts: false, browserName: chrome, browserVersion: 97.0.4692.99, chrome: {chromedriverVersion: 96.0.4664.45 (76e4c1bb2ab46..., userDataDir: C:\Users\ANKIT~1.SRI\AppDat...}, goog:chromeOptions: {debuggerAddress: localhost:51181}, javascriptEnabled: true, networkConnectionEnabled: false, pageLoadStrategy: normal, platform: WINDOWS, platformName: WINDOWS, proxy: Proxy(), se:cdp: ws://localhost:51181/devtoo..., se:cdpVersion: 97.0.4692.99, setWindowRect: true, strictFileInteractability: false, timeouts: {implicit: 0, pageLoad: 300000, script: 30000}, unhandledPromptBehavior: dismiss and notify, webauthn:extension:credBlob: true, webauthn:extension:largeBlob: true, webauthn:virtualAuthenticators: true}
Session ID: 42cc9c6fb5d84ba2ae0c3caf9a2ec843
	at testsuite.screenTitle_test.screenAgentTitle(screenTitle_test.java:84)
]]></failure>
    <system-out><![CDATA[screenAgentTitle test case started
The name of the testcase failed is :screenAgentTitle
]]></system-out>
  </testcase>
  <testcase name="screenAgentTitle[Contracts, Contract Search](3)" classname="testsuite.screenTitle_test" time="30.259">
    <failure message="no such element: Unable to locate element: {&quot;method&quot;:&quot;css selector&quot;,&quot;selector&quot;:&quot;input[placeholder=&quot;Enter your username&quot;]&quot;}&#10;  (Session info: chrome=97.0.4692.99)&#10;For documentation on this error, please visit: https://selenium.dev/exceptions/#no_such_element&#10;Build info: version: &apos;4.0.0&apos;, revision: &apos;3a21814679&apos;&#10;System info: host: &apos;AUL-DEV-03&apos;, ip: &apos;10.0.5.63&apos;, os.name: &apos;Windows 10&apos;, os.arch: &apos;amd64&apos;, os.version: &apos;10.0&apos;, java.version: &apos;1.8.0_261&apos;&#10;Driver info: org.openqa.selenium.chrome.ChromeDriver&#10;Command: [42cc9c6fb5d84ba2ae0c3caf9a2ec843, findElement {using=css selector, value=input[placeholder=&quot;Enter your username&quot;]}]&#10;Capabilities {acceptInsecureCerts: false, browserName: chrome, browserVersion: 97.0.4692.99, chrome: {chromedriverVersion: 96.0.4664.45 (76e4c1bb2ab46..., userDataDir: C:\Users\ANKIT~1.SRI\AppDat...}, goog:chromeOptions: {debuggerAddress: localhost:51181}, javascriptEnabled: true, networkConnectionEnabled: false, pageLoadStrategy: normal, platform: WINDOWS, platformName: WINDOWS, proxy: Proxy(), se:cdp: ws://localhost:51181/devtoo..., se:cdpVersion: 97.0.4692.99, setWindowRect: true, strictFileInteractability: false, timeouts: {implicit: 0, pageLoad: 300000, script: 30000}, unhandledPromptBehavior: dismiss and notify, webauthn:extension:credBlob: true, webauthn:extension:largeBlob: true, webauthn:virtualAuthenticators: true}&#10;Session ID: 42cc9c6fb5d84ba2ae0c3caf9a2ec843" type="org.openqa.selenium.NoSuchElementException"><![CDATA[org.openqa.selenium.NoSuchElementException: 
no such element: Unable to locate element: {"method":"css selector","selector":"input[placeholder="Enter your username"]"}
  (Session info: chrome=97.0.4692.99)
For documentation on this error, please visit: https://selenium.dev/exceptions/#no_such_element
Build info: version: '4.0.0', revision: '3a21814679'
System info: host: 'AUL-DEV-03', ip: '10.0.5.63', os.name: 'Windows 10', os.arch: 'amd64', os.version: '10.0', java.version: '1.8.0_261'
Driver info: org.openqa.selenium.chrome.ChromeDriver
Command: [42cc9c6fb5d84ba2ae0c3caf9a2ec843, findElement {using=css selector, value=input[placeholder="Enter your username"]}]
Capabilities {acceptInsecureCerts: false, browserName: chrome, browserVersion: 97.0.4692.99, chrome: {chromedriverVersion: 96.0.4664.45 (76e4c1bb2ab46..., userDataDir: C:\Users\ANKIT~1.SRI\AppDat...}, goog:chromeOptions: {debuggerAddress: localhost:51181}, javascriptEnabled: true, networkConnectionEnabled: false, pageLoadStrategy: normal, platform: WINDOWS, platformName: WINDOWS, proxy: Proxy(), se:cdp: ws://localhost:51181/devtoo..., se:cdpVersion: 97.0.4692.99, setWindowRect: true, strictFileInteractability: false, timeouts: {implicit: 0, pageLoad: 300000, script: 30000}, unhandledPromptBehavior: dismiss and notify, webauthn:extension:credBlob: true, webauthn:extension:largeBlob: true, webauthn:virtualAuthenticators: true}
Session ID: 42cc9c6fb5d84ba2ae0c3caf9a2ec843
	at testsuite.screenTitle_test.screenAgentTitle(screenTitle_test.java:84)
]]></failure>
    <system-out><![CDATA[screenAgentTitle test case started
The name of the testcase failed is :screenAgentTitle
]]></system-out>
  </testcase>
  <testcase name="screenAgentTitle[Reports, My Account Statements](4)" classname="testsuite.screenTitle_test" time="30.235">
    <failure message="no such element: Unable to locate element: {&quot;method&quot;:&quot;css selector&quot;,&quot;selector&quot;:&quot;input[placeholder=&quot;Enter your username&quot;]&quot;}&#10;  (Session info: chrome=97.0.4692.99)&#10;For documentation on this error, please visit: https://selenium.dev/exceptions/#no_such_element&#10;Build info: version: &apos;4.0.0&apos;, revision: &apos;3a21814679&apos;&#10;System info: host: &apos;AUL-DEV-03&apos;, ip: &apos;10.0.5.63&apos;, os.name: &apos;Windows 10&apos;, os.arch: &apos;amd64&apos;, os.version: &apos;10.0&apos;, java.version: &apos;1.8.0_261&apos;&#10;Driver info: org.openqa.selenium.chrome.ChromeDriver&#10;Command: [42cc9c6fb5d84ba2ae0c3caf9a2ec843, findElement {using=css selector, value=input[placeholder=&quot;Enter your username&quot;]}]&#10;Capabilities {acceptInsecureCerts: false, browserName: chrome, browserVersion: 97.0.4692.99, chrome: {chromedriverVersion: 96.0.4664.45 (76e4c1bb2ab46..., userDataDir: C:\Users\ANKIT~1.SRI\AppDat...}, goog:chromeOptions: {debuggerAddress: localhost:51181}, javascriptEnabled: true, networkConnectionEnabled: false, pageLoadStrategy: normal, platform: WINDOWS, platformName: WINDOWS, proxy: Proxy(), se:cdp: ws://localhost:51181/devtoo..., se:cdpVersion: 97.0.4692.99, setWindowRect: true, strictFileInteractability: false, timeouts: {implicit: 0, pageLoad: 300000, script: 30000}, unhandledPromptBehavior: dismiss and notify, webauthn:extension:credBlob: true, webauthn:extension:largeBlob: true, webauthn:virtualAuthenticators: true}&#10;Session ID: 42cc9c6fb5d84ba2ae0c3caf9a2ec843" type="org.openqa.selenium.NoSuchElementException"><![CDATA[org.openqa.selenium.NoSuchElementException: 
no such element: Unable to locate element: {"method":"css selector","selector":"input[placeholder="Enter your username"]"}
  (Session info: chrome=97.0.4692.99)
For documentation on this error, please visit: https://selenium.dev/exceptions/#no_such_element
Build info: version: '4.0.0', revision: '3a21814679'
System info: host: 'AUL-DEV-03', ip: '10.0.5.63', os.name: 'Windows 10', os.arch: 'amd64', os.version: '10.0', java.version: '1.8.0_261'
Driver info: org.openqa.selenium.chrome.ChromeDriver
Command: [42cc9c6fb5d84ba2ae0c3caf9a2ec843, findElement {using=css selector, value=input[placeholder="Enter your username"]}]
Capabilities {acceptInsecureCerts: false, browserName: chrome, browserVersion: 97.0.4692.99, chrome: {chromedriverVersion: 96.0.4664.45 (76e4c1bb2ab46..., userDataDir: C:\Users\ANKIT~1.SRI\AppDat...}, goog:chromeOptions: {debuggerAddress: localhost:51181}, javascriptEnabled: true, networkConnectionEnabled: false, pageLoadStrategy: normal, platform: WINDOWS, platformName: WINDOWS, proxy: Proxy(), se:cdp: ws://localhost:51181/devtoo..., se:cdpVersion: 97.0.4692.99, setWindowRect: true, strictFileInteractability: false, timeouts: {implicit: 0, pageLoad: 300000, script: 30000}, unhandledPromptBehavior: dismiss and notify, webauthn:extension:credBlob: true, webauthn:extension:largeBlob: true, webauthn:virtualAuthenticators: true}
Session ID: 42cc9c6fb5d84ba2ae0c3caf9a2ec843
	at testsuite.screenTitle_test.screenAgentTitle(screenTitle_test.java:84)
]]></failure>
    <system-out><![CDATA[screenAgentTitle test case started
The name of the testcase failed is :screenAgentTitle
]]></system-out>
  </testcase>
  <testcase name="screenAgentTitle[Reports, Early Claims](5)" classname="testsuite.screenTitle_test" time="30.222">
    <failure message="no such element: Unable to locate element: {&quot;method&quot;:&quot;css selector&quot;,&quot;selector&quot;:&quot;input[placeholder=&quot;Enter your username&quot;]&quot;}&#10;  (Session info: chrome=97.0.4692.99)&#10;For documentation on this error, please visit: https://selenium.dev/exceptions/#no_such_element&#10;Build info: version: &apos;4.0.0&apos;, revision: &apos;3a21814679&apos;&#10;System info: host: &apos;AUL-DEV-03&apos;, ip: &apos;10.0.5.63&apos;, os.name: &apos;Windows 10&apos;, os.arch: &apos;amd64&apos;, os.version: &apos;10.0&apos;, java.version: &apos;1.8.0_261&apos;&#10;Driver info: org.openqa.selenium.chrome.ChromeDriver&#10;Command: [42cc9c6fb5d84ba2ae0c3caf9a2ec843, findElement {using=css selector, value=input[placeholder=&quot;Enter your username&quot;]}]&#10;Capabilities {acceptInsecureCerts: false, browserName: chrome, browserVersion: 97.0.4692.99, chrome: {chromedriverVersion: 96.0.4664.45 (76e4c1bb2ab46..., userDataDir: C:\Users\ANKIT~1.SRI\AppDat...}, goog:chromeOptions: {debuggerAddress: localhost:51181}, javascriptEnabled: true, networkConnectionEnabled: false, pageLoadStrategy: normal, platform: WINDOWS, platformName: WINDOWS, proxy: Proxy(), se:cdp: ws://localhost:51181/devtoo..., se:cdpVersion: 97.0.4692.99, setWindowRect: true, strictFileInteractability: false, timeouts: {implicit: 0, pageLoad: 300000, script: 30000}, unhandledPromptBehavior: dismiss and notify, webauthn:extension:credBlob: true, webauthn:extension:largeBlob: true, webauthn:virtualAuthenticators: true}&#10;Session ID: 42cc9c6fb5d84ba2ae0c3caf9a2ec843" type="org.openqa.selenium.NoSuchElementException"><![CDATA[org.openqa.selenium.NoSuchElementException: 
no such element: Unable to locate element: {"method":"css selector","selector":"input[placeholder="Enter your username"]"}
  (Session info: chrome=97.0.4692.99)
For documentation on this error, please visit: https://selenium.dev/exceptions/#no_such_element
Build info: version: '4.0.0', revision: '3a21814679'
System info: host: 'AUL-DEV-03', ip: '10.0.5.63', os.name: 'Windows 10', os.arch: 'amd64', os.version: '10.0', java.version: '1.8.0_261'
Driver info: org.openqa.selenium.chrome.ChromeDriver
Command: [42cc9c6fb5d84ba2ae0c3caf9a2ec843, findElement {using=css selector, value=input[placeholder="Enter your username"]}]
Capabilities {acceptInsecureCerts: false, browserName: chrome, browserVersion: 97.0.4692.99, chrome: {chromedriverVersion: 96.0.4664.45 (76e4c1bb2ab46..., userDataDir: C:\Users\ANKIT~1.SRI\AppDat...}, goog:chromeOptions: {debuggerAddress: localhost:51181}, javascriptEnabled: true, networkConnectionEnabled: false, pageLoadStrategy: normal, platform: WINDOWS, platformName: WINDOWS, proxy: Proxy(), se:cdp: ws://localhost:51181/devtoo..., se:cdpVersion: 97.0.4692.99, setWindowRect: true, strictFileInteractability: false, timeouts: {implicit: 0, pageLoad: 300000, script: 30000}, unhandledPromptBehavior: dismiss and notify, webauthn:extension:credBlob: true, webauthn:extension:largeBlob: true, webauthn:virtualAuthenticators: true}
Session ID: 42cc9c6fb5d84ba2ae0c3caf9a2ec843
	at testsuite.screenTitle_test.screenAgentTitle(screenTitle_test.java:84)
]]></failure>
    <system-out><![CDATA[screenAgentTitle test case started
The name of the testcase failed is :screenAgentTitle
]]></system-out>
  </testcase>
  <testcase name="screenAgentTitle[Reports, Cancellations](6)" classname="testsuite.screenTitle_test" time="30.226">
    <failure message="no such element: Unable to locate element: {&quot;method&quot;:&quot;css selector&quot;,&quot;selector&quot;:&quot;input[placeholder=&quot;Enter your username&quot;]&quot;}&#10;  (Session info: chrome=97.0.4692.99)&#10;For documentation on this error, please visit: https://selenium.dev/exceptions/#no_such_element&#10;Build info: version: &apos;4.0.0&apos;, revision: &apos;3a21814679&apos;&#10;System info: host: &apos;AUL-DEV-03&apos;, ip: &apos;10.0.5.63&apos;, os.name: &apos;Windows 10&apos;, os.arch: &apos;amd64&apos;, os.version: &apos;10.0&apos;, java.version: &apos;1.8.0_261&apos;&#10;Driver info: org.openqa.selenium.chrome.ChromeDriver&#10;Command: [42cc9c6fb5d84ba2ae0c3caf9a2ec843, findElement {using=css selector, value=input[placeholder=&quot;Enter your username&quot;]}]&#10;Capabilities {acceptInsecureCerts: false, browserName: chrome, browserVersion: 97.0.4692.99, chrome: {chromedriverVersion: 96.0.4664.45 (76e4c1bb2ab46..., userDataDir: C:\Users\ANKIT~1.SRI\AppDat...}, goog:chromeOptions: {debuggerAddress: localhost:51181}, javascriptEnabled: true, networkConnectionEnabled: false, pageLoadStrategy: normal, platform: WINDOWS, platformName: WINDOWS, proxy: Proxy(), se:cdp: ws://localhost:51181/devtoo..., se:cdpVersion: 97.0.4692.99, setWindowRect: true, strictFileInteractability: false, timeouts: {implicit: 0, pageLoad: 300000, script: 30000}, unhandledPromptBehavior: dismiss and notify, webauthn:extension:credBlob: true, webauthn:extension:largeBlob: true, webauthn:virtualAuthenticators: true}&#10;Session ID: 42cc9c6fb5d84ba2ae0c3caf9a2ec843" type="org.openqa.selenium.NoSuchElementException"><![CDATA[org.openqa.selenium.NoSuchElementException: 
no such element: Unable to locate element: {"method":"css selector","selector":"input[placeholder="Enter your username"]"}
  (Session info: chrome=97.0.4692.99)
For documentation on this error, please visit: https://selenium.dev/exceptions/#no_such_element
Build info: version: '4.0.0', revision: '3a21814679'
System info: host: 'AUL-DEV-03', ip: '10.0.5.63', os.name: 'Windows 10', os.arch: 'amd64', os.version: '10.0', java.version: '1.8.0_261'
Driver info: org.openqa.selenium.chrome.ChromeDriver
Command: [42cc9c6fb5d84ba2ae0c3caf9a2ec843, findElement {using=css selector, value=input[placeholder="Enter your username"]}]
Capabilities {acceptInsecureCerts: false, browserName: chrome, browserVersion: 97.0.4692.99, chrome: {chromedriverVersion: 96.0.4664.45 (76e4c1bb2ab46..., userDataDir: C:\Users\ANKIT~1.SRI\AppDat...}, goog:chromeOptions: {debuggerAddress: localhost:51181}, javascriptEnabled: true, networkConnectionEnabled: false, pageLoadStrategy: normal, platform: WINDOWS, platformName: WINDOWS, proxy: Proxy(), se:cdp: ws://localhost:51181/devtoo..., se:cdpVersion: 97.0.4692.99, setWindowRect: true, strictFileInteractability: false, timeouts: {implicit: 0, pageLoad: 300000, script: 30000}, unhandledPromptBehavior: dismiss and notify, webauthn:extension:credBlob: true, webauthn:extension:largeBlob: true, webauthn:virtualAuthenticators: true}
Session ID: 42cc9c6fb5d84ba2ae0c3caf9a2ec843
	at testsuite.screenTitle_test.screenAgentTitle(screenTitle_test.java:84)
]]></failure>
    <system-out><![CDATA[screenAgentTitle test case started
The name of the testcase failed is :screenAgentTitle
]]></system-out>
  </testcase>
  <testcase name="screenAgentTitle[Reports, Claims History](7)" classname="testsuite.screenTitle_test" time="30.237">
    <failure message="no such element: Unable to locate element: {&quot;method&quot;:&quot;css selector&quot;,&quot;selector&quot;:&quot;input[placeholder=&quot;Enter your username&quot;]&quot;}&#10;  (Session info: chrome=97.0.4692.99)&#10;For documentation on this error, please visit: https://selenium.dev/exceptions/#no_such_element&#10;Build info: version: &apos;4.0.0&apos;, revision: &apos;3a21814679&apos;&#10;System info: host: &apos;AUL-DEV-03&apos;, ip: &apos;10.0.5.63&apos;, os.name: &apos;Windows 10&apos;, os.arch: &apos;amd64&apos;, os.version: &apos;10.0&apos;, java.version: &apos;1.8.0_261&apos;&#10;Driver info: org.openqa.selenium.chrome.ChromeDriver&#10;Command: [42cc9c6fb5d84ba2ae0c3caf9a2ec843, findElement {using=css selector, value=input[placeholder=&quot;Enter your username&quot;]}]&#10;Capabilities {acceptInsecureCerts: false, browserName: chrome, browserVersion: 97.0.4692.99, chrome: {chromedriverVersion: 96.0.4664.45 (76e4c1bb2ab46..., userDataDir: C:\Users\ANKIT~1.SRI\AppDat...}, goog:chromeOptions: {debuggerAddress: localhost:51181}, javascriptEnabled: true, networkConnectionEnabled: false, pageLoadStrategy: normal, platform: WINDOWS, platformName: WINDOWS, proxy: Proxy(), se:cdp: ws://localhost:51181/devtoo..., se:cdpVersion: 97.0.4692.99, setWindowRect: true, strictFileInteractability: false, timeouts: {implicit: 0, pageLoad: 300000, script: 30000}, unhandledPromptBehavior: dismiss and notify, webauthn:extension:credBlob: true, webauthn:extension:largeBlob: true, webauthn:virtualAuthenticators: true}&#10;Session ID: 42cc9c6fb5d84ba2ae0c3caf9a2ec843" type="org.openqa.selenium.NoSuchElementException"><![CDATA[org.openqa.selenium.NoSuchElementException: 
no such element: Unable to locate element: {"method":"css selector","selector":"input[placeholder="Enter your username"]"}
  (Session info: chrome=97.0.4692.99)
For documentation on this error, please visit: https://selenium.dev/exceptions/#no_such_element
Build info: version: '4.0.0', revision: '3a21814679'
System info: host: 'AUL-DEV-03', ip: '10.0.5.63', os.name: 'Windows 10', os.arch: 'amd64', os.version: '10.0', java.version: '1.8.0_261'
Driver info: org.openqa.selenium.chrome.ChromeDriver
Command: [42cc9c6fb5d84ba2ae0c3caf9a2ec843, findElement {using=css selector, value=input[placeholder="Enter your username"]}]
Capabilities {acceptInsecureCerts: false, browserName: chrome, browserVersion: 97.0.4692.99, chrome: {chromedriverVersion: 96.0.4664.45 (76e4c1bb2ab46..., userDataDir: C:\Users\ANKIT~1.SRI\AppDat...}, goog:chromeOptions: {debuggerAddress: localhost:51181}, javascriptEnabled: true, networkConnectionEnabled: false, pageLoadStrategy: normal, platform: WINDOWS, platformName: WINDOWS, proxy: Proxy(), se:cdp: ws://localhost:51181/devtoo..., se:cdpVersion: 97.0.4692.99, setWindowRect: true, strictFileInteractability: false, timeouts: {implicit: 0, pageLoad: 300000, script: 30000}, unhandledPromptBehavior: dismiss and notify, webauthn:extension:credBlob: true, webauthn:extension:largeBlob: true, webauthn:virtualAuthenticators: true}
Session ID: 42cc9c6fb5d84ba2ae0c3caf9a2ec843
	at testsuite.screenTitle_test.screenAgentTitle(screenTitle_test.java:84)
]]></failure>
    <system-out><![CDATA[screenAgentTitle test case started
The name of the testcase failed is :screenAgentTitle
]]></system-out>
  </testcase>
  <testcase name="screenAgentTitle[Reports, Actuarials](8)" classname="testsuite.screenTitle_test" time="41.612">
    <system-out><![CDATA[screenAgentTitle test case started
The name of the testcase passed is :screenAgentTitle
]]></system-out>
  </testcase>
  <testcase name="screenAgentTitle[Reports, Agent Sales Report](9)" classname="testsuite.screenTitle_test" time="16.476">
    <system-out><![CDATA[screenAgentTitle test case started
The name of the testcase passed is :screenAgentTitle
]]></system-out>
  </testcase>
  <testcase name="screenAgentTitle[Dealer Settings, Impersonate](10)" classname="testsuite.screenTitle_test" time="16.272">
    <system-out><![CDATA[screenAgentTitle test case started
The name of the testcase passed is :screenAgentTitle
]]></system-out>
  </testcase>
  <testcase name="afterTestMethod" classname="testsuite.screenTitle_test" time="0">
    <skipped/>
  </testcase>
  <testcase name="afterSuite" classname="testsuite.screenTitle_test" time="0">
    <skipped/>
  </testcase>
  <testcase name="login" classname="testsuite.contract_test" time="60.745">
    <failure message="no such element: Unable to locate element: {&quot;method&quot;:&quot;css selector&quot;,&quot;selector&quot;:&quot;input[placeholder=&quot;Enter your username&quot;]&quot;}&#10;  (Session info: chrome=97.0.4692.99)&#10;For documentation on this error, please visit: https://selenium.dev/exceptions/#no_such_element&#10;Build info: version: &apos;4.0.0&apos;, revision: &apos;3a21814679&apos;&#10;System info: host: &apos;AUL-DEV-03&apos;, ip: &apos;10.0.5.63&apos;, os.name: &apos;Windows 10&apos;, os.arch: &apos;amd64&apos;, os.version: &apos;10.0&apos;, java.version: &apos;1.8.0_261&apos;&#10;Driver info: org.openqa.selenium.chrome.ChromeDriver&#10;Command: [42cc9c6fb5d84ba2ae0c3caf9a2ec843, findElement {using=css selector, value=input[placeholder=&quot;Enter your username&quot;]}]&#10;Capabilities {acceptInsecureCerts: false, browserName: chrome, browserVersion: 97.0.4692.99, chrome: {chromedriverVersion: 96.0.4664.45 (76e4c1bb2ab46..., userDataDir: C:\Users\ANKIT~1.SRI\AppDat...}, goog:chromeOptions: {debuggerAddress: localhost:51181}, javascriptEnabled: true, networkConnectionEnabled: false, pageLoadStrategy: normal, platform: WINDOWS, platformName: WINDOWS, proxy: Proxy(), se:cdp: ws://localhost:51181/devtoo..., se:cdpVersion: 97.0.4692.99, setWindowRect: true, strictFileInteractability: false, timeouts: {implicit: 0, pageLoad: 300000, script: 30000}, unhandledPromptBehavior: dismiss and notify, webauthn:extension:credBlob: true, webauthn:extension:largeBlob: true, webauthn:virtualAuthenticators: true}&#10;Session ID: 42cc9c6fb5d84ba2ae0c3caf9a2ec843" type="org.openqa.selenium.NoSuchElementException"><![CDATA[org.openqa.selenium.NoSuchElementException: 
no such element: Unable to locate element: {"method":"css selector","selector":"input[placeholder="Enter your username"]"}
  (Session info: chrome=97.0.4692.99)
For documentation on this error, please visit: https://selenium.dev/exceptions/#no_such_element
Build info: version: '4.0.0', revision: '3a21814679'
System info: host: 'AUL-DEV-03', ip: '10.0.5.63', os.name: 'Windows 10', os.arch: 'amd64', os.version: '10.0', java.version: '1.8.0_261'
Driver info: org.openqa.selenium.chrome.ChromeDriver
Command: [42cc9c6fb5d84ba2ae0c3caf9a2ec843, findElement {using=css selector, value=input[placeholder="Enter your username"]}]
Capabilities {acceptInsecureCerts: false, browserName: chrome, browserVersion: 97.0.4692.99, chrome: {chromedriverVersion: 96.0.4664.45 (76e4c1bb2ab46..., userDataDir: C:\Users\ANKIT~1.SRI\AppDat...}, goog:chromeOptions: {debuggerAddress: localhost:51181}, javascriptEnabled: true, networkConnectionEnabled: false, pageLoadStrategy: normal, platform: WINDOWS, platformName: WINDOWS, proxy: Proxy(), se:cdp: ws://localhost:51181/devtoo..., se:cdpVersion: 97.0.4692.99, setWindowRect: true, strictFileInteractability: false, timeouts: {implicit: 0, pageLoad: 300000, script: 30000}, unhandledPromptBehavior: dismiss and notify, webauthn:extension:credBlob: true, webauthn:extension:largeBlob: true, webauthn:virtualAuthenticators: true}
Session ID: 42cc9c6fb5d84ba2ae0c3caf9a2ec843
	at testsuite.contract_test.login(contract_test.java:30)
]]></failure>
  </testcase>
  <testcase name="createContract1[[Ljava.lang.String;@3b46dd8](1)" classname="testsuite.contract_test" time="0">
    <skipped/>
    <system-out><![CDATA[createContract1 test case started
The name of the testcase Skipped is :createContract1
]]></system-out>
  </testcase>
  <testcase name="createContract1[[Ljava.lang.String;@6be7bf6d](2)" classname="testsuite.contract_test" time="0">
    <skipped/>
    <system-out><![CDATA[createContract1 test case started
The name of the testcase Skipped is :createContract1
]]></system-out>
  </testcase>
  <testcase name="createContract1[[Ljava.lang.String;@33364212](3)" classname="testsuite.contract_test" time="0">
    <skipped/>
    <system-out><![CDATA[createContract1 test case started
The name of the testcase Skipped is :createContract1
]]></system-out>
  </testcase>
  <testcase name="createContract1[[Ljava.lang.String;@745c2004](4)" classname="testsuite.contract_test" time="0">
    <skipped/>
    <system-out><![CDATA[createContract1 test case started
The name of the testcase Skipped is :createContract1
]]></system-out>
  </testcase>
  <testcase name="createContract1[[Ljava.lang.String;@7fd69dd](5)" classname="testsuite.contract_test" time="0">
    <skipped/>
    <system-out><![CDATA[createContract1 test case started
The name of the testcase Skipped is :createContract1
]]></system-out>
  </testcase>
  <testcase name="createContract1[[Ljava.lang.String;@7c84195](6)" classname="testsuite.contract_test" time="0">
    <skipped/>
    <system-out><![CDATA[createContract1 test case started
The name of the testcase Skipped is :createContract1
]]></system-out>
  </testcase>
  <testcase name="createContract1[[Ljava.lang.String;@3971f0fe](7)" classname="testsuite.contract_test" time="0">
    <skipped/>
    <system-out><![CDATA[createContract1 test case started
The name of the testcase Skipped is :createContract1
]]></system-out>
  </testcase>
  <testcase name="createContract1[[Ljava.lang.String;@66153688](8)" classname="testsuite.contract_test" time="0">
    <skipped/>
    <system-out><![CDATA[createContract1 test case started
The name of the testcase Skipped is :createContract1
]]></system-out>
  </testcase>
  <testcase name="createContract1[[Ljava.lang.String;@7318daf8](9)" classname="testsuite.contract_test" time="0">
    <skipped/>
    <system-out><![CDATA[createContract1 test case started
The name of the testcase Skipped is :createContract1
]]></system-out>
  </testcase>
  <testcase name="createContract1[[Ljava.lang.String;@3f1ddac2](10)" classname="testsuite.contract_test" time="0">
    <skipped/>
    <system-out><![CDATA[createContract1 test case started
The name of the testcase Skipped is :createContract1
]]></system-out>
  </testcase>
  <testcase name="createContract1[[Ljava.lang.String;@e1e2e5e](11)" classname="testsuite.contract_test" time="0">
    <skipped/>
    <system-out><![CDATA[createContract1 test case started
The name of the testcase Skipped is :createContract1
]]></system-out>
  </testcase>
  <testcase name="createContract1[[Ljava.lang.String;@37864b77](12)" classname="testsuite.contract_test" time="0">
    <skipped/>
    <system-out><![CDATA[createContract1 test case started
The name of the testcase Skipped is :createContract1
]]></system-out>
  </testcase>
  <testcase name="createContract1[[Ljava.lang.String;@540b0448](13)" classname="testsuite.contract_test" time="0">
    <skipped/>
    <system-out><![CDATA[createContract1 test case started
The name of the testcase Skipped is :createContract1
]]></system-out>
  </testcase>
  <testcase name="close" classname="testsuite.contract_test" time="0">
    <skipped/>
  </testcase>
  <testcase name="login" classname="testsuite.quote_test" time="30.804">
    <failure message="no such element: Unable to locate element: {&quot;method&quot;:&quot;css selector&quot;,&quot;selector&quot;:&quot;input[placeholder=&quot;Enter your username&quot;]&quot;}&#10;  (Session info: chrome=97.0.4692.99)&#10;For documentation on this error, please visit: https://selenium.dev/exceptions/#no_such_element&#10;Build info: version: &apos;4.0.0&apos;, revision: &apos;3a21814679&apos;&#10;System info: host: &apos;AUL-DEV-03&apos;, ip: &apos;10.0.5.63&apos;, os.name: &apos;Windows 10&apos;, os.arch: &apos;amd64&apos;, os.version: &apos;10.0&apos;, java.version: &apos;1.8.0_261&apos;&#10;Driver info: org.openqa.selenium.chrome.ChromeDriver&#10;Command: [42cc9c6fb5d84ba2ae0c3caf9a2ec843, findElement {using=css selector, value=input[placeholder=&quot;Enter your username&quot;]}]&#10;Capabilities {acceptInsecureCerts: false, browserName: chrome, browserVersion: 97.0.4692.99, chrome: {chromedriverVersion: 96.0.4664.45 (76e4c1bb2ab46..., userDataDir: C:\Users\ANKIT~1.SRI\AppDat...}, goog:chromeOptions: {debuggerAddress: localhost:51181}, javascriptEnabled: true, networkConnectionEnabled: false, pageLoadStrategy: normal, platform: WINDOWS, platformName: WINDOWS, proxy: Proxy(), se:cdp: ws://localhost:51181/devtoo..., se:cdpVersion: 97.0.4692.99, setWindowRect: true, strictFileInteractability: false, timeouts: {implicit: 0, pageLoad: 300000, script: 30000}, unhandledPromptBehavior: dismiss and notify, webauthn:extension:credBlob: true, webauthn:extension:largeBlob: true, webauthn:virtualAuthenticators: true}&#10;Session ID: 42cc9c6fb5d84ba2ae0c3caf9a2ec843" type="org.openqa.selenium.NoSuchElementException"><![CDATA[org.openqa.selenium.NoSuchElementException: 
no such element: Unable to locate element: {"method":"css selector","selector":"input[placeholder="Enter your username"]"}
  (Session info: chrome=97.0.4692.99)
For documentation on this error, please visit: https://selenium.dev/exceptions/#no_such_element
Build info: version: '4.0.0', revision: '3a21814679'
System info: host: 'AUL-DEV-03', ip: '10.0.5.63', os.name: 'Windows 10', os.arch: 'amd64', os.version: '10.0', java.version: '1.8.0_261'
Driver info: org.openqa.selenium.chrome.ChromeDriver
Command: [42cc9c6fb5d84ba2ae0c3caf9a2ec843, findElement {using=css selector, value=input[placeholder="Enter your username"]}]
Capabilities {acceptInsecureCerts: false, browserName: chrome, browserVersion: 97.0.4692.99, chrome: {chromedriverVersion: 96.0.4664.45 (76e4c1bb2ab46..., userDataDir: C:\Users\ANKIT~1.SRI\AppDat...}, goog:chromeOptions: {debuggerAddress: localhost:51181}, javascriptEnabled: true, networkConnectionEnabled: false, pageLoadStrategy: normal, platform: WINDOWS, platformName: WINDOWS, proxy: Proxy(), se:cdp: ws://localhost:51181/devtoo..., se:cdpVersion: 97.0.4692.99, setWindowRect: true, strictFileInteractability: false, timeouts: {implicit: 0, pageLoad: 300000, script: 30000}, unhandledPromptBehavior: dismiss and notify, webauthn:extension:credBlob: true, webauthn:extension:largeBlob: true, webauthn:virtualAuthenticators: true}
Session ID: 42cc9c6fb5d84ba2ae0c3caf9a2ec843
	at testsuite.quote_test.login(quote_test.java:25)
]]></failure>
  </testcase>
  <testcase name="createQuote1[[Ljava.lang.String;@6ff415ad](1)" classname="testsuite.quote_test" time="0">
    <skipped/>
    <system-out><![CDATA[createQuote1 test case started
The name of the testcase Skipped is :createQuote1
]]></system-out>
  </testcase>
  <testcase name="createQuote1[[Ljava.lang.String;@28fd3dc1](2)" classname="testsuite.quote_test" time="0">
    <skipped/>
    <system-out><![CDATA[createQuote1 test case started
The name of the testcase Skipped is :createQuote1
]]></system-out>
  </testcase>
  <testcase name="createQuote1[[Ljava.lang.String;@108d55c4](3)" classname="testsuite.quote_test" time="0">
    <skipped/>
    <system-out><![CDATA[createQuote1 test case started
The name of the testcase Skipped is :createQuote1
]]></system-out>
  </testcase>
  <testcase name="createQuote1[[Ljava.lang.String;@15e0fe05](4)" classname="testsuite.quote_test" time="0">
    <skipped/>
    <system-out><![CDATA[createQuote1 test case started
The name of the testcase Skipped is :createQuote1
]]></system-out>
  </testcase>
  <testcase name="createQuote1[[Ljava.lang.String;@6bf13698](5)" classname="testsuite.quote_test" time="0">
    <skipped/>
    <system-out><![CDATA[createQuote1 test case started
The name of the testcase Skipped is :createQuote1
]]></system-out>
  </testcase>
  <testcase name="createQuote1[[Ljava.lang.String;@3b90a30a](6)" classname="testsuite.quote_test" time="0">
    <skipped/>
    <system-out><![CDATA[createQuote1 test case started
The name of the testcase Skipped is :createQuote1
]]></system-out>
  </testcase>
  <testcase name="createQuote1[[Ljava.lang.String;@bdd2027](7)" classname="testsuite.quote_test" time="0">
    <skipped/>
    <system-out><![CDATA[createQuote1 test case started
The name of the testcase Skipped is :createQuote1
]]></system-out>
  </testcase>
  <testcase name="createQuote1[[Ljava.lang.String;@f446158](8)" classname="testsuite.quote_test" time="0">
    <skipped/>
    <system-out><![CDATA[createQuote1 test case started
The name of the testcase Skipped is :createQuote1
]]></system-out>
  </testcase>
  <testcase name="createQuote1[[Ljava.lang.String;@504e1599](9)" classname="testsuite.quote_test" time="0">
    <skipped/>
    <system-out><![CDATA[createQuote1 test case started
The name of the testcase Skipped is :createQuote1
]]></system-out>
  </testcase>
  <testcase name="createQuote1[[Ljava.lang.String;@5d1b9c3d](10)" classname="testsuite.quote_test" time="0">
    <skipped/>
    <system-out><![CDATA[createQuote1 test case started
The name of the testcase Skipped is :createQuote1
]]></system-out>
  </testcase>
  <testcase name="createQuote1[[Ljava.lang.String;@49a26d19](11)" classname="testsuite.quote_test" time="0">
    <skipped/>
    <system-out><![CDATA[createQuote1 test case started
The name of the testcase Skipped is :createQuote1
]]></system-out>
  </testcase>
  <testcase name="createQuote1[[Ljava.lang.String;@7275c74b](12)" classname="testsuite.quote_test" time="0">
    <skipped/>
    <system-out><![CDATA[createQuote1 test case started
The name of the testcase Skipped is :createQuote1
]]></system-out>
  </testcase>
  <testcase name="createQuote1[[Ljava.lang.String;@4315e9af](13)" classname="testsuite.quote_test" time="0">
    <skipped/>
    <system-out><![CDATA[createQuote1 test case started
The name of the testcase Skipped is :createQuote1
]]></system-out>
  </testcase>
  <testcase name="close" classname="testsuite.quote_test" time="0">
    <skipped/>
  </testcase>
  <testcase name="login" classname="testsuite.generateContract_test" time="30.389">
    <failure message="no such element: Unable to locate element: {&quot;method&quot;:&quot;css selector&quot;,&quot;selector&quot;:&quot;input[placeholder=&quot;Enter your username&quot;]&quot;}&#10;  (Session info: chrome=97.0.4692.99)&#10;For documentation on this error, please visit: https://selenium.dev/exceptions/#no_such_element&#10;Build info: version: &apos;4.0.0&apos;, revision: &apos;3a21814679&apos;&#10;System info: host: &apos;AUL-DEV-03&apos;, ip: &apos;10.0.5.63&apos;, os.name: &apos;Windows 10&apos;, os.arch: &apos;amd64&apos;, os.version: &apos;10.0&apos;, java.version: &apos;1.8.0_261&apos;&#10;Driver info: org.openqa.selenium.chrome.ChromeDriver&#10;Command: [42cc9c6fb5d84ba2ae0c3caf9a2ec843, findElement {using=css selector, value=input[placeholder=&quot;Enter your username&quot;]}]&#10;Capabilities {acceptInsecureCerts: false, browserName: chrome, browserVersion: 97.0.4692.99, chrome: {chromedriverVersion: 96.0.4664.45 (76e4c1bb2ab46..., userDataDir: C:\Users\ANKIT~1.SRI\AppDat...}, goog:chromeOptions: {debuggerAddress: localhost:51181}, javascriptEnabled: true, networkConnectionEnabled: false, pageLoadStrategy: normal, platform: WINDOWS, platformName: WINDOWS, proxy: Proxy(), se:cdp: ws://localhost:51181/devtoo..., se:cdpVersion: 97.0.4692.99, setWindowRect: true, strictFileInteractability: false, timeouts: {implicit: 0, pageLoad: 300000, script: 30000}, unhandledPromptBehavior: dismiss and notify, webauthn:extension:credBlob: true, webauthn:extension:largeBlob: true, webauthn:virtualAuthenticators: true}&#10;Session ID: 42cc9c6fb5d84ba2ae0c3caf9a2ec843" type="org.openqa.selenium.NoSuchElementException"><![CDATA[org.openqa.selenium.NoSuchElementException: 
no such element: Unable to locate element: {"method":"css selector","selector":"input[placeholder="Enter your username"]"}
  (Session info: chrome=97.0.4692.99)
For documentation on this error, please visit: https://selenium.dev/exceptions/#no_such_element
Build info: version: '4.0.0', revision: '3a21814679'
System info: host: 'AUL-DEV-03', ip: '10.0.5.63', os.name: 'Windows 10', os.arch: 'amd64', os.version: '10.0', java.version: '1.8.0_261'
Driver info: org.openqa.selenium.chrome.ChromeDriver
Command: [42cc9c6fb5d84ba2ae0c3caf9a2ec843, findElement {using=css selector, value=input[placeholder="Enter your username"]}]
Capabilities {acceptInsecureCerts: false, browserName: chrome, browserVersion: 97.0.4692.99, chrome: {chromedriverVersion: 96.0.4664.45 (76e4c1bb2ab46..., userDataDir: C:\Users\ANKIT~1.SRI\AppDat...}, goog:chromeOptions: {debuggerAddress: localhost:51181}, javascriptEnabled: true, networkConnectionEnabled: false, pageLoadStrategy: normal, platform: WINDOWS, platformName: WINDOWS, proxy: Proxy(), se:cdp: ws://localhost:51181/devtoo..., se:cdpVersion: 97.0.4692.99, setWindowRect: true, strictFileInteractability: false, timeouts: {implicit: 0, pageLoad: 300000, script: 30000}, unhandledPromptBehavior: dismiss and notify, webauthn:extension:credBlob: true, webauthn:extension:largeBlob: true, webauthn:virtualAuthenticators: true}
Session ID: 42cc9c6fb5d84ba2ae0c3caf9a2ec843
	at testsuite.generateContract_test.login(generateContract_test.java:22)
]]></failure>
  </testcase>
  <testcase name="createContract1[[Ljava.lang.String;@8b91134](1)" classname="testsuite.generateContract_test" time="0">
    <skipped/>
    <system-out><![CDATA[createContract1 test case started
The name of the testcase Skipped is :createContract1
]]></system-out>
  </testcase>
  <testcase name="createContract1[[Ljava.lang.String;@7e736350](2)" classname="testsuite.generateContract_test" time="0">
    <skipped/>
    <system-out><![CDATA[createContract1 test case started
The name of the testcase Skipped is :createContract1
]]></system-out>
  </testcase>
  <testcase name="createContract1[[Ljava.lang.String;@76c387f9](3)" classname="testsuite.generateContract_test" time="0">
    <skipped/>
    <system-out><![CDATA[createContract1 test case started
The name of the testcase Skipped is :createContract1
]]></system-out>
  </testcase>
  <testcase name="createContract1[[Ljava.lang.String;@5d7835a8](4)" classname="testsuite.generateContract_test" time="0">
    <skipped/>
    <system-out><![CDATA[createContract1 test case started
The name of the testcase Skipped is :createContract1
]]></system-out>
  </testcase>
  <testcase name="createContract1[[Ljava.lang.String;@1976f537](5)" classname="testsuite.generateContract_test" time="0">
    <skipped/>
    <system-out><![CDATA[createContract1 test case started
The name of the testcase Skipped is :createContract1
]]></system-out>
  </testcase>
  <testcase name="createContract1[[Ljava.lang.String;@1816e24a](6)" classname="testsuite.generateContract_test" time="0">
    <skipped/>
    <system-out><![CDATA[createContract1 test case started
The name of the testcase Skipped is :createContract1
]]></system-out>
  </testcase>
  <testcase name="createContract1[[Ljava.lang.String;@47b179d7](7)" classname="testsuite.generateContract_test" time="0">
    <skipped/>
    <system-out><![CDATA[createContract1 test case started
The name of the testcase Skipped is :createContract1
]]></system-out>
  </testcase>
  <testcase name="createContract1[[Ljava.lang.String;@162b3d47](8)" classname="testsuite.generateContract_test" time="0">
    <skipped/>
    <system-out><![CDATA[createContract1 test case started
The name of the testcase Skipped is :createContract1
]]></system-out>
  </testcase>
  <testcase name="createContract1[[Ljava.lang.String;@3402b4c9](9)" classname="testsuite.generateContract_test" time="0">
    <skipped/>
    <system-out><![CDATA[createContract1 test case started
The name of the testcase Skipped is :createContract1
]]></system-out>
  </testcase>
  <testcase name="createContract1[[Ljava.lang.String;@46d567cb](10)" classname="testsuite.generateContract_test" time="0">
    <skipped/>
    <system-out><![CDATA[createContract1 test case started
The name of the testcase Skipped is :createContract1
]]></system-out>
  </testcase>
  <testcase name="createContract1[[Ljava.lang.String;@173f73e7](11)" classname="testsuite.generateContract_test" time="0">
    <skipped/>
    <system-out><![CDATA[createContract1 test case started
The name of the testcase Skipped is :createContract1
]]></system-out>
  </testcase>
  <testcase name="createContract1[[Ljava.lang.String;@2e23c180](12)" classname="testsuite.generateContract_test" time="0">
    <skipped/>
    <system-out><![CDATA[createContract1 test case started
The name of the testcase Skipped is :createContract1
]]></system-out>
  </testcase>
  <testcase name="createContract1[[Ljava.lang.String;@25da615a](13)" classname="testsuite.generateContract_test" time="0">
    <skipped/>
    <system-out><![CDATA[createContract1 test case started
The name of the testcase Skipped is :createContract1
]]></system-out>
  </testcase>
  <testcase name="close" classname="testsuite.generateContract_test" time="0">
    <skipped/>
  </testcase>
  <testcase name="login" classname="testsuite.impersonateContract" time="30.469">
    <failure message="no such element: Unable to locate element: {&quot;method&quot;:&quot;css selector&quot;,&quot;selector&quot;:&quot;input[placeholder=&quot;Enter your username&quot;]&quot;}&#10;  (Session info: chrome=97.0.4692.99)&#10;For documentation on this error, please visit: https://selenium.dev/exceptions/#no_such_element&#10;Build info: version: &apos;4.0.0&apos;, revision: &apos;3a21814679&apos;&#10;System info: host: &apos;AUL-DEV-03&apos;, ip: &apos;10.0.5.63&apos;, os.name: &apos;Windows 10&apos;, os.arch: &apos;amd64&apos;, os.version: &apos;10.0&apos;, java.version: &apos;1.8.0_261&apos;&#10;Driver info: org.openqa.selenium.chrome.ChromeDriver&#10;Command: [42cc9c6fb5d84ba2ae0c3caf9a2ec843, findElement {using=css selector, value=input[placeholder=&quot;Enter your username&quot;]}]&#10;Capabilities {acceptInsecureCerts: false, browserName: chrome, browserVersion: 97.0.4692.99, chrome: {chromedriverVersion: 96.0.4664.45 (76e4c1bb2ab46..., userDataDir: C:\Users\ANKIT~1.SRI\AppDat...}, goog:chromeOptions: {debuggerAddress: localhost:51181}, javascriptEnabled: true, networkConnectionEnabled: false, pageLoadStrategy: normal, platform: WINDOWS, platformName: WINDOWS, proxy: Proxy(), se:cdp: ws://localhost:51181/devtoo..., se:cdpVersion: 97.0.4692.99, setWindowRect: true, strictFileInteractability: false, timeouts: {implicit: 0, pageLoad: 300000, script: 30000}, unhandledPromptBehavior: dismiss and notify, webauthn:extension:credBlob: true, webauthn:extension:largeBlob: true, webauthn:virtualAuthenticators: true}&#10;Session ID: 42cc9c6fb5d84ba2ae0c3caf9a2ec843" type="org.openqa.selenium.NoSuchElementException"><![CDATA[org.openqa.selenium.NoSuchElementException: 
no such element: Unable to locate element: {"method":"css selector","selector":"input[placeholder="Enter your username"]"}
  (Session info: chrome=97.0.4692.99)
For documentation on this error, please visit: https://selenium.dev/exceptions/#no_such_element
Build info: version: '4.0.0', revision: '3a21814679'
System info: host: 'AUL-DEV-03', ip: '10.0.5.63', os.name: 'Windows 10', os.arch: 'amd64', os.version: '10.0', java.version: '1.8.0_261'
Driver info: org.openqa.selenium.chrome.ChromeDriver
Command: [42cc9c6fb5d84ba2ae0c3caf9a2ec843, findElement {using=css selector, value=input[placeholder="Enter your username"]}]
Capabilities {acceptInsecureCerts: false, browserName: chrome, browserVersion: 97.0.4692.99, chrome: {chromedriverVersion: 96.0.4664.45 (76e4c1bb2ab46..., userDataDir: C:\Users\ANKIT~1.SRI\AppDat...}, goog:chromeOptions: {debuggerAddress: localhost:51181}, javascriptEnabled: true, networkConnectionEnabled: false, pageLoadStrategy: normal, platform: WINDOWS, platformName: WINDOWS, proxy: Proxy(), se:cdp: ws://localhost:51181/devtoo..., se:cdpVersion: 97.0.4692.99, setWindowRect: true, strictFileInteractability: false, timeouts: {implicit: 0, pageLoad: 300000, script: 30000}, unhandledPromptBehavior: dismiss and notify, webauthn:extension:credBlob: true, webauthn:extension:largeBlob: true, webauthn:virtualAuthenticators: true}
Session ID: 42cc9c6fb5d84ba2ae0c3caf9a2ec843
	at testsuite.impersonateContract.login(impersonateContract.java:26)
]]></failure>
  </testcase>
  <testcase name="createContract1[[Ljava.lang.String;@36fcf6c0](1)" classname="testsuite.impersonateContract" time="0">
    <skipped/>
    <system-out><![CDATA[createContract1 test case started
The name of the testcase Skipped is :createContract1
]]></system-out>
  </testcase>
  <testcase name="createContract1[[Ljava.lang.String;@7026b7ee](2)" classname="testsuite.impersonateContract" time="0">
    <skipped/>
    <system-out><![CDATA[createContract1 test case started
The name of the testcase Skipped is :createContract1
]]></system-out>
  </testcase>
  <testcase name="createContract1[[Ljava.lang.String;@7cb8437d](3)" classname="testsuite.impersonateContract" time="0">
    <skipped/>
    <system-out><![CDATA[createContract1 test case started
The name of the testcase Skipped is :createContract1
]]></system-out>
  </testcase>
  <testcase name="createContract1[[Ljava.lang.String;@43f61afb](4)" classname="testsuite.impersonateContract" time="0">
    <skipped/>
    <system-out><![CDATA[createContract1 test case started
The name of the testcase Skipped is :createContract1
]]></system-out>
  </testcase>
  <testcase name="createContract1[[Ljava.lang.String;@4fad6218](5)" classname="testsuite.impersonateContract" time="0">
    <skipped/>
    <system-out><![CDATA[createContract1 test case started
The name of the testcase Skipped is :createContract1
]]></system-out>
  </testcase>
  <testcase name="createContract1[[Ljava.lang.String;@68217d41](6)" classname="testsuite.impersonateContract" time="0">
    <skipped/>
    <system-out><![CDATA[createContract1 test case started
The name of the testcase Skipped is :createContract1
]]></system-out>
  </testcase>
  <testcase name="createContract1[[Ljava.lang.String;@3e5d4f6b](7)" classname="testsuite.impersonateContract" time="0">
    <skipped/>
    <system-out><![CDATA[createContract1 test case started
The name of the testcase Skipped is :createContract1
]]></system-out>
  </testcase>
  <testcase name="createContract1[[Ljava.lang.String;@5ae95707](8)" classname="testsuite.impersonateContract" time="0">
    <skipped/>
    <system-out><![CDATA[createContract1 test case started
The name of the testcase Skipped is :createContract1
]]></system-out>
  </testcase>
  <testcase name="createContract1[[Ljava.lang.String;@367b22e5](9)" classname="testsuite.impersonateContract" time="0">
    <skipped/>
    <system-out><![CDATA[createContract1 test case started
The name of the testcase Skipped is :createContract1
]]></system-out>
  </testcase>
  <testcase name="createContract1[[Ljava.lang.String;@10bd9df0](10)" classname="testsuite.impersonateContract" time="0">
    <skipped/>
    <system-out><![CDATA[createContract1 test case started
The name of the testcase Skipped is :createContract1
]]></system-out>
  </testcase>
  <testcase name="createContract1[[Ljava.lang.String;@55e3d6c3](11)" classname="testsuite.impersonateContract" time="0">
    <skipped/>
    <system-out><![CDATA[createContract1 test case started
The name of the testcase Skipped is :createContract1
]]></system-out>
  </testcase>
  <testcase name="createContract1[[Ljava.lang.String;@4c48fe92](12)" classname="testsuite.impersonateContract" time="0">
    <skipped/>
    <system-out><![CDATA[createContract1 test case started
The name of the testcase Skipped is :createContract1
]]></system-out>
  </testcase>
  <testcase name="createContract1[[Ljava.lang.String;@38320e34](13)" classname="testsuite.impersonateContract" time="0">
    <skipped/>
    <system-out><![CDATA[createContract1 test case started
The name of the testcase Skipped is :createContract1
]]></system-out>
  </testcase>
  <testcase name="close" classname="testsuite.impersonateContract" time="0">
    <skipped/>
  </testcase>
  <testcase name="login" classname="testsuite.validatePDF_test" time="30.41">
    <failure message="no such element: Unable to locate element: {&quot;method&quot;:&quot;css selector&quot;,&quot;selector&quot;:&quot;input[placeholder=&quot;Enter your username&quot;]&quot;}&#10;  (Session info: chrome=97.0.4692.99)&#10;For documentation on this error, please visit: https://selenium.dev/exceptions/#no_such_element&#10;Build info: version: &apos;4.0.0&apos;, revision: &apos;3a21814679&apos;&#10;System info: host: &apos;AUL-DEV-03&apos;, ip: &apos;10.0.5.63&apos;, os.name: &apos;Windows 10&apos;, os.arch: &apos;amd64&apos;, os.version: &apos;10.0&apos;, java.version: &apos;1.8.0_261&apos;&#10;Driver info: org.openqa.selenium.chrome.ChromeDriver&#10;Command: [42cc9c6fb5d84ba2ae0c3caf9a2ec843, findElement {using=css selector, value=input[placeholder=&quot;Enter your username&quot;]}]&#10;Capabilities {acceptInsecureCerts: false, browserName: chrome, browserVersion: 97.0.4692.99, chrome: {chromedriverVersion: 96.0.4664.45 (76e4c1bb2ab46..., userDataDir: C:\Users\ANKIT~1.SRI\AppDat...}, goog:chromeOptions: {debuggerAddress: localhost:51181}, javascriptEnabled: true, networkConnectionEnabled: false, pageLoadStrategy: normal, platform: WINDOWS, platformName: WINDOWS, proxy: Proxy(), se:cdp: ws://localhost:51181/devtoo..., se:cdpVersion: 97.0.4692.99, setWindowRect: true, strictFileInteractability: false, timeouts: {implicit: 0, pageLoad: 300000, script: 30000}, unhandledPromptBehavior: dismiss and notify, webauthn:extension:credBlob: true, webauthn:extension:largeBlob: true, webauthn:virtualAuthenticators: true}&#10;Session ID: 42cc9c6fb5d84ba2ae0c3caf9a2ec843" type="org.openqa.selenium.NoSuchElementException"><![CDATA[org.openqa.selenium.NoSuchElementException: 
no such element: Unable to locate element: {"method":"css selector","selector":"input[placeholder="Enter your username"]"}
  (Session info: chrome=97.0.4692.99)
For documentation on this error, please visit: https://selenium.dev/exceptions/#no_such_element
Build info: version: '4.0.0', revision: '3a21814679'
System info: host: 'AUL-DEV-03', ip: '10.0.5.63', os.name: 'Windows 10', os.arch: 'amd64', os.version: '10.0', java.version: '1.8.0_261'
Driver info: org.openqa.selenium.chrome.ChromeDriver
Command: [42cc9c6fb5d84ba2ae0c3caf9a2ec843, findElement {using=css selector, value=input[placeholder="Enter your username"]}]
Capabilities {acceptInsecureCerts: false, browserName: chrome, browserVersion: 97.0.4692.99, chrome: {chromedriverVersion: 96.0.4664.45 (76e4c1bb2ab46..., userDataDir: C:\Users\ANKIT~1.SRI\AppDat...}, goog:chromeOptions: {debuggerAddress: localhost:51181}, javascriptEnabled: true, networkConnectionEnabled: false, pageLoadStrategy: normal, platform: WINDOWS, platformName: WINDOWS, proxy: Proxy(), se:cdp: ws://localhost:51181/devtoo..., se:cdpVersion: 97.0.4692.99, setWindowRect: true, strictFileInteractability: false, timeouts: {implicit: 0, pageLoad: 300000, script: 30000}, unhandledPromptBehavior: dismiss and notify, webauthn:extension:credBlob: true, webauthn:extension:largeBlob: true, webauthn:virtualAuthenticators: true}
Session ID: 42cc9c6fb5d84ba2ae0c3caf9a2ec843
	at testsuite.validatePDF_test.login(validatePDF_test.java:23)
]]></failure>
  </testcase>
  <testcase name="createContract1[[Ljava.lang.String;@117bcfdc](1)" classname="testsuite.validatePDF_test" time="0">
    <skipped/>
    <system-out><![CDATA[createContract1 test case started
The name of the testcase Skipped is :createContract1
]]></system-out>
  </testcase>
  <testcase name="createContract1[[Ljava.lang.String;@5e746d37](2)" classname="testsuite.validatePDF_test" time="0">
    <skipped/>
    <system-out><![CDATA[createContract1 test case started
The name of the testcase Skipped is :createContract1
]]></system-out>
  </testcase>
  <testcase name="createContract1[[Ljava.lang.String;@21d1b321](3)" classname="testsuite.validatePDF_test" time="0">
    <skipped/>
    <system-out><![CDATA[createContract1 test case started
The name of the testcase Skipped is :createContract1
]]></system-out>
  </testcase>
  <testcase name="createContract1[[Ljava.lang.String;@2324bfe7](4)" classname="testsuite.validatePDF_test" time="0">
    <skipped/>
    <system-out><![CDATA[createContract1 test case started
The name of the testcase Skipped is :createContract1
]]></system-out>
  </testcase>
  <testcase name="createContract1[[Ljava.lang.String;@3d49fd31](5)" classname="testsuite.validatePDF_test" time="0">
    <skipped/>
    <system-out><![CDATA[createContract1 test case started
The name of the testcase Skipped is :createContract1
]]></system-out>
  </testcase>
  <testcase name="createContract1[[Ljava.lang.String;@46cb98a3](6)" classname="testsuite.validatePDF_test" time="0">
    <skipped/>
    <system-out><![CDATA[createContract1 test case started
The name of the testcase Skipped is :createContract1
]]></system-out>
  </testcase>
  <testcase name="createContract1[[Ljava.lang.String;@4da9f723](7)" classname="testsuite.validatePDF_test" time="0">
    <skipped/>
    <system-out><![CDATA[createContract1 test case started
The name of the testcase Skipped is :createContract1
]]></system-out>
  </testcase>
  <testcase name="createContract1[[Ljava.lang.String;@213bd3d5](8)" classname="testsuite.validatePDF_test" time="0">
    <skipped/>
    <system-out><![CDATA[createContract1 test case started
The name of the testcase Skipped is :createContract1
]]></system-out>
  </testcase>
  <testcase name="createContract1[[Ljava.lang.String;@451882b2](9)" classname="testsuite.validatePDF_test" time="0">
    <skipped/>
    <system-out><![CDATA[createContract1 test case started
The name of the testcase Skipped is :createContract1
]]></system-out>
  </testcase>
  <testcase name="createContract1[[Ljava.lang.String;@7b78ed6a](10)" classname="testsuite.validatePDF_test" time="0">
    <skipped/>
    <system-out><![CDATA[createContract1 test case started
The name of the testcase Skipped is :createContract1
]]></system-out>
  </testcase>
  <testcase name="createContract1[[Ljava.lang.String;@6ec65b5e](11)" classname="testsuite.validatePDF_test" time="0">
    <skipped/>
    <system-out><![CDATA[createContract1 test case started
The name of the testcase Skipped is :createContract1
]]></system-out>
  </testcase>
  <testcase name="createContract1[[Ljava.lang.String;@47447ccf](12)" classname="testsuite.validatePDF_test" time="0">
    <skipped/>
    <system-out><![CDATA[createContract1 test case started
The name of the testcase Skipped is :createContract1
]]></system-out>
  </testcase>
  <testcase name="createContract1[[Ljava.lang.String;@263bbfeb](13)" classname="testsuite.validatePDF_test" time="0">
    <skipped/>
    <system-out><![CDATA[createContract1 test case started
The name of the testcase Skipped is :createContract1
]]></system-out>
  </testcase>
  <testcase name="close" classname="testsuite.validatePDF_test" time="0">
    <skipped/>
  </testcase>
  <testcase name="login" classname="testsuite.twoProgramContract" time="30.722">
    <failure message="no such element: Unable to locate element: {&quot;method&quot;:&quot;css selector&quot;,&quot;selector&quot;:&quot;input[placeholder=&quot;Enter your username&quot;]&quot;}&#10;  (Session info: chrome=97.0.4692.99)&#10;For documentation on this error, please visit: https://selenium.dev/exceptions/#no_such_element&#10;Build info: version: &apos;4.0.0&apos;, revision: &apos;3a21814679&apos;&#10;System info: host: &apos;AUL-DEV-03&apos;, ip: &apos;10.0.5.63&apos;, os.name: &apos;Windows 10&apos;, os.arch: &apos;amd64&apos;, os.version: &apos;10.0&apos;, java.version: &apos;1.8.0_261&apos;&#10;Driver info: org.openqa.selenium.chrome.ChromeDriver&#10;Command: [42cc9c6fb5d84ba2ae0c3caf9a2ec843, findElement {using=css selector, value=input[placeholder=&quot;Enter your username&quot;]}]&#10;Capabilities {acceptInsecureCerts: false, browserName: chrome, browserVersion: 97.0.4692.99, chrome: {chromedriverVersion: 96.0.4664.45 (76e4c1bb2ab46..., userDataDir: C:\Users\ANKIT~1.SRI\AppDat...}, goog:chromeOptions: {debuggerAddress: localhost:51181}, javascriptEnabled: true, networkConnectionEnabled: false, pageLoadStrategy: normal, platform: WINDOWS, platformName: WINDOWS, proxy: Proxy(), se:cdp: ws://localhost:51181/devtoo..., se:cdpVersion: 97.0.4692.99, setWindowRect: true, strictFileInteractability: false, timeouts: {implicit: 0, pageLoad: 300000, script: 30000}, unhandledPromptBehavior: dismiss and notify, webauthn:extension:credBlob: true, webauthn:extension:largeBlob: true, webauthn:virtualAuthenticators: true}&#10;Session ID: 42cc9c6fb5d84ba2ae0c3caf9a2ec843" type="org.openqa.selenium.NoSuchElementException"><![CDATA[org.openqa.selenium.NoSuchElementException: 
no such element: Unable to locate element: {"method":"css selector","selector":"input[placeholder="Enter your username"]"}
  (Session info: chrome=97.0.4692.99)
For documentation on this error, please visit: https://selenium.dev/exceptions/#no_such_element
Build info: version: '4.0.0', revision: '3a21814679'
System info: host: 'AUL-DEV-03', ip: '10.0.5.63', os.name: 'Windows 10', os.arch: 'amd64', os.version: '10.0', java.version: '1.8.0_261'
Driver info: org.openqa.selenium.chrome.ChromeDriver
Command: [42cc9c6fb5d84ba2ae0c3caf9a2ec843, findElement {using=css selector, value=input[placeholder="Enter your username"]}]
Capabilities {acceptInsecureCerts: false, browserName: chrome, browserVersion: 97.0.4692.99, chrome: {chromedriverVersion: 96.0.4664.45 (76e4c1bb2ab46..., userDataDir: C:\Users\ANKIT~1.SRI\AppDat...}, goog:chromeOptions: {debuggerAddress: localhost:51181}, javascriptEnabled: true, networkConnectionEnabled: false, pageLoadStrategy: normal, platform: WINDOWS, platformName: WINDOWS, proxy: Proxy(), se:cdp: ws://localhost:51181/devtoo..., se:cdpVersion: 97.0.4692.99, setWindowRect: true, strictFileInteractability: false, timeouts: {implicit: 0, pageLoad: 300000, script: 30000}, unhandledPromptBehavior: dismiss and notify, webauthn:extension:credBlob: true, webauthn:extension:largeBlob: true, webauthn:virtualAuthenticators: true}
Session ID: 42cc9c6fb5d84ba2ae0c3caf9a2ec843
	at testsuite.twoProgramContract.login(twoProgramContract.java:23)
]]></failure>
  </testcase>
  <testcase name="createContract1[[Ljava.lang.String;@3d8b319e](1)" classname="testsuite.twoProgramContract" time="0">
    <skipped/>
    <system-out><![CDATA[createContract1 test case started
The name of the testcase Skipped is :createContract1
]]></system-out>
  </testcase>
  <testcase name="createContract1[[Ljava.lang.String;@77e7246b](2)" classname="testsuite.twoProgramContract" time="0">
    <skipped/>
    <system-out><![CDATA[createContract1 test case started
The name of the testcase Skipped is :createContract1
]]></system-out>
  </testcase>
  <testcase name="createContract1[[Ljava.lang.String;@3d7b1f1c](3)" classname="testsuite.twoProgramContract" time="0">
    <skipped/>
    <system-out><![CDATA[createContract1 test case started
The name of the testcase Skipped is :createContract1
]]></system-out>
  </testcase>
  <testcase name="createContract1[[Ljava.lang.String;@1f44ddab](4)" classname="testsuite.twoProgramContract" time="0">
    <skipped/>
    <system-out><![CDATA[createContract1 test case started
The name of the testcase Skipped is :createContract1
]]></system-out>
  </testcase>
  <testcase name="createContract1[[Ljava.lang.String;@65b66b08](5)" classname="testsuite.twoProgramContract" time="0">
    <skipped/>
    <system-out><![CDATA[createContract1 test case started
The name of the testcase Skipped is :createContract1
]]></system-out>
  </testcase>
  <testcase name="createContract1[[Ljava.lang.String;@7eb6b6b6](6)" classname="testsuite.twoProgramContract" time="0">
    <skipped/>
    <system-out><![CDATA[createContract1 test case started
The name of the testcase Skipped is :createContract1
]]></system-out>
  </testcase>
  <testcase name="createContract1[[Ljava.lang.String;@28e19366](7)" classname="testsuite.twoProgramContract" time="0">
    <skipped/>
    <system-out><![CDATA[createContract1 test case started
The name of the testcase Skipped is :createContract1
]]></system-out>
  </testcase>
  <testcase name="createContract1[[Ljava.lang.String;@10ef5fa0](8)" classname="testsuite.twoProgramContract" time="0">
    <skipped/>
    <system-out><![CDATA[createContract1 test case started
The name of the testcase Skipped is :createContract1
]]></system-out>
  </testcase>
  <testcase name="close" classname="testsuite.twoProgramContract" time="0">
    <skipped/>
  </testcase>
  <testcase name="dropdownDetails[Dealer7032823, 4558600, dealer](1)" classname="testsuite.earlyClaims_test" time="30.406">
    <failure message="expected [false] but found [true]" type="java.lang.AssertionError"><![CDATA[java.lang.AssertionError: expected [false] but found [true]
	at testsuite.earlyClaims_test.dropdownDetails(earlyClaims_test.java:76)
]]></failure>
    <system-out><![CDATA[dropdownDetails test case started
dropdownDetails dealer
********FAIL***********dropdownDetails dealer
The name of the testcase failed is :dropdownDetails
]]></system-out>
  </testcase>
  <testcase name="dropdownDetails[Agent110, Since1996, agent](2)" classname="testsuite.earlyClaims_test" time="30.252">
    <failure message="expected [false] but found [true]" type="java.lang.AssertionError"><![CDATA[java.lang.AssertionError: expected [false] but found [true]
	at testsuite.earlyClaims_test.dropdownDetails(earlyClaims_test.java:76)
]]></failure>
    <system-out><![CDATA[dropdownDetails test case started
dropdownDetails agent
********FAIL***********dropdownDetails agent
The name of the testcase failed is :dropdownDetails
]]></system-out>
  </testcase>
  <testcase name="dropdownDetails[f30, spp1, lender](3)" classname="testsuite.earlyClaims_test" time="30.232">
    <failure message="expected [false] but found [true]" type="java.lang.AssertionError"><![CDATA[java.lang.AssertionError: expected [false] but found [true]
	at testsuite.earlyClaims_test.dropdownDetails(earlyClaims_test.java:76)
]]></failure>
    <system-out><![CDATA[dropdownDetails test case started
dropdownDetails lender
********FAIL***********dropdownDetails lender
The name of the testcase failed is :dropdownDetails
]]></system-out>
  </testcase>
  <testcase name="dropdownDetails[sgrace, Police0201, dealeremp](4)" classname="testsuite.earlyClaims_test" time="30.225">
    <failure message="expected [false] but found [true]" type="java.lang.AssertionError"><![CDATA[java.lang.AssertionError: expected [false] but found [true]
	at testsuite.earlyClaims_test.dropdownDetails(earlyClaims_test.java:76)
]]></failure>
    <system-out><![CDATA[dropdownDetails test case started
dropdownDetails dealeremp
********FAIL***********dropdownDetails dealeremp
The name of the testcase failed is :dropdownDetails
]]></system-out>
  </testcase>
  <testcase name="gridDetails[Dealer7032823, 4558600, dealer](1)" classname="testsuite.earlyClaims_test" time="31.456">
    <system-out><![CDATA[gridDetails test case started
gridDetails dealer
headerdetailsUI: [Auto Details:, Sale Date:, Year:, Mileage:, Days to R.O.:, Days to Pay:, Claim Date:, Sale to Claim Days:, Sale to Claim Miles:]
valuedetailsUI: [Honda Civic, 05/29/2020, 2015, 60575, 11, 31, 06/09/2020, 11, 468]
headerdetailsUI: [Auto Details:, Sale Date:, Year:, Mileage:, Days to R.O.:, Days to Pay:, Claim Date:, Sale to Claim Days:, Sale to Claim Miles:]
allHeaderNames: [, Last Name, Contract, VIN, Payee, Claim Amount, , ]
No of rows in grid: 25
Complete Grid data: {1={Last Name=QLLGERUG, Contract=FE095604E20R, VIN=095604, Payee=Automaxx of the Carolinas, Claim Amount=$275.98, =View Details}, 2={Last Name=AOZANIZC, Contract=FSLFE116332F21, VIN=116332, Payee=Vehicle Administration Service, Claim Amount=$54.75, =View Details}, 3={Last Name=LJDSKHRN, Contract=DE049480K9R, VIN=049480, Payee=Automaxx of the Carolinas, Claim Amount=$350.24, =View Details}, 4={Last Name=VETURCHK, Contract=EE085137G9R, VIN=085137, Payee=Automaxx of the Carolinas, Claim Amount=$0.00, =View Details}, 5={Last Name=VBDFRLRR, Contract=RNLFE086077F21, VIN=086077, Payee=Automaxx of the Carolinas, Claim Amount=$202.69, =View Details}, 6={Last Name=SBLGMSOW, Contract=OLWCE065940L20, VIN=065940, Payee=Automaxx of the Carolinas, Claim Amount=$368.50, =View Details}, 7={Last Name=JJUKMPEG, Contract=DE026333E20R, VIN=026333, Payee=Automaxx of the Carolinas, Claim Amount=$701.02, =View Details}, 8={Last Name=PHUXIAWK, Contract=RNFHE016908E21, VIN=016908, Payee=Automaxx of the Carolinas, Claim Amount=$587.32, =View Details}, 9={Last Name=EARHFTIK, Contract=8F148781G8, VIN=148781, Payee=Automaxx of the Carolinas, Claim Amount=$1,145.60, =View Details}, 10={Last Name=QGSWONJH, Contract=AN195880I8R, VIN=195880, Payee=Automaxx of the Carolinas, Claim Amount=$0.00, =View Details}, 11={Last Name=QGSWONJH, Contract=AN195880I8R, VIN=195880, Payee=Automaxx of the Carolinas, Claim Amount=$0.00, =View Details}, 12={Last Name=QGCTAYFB, Contract=RAWDN510313K21, VIN=510313, Payee=Automaxx of the Carolinas, Claim Amount=$0.00, =View Details}, 13={Last Name=BVJRADZH, Contract=RNLDN600257F21, VIN=600257, Payee=Automaxx of the Carolinas, Claim Amount=$228.84, =View Details}, 14={Last Name=PRXYPAYY, Contract=CN158786B0R, VIN=158786, Payee=Automaxx of the Carolinas, Claim Amount=$0.00, =View Details}, 15={Last Name=LZQATBHM, Contract=RNLFN716377J21, VIN=716377, Payee=Warner Robins Chrysler Jeep Do, Claim Amount=$129.88, =View Details}, 16={Last Name=DWZAWYLS, Contract=RNLFN654555F21, VIN=654555, Payee=Automaxx of the Carolinas, Claim Amount=$529.58, =View Details}, 17={Last Name=HBHQBFAM, Contract=RAWFN572626K21, VIN=572626, Payee=Automaxx of the Carolinas, Claim Amount=$2,327.39, =View Details}, 18={Last Name=SMUFDNAR, Contract=OLWDD700808F21, VIN=700808, Payee=Automaxx of the Carolinas, Claim Amount=$165.88, =View Details}, 19={Last Name=GGUAVMGT, Contract=RAWDL655314A22, VIN=655314, Payee=Automaxx of the Carolinas, Claim Amount=$0.00, =View Details}, 20={Last Name=GGUAVMGT, Contract=RAWDL655314A22, VIN=655314, Payee=Automaxx of the Carolinas, Claim Amount=$478.00, =View Details}, 21={Last Name=XYLRSIND, Contract=FSLGL235959I21, VIN=235959, Payee=Automaxx of the Carolinas, Claim Amount=$342.56, =View Details}, 22={Last Name=IKLEXXSW, Contract=RNFFL609950F20, VIN=609950, Payee=Automaxx of the Carolinas, Claim Amount=$5,747.63, =View Details}, 23={Last Name=EPLVEVGM, Contract=RNLFL710257H21, VIN=710257, Payee=Automaxx of the Carolinas, Claim Amount=$342.16, =View Details}, 24={Last Name=UFMGUECG, Contract=EL266124J8R, VIN=266124, Payee=Automaxx of the Carolinas, Claim Amount=$599.98, =View Details}, 25={Last Name=KUUNAJGJ, Contract=RNFGD804118K20, VIN=804118, Payee=Automaxx of the Carolinas, Claim Amount=$280.41, =View Details}}
{1={Last Name=QLLGERUG, Contract=FE095604E20R, VIN=095604, Payee=Automaxx of the Carolinas, Claim Amount=$275.98, =View Details}, 2={Last Name=AOZANIZC, Contract=FSLFE116332F21, VIN=116332, Payee=Vehicle Administration Service, Claim Amount=$54.75, =View Details}, 3={Last Name=LJDSKHRN, Contract=DE049480K9R, VIN=049480, Payee=Automaxx of the Carolinas, Claim Amount=$350.24, =View Details}, 4={Last Name=VETURCHK, Contract=EE085137G9R, VIN=085137, Payee=Automaxx of the Carolinas, Claim Amount=$0.00, =View Details}, 5={Last Name=VBDFRLRR, Contract=RNLFE086077F21, VIN=086077, Payee=Automaxx of the Carolinas, Claim Amount=$202.69, =View Details}, 6={Last Name=SBLGMSOW, Contract=OLWCE065940L20, VIN=065940, Payee=Automaxx of the Carolinas, Claim Amount=$368.50, =View Details}, 7={Last Name=JJUKMPEG, Contract=DE026333E20R, VIN=026333, Payee=Automaxx of the Carolinas, Claim Amount=$701.02, =View Details}, 8={Last Name=PHUXIAWK, Contract=RNFHE016908E21, VIN=016908, Payee=Automaxx of the Carolinas, Claim Amount=$587.32, =View Details}, 9={Last Name=EARHFTIK, Contract=8F148781G8, VIN=148781, Payee=Automaxx of the Carolinas, Claim Amount=$1,145.60, =View Details}, 10={Last Name=QGSWONJH, Contract=AN195880I8R, VIN=195880, Payee=Automaxx of the Carolinas, Claim Amount=$0.00, =View Details}, 11={Last Name=QGSWONJH, Contract=AN195880I8R, VIN=195880, Payee=Automaxx of the Carolinas, Claim Amount=$0.00, =View Details}, 12={Last Name=QGCTAYFB, Contract=RAWDN510313K21, VIN=510313, Payee=Automaxx of the Carolinas, Claim Amount=$0.00, =View Details}, 13={Last Name=BVJRADZH, Contract=RNLDN600257F21, VIN=600257, Payee=Automaxx of the Carolinas, Claim Amount=$228.84, =View Details}, 14={Last Name=PRXYPAYY, Contract=CN158786B0R, VIN=158786, Payee=Automaxx of the Carolinas, Claim Amount=$0.00, =View Details}, 15={Last Name=LZQATBHM, Contract=RNLFN716377J21, VIN=716377, Payee=Warner Robins Chrysler Jeep Do, Claim Amount=$129.88, =View Details}, 16={Last Name=DWZAWYLS, Contract=RNLFN654555F21, VIN=654555, Payee=Automaxx of the Carolinas, Claim Amount=$529.58, =View Details}, 17={Last Name=HBHQBFAM, Contract=RAWFN572626K21, VIN=572626, Payee=Automaxx of the Carolinas, Claim Amount=$2,327.39, =View Details}, 18={Last Name=SMUFDNAR, Contract=OLWDD700808F21, VIN=700808, Payee=Automaxx of the Carolinas, Claim Amount=$165.88, =View Details}, 19={Last Name=GGUAVMGT, Contract=RAWDL655314A22, VIN=655314, Payee=Automaxx of the Carolinas, Claim Amount=$0.00, =View Details}, 20={Last Name=GGUAVMGT, Contract=RAWDL655314A22, VIN=655314, Payee=Automaxx of the Carolinas, Claim Amount=$478.00, =View Details}, 21={Last Name=XYLRSIND, Contract=FSLGL235959I21, VIN=235959, Payee=Automaxx of the Carolinas, Claim Amount=$342.56, =View Details}, 22={Last Name=IKLEXXSW, Contract=RNFFL609950F20, VIN=609950, Payee=Automaxx of the Carolinas, Claim Amount=$5,747.63, =View Details}, 23={Last Name=EPLVEVGM, Contract=RNLFL710257H21, VIN=710257, Payee=Automaxx of the Carolinas, Claim Amount=$342.16, =View Details}, 24={Last Name=UFMGUECG, Contract=EL266124J8R, VIN=266124, Payee=Automaxx of the Carolinas, Claim Amount=$599.98, =View Details}, 25={Last Name=KUUNAJGJ, Contract=RNFGD804118K20, VIN=804118, Payee=Automaxx of the Carolinas, Claim Amount=$280.41, =View Details}}
rangeMessageUI: Showing 1 to 25 of 511 records
lb: 1
ub: 25
totalRows: 511
totalpages:21
gridDetails enddealer
The name of the testcase passed is :gridDetails
]]></system-out>
  </testcase>
  <testcase name="gridDetails[Agent110, Since1996, agent](2)" classname="testsuite.earlyClaims_test" time="33.243">
    <system-out><![CDATA[gridDetails test case started
gridDetails agent
headerdetailsUI: [Auto Details:, Sale Date:, Year:, Mileage:, Days to R.O.:, Days to Pay:, Claim Date:, Sale to Claim Days:, Sale to Claim Miles:]
valuedetailsUI: [Dodge Caliber, 01/03/2020, 2012, 131631, 11, 59, 01/14/2020, 10, 104]
headerdetailsUI: [Auto Details:, Sale Date:, Year:, Mileage:, Days to R.O.:, Days to Pay:, Claim Date:, Sale to Claim Days:, Sale to Claim Miles:]
allHeaderNames: [, Dealer Id, Dealer Name, Last Name, Contract, VIN, Payee, Claim Amount, , ]
No of rows in grid: 25
Complete Grid data: {1={Dealer Id=38226, Dealer Name=3 Boys Classic Towing & Auto Sales, Last Name=BXCMKZOX, Contract=CD527348A0, VIN=527348, Payee=Vehicle Administration Service, Claim Amount=$46.25, =View Details}, 2={Dealer Id=19522, Dealer Name=Angel Motors Inc, Last Name=PICYIYNH, Contract=SNICB004819J21, VIN=004819, Payee=Manly Honda, Claim Amount=$0.00, =View Details}, 3={Dealer Id=19522, Dealer Name=Angel Motors Inc, Last Name=PEVPILAE, Contract=SNIDS176023G21, VIN=176023, Payee=Jimmy Vasser Toyota, Claim Amount=$956.23, =View Details}, 4={Dealer Id=13269, Dealer Name=Carriage Motors, Last Name=AXYTEEWR, Contract=SNEAJ207998J20, VIN=207998, Payee=Cricket Inc Hensley's Auto, Claim Amount=$221.89, =View Details}, 5={Dealer Id=13269, Dealer Name=Carriage Motors, Last Name=PLLLPIVJ, Contract=AH244561K9, VIN=244561, Payee=BNC Auto Repair, Claim Amount=$390.95, =View Details}, 6={Dealer Id=13269, Dealer Name=Carriage Motors, Last Name=LVVSFDKP, Contract=B6346952C9, VIN=346952, Payee=Platinum Chevrolet, Claim Amount=$0.00, =View Details}, 7={Dealer Id=13269, Dealer Name=Carriage Motors, Last Name=MMOCORGQ, Contract=SNE67336151B21, VIN=336151, Payee=Econo Lube N' Tune, Claim Amount=$459.75, =View Details}, 8={Dealer Id=13269, Dealer Name=Carriage Motors, Last Name=ERSDUUSO, Contract=7A006419A9, VIN=006419, Payee=Hansel Acura, Claim Amount=$0.00, =View Details}, 9={Dealer Id=13269, Dealer Name=Carriage Motors, Last Name=SCGSXPBD, Contract=SNI6M507228H21, VIN=507228, Payee=Cricket Inc Hensley's Auto, Claim Amount=$334.46, =View Details}, 10={Dealer Id=13269, Dealer Name=Carriage Motors, Last Name=AZNFBNMX, Contract=7FZ78584G8, VIN=Z78584, Payee=Hansel BMW, Claim Amount=$2,865.40, =View Details}, 11={Dealer Id=12997, Dealer Name=Courtesy Used Cars, Last Name=ZODFXSZZ, Contract=5C428659E20Y, VIN=428659, Payee=McCrea Motors, Claim Amount=$0.00, =View Details}, 12={Dealer Id=39582, Dealer Name=D Auto Sales, Last Name=QPDDQIBN, Contract=UFC45101574E21, VIN=101574, Payee=City Center Cars & Trucks, Claim Amount=$723.36, =View Details}, 13={Dealer Id=42122, Dealer Name=Earnest Auto Sales, Last Name=BOEWPUJJ, Contract=UFCF7128002H20, VIN=128002, Payee=BL Performance, Claim Amount=$0.00, =View Details}, 14={Dealer Id=42122, Dealer Name=Earnest Auto Sales, Last Name=TDESWGWY, Contract=7L057432A9, VIN=057432, Payee=Oakland Auto, Claim Amount=$0.00, =View Details}, 15={Dealer Id=42122, Dealer Name=Earnest Auto Sales, Last Name=PRCUDYIM, Contract=DR627029G9, VIN=627029, Payee=Vehicle Administration Service, Claim Amount=$71.25, =View Details}, 16={Dealer Id=42122, Dealer Name=Earnest Auto Sales, Last Name=PRCUDYIM, Contract=DR627029G9, VIN=627029, Payee=Vehicle Administration Service, Claim Amount=$71.25, =View Details}, 17={Dealer Id=42122, Dealer Name=Earnest Auto Sales, Last Name=YADTVYSX, Contract=WZ041963D9, VIN=041963, Payee=Tyrell's Auto Service, Claim Amount=$0.00, =View Details}, 18={Dealer Id=47952, Dealer Name=Encore Motor Group, Last Name=CZPFNDNV, Contract=DL337880I8, VIN=337880, Payee=Future Ford, Claim Amount=$0.00, =View Details}, 19={Dealer Id=47952, Dealer Name=Encore Motor Group, Last Name=CZPFNDNV, Contract=DL337880I8, VIN=337880, Payee=Downtown Ford Sales, Claim Amount=$419.67, =View Details}, 20={Dealer Id=47952, Dealer Name=Encore Motor Group, Last Name=MJHWCBTX, Contract=SNIG0189755G21, VIN=189755, Payee=Bill Dickason Cheverolet, Claim Amount=$0.00, =View Details}, 21={Dealer Id=47952, Dealer Name=Encore Motor Group, Last Name=KZOMUGLE, Contract=GBA12702L9, VIN=A12702, Payee=Vehicle Administration Service, Claim Amount=$39.25, =View Details}, 22={Dealer Id=47952, Dealer Name=Encore Motor Group, Last Name=JHEBAXYU, Contract=FR163837B0, VIN=163837, Payee=Manteca Ford, Claim Amount=$623.00, =View Details}, 23={Dealer Id=47952, Dealer Name=Encore Motor Group, Last Name=ORBBLSUS, Contract=SNEEKN36206A21, VIN=N36206, Payee=GS Tuning, Claim Amount=$0.00, =View Details}, 24={Dealer Id=47952, Dealer Name=Encore Motor Group, Last Name=QDCIYALR, Contract=FE827126L8, VIN=827126, Payee=Vehicle Administration Service, Claim Amount=$37.25, =View Details}, 25={Dealer Id=47952, Dealer Name=Encore Motor Group, Last Name=QDCIYALR, Contract=FE827126L8, VIN=827126, Payee=Vehicle Administration Service, Claim Amount=$37.25, =View Details}}
{1={Dealer Id=38226, Dealer Name=3 Boys Classic Towing & Auto Sales, Last Name=BXCMKZOX, Contract=CD527348A0, VIN=527348, Payee=Vehicle Administration Service, Claim Amount=$46.25, =View Details}, 2={Dealer Id=19522, Dealer Name=Angel Motors Inc, Last Name=PICYIYNH, Contract=SNICB004819J21, VIN=004819, Payee=Manly Honda, Claim Amount=$0.00, =View Details}, 3={Dealer Id=19522, Dealer Name=Angel Motors Inc, Last Name=PEVPILAE, Contract=SNIDS176023G21, VIN=176023, Payee=Jimmy Vasser Toyota, Claim Amount=$956.23, =View Details}, 4={Dealer Id=13269, Dealer Name=Carriage Motors, Last Name=AXYTEEWR, Contract=SNEAJ207998J20, VIN=207998, Payee=Cricket Inc Hensley's Auto, Claim Amount=$221.89, =View Details}, 5={Dealer Id=13269, Dealer Name=Carriage Motors, Last Name=PLLLPIVJ, Contract=AH244561K9, VIN=244561, Payee=BNC Auto Repair, Claim Amount=$390.95, =View Details}, 6={Dealer Id=13269, Dealer Name=Carriage Motors, Last Name=LVVSFDKP, Contract=B6346952C9, VIN=346952, Payee=Platinum Chevrolet, Claim Amount=$0.00, =View Details}, 7={Dealer Id=13269, Dealer Name=Carriage Motors, Last Name=MMOCORGQ, Contract=SNE67336151B21, VIN=336151, Payee=Econo Lube N' Tune, Claim Amount=$459.75, =View Details}, 8={Dealer Id=13269, Dealer Name=Carriage Motors, Last Name=ERSDUUSO, Contract=7A006419A9, VIN=006419, Payee=Hansel Acura, Claim Amount=$0.00, =View Details}, 9={Dealer Id=13269, Dealer Name=Carriage Motors, Last Name=SCGSXPBD, Contract=SNI6M507228H21, VIN=507228, Payee=Cricket Inc Hensley's Auto, Claim Amount=$334.46, =View Details}, 10={Dealer Id=13269, Dealer Name=Carriage Motors, Last Name=AZNFBNMX, Contract=7FZ78584G8, VIN=Z78584, Payee=Hansel BMW, Claim Amount=$2,865.40, =View Details}, 11={Dealer Id=12997, Dealer Name=Courtesy Used Cars, Last Name=ZODFXSZZ, Contract=5C428659E20Y, VIN=428659, Payee=McCrea Motors, Claim Amount=$0.00, =View Details}, 12={Dealer Id=39582, Dealer Name=D Auto Sales, Last Name=QPDDQIBN, Contract=UFC45101574E21, VIN=101574, Payee=City Center Cars & Trucks, Claim Amount=$723.36, =View Details}, 13={Dealer Id=42122, Dealer Name=Earnest Auto Sales, Last Name=BOEWPUJJ, Contract=UFCF7128002H20, VIN=128002, Payee=BL Performance, Claim Amount=$0.00, =View Details}, 14={Dealer Id=42122, Dealer Name=Earnest Auto Sales, Last Name=TDESWGWY, Contract=7L057432A9, VIN=057432, Payee=Oakland Auto, Claim Amount=$0.00, =View Details}, 15={Dealer Id=42122, Dealer Name=Earnest Auto Sales, Last Name=PRCUDYIM, Contract=DR627029G9, VIN=627029, Payee=Vehicle Administration Service, Claim Amount=$71.25, =View Details}, 16={Dealer Id=42122, Dealer Name=Earnest Auto Sales, Last Name=PRCUDYIM, Contract=DR627029G9, VIN=627029, Payee=Vehicle Administration Service, Claim Amount=$71.25, =View Details}, 17={Dealer Id=42122, Dealer Name=Earnest Auto Sales, Last Name=YADTVYSX, Contract=WZ041963D9, VIN=041963, Payee=Tyrell's Auto Service, Claim Amount=$0.00, =View Details}, 18={Dealer Id=47952, Dealer Name=Encore Motor Group, Last Name=CZPFNDNV, Contract=DL337880I8, VIN=337880, Payee=Future Ford, Claim Amount=$0.00, =View Details}, 19={Dealer Id=47952, Dealer Name=Encore Motor Group, Last Name=CZPFNDNV, Contract=DL337880I8, VIN=337880, Payee=Downtown Ford Sales, Claim Amount=$419.67, =View Details}, 20={Dealer Id=47952, Dealer Name=Encore Motor Group, Last Name=MJHWCBTX, Contract=SNIG0189755G21, VIN=189755, Payee=Bill Dickason Cheverolet, Claim Amount=$0.00, =View Details}, 21={Dealer Id=47952, Dealer Name=Encore Motor Group, Last Name=KZOMUGLE, Contract=GBA12702L9, VIN=A12702, Payee=Vehicle Administration Service, Claim Amount=$39.25, =View Details}, 22={Dealer Id=47952, Dealer Name=Encore Motor Group, Last Name=JHEBAXYU, Contract=FR163837B0, VIN=163837, Payee=Manteca Ford, Claim Amount=$623.00, =View Details}, 23={Dealer Id=47952, Dealer Name=Encore Motor Group, Last Name=ORBBLSUS, Contract=SNEEKN36206A21, VIN=N36206, Payee=GS Tuning, Claim Amount=$0.00, =View Details}, 24={Dealer Id=47952, Dealer Name=Encore Motor Group, Last Name=QDCIYALR, Contract=FE827126L8, VIN=827126, Payee=Vehicle Administration Service, Claim Amount=$37.25, =View Details}, 25={Dealer Id=47952, Dealer Name=Encore Motor Group, Last Name=QDCIYALR, Contract=FE827126L8, VIN=827126, Payee=Vehicle Administration Service, Claim Amount=$37.25, =View Details}}
rangeMessageUI: Showing 1 to 25 of 134 records
lb: 1
ub: 25
totalRows: 134
totalpages:6
gridDetails endagent
The name of the testcase passed is :gridDetails
]]></system-out>
  </testcase>
  <testcase name="gridDetails[f30, spp1, lender](3)" classname="testsuite.earlyClaims_test" time="33.253">
    <system-out><![CDATA[gridDetails test case started
gridDetails lender
headerdetailsUI: [Auto Details:, Sale Date:, Year:, Mileage:, Days to R.O.:, Days to Pay:, Claim Date:, Sale to Claim Days:, Sale to Claim Miles:]
valuedetailsUI: [Mercedes-Benz M-Class, 11/14/2021, 2005, 63881, 10, , 11/24/2021, , 1038]
headerdetailsUI: [Auto Details:, Sale Date:, Year:, Mileage:, Days to R.O.:, Days to Pay:, Claim Date:, Sale to Claim Days:, Sale to Claim Miles:]
allHeaderNames: [, Dealer Id, Dealer Name, Last Name, Contract, VIN, Payee, Claim Amount, , ]
No of rows in grid: 25
Complete Grid data: {1={Dealer Id=46326, Dealer Name=3D Auto Sales, Last Name=UEOPRNXG, Contract=PTP5A570354K21, VIN=570354, Payee=Valley Import Center, Claim Amount=$0.00, =View Details}, 2={Dealer Id=71376, Dealer Name=716 Automotive World, Last Name=YERIAKJF, Contract=54175531B0, VIN=175531, Payee=Continental Transmision, Claim Amount=$1,750.00, =View Details}, 3={Dealer Id=71376, Dealer Name=716 Automotive World, Last Name=GDCKPNWT, Contract=SNIC6231453A22, VIN=231453, Payee=Kendzia Tire & Service, Claim Amount=$0.00, =View Details}, 4={Dealer Id=46943, Dealer Name=ACP Auto Wholesalers, Last Name=LCHTXOED, Contract=PTP7J124457K20, VIN=124457, Payee=Ourisman Chevrolet of Bowie, Claim Amount=$0.00, =View Details}, 5={Dealer Id=46279, Dealer Name=Adamson West Llc, Last Name=LTMGCAVA, Contract=8C827480G8, VIN=827480, Payee=Landers McLarty Nissan, Claim Amount=$0.00, =View Details}, 6={Dealer Id=60145, Dealer Name=ADK Auto Sales LLC, Last Name=MBLRZMRY, Contract=PTPGGC14156E20, VIN=C14156, Payee=Joe Myers Ford, Claim Amount=$0.00, =View Details}, 7={Dealer Id=60145, Dealer Name=ADK Auto Sales LLC, Last Name=HSZGFHPJ, Contract=PTPDUA11480L21, VIN=A11480, Payee=Aamco Transmissions and Total, Claim Amount=$0.00, =View Details}, 8={Dealer Id=60145, Dealer Name=ADK Auto Sales LLC, Last Name=AEPMQAHZ, Contract=PTPFR263580I20, VIN=263580, Payee=5 Star Auto, Claim Amount=$0.00, =View Details}, 9={Dealer Id=60145, Dealer Name=ADK Auto Sales LLC, Last Name=YIGIXDWM, Contract=EG249659H9, VIN=249659, Payee=ADK Auto Sales LLC, Claim Amount=$1,798.35, =View Details}, 10={Dealer Id=49420, Dealer Name=Advanced Auto Sales & Repair, Last Name=VHXXRTYD, Contract=SNIFJ322067E21, VIN=322067, Payee=Advanced Auto Sales, Claim Amount=$2,476.20, =View Details}, 11={Dealer Id=73461, Dealer Name=All Star Buick GMC Truck Inc, Last Name=UPLCCBXK, Contract=E6196915A0, VIN=196915, Payee=Sams Discount Tire, Claim Amount=$194.40, =View Details}, 12={Dealer Id=48143, Dealer Name=Alpha Auto Sports, Last Name=VPAGOUIX, Contract=DC533230L9, VIN=533230, Payee=Mid Valley Auto Care, Claim Amount=$477.58, =View Details}, 13={Dealer Id=48143, Dealer Name=Alpha Auto Sports, Last Name=VPAGOUIX, Contract=DC533230L9, VIN=533230, Payee=J & S Auto, Claim Amount=$1,699.63, =View Details}, 14={Dealer Id=48143, Dealer Name=Alpha Auto Sports, Last Name=NFONEJBS, Contract=PTPBC647598F20, VIN=647598, Payee=Go 2 Auto, Claim Amount=$0.00, =View Details}, 15={Dealer Id=48143, Dealer Name=Alpha Auto Sports, Last Name=MXOUBEKO, Contract=PTP7BA59420H20, VIN=A59420, Payee=Vehicle Administration Service, Claim Amount=$51.25, =View Details}, 16={Dealer Id=48143, Dealer Name=Alpha Auto Sports, Last Name=OKRZRYIP, Contract=PTP7M506943I20, VIN=506943, Payee=Future Nissan, Claim Amount=$0.00, =View Details}, 17={Dealer Id=48143, Dealer Name=Alpha Auto Sports, Last Name=RTIRLAGQ, Contract=PTPBC738134E20, VIN=738134, Payee=NIELLO BMW ELK GROVE, Claim Amount=$2,993.92, =View Details}, 18={Dealer Id=79538, Dealer Name=American Automotive Group, Last Name=KZRIJMHT, Contract=SNICZ270870L21, VIN=270870, Payee=Transway Transmissions, Claim Amount=$0.00, =View Details}, 19={Dealer Id=32446, Dealer Name=Ames Ford Lincoln, Last Name=CEWAXYIE, Contract=SXFC1336520F20, VIN=336520, Payee=Ames Ford Lincoln, Claim Amount=$0.00, =View Details}, 20={Dealer Id=14180, Dealer Name=Anderson Chrysler Dodge Jeep, Last Name=IEBGDAXP, Contract=BR675570H9, VIN=675570, Payee=Anderson Chrysler, Claim Amount=$1,217.72, =View Details}, 21={Dealer Id=45226, Dealer Name=Anderson Ford Lincoln, Last Name=TASKUNDJ, Contract=SNL6Z224660H21, VIN=224660, Payee=ANDERSON TOYOTA, Claim Amount=$0.00, =View Details}, 22={Dealer Id=28764, Dealer Name=Anderson Nissan, Last Name=NIRHNISH, Contract=GN512962I8, VIN=512962, Payee=Anderson Nissan, Claim Amount=$638.09, =View Details}, 23={Dealer Id=28764, Dealer Name=Anderson Nissan, Last Name=SKKLVFES, Contract=SDFHY359960G21, VIN=359960, Payee=anderson nissan, Claim Amount=$0.00, =View Details}, 24={Dealer Id=28764, Dealer Name=Anderson Nissan, Last Name=HFJRVWHQ, Contract=AL423351J8, VIN=423351, Payee=Anderson Nissan, Claim Amount=$997.21, =View Details}, 25={Dealer Id=14181, Dealer Name=Anderson Toyota, Last Name=CQLAOBSA, Contract=TFLE7243658G21, VIN=243658, Payee=ANDERSON TOYOTA, Claim Amount=$278.67, =View Details}}
{1={Dealer Id=46326, Dealer Name=3D Auto Sales, Last Name=UEOPRNXG, Contract=PTP5A570354K21, VIN=570354, Payee=Valley Import Center, Claim Amount=$0.00, =View Details}, 2={Dealer Id=71376, Dealer Name=716 Automotive World, Last Name=YERIAKJF, Contract=54175531B0, VIN=175531, Payee=Continental Transmision, Claim Amount=$1,750.00, =View Details}, 3={Dealer Id=71376, Dealer Name=716 Automotive World, Last Name=GDCKPNWT, Contract=SNIC6231453A22, VIN=231453, Payee=Kendzia Tire & Service, Claim Amount=$0.00, =View Details}, 4={Dealer Id=46943, Dealer Name=ACP Auto Wholesalers, Last Name=LCHTXOED, Contract=PTP7J124457K20, VIN=124457, Payee=Ourisman Chevrolet of Bowie, Claim Amount=$0.00, =View Details}, 5={Dealer Id=46279, Dealer Name=Adamson West Llc, Last Name=LTMGCAVA, Contract=8C827480G8, VIN=827480, Payee=Landers McLarty Nissan, Claim Amount=$0.00, =View Details}, 6={Dealer Id=60145, Dealer Name=ADK Auto Sales LLC, Last Name=MBLRZMRY, Contract=PTPGGC14156E20, VIN=C14156, Payee=Joe Myers Ford, Claim Amount=$0.00, =View Details}, 7={Dealer Id=60145, Dealer Name=ADK Auto Sales LLC, Last Name=HSZGFHPJ, Contract=PTPDUA11480L21, VIN=A11480, Payee=Aamco Transmissions and Total, Claim Amount=$0.00, =View Details}, 8={Dealer Id=60145, Dealer Name=ADK Auto Sales LLC, Last Name=AEPMQAHZ, Contract=PTPFR263580I20, VIN=263580, Payee=5 Star Auto, Claim Amount=$0.00, =View Details}, 9={Dealer Id=60145, Dealer Name=ADK Auto Sales LLC, Last Name=YIGIXDWM, Contract=EG249659H9, VIN=249659, Payee=ADK Auto Sales LLC, Claim Amount=$1,798.35, =View Details}, 10={Dealer Id=49420, Dealer Name=Advanced Auto Sales & Repair, Last Name=VHXXRTYD, Contract=SNIFJ322067E21, VIN=322067, Payee=Advanced Auto Sales, Claim Amount=$2,476.20, =View Details}, 11={Dealer Id=73461, Dealer Name=All Star Buick GMC Truck Inc, Last Name=UPLCCBXK, Contract=E6196915A0, VIN=196915, Payee=Sams Discount Tire, Claim Amount=$194.40, =View Details}, 12={Dealer Id=48143, Dealer Name=Alpha Auto Sports, Last Name=VPAGOUIX, Contract=DC533230L9, VIN=533230, Payee=Mid Valley Auto Care, Claim Amount=$477.58, =View Details}, 13={Dealer Id=48143, Dealer Name=Alpha Auto Sports, Last Name=VPAGOUIX, Contract=DC533230L9, VIN=533230, Payee=J & S Auto, Claim Amount=$1,699.63, =View Details}, 14={Dealer Id=48143, Dealer Name=Alpha Auto Sports, Last Name=NFONEJBS, Contract=PTPBC647598F20, VIN=647598, Payee=Go 2 Auto, Claim Amount=$0.00, =View Details}, 15={Dealer Id=48143, Dealer Name=Alpha Auto Sports, Last Name=MXOUBEKO, Contract=PTP7BA59420H20, VIN=A59420, Payee=Vehicle Administration Service, Claim Amount=$51.25, =View Details}, 16={Dealer Id=48143, Dealer Name=Alpha Auto Sports, Last Name=OKRZRYIP, Contract=PTP7M506943I20, VIN=506943, Payee=Future Nissan, Claim Amount=$0.00, =View Details}, 17={Dealer Id=48143, Dealer Name=Alpha Auto Sports, Last Name=RTIRLAGQ, Contract=PTPBC738134E20, VIN=738134, Payee=NIELLO BMW ELK GROVE, Claim Amount=$2,993.92, =View Details}, 18={Dealer Id=79538, Dealer Name=American Automotive Group, Last Name=KZRIJMHT, Contract=SNICZ270870L21, VIN=270870, Payee=Transway Transmissions, Claim Amount=$0.00, =View Details}, 19={Dealer Id=32446, Dealer Name=Ames Ford Lincoln, Last Name=CEWAXYIE, Contract=SXFC1336520F20, VIN=336520, Payee=Ames Ford Lincoln, Claim Amount=$0.00, =View Details}, 20={Dealer Id=14180, Dealer Name=Anderson Chrysler Dodge Jeep, Last Name=IEBGDAXP, Contract=BR675570H9, VIN=675570, Payee=Anderson Chrysler, Claim Amount=$1,217.72, =View Details}, 21={Dealer Id=45226, Dealer Name=Anderson Ford Lincoln, Last Name=TASKUNDJ, Contract=SNL6Z224660H21, VIN=224660, Payee=ANDERSON TOYOTA, Claim Amount=$0.00, =View Details}, 22={Dealer Id=28764, Dealer Name=Anderson Nissan, Last Name=NIRHNISH, Contract=GN512962I8, VIN=512962, Payee=Anderson Nissan, Claim Amount=$638.09, =View Details}, 23={Dealer Id=28764, Dealer Name=Anderson Nissan, Last Name=SKKLVFES, Contract=SDFHY359960G21, VIN=359960, Payee=anderson nissan, Claim Amount=$0.00, =View Details}, 24={Dealer Id=28764, Dealer Name=Anderson Nissan, Last Name=HFJRVWHQ, Contract=AL423351J8, VIN=423351, Payee=Anderson Nissan, Claim Amount=$997.21, =View Details}, 25={Dealer Id=14181, Dealer Name=Anderson Toyota, Last Name=CQLAOBSA, Contract=TFLE7243658G21, VIN=243658, Payee=ANDERSON TOYOTA, Claim Amount=$278.67, =View Details}}
rangeMessageUI: Showing 1 to 25 of 654 records
lb: 1
ub: 25
totalRows: 654
totalpages:27
gridDetails endlender
The name of the testcase passed is :gridDetails
]]></system-out>
  </testcase>
  <testcase name="gridDetails[sgrace, Police0201, dealeremp](4)" classname="testsuite.earlyClaims_test" time="31.476">
    <system-out><![CDATA[gridDetails test case started
gridDetails dealeremp
headerdetailsUI: [Auto Details:, Sale Date:, Year:, Mileage:, Days to R.O.:, Days to Pay:, Claim Date:, Sale to Claim Days:, Sale to Claim Miles:]
valuedetailsUI: [Honda Civic, 05/29/2020, 2015, 60575, 11, 31, 06/09/2020, 11, 468]
headerdetailsUI: [Auto Details:, Sale Date:, Year:, Mileage:, Days to R.O.:, Days to Pay:, Claim Date:, Sale to Claim Days:, Sale to Claim Miles:]
allHeaderNames: [, Last Name, Contract, VIN, Payee, Claim Amount, , ]
No of rows in grid: 25
Complete Grid data: {1={Last Name=QLLGERUG, Contract=FE095604E20R, VIN=095604, Payee=Automaxx of the Carolinas, Claim Amount=$275.98, =View Details}, 2={Last Name=AOZANIZC, Contract=FSLFE116332F21, VIN=116332, Payee=Vehicle Administration Service, Claim Amount=$54.75, =View Details}, 3={Last Name=LJDSKHRN, Contract=DE049480K9R, VIN=049480, Payee=Automaxx of the Carolinas, Claim Amount=$350.24, =View Details}, 4={Last Name=VETURCHK, Contract=EE085137G9R, VIN=085137, Payee=Automaxx of the Carolinas, Claim Amount=$0.00, =View Details}, 5={Last Name=VBDFRLRR, Contract=RNLFE086077F21, VIN=086077, Payee=Automaxx of the Carolinas, Claim Amount=$202.69, =View Details}, 6={Last Name=SBLGMSOW, Contract=OLWCE065940L20, VIN=065940, Payee=Automaxx of the Carolinas, Claim Amount=$368.50, =View Details}, 7={Last Name=JJUKMPEG, Contract=DE026333E20R, VIN=026333, Payee=Automaxx of the Carolinas, Claim Amount=$701.02, =View Details}, 8={Last Name=PHUXIAWK, Contract=RNFHE016908E21, VIN=016908, Payee=Automaxx of the Carolinas, Claim Amount=$587.32, =View Details}, 9={Last Name=EARHFTIK, Contract=8F148781G8, VIN=148781, Payee=Automaxx of the Carolinas, Claim Amount=$1,145.60, =View Details}, 10={Last Name=QGSWONJH, Contract=AN195880I8R, VIN=195880, Payee=Automaxx of the Carolinas, Claim Amount=$0.00, =View Details}, 11={Last Name=QGSWONJH, Contract=AN195880I8R, VIN=195880, Payee=Automaxx of the Carolinas, Claim Amount=$0.00, =View Details}, 12={Last Name=QGCTAYFB, Contract=RAWDN510313K21, VIN=510313, Payee=Automaxx of the Carolinas, Claim Amount=$0.00, =View Details}, 13={Last Name=BVJRADZH, Contract=RNLDN600257F21, VIN=600257, Payee=Automaxx of the Carolinas, Claim Amount=$228.84, =View Details}, 14={Last Name=PRXYPAYY, Contract=CN158786B0R, VIN=158786, Payee=Automaxx of the Carolinas, Claim Amount=$0.00, =View Details}, 15={Last Name=LZQATBHM, Contract=RNLFN716377J21, VIN=716377, Payee=Warner Robins Chrysler Jeep Do, Claim Amount=$129.88, =View Details}, 16={Last Name=DWZAWYLS, Contract=RNLFN654555F21, VIN=654555, Payee=Automaxx of the Carolinas, Claim Amount=$529.58, =View Details}, 17={Last Name=HBHQBFAM, Contract=RAWFN572626K21, VIN=572626, Payee=Automaxx of the Carolinas, Claim Amount=$2,327.39, =View Details}, 18={Last Name=SMUFDNAR, Contract=OLWDD700808F21, VIN=700808, Payee=Automaxx of the Carolinas, Claim Amount=$165.88, =View Details}, 19={Last Name=GGUAVMGT, Contract=RAWDL655314A22, VIN=655314, Payee=Automaxx of the Carolinas, Claim Amount=$0.00, =View Details}, 20={Last Name=GGUAVMGT, Contract=RAWDL655314A22, VIN=655314, Payee=Automaxx of the Carolinas, Claim Amount=$478.00, =View Details}, 21={Last Name=XYLRSIND, Contract=FSLGL235959I21, VIN=235959, Payee=Automaxx of the Carolinas, Claim Amount=$342.56, =View Details}, 22={Last Name=IKLEXXSW, Contract=RNFFL609950F20, VIN=609950, Payee=Automaxx of the Carolinas, Claim Amount=$5,747.63, =View Details}, 23={Last Name=EPLVEVGM, Contract=RNLFL710257H21, VIN=710257, Payee=Automaxx of the Carolinas, Claim Amount=$342.16, =View Details}, 24={Last Name=UFMGUECG, Contract=EL266124J8R, VIN=266124, Payee=Automaxx of the Carolinas, Claim Amount=$599.98, =View Details}, 25={Last Name=KUUNAJGJ, Contract=RNFGD804118K20, VIN=804118, Payee=Automaxx of the Carolinas, Claim Amount=$280.41, =View Details}}
{1={Last Name=QLLGERUG, Contract=FE095604E20R, VIN=095604, Payee=Automaxx of the Carolinas, Claim Amount=$275.98, =View Details}, 2={Last Name=AOZANIZC, Contract=FSLFE116332F21, VIN=116332, Payee=Vehicle Administration Service, Claim Amount=$54.75, =View Details}, 3={Last Name=LJDSKHRN, Contract=DE049480K9R, VIN=049480, Payee=Automaxx of the Carolinas, Claim Amount=$350.24, =View Details}, 4={Last Name=VETURCHK, Contract=EE085137G9R, VIN=085137, Payee=Automaxx of the Carolinas, Claim Amount=$0.00, =View Details}, 5={Last Name=VBDFRLRR, Contract=RNLFE086077F21, VIN=086077, Payee=Automaxx of the Carolinas, Claim Amount=$202.69, =View Details}, 6={Last Name=SBLGMSOW, Contract=OLWCE065940L20, VIN=065940, Payee=Automaxx of the Carolinas, Claim Amount=$368.50, =View Details}, 7={Last Name=JJUKMPEG, Contract=DE026333E20R, VIN=026333, Payee=Automaxx of the Carolinas, Claim Amount=$701.02, =View Details}, 8={Last Name=PHUXIAWK, Contract=RNFHE016908E21, VIN=016908, Payee=Automaxx of the Carolinas, Claim Amount=$587.32, =View Details}, 9={Last Name=EARHFTIK, Contract=8F148781G8, VIN=148781, Payee=Automaxx of the Carolinas, Claim Amount=$1,145.60, =View Details}, 10={Last Name=QGSWONJH, Contract=AN195880I8R, VIN=195880, Payee=Automaxx of the Carolinas, Claim Amount=$0.00, =View Details}, 11={Last Name=QGSWONJH, Contract=AN195880I8R, VIN=195880, Payee=Automaxx of the Carolinas, Claim Amount=$0.00, =View Details}, 12={Last Name=QGCTAYFB, Contract=RAWDN510313K21, VIN=510313, Payee=Automaxx of the Carolinas, Claim Amount=$0.00, =View Details}, 13={Last Name=BVJRADZH, Contract=RNLDN600257F21, VIN=600257, Payee=Automaxx of the Carolinas, Claim Amount=$228.84, =View Details}, 14={Last Name=PRXYPAYY, Contract=CN158786B0R, VIN=158786, Payee=Automaxx of the Carolinas, Claim Amount=$0.00, =View Details}, 15={Last Name=LZQATBHM, Contract=RNLFN716377J21, VIN=716377, Payee=Warner Robins Chrysler Jeep Do, Claim Amount=$129.88, =View Details}, 16={Last Name=DWZAWYLS, Contract=RNLFN654555F21, VIN=654555, Payee=Automaxx of the Carolinas, Claim Amount=$529.58, =View Details}, 17={Last Name=HBHQBFAM, Contract=RAWFN572626K21, VIN=572626, Payee=Automaxx of the Carolinas, Claim Amount=$2,327.39, =View Details}, 18={Last Name=SMUFDNAR, Contract=OLWDD700808F21, VIN=700808, Payee=Automaxx of the Carolinas, Claim Amount=$165.88, =View Details}, 19={Last Name=GGUAVMGT, Contract=RAWDL655314A22, VIN=655314, Payee=Automaxx of the Carolinas, Claim Amount=$0.00, =View Details}, 20={Last Name=GGUAVMGT, Contract=RAWDL655314A22, VIN=655314, Payee=Automaxx of the Carolinas, Claim Amount=$478.00, =View Details}, 21={Last Name=XYLRSIND, Contract=FSLGL235959I21, VIN=235959, Payee=Automaxx of the Carolinas, Claim Amount=$342.56, =View Details}, 22={Last Name=IKLEXXSW, Contract=RNFFL609950F20, VIN=609950, Payee=Automaxx of the Carolinas, Claim Amount=$5,747.63, =View Details}, 23={Last Name=EPLVEVGM, Contract=RNLFL710257H21, VIN=710257, Payee=Automaxx of the Carolinas, Claim Amount=$342.16, =View Details}, 24={Last Name=UFMGUECG, Contract=EL266124J8R, VIN=266124, Payee=Automaxx of the Carolinas, Claim Amount=$599.98, =View Details}, 25={Last Name=KUUNAJGJ, Contract=RNFGD804118K20, VIN=804118, Payee=Automaxx of the Carolinas, Claim Amount=$280.41, =View Details}}
rangeMessageUI: Showing 1 to 25 of 511 records
lb: 1
ub: 25
totalRows: 511
totalpages:21
gridDetails enddealeremp
The name of the testcase passed is :gridDetails
]]></system-out>
  </testcase>
  <testcase name="modalDetails[Dealer7032823, 4558600, dealer](1)" classname="testsuite.earlyClaims_test" time="25.5">
    <system-out><![CDATA[modalDetails test case started
modalDetails dealer
allHeaderNames: [, Last Name, Contract, VIN, Payee, Claim Amount, , ]
No of rows in grid: 25
Complete Grid data: {1={Last Name=QLLGERUG, Contract=FE095604E20R, VIN=095604, Payee=Automaxx of the Carolinas, Claim Amount=$275.98, =View Details}, 2={Last Name=AOZANIZC, Contract=FSLFE116332F21, VIN=116332, Payee=Vehicle Administration Service, Claim Amount=$54.75, =View Details}, 3={Last Name=LJDSKHRN, Contract=DE049480K9R, VIN=049480, Payee=Automaxx of the Carolinas, Claim Amount=$350.24, =View Details}, 4={Last Name=VETURCHK, Contract=EE085137G9R, VIN=085137, Payee=Automaxx of the Carolinas, Claim Amount=$0.00, =View Details}, 5={Last Name=VBDFRLRR, Contract=RNLFE086077F21, VIN=086077, Payee=Automaxx of the Carolinas, Claim Amount=$202.69, =View Details}, 6={Last Name=SBLGMSOW, Contract=OLWCE065940L20, VIN=065940, Payee=Automaxx of the Carolinas, Claim Amount=$368.50, =View Details}, 7={Last Name=JJUKMPEG, Contract=DE026333E20R, VIN=026333, Payee=Automaxx of the Carolinas, Claim Amount=$701.02, =View Details}, 8={Last Name=PHUXIAWK, Contract=RNFHE016908E21, VIN=016908, Payee=Automaxx of the Carolinas, Claim Amount=$587.32, =View Details}, 9={Last Name=EARHFTIK, Contract=8F148781G8, VIN=148781, Payee=Automaxx of the Carolinas, Claim Amount=$1,145.60, =View Details}, 10={Last Name=QGSWONJH, Contract=AN195880I8R, VIN=195880, Payee=Automaxx of the Carolinas, Claim Amount=$0.00, =View Details}, 11={Last Name=QGSWONJH, Contract=AN195880I8R, VIN=195880, Payee=Automaxx of the Carolinas, Claim Amount=$0.00, =View Details}, 12={Last Name=QGCTAYFB, Contract=RAWDN510313K21, VIN=510313, Payee=Automaxx of the Carolinas, Claim Amount=$0.00, =View Details}, 13={Last Name=BVJRADZH, Contract=RNLDN600257F21, VIN=600257, Payee=Automaxx of the Carolinas, Claim Amount=$228.84, =View Details}, 14={Last Name=PRXYPAYY, Contract=CN158786B0R, VIN=158786, Payee=Automaxx of the Carolinas, Claim Amount=$0.00, =View Details}, 15={Last Name=LZQATBHM, Contract=RNLFN716377J21, VIN=716377, Payee=Warner Robins Chrysler Jeep Do, Claim Amount=$129.88, =View Details}, 16={Last Name=DWZAWYLS, Contract=RNLFN654555F21, VIN=654555, Payee=Automaxx of the Carolinas, Claim Amount=$529.58, =View Details}, 17={Last Name=HBHQBFAM, Contract=RAWFN572626K21, VIN=572626, Payee=Automaxx of the Carolinas, Claim Amount=$2,327.39, =View Details}, 18={Last Name=SMUFDNAR, Contract=OLWDD700808F21, VIN=700808, Payee=Automaxx of the Carolinas, Claim Amount=$165.88, =View Details}, 19={Last Name=GGUAVMGT, Contract=RAWDL655314A22, VIN=655314, Payee=Automaxx of the Carolinas, Claim Amount=$0.00, =View Details}, 20={Last Name=GGUAVMGT, Contract=RAWDL655314A22, VIN=655314, Payee=Automaxx of the Carolinas, Claim Amount=$478.00, =View Details}, 21={Last Name=XYLRSIND, Contract=FSLGL235959I21, VIN=235959, Payee=Automaxx of the Carolinas, Claim Amount=$342.56, =View Details}, 22={Last Name=IKLEXXSW, Contract=RNFFL609950F20, VIN=609950, Payee=Automaxx of the Carolinas, Claim Amount=$5,747.63, =View Details}, 23={Last Name=EPLVEVGM, Contract=RNLFL710257H21, VIN=710257, Payee=Automaxx of the Carolinas, Claim Amount=$342.16, =View Details}, 24={Last Name=UFMGUECG, Contract=EL266124J8R, VIN=266124, Payee=Automaxx of the Carolinas, Claim Amount=$599.98, =View Details}, 25={Last Name=KUUNAJGJ, Contract=RNFGD804118K20, VIN=804118, Payee=Automaxx of the Carolinas, Claim Amount=$280.41, =View Details}}
{1={Last Name=QLLGERUG, Contract=FE095604E20R, VIN=095604, Payee=Automaxx of the Carolinas, Claim Amount=$275.98, =View Details}, 2={Last Name=AOZANIZC, Contract=FSLFE116332F21, VIN=116332, Payee=Vehicle Administration Service, Claim Amount=$54.75, =View Details}, 3={Last Name=LJDSKHRN, Contract=DE049480K9R, VIN=049480, Payee=Automaxx of the Carolinas, Claim Amount=$350.24, =View Details}, 4={Last Name=VETURCHK, Contract=EE085137G9R, VIN=085137, Payee=Automaxx of the Carolinas, Claim Amount=$0.00, =View Details}, 5={Last Name=VBDFRLRR, Contract=RNLFE086077F21, VIN=086077, Payee=Automaxx of the Carolinas, Claim Amount=$202.69, =View Details}, 6={Last Name=SBLGMSOW, Contract=OLWCE065940L20, VIN=065940, Payee=Automaxx of the Carolinas, Claim Amount=$368.50, =View Details}, 7={Last Name=JJUKMPEG, Contract=DE026333E20R, VIN=026333, Payee=Automaxx of the Carolinas, Claim Amount=$701.02, =View Details}, 8={Last Name=PHUXIAWK, Contract=RNFHE016908E21, VIN=016908, Payee=Automaxx of the Carolinas, Claim Amount=$587.32, =View Details}, 9={Last Name=EARHFTIK, Contract=8F148781G8, VIN=148781, Payee=Automaxx of the Carolinas, Claim Amount=$1,145.60, =View Details}, 10={Last Name=QGSWONJH, Contract=AN195880I8R, VIN=195880, Payee=Automaxx of the Carolinas, Claim Amount=$0.00, =View Details}, 11={Last Name=QGSWONJH, Contract=AN195880I8R, VIN=195880, Payee=Automaxx of the Carolinas, Claim Amount=$0.00, =View Details}, 12={Last Name=QGCTAYFB, Contract=RAWDN510313K21, VIN=510313, Payee=Automaxx of the Carolinas, Claim Amount=$0.00, =View Details}, 13={Last Name=BVJRADZH, Contract=RNLDN600257F21, VIN=600257, Payee=Automaxx of the Carolinas, Claim Amount=$228.84, =View Details}, 14={Last Name=PRXYPAYY, Contract=CN158786B0R, VIN=158786, Payee=Automaxx of the Carolinas, Claim Amount=$0.00, =View Details}, 15={Last Name=LZQATBHM, Contract=RNLFN716377J21, VIN=716377, Payee=Warner Robins Chrysler Jeep Do, Claim Amount=$129.88, =View Details}, 16={Last Name=DWZAWYLS, Contract=RNLFN654555F21, VIN=654555, Payee=Automaxx of the Carolinas, Claim Amount=$529.58, =View Details}, 17={Last Name=HBHQBFAM, Contract=RAWFN572626K21, VIN=572626, Payee=Automaxx of the Carolinas, Claim Amount=$2,327.39, =View Details}, 18={Last Name=SMUFDNAR, Contract=OLWDD700808F21, VIN=700808, Payee=Automaxx of the Carolinas, Claim Amount=$165.88, =View Details}, 19={Last Name=GGUAVMGT, Contract=RAWDL655314A22, VIN=655314, Payee=Automaxx of the Carolinas, Claim Amount=$0.00, =View Details}, 20={Last Name=GGUAVMGT, Contract=RAWDL655314A22, VIN=655314, Payee=Automaxx of the Carolinas, Claim Amount=$478.00, =View Details}, 21={Last Name=XYLRSIND, Contract=FSLGL235959I21, VIN=235959, Payee=Automaxx of the Carolinas, Claim Amount=$342.56, =View Details}, 22={Last Name=IKLEXXSW, Contract=RNFFL609950F20, VIN=609950, Payee=Automaxx of the Carolinas, Claim Amount=$5,747.63, =View Details}, 23={Last Name=EPLVEVGM, Contract=RNLFL710257H21, VIN=710257, Payee=Automaxx of the Carolinas, Claim Amount=$342.16, =View Details}, 24={Last Name=UFMGUECG, Contract=EL266124J8R, VIN=266124, Payee=Automaxx of the Carolinas, Claim Amount=$599.98, =View Details}, 25={Last Name=KUUNAJGJ, Contract=RNFGD804118K20, VIN=804118, Payee=Automaxx of the Carolinas, Claim Amount=$280.41, =View Details}}
element: [[ChromeDriver: chrome on WINDOWS (42cc9c6fb5d84ba2ae0c3caf9a2ec843)] -> css selector: .cdk-overlay-pane.showDetailsModal]
Window Regulator Rear Driver  $275.98
27598
modalDetails enddealer
The name of the testcase passed is :modalDetails
]]></system-out>
  </testcase>
  <testcase name="modalDetails[Agent110, Since1996, agent](2)" classname="testsuite.earlyClaims_test" time="27.927">
    <system-out><![CDATA[modalDetails test case started
modalDetails agent
allHeaderNames: [, Dealer Id, Dealer Name, Last Name, Contract, VIN, Payee, Claim Amount, , ]
No of rows in grid: 25
Complete Grid data: {1={Dealer Id=38226, Dealer Name=3 Boys Classic Towing & Auto Sales, Last Name=BXCMKZOX, Contract=CD527348A0, VIN=527348, Payee=Vehicle Administration Service, Claim Amount=$46.25, =View Details}, 2={Dealer Id=19522, Dealer Name=Angel Motors Inc, Last Name=PICYIYNH, Contract=SNICB004819J21, VIN=004819, Payee=Manly Honda, Claim Amount=$0.00, =View Details}, 3={Dealer Id=19522, Dealer Name=Angel Motors Inc, Last Name=PEVPILAE, Contract=SNIDS176023G21, VIN=176023, Payee=Jimmy Vasser Toyota, Claim Amount=$956.23, =View Details}, 4={Dealer Id=13269, Dealer Name=Carriage Motors, Last Name=AXYTEEWR, Contract=SNEAJ207998J20, VIN=207998, Payee=Cricket Inc Hensley's Auto, Claim Amount=$221.89, =View Details}, 5={Dealer Id=13269, Dealer Name=Carriage Motors, Last Name=PLLLPIVJ, Contract=AH244561K9, VIN=244561, Payee=BNC Auto Repair, Claim Amount=$390.95, =View Details}, 6={Dealer Id=13269, Dealer Name=Carriage Motors, Last Name=LVVSFDKP, Contract=B6346952C9, VIN=346952, Payee=Platinum Chevrolet, Claim Amount=$0.00, =View Details}, 7={Dealer Id=13269, Dealer Name=Carriage Motors, Last Name=MMOCORGQ, Contract=SNE67336151B21, VIN=336151, Payee=Econo Lube N' Tune, Claim Amount=$459.75, =View Details}, 8={Dealer Id=13269, Dealer Name=Carriage Motors, Last Name=ERSDUUSO, Contract=7A006419A9, VIN=006419, Payee=Hansel Acura, Claim Amount=$0.00, =View Details}, 9={Dealer Id=13269, Dealer Name=Carriage Motors, Last Name=SCGSXPBD, Contract=SNI6M507228H21, VIN=507228, Payee=Cricket Inc Hensley's Auto, Claim Amount=$334.46, =View Details}, 10={Dealer Id=13269, Dealer Name=Carriage Motors, Last Name=AZNFBNMX, Contract=7FZ78584G8, VIN=Z78584, Payee=Hansel BMW, Claim Amount=$2,865.40, =View Details}, 11={Dealer Id=12997, Dealer Name=Courtesy Used Cars, Last Name=ZODFXSZZ, Contract=5C428659E20Y, VIN=428659, Payee=McCrea Motors, Claim Amount=$0.00, =View Details}, 12={Dealer Id=39582, Dealer Name=D Auto Sales, Last Name=QPDDQIBN, Contract=UFC45101574E21, VIN=101574, Payee=City Center Cars & Trucks, Claim Amount=$723.36, =View Details}, 13={Dealer Id=42122, Dealer Name=Earnest Auto Sales, Last Name=BOEWPUJJ, Contract=UFCF7128002H20, VIN=128002, Payee=BL Performance, Claim Amount=$0.00, =View Details}, 14={Dealer Id=42122, Dealer Name=Earnest Auto Sales, Last Name=TDESWGWY, Contract=7L057432A9, VIN=057432, Payee=Oakland Auto, Claim Amount=$0.00, =View Details}, 15={Dealer Id=42122, Dealer Name=Earnest Auto Sales, Last Name=PRCUDYIM, Contract=DR627029G9, VIN=627029, Payee=Vehicle Administration Service, Claim Amount=$71.25, =View Details}, 16={Dealer Id=42122, Dealer Name=Earnest Auto Sales, Last Name=PRCUDYIM, Contract=DR627029G9, VIN=627029, Payee=Vehicle Administration Service, Claim Amount=$71.25, =View Details}, 17={Dealer Id=42122, Dealer Name=Earnest Auto Sales, Last Name=YADTVYSX, Contract=WZ041963D9, VIN=041963, Payee=Tyrell's Auto Service, Claim Amount=$0.00, =View Details}, 18={Dealer Id=47952, Dealer Name=Encore Motor Group, Last Name=CZPFNDNV, Contract=DL337880I8, VIN=337880, Payee=Future Ford, Claim Amount=$0.00, =View Details}, 19={Dealer Id=47952, Dealer Name=Encore Motor Group, Last Name=CZPFNDNV, Contract=DL337880I8, VIN=337880, Payee=Downtown Ford Sales, Claim Amount=$419.67, =View Details}, 20={Dealer Id=47952, Dealer Name=Encore Motor Group, Last Name=MJHWCBTX, Contract=SNIG0189755G21, VIN=189755, Payee=Bill Dickason Cheverolet, Claim Amount=$0.00, =View Details}, 21={Dealer Id=47952, Dealer Name=Encore Motor Group, Last Name=KZOMUGLE, Contract=GBA12702L9, VIN=A12702, Payee=Vehicle Administration Service, Claim Amount=$39.25, =View Details}, 22={Dealer Id=47952, Dealer Name=Encore Motor Group, Last Name=JHEBAXYU, Contract=FR163837B0, VIN=163837, Payee=Manteca Ford, Claim Amount=$623.00, =View Details}, 23={Dealer Id=47952, Dealer Name=Encore Motor Group, Last Name=ORBBLSUS, Contract=SNEEKN36206A21, VIN=N36206, Payee=GS Tuning, Claim Amount=$0.00, =View Details}, 24={Dealer Id=47952, Dealer Name=Encore Motor Group, Last Name=QDCIYALR, Contract=FE827126L8, VIN=827126, Payee=Vehicle Administration Service, Claim Amount=$37.25, =View Details}, 25={Dealer Id=47952, Dealer Name=Encore Motor Group, Last Name=QDCIYALR, Contract=FE827126L8, VIN=827126, Payee=Vehicle Administration Service, Claim Amount=$37.25, =View Details}}
{1={Dealer Id=38226, Dealer Name=3 Boys Classic Towing & Auto Sales, Last Name=BXCMKZOX, Contract=CD527348A0, VIN=527348, Payee=Vehicle Administration Service, Claim Amount=$46.25, =View Details}, 2={Dealer Id=19522, Dealer Name=Angel Motors Inc, Last Name=PICYIYNH, Contract=SNICB004819J21, VIN=004819, Payee=Manly Honda, Claim Amount=$0.00, =View Details}, 3={Dealer Id=19522, Dealer Name=Angel Motors Inc, Last Name=PEVPILAE, Contract=SNIDS176023G21, VIN=176023, Payee=Jimmy Vasser Toyota, Claim Amount=$956.23, =View Details}, 4={Dealer Id=13269, Dealer Name=Carriage Motors, Last Name=AXYTEEWR, Contract=SNEAJ207998J20, VIN=207998, Payee=Cricket Inc Hensley's Auto, Claim Amount=$221.89, =View Details}, 5={Dealer Id=13269, Dealer Name=Carriage Motors, Last Name=PLLLPIVJ, Contract=AH244561K9, VIN=244561, Payee=BNC Auto Repair, Claim Amount=$390.95, =View Details}, 6={Dealer Id=13269, Dealer Name=Carriage Motors, Last Name=LVVSFDKP, Contract=B6346952C9, VIN=346952, Payee=Platinum Chevrolet, Claim Amount=$0.00, =View Details}, 7={Dealer Id=13269, Dealer Name=Carriage Motors, Last Name=MMOCORGQ, Contract=SNE67336151B21, VIN=336151, Payee=Econo Lube N' Tune, Claim Amount=$459.75, =View Details}, 8={Dealer Id=13269, Dealer Name=Carriage Motors, Last Name=ERSDUUSO, Contract=7A006419A9, VIN=006419, Payee=Hansel Acura, Claim Amount=$0.00, =View Details}, 9={Dealer Id=13269, Dealer Name=Carriage Motors, Last Name=SCGSXPBD, Contract=SNI6M507228H21, VIN=507228, Payee=Cricket Inc Hensley's Auto, Claim Amount=$334.46, =View Details}, 10={Dealer Id=13269, Dealer Name=Carriage Motors, Last Name=AZNFBNMX, Contract=7FZ78584G8, VIN=Z78584, Payee=Hansel BMW, Claim Amount=$2,865.40, =View Details}, 11={Dealer Id=12997, Dealer Name=Courtesy Used Cars, Last Name=ZODFXSZZ, Contract=5C428659E20Y, VIN=428659, Payee=McCrea Motors, Claim Amount=$0.00, =View Details}, 12={Dealer Id=39582, Dealer Name=D Auto Sales, Last Name=QPDDQIBN, Contract=UFC45101574E21, VIN=101574, Payee=City Center Cars & Trucks, Claim Amount=$723.36, =View Details}, 13={Dealer Id=42122, Dealer Name=Earnest Auto Sales, Last Name=BOEWPUJJ, Contract=UFCF7128002H20, VIN=128002, Payee=BL Performance, Claim Amount=$0.00, =View Details}, 14={Dealer Id=42122, Dealer Name=Earnest Auto Sales, Last Name=TDESWGWY, Contract=7L057432A9, VIN=057432, Payee=Oakland Auto, Claim Amount=$0.00, =View Details}, 15={Dealer Id=42122, Dealer Name=Earnest Auto Sales, Last Name=PRCUDYIM, Contract=DR627029G9, VIN=627029, Payee=Vehicle Administration Service, Claim Amount=$71.25, =View Details}, 16={Dealer Id=42122, Dealer Name=Earnest Auto Sales, Last Name=PRCUDYIM, Contract=DR627029G9, VIN=627029, Payee=Vehicle Administration Service, Claim Amount=$71.25, =View Details}, 17={Dealer Id=42122, Dealer Name=Earnest Auto Sales, Last Name=YADTVYSX, Contract=WZ041963D9, VIN=041963, Payee=Tyrell's Auto Service, Claim Amount=$0.00, =View Details}, 18={Dealer Id=47952, Dealer Name=Encore Motor Group, Last Name=CZPFNDNV, Contract=DL337880I8, VIN=337880, Payee=Future Ford, Claim Amount=$0.00, =View Details}, 19={Dealer Id=47952, Dealer Name=Encore Motor Group, Last Name=CZPFNDNV, Contract=DL337880I8, VIN=337880, Payee=Downtown Ford Sales, Claim Amount=$419.67, =View Details}, 20={Dealer Id=47952, Dealer Name=Encore Motor Group, Last Name=MJHWCBTX, Contract=SNIG0189755G21, VIN=189755, Payee=Bill Dickason Cheverolet, Claim Amount=$0.00, =View Details}, 21={Dealer Id=47952, Dealer Name=Encore Motor Group, Last Name=KZOMUGLE, Contract=GBA12702L9, VIN=A12702, Payee=Vehicle Administration Service, Claim Amount=$39.25, =View Details}, 22={Dealer Id=47952, Dealer Name=Encore Motor Group, Last Name=JHEBAXYU, Contract=FR163837B0, VIN=163837, Payee=Manteca Ford, Claim Amount=$623.00, =View Details}, 23={Dealer Id=47952, Dealer Name=Encore Motor Group, Last Name=ORBBLSUS, Contract=SNEEKN36206A21, VIN=N36206, Payee=GS Tuning, Claim Amount=$0.00, =View Details}, 24={Dealer Id=47952, Dealer Name=Encore Motor Group, Last Name=QDCIYALR, Contract=FE827126L8, VIN=827126, Payee=Vehicle Administration Service, Claim Amount=$37.25, =View Details}, 25={Dealer Id=47952, Dealer Name=Encore Motor Group, Last Name=QDCIYALR, Contract=FE827126L8, VIN=827126, Payee=Vehicle Administration Service, Claim Amount=$37.25, =View Details}}
element: [[ChromeDriver: chrome on WINDOWS (42cc9c6fb5d84ba2ae0c3caf9a2ec843)] -> css selector: .cdk-overlay-pane.showDetailsModal]
Battery Jump  $30.00
3000
modalDetails endagent
The name of the testcase passed is :modalDetails
]]></system-out>
  </testcase>
  <testcase name="modalDetails[f30, spp1, lender](3)" classname="testsuite.earlyClaims_test" time="28.152">
    <system-out><![CDATA[modalDetails test case started
modalDetails lender
allHeaderNames: [, Dealer Id, Dealer Name, Last Name, Contract, VIN, Payee, Claim Amount, , ]
No of rows in grid: 25
Complete Grid data: {1={Dealer Id=46326, Dealer Name=3D Auto Sales, Last Name=UEOPRNXG, Contract=PTP5A570354K21, VIN=570354, Payee=Valley Import Center, Claim Amount=$0.00, =View Details}, 2={Dealer Id=71376, Dealer Name=716 Automotive World, Last Name=YERIAKJF, Contract=54175531B0, VIN=175531, Payee=Continental Transmision, Claim Amount=$1,750.00, =View Details}, 3={Dealer Id=71376, Dealer Name=716 Automotive World, Last Name=GDCKPNWT, Contract=SNIC6231453A22, VIN=231453, Payee=Kendzia Tire & Service, Claim Amount=$0.00, =View Details}, 4={Dealer Id=46943, Dealer Name=ACP Auto Wholesalers, Last Name=LCHTXOED, Contract=PTP7J124457K20, VIN=124457, Payee=Ourisman Chevrolet of Bowie, Claim Amount=$0.00, =View Details}, 5={Dealer Id=46279, Dealer Name=Adamson West Llc, Last Name=LTMGCAVA, Contract=8C827480G8, VIN=827480, Payee=Landers McLarty Nissan, Claim Amount=$0.00, =View Details}, 6={Dealer Id=60145, Dealer Name=ADK Auto Sales LLC, Last Name=MBLRZMRY, Contract=PTPGGC14156E20, VIN=C14156, Payee=Joe Myers Ford, Claim Amount=$0.00, =View Details}, 7={Dealer Id=60145, Dealer Name=ADK Auto Sales LLC, Last Name=HSZGFHPJ, Contract=PTPDUA11480L21, VIN=A11480, Payee=Aamco Transmissions and Total, Claim Amount=$0.00, =View Details}, 8={Dealer Id=60145, Dealer Name=ADK Auto Sales LLC, Last Name=AEPMQAHZ, Contract=PTPFR263580I20, VIN=263580, Payee=5 Star Auto, Claim Amount=$0.00, =View Details}, 9={Dealer Id=60145, Dealer Name=ADK Auto Sales LLC, Last Name=YIGIXDWM, Contract=EG249659H9, VIN=249659, Payee=ADK Auto Sales LLC, Claim Amount=$1,798.35, =View Details}, 10={Dealer Id=49420, Dealer Name=Advanced Auto Sales & Repair, Last Name=VHXXRTYD, Contract=SNIFJ322067E21, VIN=322067, Payee=Advanced Auto Sales, Claim Amount=$2,476.20, =View Details}, 11={Dealer Id=73461, Dealer Name=All Star Buick GMC Truck Inc, Last Name=UPLCCBXK, Contract=E6196915A0, VIN=196915, Payee=Sams Discount Tire, Claim Amount=$194.40, =View Details}, 12={Dealer Id=48143, Dealer Name=Alpha Auto Sports, Last Name=VPAGOUIX, Contract=DC533230L9, VIN=533230, Payee=Mid Valley Auto Care, Claim Amount=$477.58, =View Details}, 13={Dealer Id=48143, Dealer Name=Alpha Auto Sports, Last Name=VPAGOUIX, Contract=DC533230L9, VIN=533230, Payee=J & S Auto, Claim Amount=$1,699.63, =View Details}, 14={Dealer Id=48143, Dealer Name=Alpha Auto Sports, Last Name=NFONEJBS, Contract=PTPBC647598F20, VIN=647598, Payee=Go 2 Auto, Claim Amount=$0.00, =View Details}, 15={Dealer Id=48143, Dealer Name=Alpha Auto Sports, Last Name=MXOUBEKO, Contract=PTP7BA59420H20, VIN=A59420, Payee=Vehicle Administration Service, Claim Amount=$51.25, =View Details}, 16={Dealer Id=48143, Dealer Name=Alpha Auto Sports, Last Name=OKRZRYIP, Contract=PTP7M506943I20, VIN=506943, Payee=Future Nissan, Claim Amount=$0.00, =View Details}, 17={Dealer Id=48143, Dealer Name=Alpha Auto Sports, Last Name=RTIRLAGQ, Contract=PTPBC738134E20, VIN=738134, Payee=NIELLO BMW ELK GROVE, Claim Amount=$2,993.92, =View Details}, 18={Dealer Id=79538, Dealer Name=American Automotive Group, Last Name=KZRIJMHT, Contract=SNICZ270870L21, VIN=270870, Payee=Transway Transmissions, Claim Amount=$0.00, =View Details}, 19={Dealer Id=32446, Dealer Name=Ames Ford Lincoln, Last Name=CEWAXYIE, Contract=SXFC1336520F20, VIN=336520, Payee=Ames Ford Lincoln, Claim Amount=$0.00, =View Details}, 20={Dealer Id=14180, Dealer Name=Anderson Chrysler Dodge Jeep, Last Name=IEBGDAXP, Contract=BR675570H9, VIN=675570, Payee=Anderson Chrysler, Claim Amount=$1,217.72, =View Details}, 21={Dealer Id=45226, Dealer Name=Anderson Ford Lincoln, Last Name=TASKUNDJ, Contract=SNL6Z224660H21, VIN=224660, Payee=ANDERSON TOYOTA, Claim Amount=$0.00, =View Details}, 22={Dealer Id=28764, Dealer Name=Anderson Nissan, Last Name=NIRHNISH, Contract=GN512962I8, VIN=512962, Payee=Anderson Nissan, Claim Amount=$638.09, =View Details}, 23={Dealer Id=28764, Dealer Name=Anderson Nissan, Last Name=SKKLVFES, Contract=SDFHY359960G21, VIN=359960, Payee=anderson nissan, Claim Amount=$0.00, =View Details}, 24={Dealer Id=28764, Dealer Name=Anderson Nissan, Last Name=HFJRVWHQ, Contract=AL423351J8, VIN=423351, Payee=Anderson Nissan, Claim Amount=$997.21, =View Details}, 25={Dealer Id=14181, Dealer Name=Anderson Toyota, Last Name=CQLAOBSA, Contract=TFLE7243658G21, VIN=243658, Payee=ANDERSON TOYOTA, Claim Amount=$278.67, =View Details}}
{1={Dealer Id=46326, Dealer Name=3D Auto Sales, Last Name=UEOPRNXG, Contract=PTP5A570354K21, VIN=570354, Payee=Valley Import Center, Claim Amount=$0.00, =View Details}, 2={Dealer Id=71376, Dealer Name=716 Automotive World, Last Name=YERIAKJF, Contract=54175531B0, VIN=175531, Payee=Continental Transmision, Claim Amount=$1,750.00, =View Details}, 3={Dealer Id=71376, Dealer Name=716 Automotive World, Last Name=GDCKPNWT, Contract=SNIC6231453A22, VIN=231453, Payee=Kendzia Tire & Service, Claim Amount=$0.00, =View Details}, 4={Dealer Id=46943, Dealer Name=ACP Auto Wholesalers, Last Name=LCHTXOED, Contract=PTP7J124457K20, VIN=124457, Payee=Ourisman Chevrolet of Bowie, Claim Amount=$0.00, =View Details}, 5={Dealer Id=46279, Dealer Name=Adamson West Llc, Last Name=LTMGCAVA, Contract=8C827480G8, VIN=827480, Payee=Landers McLarty Nissan, Claim Amount=$0.00, =View Details}, 6={Dealer Id=60145, Dealer Name=ADK Auto Sales LLC, Last Name=MBLRZMRY, Contract=PTPGGC14156E20, VIN=C14156, Payee=Joe Myers Ford, Claim Amount=$0.00, =View Details}, 7={Dealer Id=60145, Dealer Name=ADK Auto Sales LLC, Last Name=HSZGFHPJ, Contract=PTPDUA11480L21, VIN=A11480, Payee=Aamco Transmissions and Total, Claim Amount=$0.00, =View Details}, 8={Dealer Id=60145, Dealer Name=ADK Auto Sales LLC, Last Name=AEPMQAHZ, Contract=PTPFR263580I20, VIN=263580, Payee=5 Star Auto, Claim Amount=$0.00, =View Details}, 9={Dealer Id=60145, Dealer Name=ADK Auto Sales LLC, Last Name=YIGIXDWM, Contract=EG249659H9, VIN=249659, Payee=ADK Auto Sales LLC, Claim Amount=$1,798.35, =View Details}, 10={Dealer Id=49420, Dealer Name=Advanced Auto Sales & Repair, Last Name=VHXXRTYD, Contract=SNIFJ322067E21, VIN=322067, Payee=Advanced Auto Sales, Claim Amount=$2,476.20, =View Details}, 11={Dealer Id=73461, Dealer Name=All Star Buick GMC Truck Inc, Last Name=UPLCCBXK, Contract=E6196915A0, VIN=196915, Payee=Sams Discount Tire, Claim Amount=$194.40, =View Details}, 12={Dealer Id=48143, Dealer Name=Alpha Auto Sports, Last Name=VPAGOUIX, Contract=DC533230L9, VIN=533230, Payee=Mid Valley Auto Care, Claim Amount=$477.58, =View Details}, 13={Dealer Id=48143, Dealer Name=Alpha Auto Sports, Last Name=VPAGOUIX, Contract=DC533230L9, VIN=533230, Payee=J & S Auto, Claim Amount=$1,699.63, =View Details}, 14={Dealer Id=48143, Dealer Name=Alpha Auto Sports, Last Name=NFONEJBS, Contract=PTPBC647598F20, VIN=647598, Payee=Go 2 Auto, Claim Amount=$0.00, =View Details}, 15={Dealer Id=48143, Dealer Name=Alpha Auto Sports, Last Name=MXOUBEKO, Contract=PTP7BA59420H20, VIN=A59420, Payee=Vehicle Administration Service, Claim Amount=$51.25, =View Details}, 16={Dealer Id=48143, Dealer Name=Alpha Auto Sports, Last Name=OKRZRYIP, Contract=PTP7M506943I20, VIN=506943, Payee=Future Nissan, Claim Amount=$0.00, =View Details}, 17={Dealer Id=48143, Dealer Name=Alpha Auto Sports, Last Name=RTIRLAGQ, Contract=PTPBC738134E20, VIN=738134, Payee=NIELLO BMW ELK GROVE, Claim Amount=$2,993.92, =View Details}, 18={Dealer Id=79538, Dealer Name=American Automotive Group, Last Name=KZRIJMHT, Contract=SNICZ270870L21, VIN=270870, Payee=Transway Transmissions, Claim Amount=$0.00, =View Details}, 19={Dealer Id=32446, Dealer Name=Ames Ford Lincoln, Last Name=CEWAXYIE, Contract=SXFC1336520F20, VIN=336520, Payee=Ames Ford Lincoln, Claim Amount=$0.00, =View Details}, 20={Dealer Id=14180, Dealer Name=Anderson Chrysler Dodge Jeep, Last Name=IEBGDAXP, Contract=BR675570H9, VIN=675570, Payee=Anderson Chrysler, Claim Amount=$1,217.72, =View Details}, 21={Dealer Id=45226, Dealer Name=Anderson Ford Lincoln, Last Name=TASKUNDJ, Contract=SNL6Z224660H21, VIN=224660, Payee=ANDERSON TOYOTA, Claim Amount=$0.00, =View Details}, 22={Dealer Id=28764, Dealer Name=Anderson Nissan, Last Name=NIRHNISH, Contract=GN512962I8, VIN=512962, Payee=Anderson Nissan, Claim Amount=$638.09, =View Details}, 23={Dealer Id=28764, Dealer Name=Anderson Nissan, Last Name=SKKLVFES, Contract=SDFHY359960G21, VIN=359960, Payee=anderson nissan, Claim Amount=$0.00, =View Details}, 24={Dealer Id=28764, Dealer Name=Anderson Nissan, Last Name=HFJRVWHQ, Contract=AL423351J8, VIN=423351, Payee=Anderson Nissan, Claim Amount=$997.21, =View Details}, 25={Dealer Id=14181, Dealer Name=Anderson Toyota, Last Name=CQLAOBSA, Contract=TFLE7243658G21, VIN=243658, Payee=ANDERSON TOYOTA, Claim Amount=$278.67, =View Details}}
element: [[ChromeDriver: chrome on WINDOWS (42cc9c6fb5d84ba2ae0c3caf9a2ec843)] -> css selector: .cdk-overlay-pane.showDetailsModal]
Power Steering Pump  $0.00
000
modalDetails endlender
The name of the testcase passed is :modalDetails
]]></system-out>
  </testcase>
  <testcase name="modalDetails[sgrace, Police0201, dealeremp](4)" classname="testsuite.earlyClaims_test" time="25.746">
    <system-out><![CDATA[modalDetails test case started
modalDetails dealeremp
allHeaderNames: [, Last Name, Contract, VIN, Payee, Claim Amount, , ]
No of rows in grid: 25
Complete Grid data: {1={Last Name=QLLGERUG, Contract=FE095604E20R, VIN=095604, Payee=Automaxx of the Carolinas, Claim Amount=$275.98, =View Details}, 2={Last Name=AOZANIZC, Contract=FSLFE116332F21, VIN=116332, Payee=Vehicle Administration Service, Claim Amount=$54.75, =View Details}, 3={Last Name=LJDSKHRN, Contract=DE049480K9R, VIN=049480, Payee=Automaxx of the Carolinas, Claim Amount=$350.24, =View Details}, 4={Last Name=VETURCHK, Contract=EE085137G9R, VIN=085137, Payee=Automaxx of the Carolinas, Claim Amount=$0.00, =View Details}, 5={Last Name=VBDFRLRR, Contract=RNLFE086077F21, VIN=086077, Payee=Automaxx of the Carolinas, Claim Amount=$202.69, =View Details}, 6={Last Name=SBLGMSOW, Contract=OLWCE065940L20, VIN=065940, Payee=Automaxx of the Carolinas, Claim Amount=$368.50, =View Details}, 7={Last Name=JJUKMPEG, Contract=DE026333E20R, VIN=026333, Payee=Automaxx of the Carolinas, Claim Amount=$701.02, =View Details}, 8={Last Name=PHUXIAWK, Contract=RNFHE016908E21, VIN=016908, Payee=Automaxx of the Carolinas, Claim Amount=$587.32, =View Details}, 9={Last Name=EARHFTIK, Contract=8F148781G8, VIN=148781, Payee=Automaxx of the Carolinas, Claim Amount=$1,145.60, =View Details}, 10={Last Name=QGSWONJH, Contract=AN195880I8R, VIN=195880, Payee=Automaxx of the Carolinas, Claim Amount=$0.00, =View Details}, 11={Last Name=QGSWONJH, Contract=AN195880I8R, VIN=195880, Payee=Automaxx of the Carolinas, Claim Amount=$0.00, =View Details}, 12={Last Name=QGCTAYFB, Contract=RAWDN510313K21, VIN=510313, Payee=Automaxx of the Carolinas, Claim Amount=$0.00, =View Details}, 13={Last Name=BVJRADZH, Contract=RNLDN600257F21, VIN=600257, Payee=Automaxx of the Carolinas, Claim Amount=$228.84, =View Details}, 14={Last Name=PRXYPAYY, Contract=CN158786B0R, VIN=158786, Payee=Automaxx of the Carolinas, Claim Amount=$0.00, =View Details}, 15={Last Name=LZQATBHM, Contract=RNLFN716377J21, VIN=716377, Payee=Warner Robins Chrysler Jeep Do, Claim Amount=$129.88, =View Details}, 16={Last Name=DWZAWYLS, Contract=RNLFN654555F21, VIN=654555, Payee=Automaxx of the Carolinas, Claim Amount=$529.58, =View Details}, 17={Last Name=HBHQBFAM, Contract=RAWFN572626K21, VIN=572626, Payee=Automaxx of the Carolinas, Claim Amount=$2,327.39, =View Details}, 18={Last Name=SMUFDNAR, Contract=OLWDD700808F21, VIN=700808, Payee=Automaxx of the Carolinas, Claim Amount=$165.88, =View Details}, 19={Last Name=GGUAVMGT, Contract=RAWDL655314A22, VIN=655314, Payee=Automaxx of the Carolinas, Claim Amount=$0.00, =View Details}, 20={Last Name=GGUAVMGT, Contract=RAWDL655314A22, VIN=655314, Payee=Automaxx of the Carolinas, Claim Amount=$478.00, =View Details}, 21={Last Name=XYLRSIND, Contract=FSLGL235959I21, VIN=235959, Payee=Automaxx of the Carolinas, Claim Amount=$342.56, =View Details}, 22={Last Name=IKLEXXSW, Contract=RNFFL609950F20, VIN=609950, Payee=Automaxx of the Carolinas, Claim Amount=$5,747.63, =View Details}, 23={Last Name=EPLVEVGM, Contract=RNLFL710257H21, VIN=710257, Payee=Automaxx of the Carolinas, Claim Amount=$342.16, =View Details}, 24={Last Name=UFMGUECG, Contract=EL266124J8R, VIN=266124, Payee=Automaxx of the Carolinas, Claim Amount=$599.98, =View Details}, 25={Last Name=KUUNAJGJ, Contract=RNFGD804118K20, VIN=804118, Payee=Automaxx of the Carolinas, Claim Amount=$280.41, =View Details}}
{1={Last Name=QLLGERUG, Contract=FE095604E20R, VIN=095604, Payee=Automaxx of the Carolinas, Claim Amount=$275.98, =View Details}, 2={Last Name=AOZANIZC, Contract=FSLFE116332F21, VIN=116332, Payee=Vehicle Administration Service, Claim Amount=$54.75, =View Details}, 3={Last Name=LJDSKHRN, Contract=DE049480K9R, VIN=049480, Payee=Automaxx of the Carolinas, Claim Amount=$350.24, =View Details}, 4={Last Name=VETURCHK, Contract=EE085137G9R, VIN=085137, Payee=Automaxx of the Carolinas, Claim Amount=$0.00, =View Details}, 5={Last Name=VBDFRLRR, Contract=RNLFE086077F21, VIN=086077, Payee=Automaxx of the Carolinas, Claim Amount=$202.69, =View Details}, 6={Last Name=SBLGMSOW, Contract=OLWCE065940L20, VIN=065940, Payee=Automaxx of the Carolinas, Claim Amount=$368.50, =View Details}, 7={Last Name=JJUKMPEG, Contract=DE026333E20R, VIN=026333, Payee=Automaxx of the Carolinas, Claim Amount=$701.02, =View Details}, 8={Last Name=PHUXIAWK, Contract=RNFHE016908E21, VIN=016908, Payee=Automaxx of the Carolinas, Claim Amount=$587.32, =View Details}, 9={Last Name=EARHFTIK, Contract=8F148781G8, VIN=148781, Payee=Automaxx of the Carolinas, Claim Amount=$1,145.60, =View Details}, 10={Last Name=QGSWONJH, Contract=AN195880I8R, VIN=195880, Payee=Automaxx of the Carolinas, Claim Amount=$0.00, =View Details}, 11={Last Name=QGSWONJH, Contract=AN195880I8R, VIN=195880, Payee=Automaxx of the Carolinas, Claim Amount=$0.00, =View Details}, 12={Last Name=QGCTAYFB, Contract=RAWDN510313K21, VIN=510313, Payee=Automaxx of the Carolinas, Claim Amount=$0.00, =View Details}, 13={Last Name=BVJRADZH, Contract=RNLDN600257F21, VIN=600257, Payee=Automaxx of the Carolinas, Claim Amount=$228.84, =View Details}, 14={Last Name=PRXYPAYY, Contract=CN158786B0R, VIN=158786, Payee=Automaxx of the Carolinas, Claim Amount=$0.00, =View Details}, 15={Last Name=LZQATBHM, Contract=RNLFN716377J21, VIN=716377, Payee=Warner Robins Chrysler Jeep Do, Claim Amount=$129.88, =View Details}, 16={Last Name=DWZAWYLS, Contract=RNLFN654555F21, VIN=654555, Payee=Automaxx of the Carolinas, Claim Amount=$529.58, =View Details}, 17={Last Name=HBHQBFAM, Contract=RAWFN572626K21, VIN=572626, Payee=Automaxx of the Carolinas, Claim Amount=$2,327.39, =View Details}, 18={Last Name=SMUFDNAR, Contract=OLWDD700808F21, VIN=700808, Payee=Automaxx of the Carolinas, Claim Amount=$165.88, =View Details}, 19={Last Name=GGUAVMGT, Contract=RAWDL655314A22, VIN=655314, Payee=Automaxx of the Carolinas, Claim Amount=$0.00, =View Details}, 20={Last Name=GGUAVMGT, Contract=RAWDL655314A22, VIN=655314, Payee=Automaxx of the Carolinas, Claim Amount=$478.00, =View Details}, 21={Last Name=XYLRSIND, Contract=FSLGL235959I21, VIN=235959, Payee=Automaxx of the Carolinas, Claim Amount=$342.56, =View Details}, 22={Last Name=IKLEXXSW, Contract=RNFFL609950F20, VIN=609950, Payee=Automaxx of the Carolinas, Claim Amount=$5,747.63, =View Details}, 23={Last Name=EPLVEVGM, Contract=RNLFL710257H21, VIN=710257, Payee=Automaxx of the Carolinas, Claim Amount=$342.16, =View Details}, 24={Last Name=UFMGUECG, Contract=EL266124J8R, VIN=266124, Payee=Automaxx of the Carolinas, Claim Amount=$599.98, =View Details}, 25={Last Name=KUUNAJGJ, Contract=RNFGD804118K20, VIN=804118, Payee=Automaxx of the Carolinas, Claim Amount=$280.41, =View Details}}
element: [[ChromeDriver: chrome on WINDOWS (42cc9c6fb5d84ba2ae0c3caf9a2ec843)] -> css selector: .cdk-overlay-pane.showDetailsModal]
Window Regulator Rear Driver  $275.98
27598
modalDetails enddealeremp
The name of the testcase passed is :modalDetails
]]></system-out>
  </testcase>
  <testcase name="modalCloseFilters[Dealer7032823, 4558600, dealer, XIcon](1)" classname="testsuite.earlyClaims_test" time="36.437">
    <system-out><![CDATA[modalCloseFilters test case started
modalCloseFilters dealer
XIcon
allHeaderNames: [, Last Name, Contract, VIN, Payee, Claim Amount, , ]
No of rows in grid: 25
Complete Grid data: {1={Last Name=JGMTGHCY, Contract=RNLBA001117I21, VIN=001117, Payee=Automaxx of the Carolinas, Claim Amount=$942.46, =View Details}, 2={Last Name=SWSQWOAP, Contract=RAWDE057136H21, VIN=057136, Payee=Automaxx of the Carolinas, Claim Amount=$2,147.10, =View Details}, 3={Last Name=WXNVCZRK, Contract=RNLDE203649H21, VIN=203649, Payee=Automaxx of the Carolinas, Claim Amount=$0.00, =View Details}, 4={Last Name=SXSKQGHC, Contract=HE022345C0R, VIN=022345, Payee=Automaxx of the Carolinas, Claim Amount=$737.50, =View Details}, 5={Last Name=SXSKQGHC, Contract=HE022345C0R, VIN=022345, Payee=Meridian Auto Parts, Claim Amount=$411.00, =View Details}, 6={Last Name=QRYCQBCK, Contract=HE024130A0, VIN=024130, Payee=Automaxx of the Carolinas, Claim Amount=$603.16, =View Details}, 7={Last Name=JHNIFKOW, Contract=BN546263G9, VIN=546263, Payee=FOUR MILE AUTOMOTIVE, Claim Amount=$877.72, =View Details}, 8={Last Name=MYKFCTIB, Contract=FN555807K9, VIN=555807, Payee=Automaxx of the Carolinas, Claim Amount=$460.60, =View Details}, 9={Last Name=MIMFOYFM, Contract=FD199606I8, VIN=199606, Payee=Jimmy Britt Chrysler Jeep Dodg, Claim Amount=$493.98, =View Details}, 10={Last Name=SMUFDNAR, Contract=OLWDD700808F21, VIN=700808, Payee=Automaxx of the Carolinas, Claim Amount=$297.64, =View Details}, 11={Last Name=QIVRLPVV, Contract=RNFFD352792B21, VIN=352792, Payee=Automaxx of the Carolinas, Claim Amount=$900.00, =View Details}, 12={Last Name=WXSCBTAA, Contract=CL215312E8, VIN=215312, Payee=Automaxx of the Carolinas, Claim Amount=$788.84, =View Details}, 13={Last Name=NYLFWVXR, Contract=RNLED818954G21, VIN=818954, Payee=Automaxx of the Carolinas, Claim Amount=$229.11, =View Details}, 14={Last Name=FMFKAZJB, Contract=RNFED794280D21, VIN=794280, Payee=Automaxx of the Carolinas, Claim Amount=$1,132.50, =View Details}, 15={Last Name=RNBCGDCE, Contract=RNFGD812001H20, VIN=812001, Payee=Automaxx of the Carolinas, Claim Amount=$251.95, =View Details}, 16={Last Name=IFLNWEBP, Contract=RNLCW201446I21, VIN=201446, Payee=Automaxx of the Carolinas, Claim Amount=$507.48, =View Details}, 17={Last Name=TOYIVZXT, Contract=EW160225E9, VIN=160225, Payee=Automaxx of the Carolinas, Claim Amount=$977.00, =View Details}, 18={Last Name=JNXXDTVB, Contract=SRFFC146938D21, VIN=146938, Payee=Automaxx of the Carolinas, Claim Amount=$550.50, =View Details}, 19={Last Name=PNAFPOSY, Contract=RNFEC388657C21, VIN=388657, Payee=C & K AUTO PARTS LLC Part Supp, Claim Amount=$2,961.00, =View Details}, 20={Last Name=MGHHMTPH, Contract=OLWCC209617C21, VIN=209617, Payee=Automaxx of the Carolinas, Claim Amount=$723.76, =View Details}, 21={Last Name=RMYGLDJS, Contract=RNLEC536707L21, VIN=536707, Payee=, Claim Amount=$1,753.36, =View Details}, 22={Last Name=RMYGLDJS, Contract=RNLEC536707L21, VIN=536707, Payee=Hoover Chrysler Dodge Jeep, Claim Amount=$1,753.36, =View Details}, 23={Last Name=RMYGLDJS, Contract=RNLEC536707L21, VIN=536707, Payee=Hoover Chrysler Dodge Jeep, Claim Amount=-$1,753.36, =View Details}, 24={Last Name=UWRQJLZA, Contract=EC265780A0, VIN=265780, Payee=Automaxx of the Carolinas, Claim Amount=$1,629.59, =View Details}, 25={Last Name=TUVZMKOB, Contract=RNFFC668166L20, VIN=668166, Payee=Automaxx of the Carolinas, Claim Amount=$1,114.28, =View Details}}
{1={Last Name=JGMTGHCY, Contract=RNLBA001117I21, VIN=001117, Payee=Automaxx of the Carolinas, Claim Amount=$942.46, =View Details}, 2={Last Name=SWSQWOAP, Contract=RAWDE057136H21, VIN=057136, Payee=Automaxx of the Carolinas, Claim Amount=$2,147.10, =View Details}, 3={Last Name=WXNVCZRK, Contract=RNLDE203649H21, VIN=203649, Payee=Automaxx of the Carolinas, Claim Amount=$0.00, =View Details}, 4={Last Name=SXSKQGHC, Contract=HE022345C0R, VIN=022345, Payee=Automaxx of the Carolinas, Claim Amount=$737.50, =View Details}, 5={Last Name=SXSKQGHC, Contract=HE022345C0R, VIN=022345, Payee=Meridian Auto Parts, Claim Amount=$411.00, =View Details}, 6={Last Name=QRYCQBCK, Contract=HE024130A0, VIN=024130, Payee=Automaxx of the Carolinas, Claim Amount=$603.16, =View Details}, 7={Last Name=JHNIFKOW, Contract=BN546263G9, VIN=546263, Payee=FOUR MILE AUTOMOTIVE, Claim Amount=$877.72, =View Details}, 8={Last Name=MYKFCTIB, Contract=FN555807K9, VIN=555807, Payee=Automaxx of the Carolinas, Claim Amount=$460.60, =View Details}, 9={Last Name=MIMFOYFM, Contract=FD199606I8, VIN=199606, Payee=Jimmy Britt Chrysler Jeep Dodg, Claim Amount=$493.98, =View Details}, 10={Last Name=SMUFDNAR, Contract=OLWDD700808F21, VIN=700808, Payee=Automaxx of the Carolinas, Claim Amount=$297.64, =View Details}, 11={Last Name=QIVRLPVV, Contract=RNFFD352792B21, VIN=352792, Payee=Automaxx of the Carolinas, Claim Amount=$900.00, =View Details}, 12={Last Name=WXSCBTAA, Contract=CL215312E8, VIN=215312, Payee=Automaxx of the Carolinas, Claim Amount=$788.84, =View Details}, 13={Last Name=NYLFWVXR, Contract=RNLED818954G21, VIN=818954, Payee=Automaxx of the Carolinas, Claim Amount=$229.11, =View Details}, 14={Last Name=FMFKAZJB, Contract=RNFED794280D21, VIN=794280, Payee=Automaxx of the Carolinas, Claim Amount=$1,132.50, =View Details}, 15={Last Name=RNBCGDCE, Contract=RNFGD812001H20, VIN=812001, Payee=Automaxx of the Carolinas, Claim Amount=$251.95, =View Details}, 16={Last Name=IFLNWEBP, Contract=RNLCW201446I21, VIN=201446, Payee=Automaxx of the Carolinas, Claim Amount=$507.48, =View Details}, 17={Last Name=TOYIVZXT, Contract=EW160225E9, VIN=160225, Payee=Automaxx of the Carolinas, Claim Amount=$977.00, =View Details}, 18={Last Name=JNXXDTVB, Contract=SRFFC146938D21, VIN=146938, Payee=Automaxx of the Carolinas, Claim Amount=$550.50, =View Details}, 19={Last Name=PNAFPOSY, Contract=RNFEC388657C21, VIN=388657, Payee=C & K AUTO PARTS LLC Part Supp, Claim Amount=$2,961.00, =View Details}, 20={Last Name=MGHHMTPH, Contract=OLWCC209617C21, VIN=209617, Payee=Automaxx of the Carolinas, Claim Amount=$723.76, =View Details}, 21={Last Name=RMYGLDJS, Contract=RNLEC536707L21, VIN=536707, Payee=, Claim Amount=$1,753.36, =View Details}, 22={Last Name=RMYGLDJS, Contract=RNLEC536707L21, VIN=536707, Payee=Hoover Chrysler Dodge Jeep, Claim Amount=$1,753.36, =View Details}, 23={Last Name=RMYGLDJS, Contract=RNLEC536707L21, VIN=536707, Payee=Hoover Chrysler Dodge Jeep, Claim Amount=-$1,753.36, =View Details}, 24={Last Name=UWRQJLZA, Contract=EC265780A0, VIN=265780, Payee=Automaxx of the Carolinas, Claim Amount=$1,629.59, =View Details}, 25={Last Name=TUVZMKOB, Contract=RNFFC668166L20, VIN=668166, Payee=Automaxx of the Carolinas, Claim Amount=$1,114.28, =View Details}}
allHeaderNames: [, Last Name, Contract, VIN, Payee, Claim Amount, , ]
No of rows in grid: 1
Complete Grid data: {1={Last Name=JGMTGHCY, Contract=RNLBA001117I21, VIN=001117, Payee=Automaxx of the Carolinas, Claim Amount=$942.46, =View Details}}
{1={Last Name=JGMTGHCY, Contract=RNLBA001117I21, VIN=001117, Payee=Automaxx of the Carolinas, Claim Amount=$942.46, =View Details}}
element: [[ChromeDriver: chrome on WINDOWS (42cc9c6fb5d84ba2ae0c3caf9a2ec843)] -> css selector: .cdk-overlay-pane.showDetailsModal]
Modal is opened
allHeaderNames: [, Last Name, Contract, VIN, Payee, Claim Amount, , ]
No of rows in grid: 1
Complete Grid data: {1={Last Name=JGMTGHCY, Contract=RNLBA001117I21, VIN=001117, Payee=Automaxx of the Carolinas, Claim Amount=$942.46, =View Details}}
{1={Last Name=JGMTGHCY, Contract=RNLBA001117I21, VIN=001117, Payee=Automaxx of the Carolinas, Claim Amount=$942.46, =View Details}}
modalCloseFilters enddealer
The name of the testcase passed is :modalCloseFilters
]]></system-out>
  </testcase>
  <testcase name="modalCloseFilters[Dealer7032823, 4558600, dealer, CloseButton](2)" classname="testsuite.earlyClaims_test" time="36.772">
    <system-out><![CDATA[modalCloseFilters test case started
modalCloseFilters dealer
CloseButton
allHeaderNames: [, Last Name, Contract, VIN, Payee, Claim Amount, , ]
No of rows in grid: 25
Complete Grid data: {1={Last Name=JGMTGHCY, Contract=RNLBA001117I21, VIN=001117, Payee=Automaxx of the Carolinas, Claim Amount=$942.46, =View Details}, 2={Last Name=SWSQWOAP, Contract=RAWDE057136H21, VIN=057136, Payee=Automaxx of the Carolinas, Claim Amount=$2,147.10, =View Details}, 3={Last Name=WXNVCZRK, Contract=RNLDE203649H21, VIN=203649, Payee=Automaxx of the Carolinas, Claim Amount=$0.00, =View Details}, 4={Last Name=SXSKQGHC, Contract=HE022345C0R, VIN=022345, Payee=Automaxx of the Carolinas, Claim Amount=$737.50, =View Details}, 5={Last Name=SXSKQGHC, Contract=HE022345C0R, VIN=022345, Payee=Meridian Auto Parts, Claim Amount=$411.00, =View Details}, 6={Last Name=QRYCQBCK, Contract=HE024130A0, VIN=024130, Payee=Automaxx of the Carolinas, Claim Amount=$603.16, =View Details}, 7={Last Name=JHNIFKOW, Contract=BN546263G9, VIN=546263, Payee=FOUR MILE AUTOMOTIVE, Claim Amount=$877.72, =View Details}, 8={Last Name=MYKFCTIB, Contract=FN555807K9, VIN=555807, Payee=Automaxx of the Carolinas, Claim Amount=$460.60, =View Details}, 9={Last Name=MIMFOYFM, Contract=FD199606I8, VIN=199606, Payee=Jimmy Britt Chrysler Jeep Dodg, Claim Amount=$493.98, =View Details}, 10={Last Name=SMUFDNAR, Contract=OLWDD700808F21, VIN=700808, Payee=Automaxx of the Carolinas, Claim Amount=$297.64, =View Details}, 11={Last Name=QIVRLPVV, Contract=RNFFD352792B21, VIN=352792, Payee=Automaxx of the Carolinas, Claim Amount=$900.00, =View Details}, 12={Last Name=WXSCBTAA, Contract=CL215312E8, VIN=215312, Payee=Automaxx of the Carolinas, Claim Amount=$788.84, =View Details}, 13={Last Name=NYLFWVXR, Contract=RNLED818954G21, VIN=818954, Payee=Automaxx of the Carolinas, Claim Amount=$229.11, =View Details}, 14={Last Name=FMFKAZJB, Contract=RNFED794280D21, VIN=794280, Payee=Automaxx of the Carolinas, Claim Amount=$1,132.50, =View Details}, 15={Last Name=RNBCGDCE, Contract=RNFGD812001H20, VIN=812001, Payee=Automaxx of the Carolinas, Claim Amount=$251.95, =View Details}, 16={Last Name=IFLNWEBP, Contract=RNLCW201446I21, VIN=201446, Payee=Automaxx of the Carolinas, Claim Amount=$507.48, =View Details}, 17={Last Name=TOYIVZXT, Contract=EW160225E9, VIN=160225, Payee=Automaxx of the Carolinas, Claim Amount=$977.00, =View Details}, 18={Last Name=JNXXDTVB, Contract=SRFFC146938D21, VIN=146938, Payee=Automaxx of the Carolinas, Claim Amount=$550.50, =View Details}, 19={Last Name=PNAFPOSY, Contract=RNFEC388657C21, VIN=388657, Payee=C & K AUTO PARTS LLC Part Supp, Claim Amount=$2,961.00, =View Details}, 20={Last Name=MGHHMTPH, Contract=OLWCC209617C21, VIN=209617, Payee=Automaxx of the Carolinas, Claim Amount=$723.76, =View Details}, 21={Last Name=RMYGLDJS, Contract=RNLEC536707L21, VIN=536707, Payee=, Claim Amount=$1,753.36, =View Details}, 22={Last Name=RMYGLDJS, Contract=RNLEC536707L21, VIN=536707, Payee=Hoover Chrysler Dodge Jeep, Claim Amount=$1,753.36, =View Details}, 23={Last Name=RMYGLDJS, Contract=RNLEC536707L21, VIN=536707, Payee=Hoover Chrysler Dodge Jeep, Claim Amount=-$1,753.36, =View Details}, 24={Last Name=UWRQJLZA, Contract=EC265780A0, VIN=265780, Payee=Automaxx of the Carolinas, Claim Amount=$1,629.59, =View Details}, 25={Last Name=TUVZMKOB, Contract=RNFFC668166L20, VIN=668166, Payee=Automaxx of the Carolinas, Claim Amount=$1,114.28, =View Details}}
{1={Last Name=JGMTGHCY, Contract=RNLBA001117I21, VIN=001117, Payee=Automaxx of the Carolinas, Claim Amount=$942.46, =View Details}, 2={Last Name=SWSQWOAP, Contract=RAWDE057136H21, VIN=057136, Payee=Automaxx of the Carolinas, Claim Amount=$2,147.10, =View Details}, 3={Last Name=WXNVCZRK, Contract=RNLDE203649H21, VIN=203649, Payee=Automaxx of the Carolinas, Claim Amount=$0.00, =View Details}, 4={Last Name=SXSKQGHC, Contract=HE022345C0R, VIN=022345, Payee=Automaxx of the Carolinas, Claim Amount=$737.50, =View Details}, 5={Last Name=SXSKQGHC, Contract=HE022345C0R, VIN=022345, Payee=Meridian Auto Parts, Claim Amount=$411.00, =View Details}, 6={Last Name=QRYCQBCK, Contract=HE024130A0, VIN=024130, Payee=Automaxx of the Carolinas, Claim Amount=$603.16, =View Details}, 7={Last Name=JHNIFKOW, Contract=BN546263G9, VIN=546263, Payee=FOUR MILE AUTOMOTIVE, Claim Amount=$877.72, =View Details}, 8={Last Name=MYKFCTIB, Contract=FN555807K9, VIN=555807, Payee=Automaxx of the Carolinas, Claim Amount=$460.60, =View Details}, 9={Last Name=MIMFOYFM, Contract=FD199606I8, VIN=199606, Payee=Jimmy Britt Chrysler Jeep Dodg, Claim Amount=$493.98, =View Details}, 10={Last Name=SMUFDNAR, Contract=OLWDD700808F21, VIN=700808, Payee=Automaxx of the Carolinas, Claim Amount=$297.64, =View Details}, 11={Last Name=QIVRLPVV, Contract=RNFFD352792B21, VIN=352792, Payee=Automaxx of the Carolinas, Claim Amount=$900.00, =View Details}, 12={Last Name=WXSCBTAA, Contract=CL215312E8, VIN=215312, Payee=Automaxx of the Carolinas, Claim Amount=$788.84, =View Details}, 13={Last Name=NYLFWVXR, Contract=RNLED818954G21, VIN=818954, Payee=Automaxx of the Carolinas, Claim Amount=$229.11, =View Details}, 14={Last Name=FMFKAZJB, Contract=RNFED794280D21, VIN=794280, Payee=Automaxx of the Carolinas, Claim Amount=$1,132.50, =View Details}, 15={Last Name=RNBCGDCE, Contract=RNFGD812001H20, VIN=812001, Payee=Automaxx of the Carolinas, Claim Amount=$251.95, =View Details}, 16={Last Name=IFLNWEBP, Contract=RNLCW201446I21, VIN=201446, Payee=Automaxx of the Carolinas, Claim Amount=$507.48, =View Details}, 17={Last Name=TOYIVZXT, Contract=EW160225E9, VIN=160225, Payee=Automaxx of the Carolinas, Claim Amount=$977.00, =View Details}, 18={Last Name=JNXXDTVB, Contract=SRFFC146938D21, VIN=146938, Payee=Automaxx of the Carolinas, Claim Amount=$550.50, =View Details}, 19={Last Name=PNAFPOSY, Contract=RNFEC388657C21, VIN=388657, Payee=C & K AUTO PARTS LLC Part Supp, Claim Amount=$2,961.00, =View Details}, 20={Last Name=MGHHMTPH, Contract=OLWCC209617C21, VIN=209617, Payee=Automaxx of the Carolinas, Claim Amount=$723.76, =View Details}, 21={Last Name=RMYGLDJS, Contract=RNLEC536707L21, VIN=536707, Payee=, Claim Amount=$1,753.36, =View Details}, 22={Last Name=RMYGLDJS, Contract=RNLEC536707L21, VIN=536707, Payee=Hoover Chrysler Dodge Jeep, Claim Amount=$1,753.36, =View Details}, 23={Last Name=RMYGLDJS, Contract=RNLEC536707L21, VIN=536707, Payee=Hoover Chrysler Dodge Jeep, Claim Amount=-$1,753.36, =View Details}, 24={Last Name=UWRQJLZA, Contract=EC265780A0, VIN=265780, Payee=Automaxx of the Carolinas, Claim Amount=$1,629.59, =View Details}, 25={Last Name=TUVZMKOB, Contract=RNFFC668166L20, VIN=668166, Payee=Automaxx of the Carolinas, Claim Amount=$1,114.28, =View Details}}
allHeaderNames: [, Last Name, Contract, VIN, Payee, Claim Amount, , ]
No of rows in grid: 1
Complete Grid data: {1={Last Name=JGMTGHCY, Contract=RNLBA001117I21, VIN=001117, Payee=Automaxx of the Carolinas, Claim Amount=$942.46, =View Details}}
{1={Last Name=JGMTGHCY, Contract=RNLBA001117I21, VIN=001117, Payee=Automaxx of the Carolinas, Claim Amount=$942.46, =View Details}}
CloseButton
element: [[ChromeDriver: chrome on WINDOWS (42cc9c6fb5d84ba2ae0c3caf9a2ec843)] -> css selector: .cdk-overlay-pane.showDetailsModal]
Modal is opened
allHeaderNames: [, Last Name, Contract, VIN, Payee, Claim Amount, , ]
No of rows in grid: 1
Complete Grid data: {1={Last Name=JGMTGHCY, Contract=RNLBA001117I21, VIN=001117, Payee=Automaxx of the Carolinas, Claim Amount=$942.46, =View Details}}
{1={Last Name=JGMTGHCY, Contract=RNLBA001117I21, VIN=001117, Payee=Automaxx of the Carolinas, Claim Amount=$942.46, =View Details}}
modalCloseFilters enddealer
The name of the testcase passed is :modalCloseFilters
]]></system-out>
  </testcase>
  <testcase name="verifyExportPDFCompleteData[Dealer7032823, 4558600, dealer](1)" classname="testsuite.earlyClaims_test" time="30.055">
    <system-out><![CDATA[verifyExportPDFCompleteData test case started
verifyExportPDFCompleteData dealer
allHeaderNames: [, Last Name, Contract, VIN, Payee, Claim Amount, , ]
No of rows in grid: 25
Complete Grid data: {1={Last Name=QLLGERUG, Contract=FE095604E20R, VIN=095604, Payee=Automaxx of the Carolinas, Claim Amount=$275.98, =View Details}, 2={Last Name=AOZANIZC, Contract=FSLFE116332F21, VIN=116332, Payee=Vehicle Administration Service, Claim Amount=$54.75, =View Details}, 3={Last Name=LJDSKHRN, Contract=DE049480K9R, VIN=049480, Payee=Automaxx of the Carolinas, Claim Amount=$350.24, =View Details}, 4={Last Name=VETURCHK, Contract=EE085137G9R, VIN=085137, Payee=Automaxx of the Carolinas, Claim Amount=$0.00, =View Details}, 5={Last Name=VBDFRLRR, Contract=RNLFE086077F21, VIN=086077, Payee=Automaxx of the Carolinas, Claim Amount=$202.69, =View Details}, 6={Last Name=SBLGMSOW, Contract=OLWCE065940L20, VIN=065940, Payee=Automaxx of the Carolinas, Claim Amount=$368.50, =View Details}, 7={Last Name=JJUKMPEG, Contract=DE026333E20R, VIN=026333, Payee=Automaxx of the Carolinas, Claim Amount=$701.02, =View Details}, 8={Last Name=PHUXIAWK, Contract=RNFHE016908E21, VIN=016908, Payee=Automaxx of the Carolinas, Claim Amount=$587.32, =View Details}, 9={Last Name=EARHFTIK, Contract=8F148781G8, VIN=148781, Payee=Automaxx of the Carolinas, Claim Amount=$1,145.60, =View Details}, 10={Last Name=QGSWONJH, Contract=AN195880I8R, VIN=195880, Payee=Automaxx of the Carolinas, Claim Amount=$0.00, =View Details}, 11={Last Name=QGSWONJH, Contract=AN195880I8R, VIN=195880, Payee=Automaxx of the Carolinas, Claim Amount=$0.00, =View Details}, 12={Last Name=QGCTAYFB, Contract=RAWDN510313K21, VIN=510313, Payee=Automaxx of the Carolinas, Claim Amount=$0.00, =View Details}, 13={Last Name=BVJRADZH, Contract=RNLDN600257F21, VIN=600257, Payee=Automaxx of the Carolinas, Claim Amount=$228.84, =View Details}, 14={Last Name=PRXYPAYY, Contract=CN158786B0R, VIN=158786, Payee=Automaxx of the Carolinas, Claim Amount=$0.00, =View Details}, 15={Last Name=LZQATBHM, Contract=RNLFN716377J21, VIN=716377, Payee=Warner Robins Chrysler Jeep Do, Claim Amount=$129.88, =View Details}, 16={Last Name=DWZAWYLS, Contract=RNLFN654555F21, VIN=654555, Payee=Automaxx of the Carolinas, Claim Amount=$529.58, =View Details}, 17={Last Name=HBHQBFAM, Contract=RAWFN572626K21, VIN=572626, Payee=Automaxx of the Carolinas, Claim Amount=$2,327.39, =View Details}, 18={Last Name=SMUFDNAR, Contract=OLWDD700808F21, VIN=700808, Payee=Automaxx of the Carolinas, Claim Amount=$165.88, =View Details}, 19={Last Name=GGUAVMGT, Contract=RAWDL655314A22, VIN=655314, Payee=Automaxx of the Carolinas, Claim Amount=$0.00, =View Details}, 20={Last Name=GGUAVMGT, Contract=RAWDL655314A22, VIN=655314, Payee=Automaxx of the Carolinas, Claim Amount=$478.00, =View Details}, 21={Last Name=XYLRSIND, Contract=FSLGL235959I21, VIN=235959, Payee=Automaxx of the Carolinas, Claim Amount=$342.56, =View Details}, 22={Last Name=IKLEXXSW, Contract=RNFFL609950F20, VIN=609950, Payee=Automaxx of the Carolinas, Claim Amount=$5,747.63, =View Details}, 23={Last Name=EPLVEVGM, Contract=RNLFL710257H21, VIN=710257, Payee=Automaxx of the Carolinas, Claim Amount=$342.16, =View Details}, 24={Last Name=UFMGUECG, Contract=EL266124J8R, VIN=266124, Payee=Automaxx of the Carolinas, Claim Amount=$599.98, =View Details}, 25={Last Name=KUUNAJGJ, Contract=RNFGD804118K20, VIN=804118, Payee=Automaxx of the Carolinas, Claim Amount=$280.41, =View Details}}
{1={Last Name=QLLGERUG, Contract=FE095604E20R, VIN=095604, Payee=Automaxx of the Carolinas, Claim Amount=$275.98, =View Details}, 2={Last Name=AOZANIZC, Contract=FSLFE116332F21, VIN=116332, Payee=Vehicle Administration Service, Claim Amount=$54.75, =View Details}, 3={Last Name=LJDSKHRN, Contract=DE049480K9R, VIN=049480, Payee=Automaxx of the Carolinas, Claim Amount=$350.24, =View Details}, 4={Last Name=VETURCHK, Contract=EE085137G9R, VIN=085137, Payee=Automaxx of the Carolinas, Claim Amount=$0.00, =View Details}, 5={Last Name=VBDFRLRR, Contract=RNLFE086077F21, VIN=086077, Payee=Automaxx of the Carolinas, Claim Amount=$202.69, =View Details}, 6={Last Name=SBLGMSOW, Contract=OLWCE065940L20, VIN=065940, Payee=Automaxx of the Carolinas, Claim Amount=$368.50, =View Details}, 7={Last Name=JJUKMPEG, Contract=DE026333E20R, VIN=026333, Payee=Automaxx of the Carolinas, Claim Amount=$701.02, =View Details}, 8={Last Name=PHUXIAWK, Contract=RNFHE016908E21, VIN=016908, Payee=Automaxx of the Carolinas, Claim Amount=$587.32, =View Details}, 9={Last Name=EARHFTIK, Contract=8F148781G8, VIN=148781, Payee=Automaxx of the Carolinas, Claim Amount=$1,145.60, =View Details}, 10={Last Name=QGSWONJH, Contract=AN195880I8R, VIN=195880, Payee=Automaxx of the Carolinas, Claim Amount=$0.00, =View Details}, 11={Last Name=QGSWONJH, Contract=AN195880I8R, VIN=195880, Payee=Automaxx of the Carolinas, Claim Amount=$0.00, =View Details}, 12={Last Name=QGCTAYFB, Contract=RAWDN510313K21, VIN=510313, Payee=Automaxx of the Carolinas, Claim Amount=$0.00, =View Details}, 13={Last Name=BVJRADZH, Contract=RNLDN600257F21, VIN=600257, Payee=Automaxx of the Carolinas, Claim Amount=$228.84, =View Details}, 14={Last Name=PRXYPAYY, Contract=CN158786B0R, VIN=158786, Payee=Automaxx of the Carolinas, Claim Amount=$0.00, =View Details}, 15={Last Name=LZQATBHM, Contract=RNLFN716377J21, VIN=716377, Payee=Warner Robins Chrysler Jeep Do, Claim Amount=$129.88, =View Details}, 16={Last Name=DWZAWYLS, Contract=RNLFN654555F21, VIN=654555, Payee=Automaxx of the Carolinas, Claim Amount=$529.58, =View Details}, 17={Last Name=HBHQBFAM, Contract=RAWFN572626K21, VIN=572626, Payee=Automaxx of the Carolinas, Claim Amount=$2,327.39, =View Details}, 18={Last Name=SMUFDNAR, Contract=OLWDD700808F21, VIN=700808, Payee=Automaxx of the Carolinas, Claim Amount=$165.88, =View Details}, 19={Last Name=GGUAVMGT, Contract=RAWDL655314A22, VIN=655314, Payee=Automaxx of the Carolinas, Claim Amount=$0.00, =View Details}, 20={Last Name=GGUAVMGT, Contract=RAWDL655314A22, VIN=655314, Payee=Automaxx of the Carolinas, Claim Amount=$478.00, =View Details}, 21={Last Name=XYLRSIND, Contract=FSLGL235959I21, VIN=235959, Payee=Automaxx of the Carolinas, Claim Amount=$342.56, =View Details}, 22={Last Name=IKLEXXSW, Contract=RNFFL609950F20, VIN=609950, Payee=Automaxx of the Carolinas, Claim Amount=$5,747.63, =View Details}, 23={Last Name=EPLVEVGM, Contract=RNLFL710257H21, VIN=710257, Payee=Automaxx of the Carolinas, Claim Amount=$342.16, =View Details}, 24={Last Name=UFMGUECG, Contract=EL266124J8R, VIN=266124, Payee=Automaxx of the Carolinas, Claim Amount=$599.98, =View Details}, 25={Last Name=KUUNAJGJ, Contract=RNFGD804118K20, VIN=804118, Payee=Automaxx of the Carolinas, Claim Amount=$280.41, =View Details}}
[Early_Claims-July-28771.pdf]
file:///C:\AUL\Workspace\ADL\PDF\Early_Claims-July-28771.pdf
rangeMessageUI: Showing 1 to 25 of 511 records
lb: 1
ub: 25
totalRows: 511
totalpages:21
totalRowsPerPage:25
The total number of pages in PDF 19
totalpagesPDFFormatted 19
firstRowPDF: QLLGERUG FE095604E20R 095604 Automaxx of the Carolinas $275.98
firstRowUI: QLLGERUG FE095604E20R 095604 Automaxx of the Carolinas $275.98
expPdfName: Early_Claims-July-28771.pdf
verifyExportPDFCompleteData end dealer
The name of the testcase passed is :verifyExportPDFCompleteData
]]></system-out>
  </testcase>
  <testcase name="verifyExportPDFCompleteData[Agent110, Since1996, agent](2)" classname="testsuite.earlyClaims_test" time="17.426">
    <failure message="expected [false] but found [true]" type="java.lang.AssertionError"><![CDATA[java.lang.AssertionError: expected [false] but found [true]
	at testsuite.earlyClaims_test.verifyExportPDFCompleteData(earlyClaims_test.java:187)
]]></failure>
    <system-out><![CDATA[verifyExportPDFCompleteData test case started
verifyExportPDFCompleteData agent
allHeaderNames: [, Dealer Id, Dealer Name, Last Name, Contract, VIN, Payee, Claim Amount, , ]
No of rows in grid: 25
Complete Grid data: {1={Dealer Id=38226, Dealer Name=3 Boys Classic Towing & Auto Sales, Last Name=BXCMKZOX, Contract=CD527348A0, VIN=527348, Payee=Vehicle Administration Service, Claim Amount=$46.25, =View Details}, 2={Dealer Id=19522, Dealer Name=Angel Motors Inc, Last Name=PICYIYNH, Contract=SNICB004819J21, VIN=004819, Payee=Manly Honda, Claim Amount=$0.00, =View Details}, 3={Dealer Id=19522, Dealer Name=Angel Motors Inc, Last Name=PEVPILAE, Contract=SNIDS176023G21, VIN=176023, Payee=Jimmy Vasser Toyota, Claim Amount=$956.23, =View Details}, 4={Dealer Id=13269, Dealer Name=Carriage Motors, Last Name=AXYTEEWR, Contract=SNEAJ207998J20, VIN=207998, Payee=Cricket Inc Hensley's Auto, Claim Amount=$221.89, =View Details}, 5={Dealer Id=13269, Dealer Name=Carriage Motors, Last Name=PLLLPIVJ, Contract=AH244561K9, VIN=244561, Payee=BNC Auto Repair, Claim Amount=$390.95, =View Details}, 6={Dealer Id=13269, Dealer Name=Carriage Motors, Last Name=LVVSFDKP, Contract=B6346952C9, VIN=346952, Payee=Platinum Chevrolet, Claim Amount=$0.00, =View Details}, 7={Dealer Id=13269, Dealer Name=Carriage Motors, Last Name=MMOCORGQ, Contract=SNE67336151B21, VIN=336151, Payee=Econo Lube N' Tune, Claim Amount=$459.75, =View Details}, 8={Dealer Id=13269, Dealer Name=Carriage Motors, Last Name=ERSDUUSO, Contract=7A006419A9, VIN=006419, Payee=Hansel Acura, Claim Amount=$0.00, =View Details}, 9={Dealer Id=13269, Dealer Name=Carriage Motors, Last Name=SCGSXPBD, Contract=SNI6M507228H21, VIN=507228, Payee=Cricket Inc Hensley's Auto, Claim Amount=$334.46, =View Details}, 10={Dealer Id=13269, Dealer Name=Carriage Motors, Last Name=AZNFBNMX, Contract=7FZ78584G8, VIN=Z78584, Payee=Hansel BMW, Claim Amount=$2,865.40, =View Details}, 11={Dealer Id=12997, Dealer Name=Courtesy Used Cars, Last Name=ZODFXSZZ, Contract=5C428659E20Y, VIN=428659, Payee=McCrea Motors, Claim Amount=$0.00, =View Details}, 12={Dealer Id=39582, Dealer Name=D Auto Sales, Last Name=QPDDQIBN, Contract=UFC45101574E21, VIN=101574, Payee=City Center Cars & Trucks, Claim Amount=$723.36, =View Details}, 13={Dealer Id=42122, Dealer Name=Earnest Auto Sales, Last Name=BOEWPUJJ, Contract=UFCF7128002H20, VIN=128002, Payee=BL Performance, Claim Amount=$0.00, =View Details}, 14={Dealer Id=42122, Dealer Name=Earnest Auto Sales, Last Name=TDESWGWY, Contract=7L057432A9, VIN=057432, Payee=Oakland Auto, Claim Amount=$0.00, =View Details}, 15={Dealer Id=42122, Dealer Name=Earnest Auto Sales, Last Name=PRCUDYIM, Contract=DR627029G9, VIN=627029, Payee=Vehicle Administration Service, Claim Amount=$71.25, =View Details}, 16={Dealer Id=42122, Dealer Name=Earnest Auto Sales, Last Name=PRCUDYIM, Contract=DR627029G9, VIN=627029, Payee=Vehicle Administration Service, Claim Amount=$71.25, =View Details}, 17={Dealer Id=42122, Dealer Name=Earnest Auto Sales, Last Name=YADTVYSX, Contract=WZ041963D9, VIN=041963, Payee=Tyrell's Auto Service, Claim Amount=$0.00, =View Details}, 18={Dealer Id=47952, Dealer Name=Encore Motor Group, Last Name=CZPFNDNV, Contract=DL337880I8, VIN=337880, Payee=Future Ford, Claim Amount=$0.00, =View Details}, 19={Dealer Id=47952, Dealer Name=Encore Motor Group, Last Name=CZPFNDNV, Contract=DL337880I8, VIN=337880, Payee=Downtown Ford Sales, Claim Amount=$419.67, =View Details}, 20={Dealer Id=47952, Dealer Name=Encore Motor Group, Last Name=MJHWCBTX, Contract=SNIG0189755G21, VIN=189755, Payee=Bill Dickason Cheverolet, Claim Amount=$0.00, =View Details}, 21={Dealer Id=47952, Dealer Name=Encore Motor Group, Last Name=KZOMUGLE, Contract=GBA12702L9, VIN=A12702, Payee=Vehicle Administration Service, Claim Amount=$39.25, =View Details}, 22={Dealer Id=47952, Dealer Name=Encore Motor Group, Last Name=JHEBAXYU, Contract=FR163837B0, VIN=163837, Payee=Manteca Ford, Claim Amount=$623.00, =View Details}, 23={Dealer Id=47952, Dealer Name=Encore Motor Group, Last Name=ORBBLSUS, Contract=SNEEKN36206A21, VIN=N36206, Payee=GS Tuning, Claim Amount=$0.00, =View Details}, 24={Dealer Id=47952, Dealer Name=Encore Motor Group, Last Name=QDCIYALR, Contract=FE827126L8, VIN=827126, Payee=Vehicle Administration Service, Claim Amount=$37.25, =View Details}, 25={Dealer Id=47952, Dealer Name=Encore Motor Group, Last Name=QDCIYALR, Contract=FE827126L8, VIN=827126, Payee=Vehicle Administration Service, Claim Amount=$37.25, =View Details}}
{1={Dealer Id=38226, Dealer Name=3 Boys Classic Towing & Auto Sales, Last Name=BXCMKZOX, Contract=CD527348A0, VIN=527348, Payee=Vehicle Administration Service, Claim Amount=$46.25, =View Details}, 2={Dealer Id=19522, Dealer Name=Angel Motors Inc, Last Name=PICYIYNH, Contract=SNICB004819J21, VIN=004819, Payee=Manly Honda, Claim Amount=$0.00, =View Details}, 3={Dealer Id=19522, Dealer Name=Angel Motors Inc, Last Name=PEVPILAE, Contract=SNIDS176023G21, VIN=176023, Payee=Jimmy Vasser Toyota, Claim Amount=$956.23, =View Details}, 4={Dealer Id=13269, Dealer Name=Carriage Motors, Last Name=AXYTEEWR, Contract=SNEAJ207998J20, VIN=207998, Payee=Cricket Inc Hensley's Auto, Claim Amount=$221.89, =View Details}, 5={Dealer Id=13269, Dealer Name=Carriage Motors, Last Name=PLLLPIVJ, Contract=AH244561K9, VIN=244561, Payee=BNC Auto Repair, Claim Amount=$390.95, =View Details}, 6={Dealer Id=13269, Dealer Name=Carriage Motors, Last Name=LVVSFDKP, Contract=B6346952C9, VIN=346952, Payee=Platinum Chevrolet, Claim Amount=$0.00, =View Details}, 7={Dealer Id=13269, Dealer Name=Carriage Motors, Last Name=MMOCORGQ, Contract=SNE67336151B21, VIN=336151, Payee=Econo Lube N' Tune, Claim Amount=$459.75, =View Details}, 8={Dealer Id=13269, Dealer Name=Carriage Motors, Last Name=ERSDUUSO, Contract=7A006419A9, VIN=006419, Payee=Hansel Acura, Claim Amount=$0.00, =View Details}, 9={Dealer Id=13269, Dealer Name=Carriage Motors, Last Name=SCGSXPBD, Contract=SNI6M507228H21, VIN=507228, Payee=Cricket Inc Hensley's Auto, Claim Amount=$334.46, =View Details}, 10={Dealer Id=13269, Dealer Name=Carriage Motors, Last Name=AZNFBNMX, Contract=7FZ78584G8, VIN=Z78584, Payee=Hansel BMW, Claim Amount=$2,865.40, =View Details}, 11={Dealer Id=12997, Dealer Name=Courtesy Used Cars, Last Name=ZODFXSZZ, Contract=5C428659E20Y, VIN=428659, Payee=McCrea Motors, Claim Amount=$0.00, =View Details}, 12={Dealer Id=39582, Dealer Name=D Auto Sales, Last Name=QPDDQIBN, Contract=UFC45101574E21, VIN=101574, Payee=City Center Cars & Trucks, Claim Amount=$723.36, =View Details}, 13={Dealer Id=42122, Dealer Name=Earnest Auto Sales, Last Name=BOEWPUJJ, Contract=UFCF7128002H20, VIN=128002, Payee=BL Performance, Claim Amount=$0.00, =View Details}, 14={Dealer Id=42122, Dealer Name=Earnest Auto Sales, Last Name=TDESWGWY, Contract=7L057432A9, VIN=057432, Payee=Oakland Auto, Claim Amount=$0.00, =View Details}, 15={Dealer Id=42122, Dealer Name=Earnest Auto Sales, Last Name=PRCUDYIM, Contract=DR627029G9, VIN=627029, Payee=Vehicle Administration Service, Claim Amount=$71.25, =View Details}, 16={Dealer Id=42122, Dealer Name=Earnest Auto Sales, Last Name=PRCUDYIM, Contract=DR627029G9, VIN=627029, Payee=Vehicle Administration Service, Claim Amount=$71.25, =View Details}, 17={Dealer Id=42122, Dealer Name=Earnest Auto Sales, Last Name=YADTVYSX, Contract=WZ041963D9, VIN=041963, Payee=Tyrell's Auto Service, Claim Amount=$0.00, =View Details}, 18={Dealer Id=47952, Dealer Name=Encore Motor Group, Last Name=CZPFNDNV, Contract=DL337880I8, VIN=337880, Payee=Future Ford, Claim Amount=$0.00, =View Details}, 19={Dealer Id=47952, Dealer Name=Encore Motor Group, Last Name=CZPFNDNV, Contract=DL337880I8, VIN=337880, Payee=Downtown Ford Sales, Claim Amount=$419.67, =View Details}, 20={Dealer Id=47952, Dealer Name=Encore Motor Group, Last Name=MJHWCBTX, Contract=SNIG0189755G21, VIN=189755, Payee=Bill Dickason Cheverolet, Claim Amount=$0.00, =View Details}, 21={Dealer Id=47952, Dealer Name=Encore Motor Group, Last Name=KZOMUGLE, Contract=GBA12702L9, VIN=A12702, Payee=Vehicle Administration Service, Claim Amount=$39.25, =View Details}, 22={Dealer Id=47952, Dealer Name=Encore Motor Group, Last Name=JHEBAXYU, Contract=FR163837B0, VIN=163837, Payee=Manteca Ford, Claim Amount=$623.00, =View Details}, 23={Dealer Id=47952, Dealer Name=Encore Motor Group, Last Name=ORBBLSUS, Contract=SNEEKN36206A21, VIN=N36206, Payee=GS Tuning, Claim Amount=$0.00, =View Details}, 24={Dealer Id=47952, Dealer Name=Encore Motor Group, Last Name=QDCIYALR, Contract=FE827126L8, VIN=827126, Payee=Vehicle Administration Service, Claim Amount=$37.25, =View Details}, 25={Dealer Id=47952, Dealer Name=Encore Motor Group, Last Name=QDCIYALR, Contract=FE827126L8, VIN=827126, Payee=Vehicle Administration Service, Claim Amount=$37.25, =View Details}}
The name of the testcase failed is :verifyExportPDFCompleteData
]]></system-out>
    <system-err><![CDATA[java.io.IOException: Unable to delete file: C:\AUL\Workspace\ADL\PDF\Early_Claims-July-28771.pdf
	at org.apache.commons.io.FileUtils.forceDelete(FileUtils.java:2400)
	at org.apache.commons.io.FileUtils.cleanDirectory(FileUtils.java:1721)
	at pageActions.earlyClaimsAction.cleanCurrentDirectoryAndGetPdfFile(earlyClaimsAction.java:442)
	at pageActions.earlyClaimsAction.verifyPDF(earlyClaimsAction.java:282)
	at testsuite.earlyClaims_test.verifyExportPDFCompleteData(earlyClaims_test.java:179)
	at sun.reflect.NativeMethodAccessorImpl.invoke0(Native Method)
	at sun.reflect.NativeMethodAccessorImpl.invoke(Unknown Source)
	at sun.reflect.DelegatingMethodAccessorImpl.invoke(Unknown Source)
	at java.lang.reflect.Method.invoke(Unknown Source)
	at org.testng.internal.MethodInvocationHelper.invokeMethod(MethodInvocationHelper.java:80)
	at org.testng.internal.Invoker.invokeMethod(Invoker.java:714)
	at org.testng.internal.Invoker.invokeTestMethod(Invoker.java:901)
	at org.testng.internal.Invoker.invokeTestMethods(Invoker.java:1231)
	at org.testng.internal.TestMethodWorker.invokeTestMethods(TestMethodWorker.java:127)
	at org.testng.internal.TestMethodWorker.run(TestMethodWorker.java:111)
	at org.testng.TestRunner.privateRun(TestRunner.java:767)
	at org.testng.TestRunner.run(TestRunner.java:617)
	at org.testng.SuiteRunner.runTest(SuiteRunner.java:334)
	at org.testng.SuiteRunner.runSequentially(SuiteRunner.java:329)
	at org.testng.SuiteRunner.privateRun(SuiteRunner.java:291)
	at org.testng.SuiteRunner.run(SuiteRunner.java:240)
	at org.testng.SuiteRunnerWorker.runSuite(SuiteRunnerWorker.java:52)
	at org.testng.SuiteRunnerWorker.run(SuiteRunnerWorker.java:86)
	at org.testng.TestNG.runSuitesSequentially(TestNG.java:1198)
	at org.testng.TestNG.runSuitesLocally(TestNG.java:1123)
	at org.testng.TestNG.run(TestNG.java:1031)
	at org.apache.maven.surefire.testng.TestNGExecutor.run(TestNGExecutor.java:284)
	at org.apache.maven.surefire.testng.TestNGXmlTestSuite.execute(TestNGXmlTestSuite.java:75)
	at org.apache.maven.surefire.testng.TestNGProvider.invoke(TestNGProvider.java:119)
	at org.apache.maven.surefire.booter.ForkedBooter.runSuitesInProcess(ForkedBooter.java:428)
	at org.apache.maven.surefire.booter.ForkedBooter.execute(ForkedBooter.java:162)
	at org.apache.maven.surefire.booter.ForkedBooter.run(ForkedBooter.java:562)
	at org.apache.maven.surefire.booter.ForkedBooter.main(ForkedBooter.java:548)
]]></system-err>
  </testcase>
  <testcase name="verifyExportPDFCompleteData[f30, spp1, lender](3)" classname="testsuite.earlyClaims_test" time="2.207">
    <failure message="expected [false] but found [true]" type="java.lang.AssertionError"><![CDATA[java.lang.AssertionError: expected [false] but found [true]
	at testsuite.earlyClaims_test.verifyExportPDFCompleteData(earlyClaims_test.java:194)
]]></failure>
    <system-out><![CDATA[verifyExportPDFCompleteData test case started
verifyExportPDFCompleteData lender
********FAIL***********verifyExportPDFCompleteData lender
The name of the testcase failed is :verifyExportPDFCompleteData
]]></system-out>
  </testcase>
  <testcase name="verifyExportPDFCompleteData[sgrace, Police0201, dealeremp](4)" classname="testsuite.earlyClaims_test" time="2.255">
    <failure message="expected [false] but found [true]" type="java.lang.AssertionError"><![CDATA[java.lang.AssertionError: expected [false] but found [true]
	at testsuite.earlyClaims_test.verifyExportPDFCompleteData(earlyClaims_test.java:194)
]]></failure>
    <system-out><![CDATA[verifyExportPDFCompleteData test case started
verifyExportPDFCompleteData dealeremp
********FAIL***********verifyExportPDFCompleteData dealeremp
The name of the testcase failed is :verifyExportPDFCompleteData
]]></system-out>
  </testcase>
  <testcase name="verifyExportPDFFilteredData[Dealer7032823, 4558600, dealer](1)" classname="testsuite.earlyClaims_test" time="2.224">
    <failure message="no such element: Unable to locate element: {&quot;method&quot;:&quot;css selector&quot;,&quot;selector&quot;:&quot;input[placeholder=&quot;Enter your username&quot;]&quot;}&#10;  (Session info: chrome=97.0.4692.99)&#10;For documentation on this error, please visit: https://selenium.dev/exceptions/#no_such_element&#10;Build info: version: &apos;4.0.0&apos;, revision: &apos;3a21814679&apos;&#10;System info: host: &apos;AUL-DEV-03&apos;, ip: &apos;10.0.5.63&apos;, os.name: &apos;Windows 10&apos;, os.arch: &apos;amd64&apos;, os.version: &apos;10.0&apos;, java.version: &apos;1.8.0_261&apos;&#10;Driver info: org.openqa.selenium.chrome.ChromeDriver&#10;Command: [42cc9c6fb5d84ba2ae0c3caf9a2ec843, findElement {using=css selector, value=input[placeholder=&quot;Enter your username&quot;]}]&#10;Capabilities {acceptInsecureCerts: false, browserName: chrome, browserVersion: 97.0.4692.99, chrome: {chromedriverVersion: 96.0.4664.45 (76e4c1bb2ab46..., userDataDir: C:\Users\ANKIT~1.SRI\AppDat...}, goog:chromeOptions: {debuggerAddress: localhost:51181}, javascriptEnabled: true, networkConnectionEnabled: false, pageLoadStrategy: normal, platform: WINDOWS, platformName: WINDOWS, proxy: Proxy(), se:cdp: ws://localhost:51181/devtoo..., se:cdpVersion: 97.0.4692.99, setWindowRect: true, strictFileInteractability: false, timeouts: {implicit: 0, pageLoad: 300000, script: 30000}, unhandledPromptBehavior: dismiss and notify, webauthn:extension:credBlob: true, webauthn:extension:largeBlob: true, webauthn:virtualAuthenticators: true}&#10;Session ID: 42cc9c6fb5d84ba2ae0c3caf9a2ec843" type="org.openqa.selenium.NoSuchElementException"><![CDATA[org.openqa.selenium.NoSuchElementException: 
no such element: Unable to locate element: {"method":"css selector","selector":"input[placeholder="Enter your username"]"}
  (Session info: chrome=97.0.4692.99)
For documentation on this error, please visit: https://selenium.dev/exceptions/#no_such_element
Build info: version: '4.0.0', revision: '3a21814679'
System info: host: 'AUL-DEV-03', ip: '10.0.5.63', os.name: 'Windows 10', os.arch: 'amd64', os.version: '10.0', java.version: '1.8.0_261'
Driver info: org.openqa.selenium.chrome.ChromeDriver
Command: [42cc9c6fb5d84ba2ae0c3caf9a2ec843, findElement {using=css selector, value=input[placeholder="Enter your username"]}]
Capabilities {acceptInsecureCerts: false, browserName: chrome, browserVersion: 97.0.4692.99, chrome: {chromedriverVersion: 96.0.4664.45 (76e4c1bb2ab46..., userDataDir: C:\Users\ANKIT~1.SRI\AppDat...}, goog:chromeOptions: {debuggerAddress: localhost:51181}, javascriptEnabled: true, networkConnectionEnabled: false, pageLoadStrategy: normal, platform: WINDOWS, platformName: WINDOWS, proxy: Proxy(), se:cdp: ws://localhost:51181/devtoo..., se:cdpVersion: 97.0.4692.99, setWindowRect: true, strictFileInteractability: false, timeouts: {implicit: 0, pageLoad: 300000, script: 30000}, unhandledPromptBehavior: dismiss and notify, webauthn:extension:credBlob: true, webauthn:extension:largeBlob: true, webauthn:virtualAuthenticators: true}
Session ID: 42cc9c6fb5d84ba2ae0c3caf9a2ec843
	at testsuite.earlyClaims_test.verifyExportPDFFilteredData(earlyClaims_test.java:201)
]]></failure>
    <system-out><![CDATA[verifyExportPDFFilteredData test case started
verifyExportPDFFilteredData dealer
The name of the testcase failed is :verifyExportPDFFilteredData
]]></system-out>
  </testcase>
  <testcase name="verifyExportPDFFilteredData[Agent110, Since1996, agent](2)" classname="testsuite.earlyClaims_test" time="2.25">
    <failure message="no such element: Unable to locate element: {&quot;method&quot;:&quot;css selector&quot;,&quot;selector&quot;:&quot;input[placeholder=&quot;Enter your username&quot;]&quot;}&#10;  (Session info: chrome=97.0.4692.99)&#10;For documentation on this error, please visit: https://selenium.dev/exceptions/#no_such_element&#10;Build info: version: &apos;4.0.0&apos;, revision: &apos;3a21814679&apos;&#10;System info: host: &apos;AUL-DEV-03&apos;, ip: &apos;10.0.5.63&apos;, os.name: &apos;Windows 10&apos;, os.arch: &apos;amd64&apos;, os.version: &apos;10.0&apos;, java.version: &apos;1.8.0_261&apos;&#10;Driver info: org.openqa.selenium.chrome.ChromeDriver&#10;Command: [42cc9c6fb5d84ba2ae0c3caf9a2ec843, findElement {using=css selector, value=input[placeholder=&quot;Enter your username&quot;]}]&#10;Capabilities {acceptInsecureCerts: false, browserName: chrome, browserVersion: 97.0.4692.99, chrome: {chromedriverVersion: 96.0.4664.45 (76e4c1bb2ab46..., userDataDir: C:\Users\ANKIT~1.SRI\AppDat...}, goog:chromeOptions: {debuggerAddress: localhost:51181}, javascriptEnabled: true, networkConnectionEnabled: false, pageLoadStrategy: normal, platform: WINDOWS, platformName: WINDOWS, proxy: Proxy(), se:cdp: ws://localhost:51181/devtoo..., se:cdpVersion: 97.0.4692.99, setWindowRect: true, strictFileInteractability: false, timeouts: {implicit: 0, pageLoad: 300000, script: 30000}, unhandledPromptBehavior: dismiss and notify, webauthn:extension:credBlob: true, webauthn:extension:largeBlob: true, webauthn:virtualAuthenticators: true}&#10;Session ID: 42cc9c6fb5d84ba2ae0c3caf9a2ec843" type="org.openqa.selenium.NoSuchElementException"><![CDATA[org.openqa.selenium.NoSuchElementException: 
no such element: Unable to locate element: {"method":"css selector","selector":"input[placeholder="Enter your username"]"}
  (Session info: chrome=97.0.4692.99)
For documentation on this error, please visit: https://selenium.dev/exceptions/#no_such_element
Build info: version: '4.0.0', revision: '3a21814679'
System info: host: 'AUL-DEV-03', ip: '10.0.5.63', os.name: 'Windows 10', os.arch: 'amd64', os.version: '10.0', java.version: '1.8.0_261'
Driver info: org.openqa.selenium.chrome.ChromeDriver
Command: [42cc9c6fb5d84ba2ae0c3caf9a2ec843, findElement {using=css selector, value=input[placeholder="Enter your username"]}]
Capabilities {acceptInsecureCerts: false, browserName: chrome, browserVersion: 97.0.4692.99, chrome: {chromedriverVersion: 96.0.4664.45 (76e4c1bb2ab46..., userDataDir: C:\Users\ANKIT~1.SRI\AppDat...}, goog:chromeOptions: {debuggerAddress: localhost:51181}, javascriptEnabled: true, networkConnectionEnabled: false, pageLoadStrategy: normal, platform: WINDOWS, platformName: WINDOWS, proxy: Proxy(), se:cdp: ws://localhost:51181/devtoo..., se:cdpVersion: 97.0.4692.99, setWindowRect: true, strictFileInteractability: false, timeouts: {implicit: 0, pageLoad: 300000, script: 30000}, unhandledPromptBehavior: dismiss and notify, webauthn:extension:credBlob: true, webauthn:extension:largeBlob: true, webauthn:virtualAuthenticators: true}
Session ID: 42cc9c6fb5d84ba2ae0c3caf9a2ec843
	at testsuite.earlyClaims_test.verifyExportPDFFilteredData(earlyClaims_test.java:201)
]]></failure>
    <system-out><![CDATA[verifyExportPDFFilteredData test case started
verifyExportPDFFilteredData agent
The name of the testcase failed is :verifyExportPDFFilteredData
]]></system-out>
  </testcase>
  <testcase name="verifyExportPDFFilteredData[f30, spp1, lender](3)" classname="testsuite.earlyClaims_test" time="2.215">
    <failure message="no such element: Unable to locate element: {&quot;method&quot;:&quot;css selector&quot;,&quot;selector&quot;:&quot;input[placeholder=&quot;Enter your username&quot;]&quot;}&#10;  (Session info: chrome=97.0.4692.99)&#10;For documentation on this error, please visit: https://selenium.dev/exceptions/#no_such_element&#10;Build info: version: &apos;4.0.0&apos;, revision: &apos;3a21814679&apos;&#10;System info: host: &apos;AUL-DEV-03&apos;, ip: &apos;10.0.5.63&apos;, os.name: &apos;Windows 10&apos;, os.arch: &apos;amd64&apos;, os.version: &apos;10.0&apos;, java.version: &apos;1.8.0_261&apos;&#10;Driver info: org.openqa.selenium.chrome.ChromeDriver&#10;Command: [42cc9c6fb5d84ba2ae0c3caf9a2ec843, findElement {using=css selector, value=input[placeholder=&quot;Enter your username&quot;]}]&#10;Capabilities {acceptInsecureCerts: false, browserName: chrome, browserVersion: 97.0.4692.99, chrome: {chromedriverVersion: 96.0.4664.45 (76e4c1bb2ab46..., userDataDir: C:\Users\ANKIT~1.SRI\AppDat...}, goog:chromeOptions: {debuggerAddress: localhost:51181}, javascriptEnabled: true, networkConnectionEnabled: false, pageLoadStrategy: normal, platform: WINDOWS, platformName: WINDOWS, proxy: Proxy(), se:cdp: ws://localhost:51181/devtoo..., se:cdpVersion: 97.0.4692.99, setWindowRect: true, strictFileInteractability: false, timeouts: {implicit: 0, pageLoad: 300000, script: 30000}, unhandledPromptBehavior: dismiss and notify, webauthn:extension:credBlob: true, webauthn:extension:largeBlob: true, webauthn:virtualAuthenticators: true}&#10;Session ID: 42cc9c6fb5d84ba2ae0c3caf9a2ec843" type="org.openqa.selenium.NoSuchElementException"><![CDATA[org.openqa.selenium.NoSuchElementException: 
no such element: Unable to locate element: {"method":"css selector","selector":"input[placeholder="Enter your username"]"}
  (Session info: chrome=97.0.4692.99)
For documentation on this error, please visit: https://selenium.dev/exceptions/#no_such_element
Build info: version: '4.0.0', revision: '3a21814679'
System info: host: 'AUL-DEV-03', ip: '10.0.5.63', os.name: 'Windows 10', os.arch: 'amd64', os.version: '10.0', java.version: '1.8.0_261'
Driver info: org.openqa.selenium.chrome.ChromeDriver
Command: [42cc9c6fb5d84ba2ae0c3caf9a2ec843, findElement {using=css selector, value=input[placeholder="Enter your username"]}]
Capabilities {acceptInsecureCerts: false, browserName: chrome, browserVersion: 97.0.4692.99, chrome: {chromedriverVersion: 96.0.4664.45 (76e4c1bb2ab46..., userDataDir: C:\Users\ANKIT~1.SRI\AppDat...}, goog:chromeOptions: {debuggerAddress: localhost:51181}, javascriptEnabled: true, networkConnectionEnabled: false, pageLoadStrategy: normal, platform: WINDOWS, platformName: WINDOWS, proxy: Proxy(), se:cdp: ws://localhost:51181/devtoo..., se:cdpVersion: 97.0.4692.99, setWindowRect: true, strictFileInteractability: false, timeouts: {implicit: 0, pageLoad: 300000, script: 30000}, unhandledPromptBehavior: dismiss and notify, webauthn:extension:credBlob: true, webauthn:extension:largeBlob: true, webauthn:virtualAuthenticators: true}
Session ID: 42cc9c6fb5d84ba2ae0c3caf9a2ec843
	at testsuite.earlyClaims_test.verifyExportPDFFilteredData(earlyClaims_test.java:201)
]]></failure>
    <system-out><![CDATA[verifyExportPDFFilteredData test case started
verifyExportPDFFilteredData lender
The name of the testcase failed is :verifyExportPDFFilteredData
]]></system-out>
  </testcase>
  <testcase name="verifyExportPDFFilteredData[sgrace, Police0201, dealeremp](4)" classname="testsuite.earlyClaims_test" time="2.216">
    <failure message="no such element: Unable to locate element: {&quot;method&quot;:&quot;css selector&quot;,&quot;selector&quot;:&quot;input[placeholder=&quot;Enter your username&quot;]&quot;}&#10;  (Session info: chrome=97.0.4692.99)&#10;For documentation on this error, please visit: https://selenium.dev/exceptions/#no_such_element&#10;Build info: version: &apos;4.0.0&apos;, revision: &apos;3a21814679&apos;&#10;System info: host: &apos;AUL-DEV-03&apos;, ip: &apos;10.0.5.63&apos;, os.name: &apos;Windows 10&apos;, os.arch: &apos;amd64&apos;, os.version: &apos;10.0&apos;, java.version: &apos;1.8.0_261&apos;&#10;Driver info: org.openqa.selenium.chrome.ChromeDriver&#10;Command: [42cc9c6fb5d84ba2ae0c3caf9a2ec843, findElement {using=css selector, value=input[placeholder=&quot;Enter your username&quot;]}]&#10;Capabilities {acceptInsecureCerts: false, browserName: chrome, browserVersion: 97.0.4692.99, chrome: {chromedriverVersion: 96.0.4664.45 (76e4c1bb2ab46..., userDataDir: C:\Users\ANKIT~1.SRI\AppDat...}, goog:chromeOptions: {debuggerAddress: localhost:51181}, javascriptEnabled: true, networkConnectionEnabled: false, pageLoadStrategy: normal, platform: WINDOWS, platformName: WINDOWS, proxy: Proxy(), se:cdp: ws://localhost:51181/devtoo..., se:cdpVersion: 97.0.4692.99, setWindowRect: true, strictFileInteractability: false, timeouts: {implicit: 0, pageLoad: 300000, script: 30000}, unhandledPromptBehavior: dismiss and notify, webauthn:extension:credBlob: true, webauthn:extension:largeBlob: true, webauthn:virtualAuthenticators: true}&#10;Session ID: 42cc9c6fb5d84ba2ae0c3caf9a2ec843" type="org.openqa.selenium.NoSuchElementException"><![CDATA[org.openqa.selenium.NoSuchElementException: 
no such element: Unable to locate element: {"method":"css selector","selector":"input[placeholder="Enter your username"]"}
  (Session info: chrome=97.0.4692.99)
For documentation on this error, please visit: https://selenium.dev/exceptions/#no_such_element
Build info: version: '4.0.0', revision: '3a21814679'
System info: host: 'AUL-DEV-03', ip: '10.0.5.63', os.name: 'Windows 10', os.arch: 'amd64', os.version: '10.0', java.version: '1.8.0_261'
Driver info: org.openqa.selenium.chrome.ChromeDriver
Command: [42cc9c6fb5d84ba2ae0c3caf9a2ec843, findElement {using=css selector, value=input[placeholder="Enter your username"]}]
Capabilities {acceptInsecureCerts: false, browserName: chrome, browserVersion: 97.0.4692.99, chrome: {chromedriverVersion: 96.0.4664.45 (76e4c1bb2ab46..., userDataDir: C:\Users\ANKIT~1.SRI\AppDat...}, goog:chromeOptions: {debuggerAddress: localhost:51181}, javascriptEnabled: true, networkConnectionEnabled: false, pageLoadStrategy: normal, platform: WINDOWS, platformName: WINDOWS, proxy: Proxy(), se:cdp: ws://localhost:51181/devtoo..., se:cdpVersion: 97.0.4692.99, setWindowRect: true, strictFileInteractability: false, timeouts: {implicit: 0, pageLoad: 300000, script: 30000}, unhandledPromptBehavior: dismiss and notify, webauthn:extension:credBlob: true, webauthn:extension:largeBlob: true, webauthn:virtualAuthenticators: true}
Session ID: 42cc9c6fb5d84ba2ae0c3caf9a2ec843
	at testsuite.earlyClaims_test.verifyExportPDFFilteredData(earlyClaims_test.java:201)
]]></failure>
    <system-out><![CDATA[verifyExportPDFFilteredData test case started
verifyExportPDFFilteredData dealeremp
The name of the testcase failed is :verifyExportPDFFilteredData
]]></system-out>
  </testcase>
  <testcase name="verifyExportPDFModal[Dealer7032823, 4558600, dealer](1)" classname="testsuite.earlyClaims_test" time="2.235">
    <failure message="no such element: Unable to locate element: {&quot;method&quot;:&quot;css selector&quot;,&quot;selector&quot;:&quot;input[placeholder=&quot;Enter your username&quot;]&quot;}&#10;  (Session info: chrome=97.0.4692.99)&#10;For documentation on this error, please visit: https://selenium.dev/exceptions/#no_such_element&#10;Build info: version: &apos;4.0.0&apos;, revision: &apos;3a21814679&apos;&#10;System info: host: &apos;AUL-DEV-03&apos;, ip: &apos;10.0.5.63&apos;, os.name: &apos;Windows 10&apos;, os.arch: &apos;amd64&apos;, os.version: &apos;10.0&apos;, java.version: &apos;1.8.0_261&apos;&#10;Driver info: org.openqa.selenium.chrome.ChromeDriver&#10;Command: [42cc9c6fb5d84ba2ae0c3caf9a2ec843, findElement {using=css selector, value=input[placeholder=&quot;Enter your username&quot;]}]&#10;Capabilities {acceptInsecureCerts: false, browserName: chrome, browserVersion: 97.0.4692.99, chrome: {chromedriverVersion: 96.0.4664.45 (76e4c1bb2ab46..., userDataDir: C:\Users\ANKIT~1.SRI\AppDat...}, goog:chromeOptions: {debuggerAddress: localhost:51181}, javascriptEnabled: true, networkConnectionEnabled: false, pageLoadStrategy: normal, platform: WINDOWS, platformName: WINDOWS, proxy: Proxy(), se:cdp: ws://localhost:51181/devtoo..., se:cdpVersion: 97.0.4692.99, setWindowRect: true, strictFileInteractability: false, timeouts: {implicit: 0, pageLoad: 300000, script: 30000}, unhandledPromptBehavior: dismiss and notify, webauthn:extension:credBlob: true, webauthn:extension:largeBlob: true, webauthn:virtualAuthenticators: true}&#10;Session ID: 42cc9c6fb5d84ba2ae0c3caf9a2ec843" type="org.openqa.selenium.NoSuchElementException"><![CDATA[org.openqa.selenium.NoSuchElementException: 
no such element: Unable to locate element: {"method":"css selector","selector":"input[placeholder="Enter your username"]"}
  (Session info: chrome=97.0.4692.99)
For documentation on this error, please visit: https://selenium.dev/exceptions/#no_such_element
Build info: version: '4.0.0', revision: '3a21814679'
System info: host: 'AUL-DEV-03', ip: '10.0.5.63', os.name: 'Windows 10', os.arch: 'amd64', os.version: '10.0', java.version: '1.8.0_261'
Driver info: org.openqa.selenium.chrome.ChromeDriver
Command: [42cc9c6fb5d84ba2ae0c3caf9a2ec843, findElement {using=css selector, value=input[placeholder="Enter your username"]}]
Capabilities {acceptInsecureCerts: false, browserName: chrome, browserVersion: 97.0.4692.99, chrome: {chromedriverVersion: 96.0.4664.45 (76e4c1bb2ab46..., userDataDir: C:\Users\ANKIT~1.SRI\AppDat...}, goog:chromeOptions: {debuggerAddress: localhost:51181}, javascriptEnabled: true, networkConnectionEnabled: false, pageLoadStrategy: normal, platform: WINDOWS, platformName: WINDOWS, proxy: Proxy(), se:cdp: ws://localhost:51181/devtoo..., se:cdpVersion: 97.0.4692.99, setWindowRect: true, strictFileInteractability: false, timeouts: {implicit: 0, pageLoad: 300000, script: 30000}, unhandledPromptBehavior: dismiss and notify, webauthn:extension:credBlob: true, webauthn:extension:largeBlob: true, webauthn:virtualAuthenticators: true}
Session ID: 42cc9c6fb5d84ba2ae0c3caf9a2ec843
	at testsuite.earlyClaims_test.verifyExportPDFModal(earlyClaims_test.java:231)
]]></failure>
    <system-out><![CDATA[verifyExportPDFModal test case started
verifyExportPDFModal dealer
The name of the testcase failed is :verifyExportPDFModal
]]></system-out>
  </testcase>
  <testcase name="verifyExportPDFModal[Agent110, Since1996, agent](2)" classname="testsuite.earlyClaims_test" time="2.212">
    <failure message="no such element: Unable to locate element: {&quot;method&quot;:&quot;css selector&quot;,&quot;selector&quot;:&quot;input[placeholder=&quot;Enter your username&quot;]&quot;}&#10;  (Session info: chrome=97.0.4692.99)&#10;For documentation on this error, please visit: https://selenium.dev/exceptions/#no_such_element&#10;Build info: version: &apos;4.0.0&apos;, revision: &apos;3a21814679&apos;&#10;System info: host: &apos;AUL-DEV-03&apos;, ip: &apos;10.0.5.63&apos;, os.name: &apos;Windows 10&apos;, os.arch: &apos;amd64&apos;, os.version: &apos;10.0&apos;, java.version: &apos;1.8.0_261&apos;&#10;Driver info: org.openqa.selenium.chrome.ChromeDriver&#10;Command: [42cc9c6fb5d84ba2ae0c3caf9a2ec843, findElement {using=css selector, value=input[placeholder=&quot;Enter your username&quot;]}]&#10;Capabilities {acceptInsecureCerts: false, browserName: chrome, browserVersion: 97.0.4692.99, chrome: {chromedriverVersion: 96.0.4664.45 (76e4c1bb2ab46..., userDataDir: C:\Users\ANKIT~1.SRI\AppDat...}, goog:chromeOptions: {debuggerAddress: localhost:51181}, javascriptEnabled: true, networkConnectionEnabled: false, pageLoadStrategy: normal, platform: WINDOWS, platformName: WINDOWS, proxy: Proxy(), se:cdp: ws://localhost:51181/devtoo..., se:cdpVersion: 97.0.4692.99, setWindowRect: true, strictFileInteractability: false, timeouts: {implicit: 0, pageLoad: 300000, script: 30000}, unhandledPromptBehavior: dismiss and notify, webauthn:extension:credBlob: true, webauthn:extension:largeBlob: true, webauthn:virtualAuthenticators: true}&#10;Session ID: 42cc9c6fb5d84ba2ae0c3caf9a2ec843" type="org.openqa.selenium.NoSuchElementException"><![CDATA[org.openqa.selenium.NoSuchElementException: 
no such element: Unable to locate element: {"method":"css selector","selector":"input[placeholder="Enter your username"]"}
  (Session info: chrome=97.0.4692.99)
For documentation on this error, please visit: https://selenium.dev/exceptions/#no_such_element
Build info: version: '4.0.0', revision: '3a21814679'
System info: host: 'AUL-DEV-03', ip: '10.0.5.63', os.name: 'Windows 10', os.arch: 'amd64', os.version: '10.0', java.version: '1.8.0_261'
Driver info: org.openqa.selenium.chrome.ChromeDriver
Command: [42cc9c6fb5d84ba2ae0c3caf9a2ec843, findElement {using=css selector, value=input[placeholder="Enter your username"]}]
Capabilities {acceptInsecureCerts: false, browserName: chrome, browserVersion: 97.0.4692.99, chrome: {chromedriverVersion: 96.0.4664.45 (76e4c1bb2ab46..., userDataDir: C:\Users\ANKIT~1.SRI\AppDat...}, goog:chromeOptions: {debuggerAddress: localhost:51181}, javascriptEnabled: true, networkConnectionEnabled: false, pageLoadStrategy: normal, platform: WINDOWS, platformName: WINDOWS, proxy: Proxy(), se:cdp: ws://localhost:51181/devtoo..., se:cdpVersion: 97.0.4692.99, setWindowRect: true, strictFileInteractability: false, timeouts: {implicit: 0, pageLoad: 300000, script: 30000}, unhandledPromptBehavior: dismiss and notify, webauthn:extension:credBlob: true, webauthn:extension:largeBlob: true, webauthn:virtualAuthenticators: true}
Session ID: 42cc9c6fb5d84ba2ae0c3caf9a2ec843
	at testsuite.earlyClaims_test.verifyExportPDFModal(earlyClaims_test.java:231)
]]></failure>
    <system-out><![CDATA[verifyExportPDFModal test case started
verifyExportPDFModal agent
The name of the testcase failed is :verifyExportPDFModal
]]></system-out>
  </testcase>
  <testcase name="verifyExportPDFModal[f30, spp1, lender](3)" classname="testsuite.earlyClaims_test" time="2.206">
    <failure message="no such element: Unable to locate element: {&quot;method&quot;:&quot;css selector&quot;,&quot;selector&quot;:&quot;input[placeholder=&quot;Enter your username&quot;]&quot;}&#10;  (Session info: chrome=97.0.4692.99)&#10;For documentation on this error, please visit: https://selenium.dev/exceptions/#no_such_element&#10;Build info: version: &apos;4.0.0&apos;, revision: &apos;3a21814679&apos;&#10;System info: host: &apos;AUL-DEV-03&apos;, ip: &apos;10.0.5.63&apos;, os.name: &apos;Windows 10&apos;, os.arch: &apos;amd64&apos;, os.version: &apos;10.0&apos;, java.version: &apos;1.8.0_261&apos;&#10;Driver info: org.openqa.selenium.chrome.ChromeDriver&#10;Command: [42cc9c6fb5d84ba2ae0c3caf9a2ec843, findElement {using=css selector, value=input[placeholder=&quot;Enter your username&quot;]}]&#10;Capabilities {acceptInsecureCerts: false, browserName: chrome, browserVersion: 97.0.4692.99, chrome: {chromedriverVersion: 96.0.4664.45 (76e4c1bb2ab46..., userDataDir: C:\Users\ANKIT~1.SRI\AppDat...}, goog:chromeOptions: {debuggerAddress: localhost:51181}, javascriptEnabled: true, networkConnectionEnabled: false, pageLoadStrategy: normal, platform: WINDOWS, platformName: WINDOWS, proxy: Proxy(), se:cdp: ws://localhost:51181/devtoo..., se:cdpVersion: 97.0.4692.99, setWindowRect: true, strictFileInteractability: false, timeouts: {implicit: 0, pageLoad: 300000, script: 30000}, unhandledPromptBehavior: dismiss and notify, webauthn:extension:credBlob: true, webauthn:extension:largeBlob: true, webauthn:virtualAuthenticators: true}&#10;Session ID: 42cc9c6fb5d84ba2ae0c3caf9a2ec843" type="org.openqa.selenium.NoSuchElementException"><![CDATA[org.openqa.selenium.NoSuchElementException: 
no such element: Unable to locate element: {"method":"css selector","selector":"input[placeholder="Enter your username"]"}
  (Session info: chrome=97.0.4692.99)
For documentation on this error, please visit: https://selenium.dev/exceptions/#no_such_element
Build info: version: '4.0.0', revision: '3a21814679'
System info: host: 'AUL-DEV-03', ip: '10.0.5.63', os.name: 'Windows 10', os.arch: 'amd64', os.version: '10.0', java.version: '1.8.0_261'
Driver info: org.openqa.selenium.chrome.ChromeDriver
Command: [42cc9c6fb5d84ba2ae0c3caf9a2ec843, findElement {using=css selector, value=input[placeholder="Enter your username"]}]
Capabilities {acceptInsecureCerts: false, browserName: chrome, browserVersion: 97.0.4692.99, chrome: {chromedriverVersion: 96.0.4664.45 (76e4c1bb2ab46..., userDataDir: C:\Users\ANKIT~1.SRI\AppDat...}, goog:chromeOptions: {debuggerAddress: localhost:51181}, javascriptEnabled: true, networkConnectionEnabled: false, pageLoadStrategy: normal, platform: WINDOWS, platformName: WINDOWS, proxy: Proxy(), se:cdp: ws://localhost:51181/devtoo..., se:cdpVersion: 97.0.4692.99, setWindowRect: true, strictFileInteractability: false, timeouts: {implicit: 0, pageLoad: 300000, script: 30000}, unhandledPromptBehavior: dismiss and notify, webauthn:extension:credBlob: true, webauthn:extension:largeBlob: true, webauthn:virtualAuthenticators: true}
Session ID: 42cc9c6fb5d84ba2ae0c3caf9a2ec843
	at testsuite.earlyClaims_test.verifyExportPDFModal(earlyClaims_test.java:231)
]]></failure>
    <system-out><![CDATA[verifyExportPDFModal test case started
verifyExportPDFModal lender
The name of the testcase failed is :verifyExportPDFModal
]]></system-out>
  </testcase>
  <testcase name="verifyExportPDFModal[sgrace, Police0201, dealeremp](4)" classname="testsuite.earlyClaims_test" time="2.209">
    <failure message="no such element: Unable to locate element: {&quot;method&quot;:&quot;css selector&quot;,&quot;selector&quot;:&quot;input[placeholder=&quot;Enter your username&quot;]&quot;}&#10;  (Session info: chrome=97.0.4692.99)&#10;For documentation on this error, please visit: https://selenium.dev/exceptions/#no_such_element&#10;Build info: version: &apos;4.0.0&apos;, revision: &apos;3a21814679&apos;&#10;System info: host: &apos;AUL-DEV-03&apos;, ip: &apos;10.0.5.63&apos;, os.name: &apos;Windows 10&apos;, os.arch: &apos;amd64&apos;, os.version: &apos;10.0&apos;, java.version: &apos;1.8.0_261&apos;&#10;Driver info: org.openqa.selenium.chrome.ChromeDriver&#10;Command: [42cc9c6fb5d84ba2ae0c3caf9a2ec843, findElement {using=css selector, value=input[placeholder=&quot;Enter your username&quot;]}]&#10;Capabilities {acceptInsecureCerts: false, browserName: chrome, browserVersion: 97.0.4692.99, chrome: {chromedriverVersion: 96.0.4664.45 (76e4c1bb2ab46..., userDataDir: C:\Users\ANKIT~1.SRI\AppDat...}, goog:chromeOptions: {debuggerAddress: localhost:51181}, javascriptEnabled: true, networkConnectionEnabled: false, pageLoadStrategy: normal, platform: WINDOWS, platformName: WINDOWS, proxy: Proxy(), se:cdp: ws://localhost:51181/devtoo..., se:cdpVersion: 97.0.4692.99, setWindowRect: true, strictFileInteractability: false, timeouts: {implicit: 0, pageLoad: 300000, script: 30000}, unhandledPromptBehavior: dismiss and notify, webauthn:extension:credBlob: true, webauthn:extension:largeBlob: true, webauthn:virtualAuthenticators: true}&#10;Session ID: 42cc9c6fb5d84ba2ae0c3caf9a2ec843" type="org.openqa.selenium.NoSuchElementException"><![CDATA[org.openqa.selenium.NoSuchElementException: 
no such element: Unable to locate element: {"method":"css selector","selector":"input[placeholder="Enter your username"]"}
  (Session info: chrome=97.0.4692.99)
For documentation on this error, please visit: https://selenium.dev/exceptions/#no_such_element
Build info: version: '4.0.0', revision: '3a21814679'
System info: host: 'AUL-DEV-03', ip: '10.0.5.63', os.name: 'Windows 10', os.arch: 'amd64', os.version: '10.0', java.version: '1.8.0_261'
Driver info: org.openqa.selenium.chrome.ChromeDriver
Command: [42cc9c6fb5d84ba2ae0c3caf9a2ec843, findElement {using=css selector, value=input[placeholder="Enter your username"]}]
Capabilities {acceptInsecureCerts: false, browserName: chrome, browserVersion: 97.0.4692.99, chrome: {chromedriverVersion: 96.0.4664.45 (76e4c1bb2ab46..., userDataDir: C:\Users\ANKIT~1.SRI\AppDat...}, goog:chromeOptions: {debuggerAddress: localhost:51181}, javascriptEnabled: true, networkConnectionEnabled: false, pageLoadStrategy: normal, platform: WINDOWS, platformName: WINDOWS, proxy: Proxy(), se:cdp: ws://localhost:51181/devtoo..., se:cdpVersion: 97.0.4692.99, setWindowRect: true, strictFileInteractability: false, timeouts: {implicit: 0, pageLoad: 300000, script: 30000}, unhandledPromptBehavior: dismiss and notify, webauthn:extension:credBlob: true, webauthn:extension:largeBlob: true, webauthn:virtualAuthenticators: true}
Session ID: 42cc9c6fb5d84ba2ae0c3caf9a2ec843
	at testsuite.earlyClaims_test.verifyExportPDFModal(earlyClaims_test.java:231)
]]></failure>
    <system-out><![CDATA[verifyExportPDFModal test case started
verifyExportPDFModal dealeremp
The name of the testcase failed is :verifyExportPDFModal
]]></system-out>
  </testcase>
  <testcase name="verifyToastMessage[Dealer7032823, 4558600, dealer, mainpage](1)" classname="testsuite.earlyClaims_test" time="2.263">
    <failure message="no such element: Unable to locate element: {&quot;method&quot;:&quot;css selector&quot;,&quot;selector&quot;:&quot;input[placeholder=&quot;Enter your username&quot;]&quot;}&#10;  (Session info: chrome=97.0.4692.99)&#10;For documentation on this error, please visit: https://selenium.dev/exceptions/#no_such_element&#10;Build info: version: &apos;4.0.0&apos;, revision: &apos;3a21814679&apos;&#10;System info: host: &apos;AUL-DEV-03&apos;, ip: &apos;10.0.5.63&apos;, os.name: &apos;Windows 10&apos;, os.arch: &apos;amd64&apos;, os.version: &apos;10.0&apos;, java.version: &apos;1.8.0_261&apos;&#10;Driver info: org.openqa.selenium.chrome.ChromeDriver&#10;Command: [42cc9c6fb5d84ba2ae0c3caf9a2ec843, findElement {using=css selector, value=input[placeholder=&quot;Enter your username&quot;]}]&#10;Capabilities {acceptInsecureCerts: false, browserName: chrome, browserVersion: 97.0.4692.99, chrome: {chromedriverVersion: 96.0.4664.45 (76e4c1bb2ab46..., userDataDir: C:\Users\ANKIT~1.SRI\AppDat...}, goog:chromeOptions: {debuggerAddress: localhost:51181}, javascriptEnabled: true, networkConnectionEnabled: false, pageLoadStrategy: normal, platform: WINDOWS, platformName: WINDOWS, proxy: Proxy(), se:cdp: ws://localhost:51181/devtoo..., se:cdpVersion: 97.0.4692.99, setWindowRect: true, strictFileInteractability: false, timeouts: {implicit: 0, pageLoad: 300000, script: 30000}, unhandledPromptBehavior: dismiss and notify, webauthn:extension:credBlob: true, webauthn:extension:largeBlob: true, webauthn:virtualAuthenticators: true}&#10;Session ID: 42cc9c6fb5d84ba2ae0c3caf9a2ec843" type="org.openqa.selenium.NoSuchElementException"><![CDATA[org.openqa.selenium.NoSuchElementException: 
no such element: Unable to locate element: {"method":"css selector","selector":"input[placeholder="Enter your username"]"}
  (Session info: chrome=97.0.4692.99)
For documentation on this error, please visit: https://selenium.dev/exceptions/#no_such_element
Build info: version: '4.0.0', revision: '3a21814679'
System info: host: 'AUL-DEV-03', ip: '10.0.5.63', os.name: 'Windows 10', os.arch: 'amd64', os.version: '10.0', java.version: '1.8.0_261'
Driver info: org.openqa.selenium.chrome.ChromeDriver
Command: [42cc9c6fb5d84ba2ae0c3caf9a2ec843, findElement {using=css selector, value=input[placeholder="Enter your username"]}]
Capabilities {acceptInsecureCerts: false, browserName: chrome, browserVersion: 97.0.4692.99, chrome: {chromedriverVersion: 96.0.4664.45 (76e4c1bb2ab46..., userDataDir: C:\Users\ANKIT~1.SRI\AppDat...}, goog:chromeOptions: {debuggerAddress: localhost:51181}, javascriptEnabled: true, networkConnectionEnabled: false, pageLoadStrategy: normal, platform: WINDOWS, platformName: WINDOWS, proxy: Proxy(), se:cdp: ws://localhost:51181/devtoo..., se:cdpVersion: 97.0.4692.99, setWindowRect: true, strictFileInteractability: false, timeouts: {implicit: 0, pageLoad: 300000, script: 30000}, unhandledPromptBehavior: dismiss and notify, webauthn:extension:credBlob: true, webauthn:extension:largeBlob: true, webauthn:virtualAuthenticators: true}
Session ID: 42cc9c6fb5d84ba2ae0c3caf9a2ec843
	at testsuite.earlyClaims_test.verifyToastMessage(earlyClaims_test.java:260)
]]></failure>
    <system-out><![CDATA[verifyToastMessage test case started
verifyToastMessage dealer mainpage
The name of the testcase failed is :verifyToastMessage
]]></system-out>
  </testcase>
  <testcase name="verifyToastMessage[Dealer7032823, 4558600, dealer, modal](2)" classname="testsuite.earlyClaims_test" time="2.26">
    <failure message="no such element: Unable to locate element: {&quot;method&quot;:&quot;css selector&quot;,&quot;selector&quot;:&quot;input[placeholder=&quot;Enter your username&quot;]&quot;}&#10;  (Session info: chrome=97.0.4692.99)&#10;For documentation on this error, please visit: https://selenium.dev/exceptions/#no_such_element&#10;Build info: version: &apos;4.0.0&apos;, revision: &apos;3a21814679&apos;&#10;System info: host: &apos;AUL-DEV-03&apos;, ip: &apos;10.0.5.63&apos;, os.name: &apos;Windows 10&apos;, os.arch: &apos;amd64&apos;, os.version: &apos;10.0&apos;, java.version: &apos;1.8.0_261&apos;&#10;Driver info: org.openqa.selenium.chrome.ChromeDriver&#10;Command: [42cc9c6fb5d84ba2ae0c3caf9a2ec843, findElement {using=css selector, value=input[placeholder=&quot;Enter your username&quot;]}]&#10;Capabilities {acceptInsecureCerts: false, browserName: chrome, browserVersion: 97.0.4692.99, chrome: {chromedriverVersion: 96.0.4664.45 (76e4c1bb2ab46..., userDataDir: C:\Users\ANKIT~1.SRI\AppDat...}, goog:chromeOptions: {debuggerAddress: localhost:51181}, javascriptEnabled: true, networkConnectionEnabled: false, pageLoadStrategy: normal, platform: WINDOWS, platformName: WINDOWS, proxy: Proxy(), se:cdp: ws://localhost:51181/devtoo..., se:cdpVersion: 97.0.4692.99, setWindowRect: true, strictFileInteractability: false, timeouts: {implicit: 0, pageLoad: 300000, script: 30000}, unhandledPromptBehavior: dismiss and notify, webauthn:extension:credBlob: true, webauthn:extension:largeBlob: true, webauthn:virtualAuthenticators: true}&#10;Session ID: 42cc9c6fb5d84ba2ae0c3caf9a2ec843" type="org.openqa.selenium.NoSuchElementException"><![CDATA[org.openqa.selenium.NoSuchElementException: 
no such element: Unable to locate element: {"method":"css selector","selector":"input[placeholder="Enter your username"]"}
  (Session info: chrome=97.0.4692.99)
For documentation on this error, please visit: https://selenium.dev/exceptions/#no_such_element
Build info: version: '4.0.0', revision: '3a21814679'
System info: host: 'AUL-DEV-03', ip: '10.0.5.63', os.name: 'Windows 10', os.arch: 'amd64', os.version: '10.0', java.version: '1.8.0_261'
Driver info: org.openqa.selenium.chrome.ChromeDriver
Command: [42cc9c6fb5d84ba2ae0c3caf9a2ec843, findElement {using=css selector, value=input[placeholder="Enter your username"]}]
Capabilities {acceptInsecureCerts: false, browserName: chrome, browserVersion: 97.0.4692.99, chrome: {chromedriverVersion: 96.0.4664.45 (76e4c1bb2ab46..., userDataDir: C:\Users\ANKIT~1.SRI\AppDat...}, goog:chromeOptions: {debuggerAddress: localhost:51181}, javascriptEnabled: true, networkConnectionEnabled: false, pageLoadStrategy: normal, platform: WINDOWS, platformName: WINDOWS, proxy: Proxy(), se:cdp: ws://localhost:51181/devtoo..., se:cdpVersion: 97.0.4692.99, setWindowRect: true, strictFileInteractability: false, timeouts: {implicit: 0, pageLoad: 300000, script: 30000}, unhandledPromptBehavior: dismiss and notify, webauthn:extension:credBlob: true, webauthn:extension:largeBlob: true, webauthn:virtualAuthenticators: true}
Session ID: 42cc9c6fb5d84ba2ae0c3caf9a2ec843
	at testsuite.earlyClaims_test.verifyToastMessage(earlyClaims_test.java:260)
]]></failure>
    <system-out><![CDATA[verifyToastMessage test case started
verifyToastMessage dealer modal
The name of the testcase failed is :verifyToastMessage
]]></system-out>
  </testcase>
  <testcase name="verifyToastMessage[Dealer7032823, 4558600, dealer, mainpageXls](3)" classname="testsuite.earlyClaims_test" time="2.274">
    <failure message="no such element: Unable to locate element: {&quot;method&quot;:&quot;css selector&quot;,&quot;selector&quot;:&quot;input[placeholder=&quot;Enter your username&quot;]&quot;}&#10;  (Session info: chrome=97.0.4692.99)&#10;For documentation on this error, please visit: https://selenium.dev/exceptions/#no_such_element&#10;Build info: version: &apos;4.0.0&apos;, revision: &apos;3a21814679&apos;&#10;System info: host: &apos;AUL-DEV-03&apos;, ip: &apos;10.0.5.63&apos;, os.name: &apos;Windows 10&apos;, os.arch: &apos;amd64&apos;, os.version: &apos;10.0&apos;, java.version: &apos;1.8.0_261&apos;&#10;Driver info: org.openqa.selenium.chrome.ChromeDriver&#10;Command: [42cc9c6fb5d84ba2ae0c3caf9a2ec843, findElement {using=css selector, value=input[placeholder=&quot;Enter your username&quot;]}]&#10;Capabilities {acceptInsecureCerts: false, browserName: chrome, browserVersion: 97.0.4692.99, chrome: {chromedriverVersion: 96.0.4664.45 (76e4c1bb2ab46..., userDataDir: C:\Users\ANKIT~1.SRI\AppDat...}, goog:chromeOptions: {debuggerAddress: localhost:51181}, javascriptEnabled: true, networkConnectionEnabled: false, pageLoadStrategy: normal, platform: WINDOWS, platformName: WINDOWS, proxy: Proxy(), se:cdp: ws://localhost:51181/devtoo..., se:cdpVersion: 97.0.4692.99, setWindowRect: true, strictFileInteractability: false, timeouts: {implicit: 0, pageLoad: 300000, script: 30000}, unhandledPromptBehavior: dismiss and notify, webauthn:extension:credBlob: true, webauthn:extension:largeBlob: true, webauthn:virtualAuthenticators: true}&#10;Session ID: 42cc9c6fb5d84ba2ae0c3caf9a2ec843" type="org.openqa.selenium.NoSuchElementException"><![CDATA[org.openqa.selenium.NoSuchElementException: 
no such element: Unable to locate element: {"method":"css selector","selector":"input[placeholder="Enter your username"]"}
  (Session info: chrome=97.0.4692.99)
For documentation on this error, please visit: https://selenium.dev/exceptions/#no_such_element
Build info: version: '4.0.0', revision: '3a21814679'
System info: host: 'AUL-DEV-03', ip: '10.0.5.63', os.name: 'Windows 10', os.arch: 'amd64', os.version: '10.0', java.version: '1.8.0_261'
Driver info: org.openqa.selenium.chrome.ChromeDriver
Command: [42cc9c6fb5d84ba2ae0c3caf9a2ec843, findElement {using=css selector, value=input[placeholder="Enter your username"]}]
Capabilities {acceptInsecureCerts: false, browserName: chrome, browserVersion: 97.0.4692.99, chrome: {chromedriverVersion: 96.0.4664.45 (76e4c1bb2ab46..., userDataDir: C:\Users\ANKIT~1.SRI\AppDat...}, goog:chromeOptions: {debuggerAddress: localhost:51181}, javascriptEnabled: true, networkConnectionEnabled: false, pageLoadStrategy: normal, platform: WINDOWS, platformName: WINDOWS, proxy: Proxy(), se:cdp: ws://localhost:51181/devtoo..., se:cdpVersion: 97.0.4692.99, setWindowRect: true, strictFileInteractability: false, timeouts: {implicit: 0, pageLoad: 300000, script: 30000}, unhandledPromptBehavior: dismiss and notify, webauthn:extension:credBlob: true, webauthn:extension:largeBlob: true, webauthn:virtualAuthenticators: true}
Session ID: 42cc9c6fb5d84ba2ae0c3caf9a2ec843
	at testsuite.earlyClaims_test.verifyToastMessage(earlyClaims_test.java:260)
]]></failure>
    <system-out><![CDATA[verifyToastMessage test case started
verifyToastMessage dealer mainpageXls
The name of the testcase failed is :verifyToastMessage
]]></system-out>
  </testcase>
  <testcase name="verifyToastMessage[Dealer7032823, 4558600, dealer, modalXls](4)" classname="testsuite.earlyClaims_test" time="2.207">
    <failure message="no such element: Unable to locate element: {&quot;method&quot;:&quot;css selector&quot;,&quot;selector&quot;:&quot;input[placeholder=&quot;Enter your username&quot;]&quot;}&#10;  (Session info: chrome=97.0.4692.99)&#10;For documentation on this error, please visit: https://selenium.dev/exceptions/#no_such_element&#10;Build info: version: &apos;4.0.0&apos;, revision: &apos;3a21814679&apos;&#10;System info: host: &apos;AUL-DEV-03&apos;, ip: &apos;10.0.5.63&apos;, os.name: &apos;Windows 10&apos;, os.arch: &apos;amd64&apos;, os.version: &apos;10.0&apos;, java.version: &apos;1.8.0_261&apos;&#10;Driver info: org.openqa.selenium.chrome.ChromeDriver&#10;Command: [42cc9c6fb5d84ba2ae0c3caf9a2ec843, findElement {using=css selector, value=input[placeholder=&quot;Enter your username&quot;]}]&#10;Capabilities {acceptInsecureCerts: false, browserName: chrome, browserVersion: 97.0.4692.99, chrome: {chromedriverVersion: 96.0.4664.45 (76e4c1bb2ab46..., userDataDir: C:\Users\ANKIT~1.SRI\AppDat...}, goog:chromeOptions: {debuggerAddress: localhost:51181}, javascriptEnabled: true, networkConnectionEnabled: false, pageLoadStrategy: normal, platform: WINDOWS, platformName: WINDOWS, proxy: Proxy(), se:cdp: ws://localhost:51181/devtoo..., se:cdpVersion: 97.0.4692.99, setWindowRect: true, strictFileInteractability: false, timeouts: {implicit: 0, pageLoad: 300000, script: 30000}, unhandledPromptBehavior: dismiss and notify, webauthn:extension:credBlob: true, webauthn:extension:largeBlob: true, webauthn:virtualAuthenticators: true}&#10;Session ID: 42cc9c6fb5d84ba2ae0c3caf9a2ec843" type="org.openqa.selenium.NoSuchElementException"><![CDATA[org.openqa.selenium.NoSuchElementException: 
no such element: Unable to locate element: {"method":"css selector","selector":"input[placeholder="Enter your username"]"}
  (Session info: chrome=97.0.4692.99)
For documentation on this error, please visit: https://selenium.dev/exceptions/#no_such_element
Build info: version: '4.0.0', revision: '3a21814679'
System info: host: 'AUL-DEV-03', ip: '10.0.5.63', os.name: 'Windows 10', os.arch: 'amd64', os.version: '10.0', java.version: '1.8.0_261'
Driver info: org.openqa.selenium.chrome.ChromeDriver
Command: [42cc9c6fb5d84ba2ae0c3caf9a2ec843, findElement {using=css selector, value=input[placeholder="Enter your username"]}]
Capabilities {acceptInsecureCerts: false, browserName: chrome, browserVersion: 97.0.4692.99, chrome: {chromedriverVersion: 96.0.4664.45 (76e4c1bb2ab46..., userDataDir: C:\Users\ANKIT~1.SRI\AppDat...}, goog:chromeOptions: {debuggerAddress: localhost:51181}, javascriptEnabled: true, networkConnectionEnabled: false, pageLoadStrategy: normal, platform: WINDOWS, platformName: WINDOWS, proxy: Proxy(), se:cdp: ws://localhost:51181/devtoo..., se:cdpVersion: 97.0.4692.99, setWindowRect: true, strictFileInteractability: false, timeouts: {implicit: 0, pageLoad: 300000, script: 30000}, unhandledPromptBehavior: dismiss and notify, webauthn:extension:credBlob: true, webauthn:extension:largeBlob: true, webauthn:virtualAuthenticators: true}
Session ID: 42cc9c6fb5d84ba2ae0c3caf9a2ec843
	at testsuite.earlyClaims_test.verifyToastMessage(earlyClaims_test.java:260)
]]></failure>
    <system-out><![CDATA[verifyToastMessage test case started
verifyToastMessage dealer modalXls
The name of the testcase failed is :verifyToastMessage
]]></system-out>
  </testcase>
  <testcase name="VerifyTabAndPDFForms[Dealer7032823, 4558600, Dealer](1)" classname="testsuite.toolBox_test" time="30.28">
    <failure message="no such element: Unable to locate element: {&quot;method&quot;:&quot;css selector&quot;,&quot;selector&quot;:&quot;input[placeholder=&quot;Enter your username&quot;]&quot;}&#10;  (Session info: chrome=97.0.4692.99)&#10;For documentation on this error, please visit: https://selenium.dev/exceptions/#no_such_element&#10;Build info: version: &apos;4.0.0&apos;, revision: &apos;3a21814679&apos;&#10;System info: host: &apos;AUL-DEV-03&apos;, ip: &apos;10.0.5.63&apos;, os.name: &apos;Windows 10&apos;, os.arch: &apos;amd64&apos;, os.version: &apos;10.0&apos;, java.version: &apos;1.8.0_261&apos;&#10;Driver info: org.openqa.selenium.chrome.ChromeDriver&#10;Command: [42cc9c6fb5d84ba2ae0c3caf9a2ec843, findElement {using=css selector, value=input[placeholder=&quot;Enter your username&quot;]}]&#10;Capabilities {acceptInsecureCerts: false, browserName: chrome, browserVersion: 97.0.4692.99, chrome: {chromedriverVersion: 96.0.4664.45 (76e4c1bb2ab46..., userDataDir: C:\Users\ANKIT~1.SRI\AppDat...}, goog:chromeOptions: {debuggerAddress: localhost:51181}, javascriptEnabled: true, networkConnectionEnabled: false, pageLoadStrategy: normal, platform: WINDOWS, platformName: WINDOWS, proxy: Proxy(), se:cdp: ws://localhost:51181/devtoo..., se:cdpVersion: 97.0.4692.99, setWindowRect: true, strictFileInteractability: false, timeouts: {implicit: 0, pageLoad: 300000, script: 30000}, unhandledPromptBehavior: dismiss and notify, webauthn:extension:credBlob: true, webauthn:extension:largeBlob: true, webauthn:virtualAuthenticators: true}&#10;Session ID: 42cc9c6fb5d84ba2ae0c3caf9a2ec843" type="org.openqa.selenium.NoSuchElementException"><![CDATA[org.openqa.selenium.NoSuchElementException: 
no such element: Unable to locate element: {"method":"css selector","selector":"input[placeholder="Enter your username"]"}
  (Session info: chrome=97.0.4692.99)
For documentation on this error, please visit: https://selenium.dev/exceptions/#no_such_element
Build info: version: '4.0.0', revision: '3a21814679'
System info: host: 'AUL-DEV-03', ip: '10.0.5.63', os.name: 'Windows 10', os.arch: 'amd64', os.version: '10.0', java.version: '1.8.0_261'
Driver info: org.openqa.selenium.chrome.ChromeDriver
Command: [42cc9c6fb5d84ba2ae0c3caf9a2ec843, findElement {using=css selector, value=input[placeholder="Enter your username"]}]
Capabilities {acceptInsecureCerts: false, browserName: chrome, browserVersion: 97.0.4692.99, chrome: {chromedriverVersion: 96.0.4664.45 (76e4c1bb2ab46..., userDataDir: C:\Users\ANKIT~1.SRI\AppDat...}, goog:chromeOptions: {debuggerAddress: localhost:51181}, javascriptEnabled: true, networkConnectionEnabled: false, pageLoadStrategy: normal, platform: WINDOWS, platformName: WINDOWS, proxy: Proxy(), se:cdp: ws://localhost:51181/devtoo..., se:cdpVersion: 97.0.4692.99, setWindowRect: true, strictFileInteractability: false, timeouts: {implicit: 0, pageLoad: 300000, script: 30000}, unhandledPromptBehavior: dismiss and notify, webauthn:extension:credBlob: true, webauthn:extension:largeBlob: true, webauthn:virtualAuthenticators: true}
Session ID: 42cc9c6fb5d84ba2ae0c3caf9a2ec843
	at testsuite.toolBox_test.VerifyTabAndPDFForms(toolBox_test.java:49)
]]></failure>
    <system-out><![CDATA[VerifyTabAndPDFForms test case started
The name of the testcase failed is :VerifyTabAndPDFForms
]]></system-out>
  </testcase>
  <testcase name="VerifyTabAndPDFForms[Agent110, Since1996, Agent](2)" classname="testsuite.toolBox_test" time="30.219">
    <failure message="no such element: Unable to locate element: {&quot;method&quot;:&quot;css selector&quot;,&quot;selector&quot;:&quot;input[placeholder=&quot;Enter your username&quot;]&quot;}&#10;  (Session info: chrome=97.0.4692.99)&#10;For documentation on this error, please visit: https://selenium.dev/exceptions/#no_such_element&#10;Build info: version: &apos;4.0.0&apos;, revision: &apos;3a21814679&apos;&#10;System info: host: &apos;AUL-DEV-03&apos;, ip: &apos;10.0.5.63&apos;, os.name: &apos;Windows 10&apos;, os.arch: &apos;amd64&apos;, os.version: &apos;10.0&apos;, java.version: &apos;1.8.0_261&apos;&#10;Driver info: org.openqa.selenium.chrome.ChromeDriver&#10;Command: [42cc9c6fb5d84ba2ae0c3caf9a2ec843, findElement {using=css selector, value=input[placeholder=&quot;Enter your username&quot;]}]&#10;Capabilities {acceptInsecureCerts: false, browserName: chrome, browserVersion: 97.0.4692.99, chrome: {chromedriverVersion: 96.0.4664.45 (76e4c1bb2ab46..., userDataDir: C:\Users\ANKIT~1.SRI\AppDat...}, goog:chromeOptions: {debuggerAddress: localhost:51181}, javascriptEnabled: true, networkConnectionEnabled: false, pageLoadStrategy: normal, platform: WINDOWS, platformName: WINDOWS, proxy: Proxy(), se:cdp: ws://localhost:51181/devtoo..., se:cdpVersion: 97.0.4692.99, setWindowRect: true, strictFileInteractability: false, timeouts: {implicit: 0, pageLoad: 300000, script: 30000}, unhandledPromptBehavior: dismiss and notify, webauthn:extension:credBlob: true, webauthn:extension:largeBlob: true, webauthn:virtualAuthenticators: true}&#10;Session ID: 42cc9c6fb5d84ba2ae0c3caf9a2ec843" type="org.openqa.selenium.NoSuchElementException"><![CDATA[org.openqa.selenium.NoSuchElementException: 
no such element: Unable to locate element: {"method":"css selector","selector":"input[placeholder="Enter your username"]"}
  (Session info: chrome=97.0.4692.99)
For documentation on this error, please visit: https://selenium.dev/exceptions/#no_such_element
Build info: version: '4.0.0', revision: '3a21814679'
System info: host: 'AUL-DEV-03', ip: '10.0.5.63', os.name: 'Windows 10', os.arch: 'amd64', os.version: '10.0', java.version: '1.8.0_261'
Driver info: org.openqa.selenium.chrome.ChromeDriver
Command: [42cc9c6fb5d84ba2ae0c3caf9a2ec843, findElement {using=css selector, value=input[placeholder="Enter your username"]}]
Capabilities {acceptInsecureCerts: false, browserName: chrome, browserVersion: 97.0.4692.99, chrome: {chromedriverVersion: 96.0.4664.45 (76e4c1bb2ab46..., userDataDir: C:\Users\ANKIT~1.SRI\AppDat...}, goog:chromeOptions: {debuggerAddress: localhost:51181}, javascriptEnabled: true, networkConnectionEnabled: false, pageLoadStrategy: normal, platform: WINDOWS, platformName: WINDOWS, proxy: Proxy(), se:cdp: ws://localhost:51181/devtoo..., se:cdpVersion: 97.0.4692.99, setWindowRect: true, strictFileInteractability: false, timeouts: {implicit: 0, pageLoad: 300000, script: 30000}, unhandledPromptBehavior: dismiss and notify, webauthn:extension:credBlob: true, webauthn:extension:largeBlob: true, webauthn:virtualAuthenticators: true}
Session ID: 42cc9c6fb5d84ba2ae0c3caf9a2ec843
	at testsuite.toolBox_test.VerifyTabAndPDFForms(toolBox_test.java:49)
]]></failure>
    <system-out><![CDATA[VerifyTabAndPDFForms test case started
The name of the testcase failed is :VerifyTabAndPDFForms
]]></system-out>
  </testcase>
</testsuite>