<?xml version="1.0" encoding="UTF-8"?>
<!-- Generated by org.testng.reporters.JUnitReportReporter -->
<testsuite hostname="AUL-DEV-03" name="testsuite.quote_test" tests="15" failures="0" timestamp="10 Sep 2022 19:50:52 GMT" time="572.280" errors="0">
  <testcase name="createQuote1" time="44.441" classname="testsuite.quote_test"/>
  <testcase name="createQuote1" time="43.147" classname="testsuite.quote_test"/>
  <testcase name="createQuote1" time="44.072" classname="testsuite.quote_test"/>
  <testcase name="createQuote1" time="42.800" classname="testsuite.quote_test"/>
  <testcase name="createQuote1" time="44.245" classname="testsuite.quote_test"/>
  <testcase name="createQuote1" time="44.265" classname="testsuite.quote_test"/>
  <testcase name="createQuote1" time="14.296" classname="testsuite.quote_test"/>
  <testcase name="createQuote1" time="13.679" classname="testsuite.quote_test"/>
  <testcase name="createQuote1" time="43.212" classname="testsuite.quote_test"/>
  <testcase name="createQuote1" time="43.107" classname="testsuite.quote_test"/>
  <testcase name="createQuote1" time="42.653" classname="testsuite.quote_test"/>
  <testcase name="createQuote1" time="50.503" classname="testsuite.quote_test"/>
  <testcase name="createQuote1" time="43.980" classname="testsuite.quote_test"/>
  <testcase name="createQuote1" time="43.954" classname="testsuite.quote_test"/>
  <testcase name="createQuote1" time="13.926" classname="testsuite.quote_test"/>
</testsuite> <!-- testsuite.quote_test -->
