<?xml version="1.0" encoding="UTF-8"?>
<!-- Generated by org.testng.reporters.JUnitReportReporter -->
<testsuite skipped="0" hostname="AUL-DEV-03" name="testsuite.loginBanner_test" tests="1" failures="0" timestamp="2022-04-29T03:09:06 PDT" time="16.419" errors="0">
  <testcase name="loggedBanner" time="16.419" classname="testsuite.loginBanner_test"/>
  <system-out/>
</testsuite> <!-- testsuite.loginBanner_test -->
