<?xml version="1.0" encoding="UTF-8"?>
<!-- Generated by org.testng.reporters.JUnitReportReporter -->
<testsuite skipped="0" hostname="AUL-DEV-03" name="testsuite.contract_test" tests="2" failures="0" timestamp="2022-05-06T10:49:50 PDT" time="47.976" errors="0">
  <testcase name="createContract1" time="24.270" classname="testsuite.contract_test"/>
  <system-out/>
  <testcase name="createContract1" time="23.706" classname="testsuite.contract_test"/>
  <system-out/>
</testsuite> <!-- testsuite.contract_test -->
