<?xml version="1.0" encoding="UTF-8"?>
<!-- Generated by org.testng.reporters.JUnitReportReporter -->
<testsuite hostname="AUL-DEV-03" name="testsuite.contract_test" tests="1" failures="0" timestamp="8 Aug 2022 18:28:13 GMT" time="50.374" errors="0">
  <testcase name="coBuyerContract1" time="50.374" classname="testsuite.contract_test"/>
</testsuite> <!-- testsuite.contract_test -->
