<?xml version="1.0" encoding="UTF-8"?>
<!-- Generated by org.testng.reporters.JUnitReportReporter -->
<testsuite skipped="0" hostname="AUL-DEV-03" name="testsuite.loginValidation_test" tests="6" failures="0" timestamp="2022-04-22T00:15:50 PDT" time="3.347" errors="0">
  <testcase name="emptyLogin" time="0.588" classname="testsuite.loginValidation_test"/>
  <system-out/>
  <testcase name="emptyLoginPassword" time="0.515" classname="testsuite.loginValidation_test"/>
  <system-out/>
  <testcase name="emptyLoginUsername" time="0.501" classname="testsuite.loginValidation_test"/>
  <system-out/>
  <testcase name="incorrectusernameCredential" time="0.588" classname="testsuite.loginValidation_test"/>
  <system-out/>
  <testcase name="incorrectpasswordCredential" time="0.558" classname="testsuite.loginValidation_test"/>
  <system-out/>
  <testcase name="incorrectCredential" time="0.597" classname="testsuite.loginValidation_test"/>
  <system-out/>
</testsuite> <!-- testsuite.loginValidation_test -->
