<?xml version="1.0" encoding="UTF-8"?>
<!-- Generated by org.testng.reporters.JUnitReportReporter -->
<testsuite skipped="0" hostname="AUL-DEV-03" name="testsuite.loginValidation_test" tests="6" failures="0" timestamp="2022-05-06T10:49:50 PDT" time="5.097" errors="0">
  <testcase name="incorrectusernameCredential" time="0.685" classname="testsuite.loginValidation_test"/>
  <system-out/>
  <testcase name="emptyLoginUsername" time="0.506" classname="testsuite.loginValidation_test"/>
  <system-out/>
  <testcase name="emptyLoginPassword" time="0.612" classname="testsuite.loginValidation_test"/>
  <system-out/>
  <testcase name="incorrectpasswordCredential" time="1.979" classname="testsuite.loginValidation_test"/>
  <system-out/>
  <testcase name="incorrectCredential" time="0.653" classname="testsuite.loginValidation_test"/>
  <system-out/>
  <testcase name="emptyLogin" time="0.662" classname="testsuite.loginValidation_test"/>
  <system-out/>
</testsuite> <!-- testsuite.loginValidation_test -->
