<?xml version="1.0" encoding="UTF-8"?>
<!-- Generated by org.testng.reporters.JUnitReportReporter -->
<testsuite skipped="1" hostname="AUL-DEV-03" name="testsuite.quote_test" tests="1" failures="0" timestamp="2022-04-22T00:15:50 PDT" time="0.000" errors="0">
  <testcase name="createQuote1" time="0.000" classname="testsuite.quote_test">
    <skipped/>
  </testcase> <!-- createQuote1 -->
  <system-out/>
</testsuite> <!-- testsuite.quote_test -->
