<?xml version="1.0" encoding="UTF-8"?>
<!-- Generated by org.testng.reporters.JUnitReportReporter -->
<testsuite skipped="0" hostname="AUL-DEV-03" name="testsuite.baseTest" tests="7" failures="0" timestamp="2022-05-06T10:49:50 PDT" time="0.852" errors="0">
  <testcase name="VerifyeClaimsPortalforRepairFacilitieslink_27228_27231_27261" time="0.199" classname="testsuite.baseTest"/>
  <system-out/>
  <testcase name="VerifyRememberMyPasswordLocation_27214" time="0.262" classname="testsuite.baseTest"/>
  <system-out/>
  <testcase name="VerifyLocationPrivacyPolicyLink_27224_27239_27254" time="0.084" classname="testsuite.baseTest"/>
  <system-out/>
  <testcase name="VerifyWelcomeTextOnTheADLUILoginPage_27248_27244_27110" time="0.090" classname="testsuite.baseTest"/>
  <system-out/>
  <testcase name="VerifyGAPPortallinkfunctionality_27233_27259_27229" time="0.103" classname="testsuite.baseTest"/>
  <system-out/>
  <testcase name="VerifyForgotPassword_Loginastext_27238_27254_27220_27255_27237_27166" time="0.079" classname="testsuite.baseTest"/>
  <system-out/>
  <testcase name="Verify_image_on_the_right_side_of_the_login_page_27225" time="0.035" classname="testsuite.baseTest"/>
  <system-out/>
</testsuite> <!-- testsuite.baseTest -->
