<?xml version="1.0" encoding="UTF-8"?>
<!-- Generated by org.testng.reporters.JUnitReportReporter -->
<testsuite skipped="0" hostname="AUL-DEV-03" name="testsuite.login1_test" tests="4" failures="0" timestamp="2022-05-06T10:49:50 PDT" time="31.094" errors="0">
  <testcase name="welcomePage" time="0.231" classname="testsuite.login1_test"/>
  <system-out/>
  <testcase name="loggedIn" time="10.054" classname="testsuite.login1_test"/>
  <system-out/>
  <testcase name="loggedIn" time="10.039" classname="testsuite.login1_test"/>
  <system-out/>
  <testcase name="loggedIn" time="10.770" classname="testsuite.login1_test"/>
  <system-out/>
</testsuite> <!-- testsuite.login1_test -->
