<?xml version="1.0" encoding="UTF-8"?>
<!-- Generated by org.testng.reporters.JUnitReportReporter -->
<testsuite skipped="0" hostname="AUL-DEV-03" name="test.java.baseTest" tests="1" failures="0" timestamp="2022-03-14T23:32:23 PDT" time="0.015" errors="0">
  <testcase name="Test" time="0.015" classname="test.java.baseTest"/>
  <system-out/>
</testsuite> <!-- test.java.baseTest -->
