<?xml version="1.0" encoding="UTF-8"?>
<!-- Generated by org.testng.reporters.JUnitReportReporter -->
<testsuite skipped="0" hostname="AUL-DEV-03" name="testsuite.login1_test" tests="4" failures="0" timestamp="2022-04-22T00:15:50 PDT" time="31.891" errors="0">
  <testcase name="welcomePage" time="0.183" classname="testsuite.login1_test"/>
  <system-out/>
  <testcase name="loggedIn" time="9.911" classname="testsuite.login1_test"/>
  <system-out/>
  <testcase name="loggedIn" time="11.796" classname="testsuite.login1_test"/>
  <system-out/>
  <testcase name="loggedIn" time="10.001" classname="testsuite.login1_test"/>
  <system-out/>
</testsuite> <!-- testsuite.login1_test -->
