<?xml version="1.0" encoding="UTF-8"?>
<!-- Generated by org.testng.reporters.JUnitReportReporter -->
<testsuite skipped="0" hostname="AUL-DEV-03" name="baseTest" tests="1" failures="0" timestamp="2022-03-14T23:13:30 PDT" time="0.022" errors="0">
  <testcase name="Test" time="0.022" classname="baseTest"/>
  <system-out/>
</testsuite> <!-- baseTest -->
