<?xml version="1.0" encoding="UTF-8"?>
<!-- Generated by org.testng.reporters.JUnitReportReporter -->
<testsuite hostname="AUL-DEV-03" name="testsuite.baseTest" tests="9" failures="0" timestamp="11 Jul 2022 18:25:23 GMT" time="6.776" errors="0">
  <testcase name="VerifyWelcomeTextOnTheADLUILoginPage_27248_27244_27110" time="0.686" classname="testsuite.baseTest"/>
  <testcase name="VerifyRememberMyPasswordLocation_27214" time="0.672" classname="testsuite.baseTest"/>
  <testcase name="VerifyForgotPassword_Loginastext_27238_27254_27220_27255_27237_27166" time="0.568" classname="testsuite.baseTest"/>
  <testcase name="Verify_image_on_the_right_side_of_the_login_page_27225" time="0.513" classname="testsuite.baseTest"/>
  <testcase name="VerifyeClaimsPortalforRepairFacilitieslink_27228_27231_27261" time="1.044" classname="testsuite.baseTest"/>
  <testcase name="verify_aul_logo_7078" time="0.852" classname="testsuite.baseTest"/>
  <testcase name="verify_aul_logo_resetpassword_7080_7081_7082" time="0.924" classname="testsuite.baseTest"/>
  <testcase name="VerifyGAPPortallinkfunctionality_27233_27259_27229" time="0.545" classname="testsuite.baseTest"/>
  <testcase name="VerifyLocationPrivacyPolicyLink_27224_27239_27254" time="0.972" classname="testsuite.baseTest"/>
</testsuite> <!-- testsuite.baseTest -->
