<?xml version="1.0" encoding="UTF-8"?>
<!-- Generated by org.testng.reporters.JUnitReportReporter -->
<testsuite hostname="AUL-DEV-03" name="testsuite.loginValidation_test" tests="6" failures="0" timestamp="11 Jul 2022 18:25:23 GMT" time="8.667" errors="0">
  <testcase name="incorrectpasswordCredential" time="1.254" classname="testsuite.loginValidation_test"/>
  <testcase name="incorrectCredential" time="1.264" classname="testsuite.loginValidation_test"/>
  <testcase name="emptyLoginPassword" time="1.371" classname="testsuite.loginValidation_test"/>
  <testcase name="incorrectusernameCredential" time="1.546" classname="testsuite.loginValidation_test"/>
  <testcase name="emptyLogin" time="2.116" classname="testsuite.loginValidation_test"/>
  <testcase name="emptyLoginUsername" time="1.116" classname="testsuite.loginValidation_test"/>
</testsuite> <!-- testsuite.loginValidation_test -->
