<?xml version="1.0" encoding="UTF-8"?>
<!-- Generated by org.testng.reporters.JUnitReportReporter -->
<testsuite hostname="AUL-DEV-03" name="testsuite.loginValidation_test" tests="6" failures="0" timestamp="19 Jul 2022 15:02:29 GMT" time="7.257" errors="0">
  <testcase name="incorrectCredential" time="1.053" classname="testsuite.loginValidation_test"/>
  <testcase name="emptyLoginPassword" time="1.025" classname="testsuite.loginValidation_test"/>
  <testcase name="incorrectpasswordCredential" time="0.932" classname="testsuite.loginValidation_test"/>
  <testcase name="emptyLogin" time="2.363" classname="testsuite.loginValidation_test"/>
  <testcase name="emptyLoginUsername" time="0.857" classname="testsuite.loginValidation_test"/>
  <testcase name="incorrectusernameCredential" time="1.027" classname="testsuite.loginValidation_test"/>
</testsuite> <!-- testsuite.loginValidation_test -->
