<?xml version="1.0" encoding="UTF-8"?>
<!-- Generated by org.testng.reporters.JUnitReportReporter -->
<testsuite hostname="AUL-DEV-03" name="testsuite.loginValidation_test" tests="6" failures="0" timestamp="13 Jul 2022 16:00:49 GMT" time="4.682" errors="0">
  <testcase name="incorrectCredential" time="0.585" classname="testsuite.loginValidation_test"/>
  <testcase name="incorrectusernameCredential" time="0.581" classname="testsuite.loginValidation_test"/>
  <testcase name="emptyLoginPassword" time="0.829" classname="testsuite.loginValidation_test"/>
  <testcase name="incorrectpasswordCredential" time="0.704" classname="testsuite.loginValidation_test"/>
  <testcase name="emptyLogin" time="1.435" classname="testsuite.loginValidation_test"/>
  <testcase name="emptyLoginUsername" time="0.548" classname="testsuite.loginValidation_test"/>
</testsuite> <!-- testsuite.loginValidation_test -->
