<?xml version="1.0" encoding="UTF-8"?>
<!-- Generated by org.testng.reporters.JUnitReportReporter -->
<testsuite hostname="AUL-DEV-03" name="testsuite.login1_test" tests="4" failures="0" timestamp="11 Jul 2022 18:25:23 GMT" time="31.879" errors="0">
  <testcase name="loggedIn" time="10.378" classname="testsuite.login1_test"/>
  <testcase name="loggedIn" time="10.820" classname="testsuite.login1_test"/>
  <testcase name="welcomePage" time="0.639" classname="testsuite.login1_test"/>
  <testcase name="loggedIn" time="10.042" classname="testsuite.login1_test"/>
</testsuite> <!-- testsuite.login1_test -->
